ARM GAS  C:\Users\d3bug\AppData\Local\Temp\cctftdFE.s 			page 1


   1              		.syntax unified
   2              		.cpu cortex-m3
   3              		.fpu softvfp
   4              		.eabi_attribute 20, 1
   5              		.eabi_attribute 21, 1
   6              		.eabi_attribute 23, 3
   7              		.eabi_attribute 24, 1
   8              		.eabi_attribute 25, 1
   9              		.eabi_attribute 26, 1
  10              		.eabi_attribute 30, 1
  11              		.eabi_attribute 34, 1
  12              		.eabi_attribute 18, 4
  13              		.thumb
  14              		.syntax unified
  15              		.file	"cymetadata.c"
  16              		.text
  17              	.Ltext0:
  18              		.cfi_sections	.debug_frame
  19              		.global	cy_metadata
  20              		.global	cy_meta_flashprotect
  21              		.global	cy_meta_wonvl
  22              		.global	cy_meta_custnvl
  23              		.global	cy_meta_configecc
  24              		.section	.cyconfigecc,"a",%progbits
  25              		.align	2
  26              		.type	cy_meta_configecc, %object
  27              		.size	cy_meta_configecc, 212
  28              	cy_meta_configecc:
  29 0000 01       		.byte	1
  30 0001 4F       		.byte	79
  31 0002 00       		.byte	0
  32 0003 40       		.byte	64
  33 0004 02       		.byte	2
  34 0005 52       		.byte	82
  35 0006 00       		.byte	0
  36 0007 40       		.byte	64
  37 0008 01       		.byte	1
  38 0009 07       		.byte	7
  39 000a 01       		.byte	1
  40 000b 40       		.byte	64
  41 000c 01       		.byte	1
  42 000d 09       		.byte	9
  43 000e 01       		.byte	1
  44 000f 40       		.byte	64
  45 0010 04       		.byte	4
  46 0011 0A       		.byte	10
  47 0012 01       		.byte	1
  48 0013 40       		.byte	64
  49 0014 01       		.byte	1
  50 0015 0B       		.byte	11
  51 0016 01       		.byte	1
  52 0017 40       		.byte	64
  53 0018 03       		.byte	3
  54 0019 15       		.byte	21
  55 001a 01       		.byte	1
  56 001b 40       		.byte	64
  57 001c 01       		.byte	1
ARM GAS  C:\Users\d3bug\AppData\Local\Temp\cctftdFE.s 			page 2


  58 001d 17       		.byte	23
  59 001e 01       		.byte	1
  60 001f 40       		.byte	64
  61 0020 01       		.byte	1
  62 0021 19       		.byte	25
  63 0022 01       		.byte	1
  64 0023 40       		.byte	64
  65 0024 03       		.byte	3
  66 0025 1B       		.byte	27
  67 0026 01       		.byte	1
  68 0027 40       		.byte	64
  69 0028 04       		.byte	4
  70 0029 42       		.byte	66
  71 002a 01       		.byte	1
  72 002b 40       		.byte	64
  73 002c 03       		.byte	3
  74 002d 43       		.byte	67
  75 002e 01       		.byte	1
  76 002f 40       		.byte	64
  77 0030 03       		.byte	3
  78 0031 48       		.byte	72
  79 0032 01       		.byte	1
  80 0033 40       		.byte	64
  81 0034 10       		.byte	16
  82 0035 49       		.byte	73
  83 0036 01       		.byte	1
  84 0037 40       		.byte	64
  85 0038 08       		.byte	8
  86 0039 4C       		.byte	76
  87 003a 01       		.byte	1
  88 003b 40       		.byte	64
  89 003c 05       		.byte	5
  90 003d 4D       		.byte	77
  91 003e 01       		.byte	1
  92 003f 40       		.byte	64
  93 0040 01       		.byte	1
  94 0041 51       		.byte	81
  95 0042 01       		.byte	1
  96 0043 40       		.byte	64
  97 0044 0A       		.byte	10
  98 0045 4B       		.byte	75
  99 0046 60       		.byte	96
 100 0047 02       		.byte	2
 101 0048 64       		.byte	100
 102 0049 03       		.byte	3
 103 004a EE       		.byte	-18
 104 004b 08       		.byte	8
 105 004c AF       		.byte	-81
 106 004d 20       		.byte	32
 107 004e B8       		.byte	-72
 108 004f 20       		.byte	32
 109 0050 BE       		.byte	-66
 110 0051 10       		.byte	16
 111 0052 D8       		.byte	-40
 112 0053 04       		.byte	4
 113 0054 DF       		.byte	-33
 114 0055 01       		.byte	1
ARM GAS  C:\Users\d3bug\AppData\Local\Temp\cctftdFE.s 			page 3


 115 0056 1F       		.byte	31
 116 0057 20       		.byte	32
 117 0058 E0       		.byte	-32
 118 0059 08       		.byte	8
 119 005a E4       		.byte	-28
 120 005b 01       		.byte	1
 121 005c EA       		.byte	-22
 122 005d 05       		.byte	5
 123 005e E2       		.byte	-30
 124 005f 01       		.byte	1
 125 0060 E2       		.byte	-30
 126 0061 01       		.byte	1
 127 0062 E0       		.byte	-32
 128 0063 08       		.byte	8
 129 0064 E4       		.byte	-28
 130 0065 01       		.byte	1
 131 0066 EA       		.byte	-22
 132 0067 05       		.byte	5
 133 0068 3E       		.byte	62
 134 0069 10       		.byte	16
 135 006a 63       		.byte	99
 136 006b 02       		.byte	2
 137 006c CE       		.byte	-50
 138 006d 20       		.byte	32
 139 006e D6       		.byte	-42
 140 006f 40       		.byte	64
 141 0070 96       		.byte	-106
 142 0071 10       		.byte	16
 143 0072 AF       		.byte	-81
 144 0073 01       		.byte	1
 145 0074 EE       		.byte	-18
 146 0075 10       		.byte	16
 147 0076 80       		.byte	-128
 148 0077 08       		.byte	8
 149 0078 96       		.byte	-106
 150 0079 10       		.byte	16
 151 007a E2       		.byte	-30
 152 007b 80       		.byte	-128
 153 007c 12       		.byte	18
 154 007d 20       		.byte	32
 155 007e 16       		.byte	22
 156 007f 40       		.byte	64
 157 0080 70       		.byte	112
 158 0081 08       		.byte	8
 159 0082 77       		.byte	119
 160 0083 10       		.byte	16
 161 0084 82       		.byte	-126
 162 0085 20       		.byte	32
 163 0086 86       		.byte	-122
 164 0087 40       		.byte	64
 165 0088 9B       		.byte	-101
 166 0089 10       		.byte	16
 167 008a A0       		.byte	-96
 168 008b 08       		.byte	8
 169 008c AA       		.byte	-86
 170 008d 10       		.byte	16
 171 008e AB       		.byte	-85
ARM GAS  C:\Users\d3bug\AppData\Local\Temp\cctftdFE.s 			page 4


 172 008f 10       		.byte	16
 173 0090 C4       		.byte	-60
 174 0091 30       		.byte	48
 175 0092 DC       		.byte	-36
 176 0093 80       		.byte	-128
 177 0094 DE       		.byte	-34
 178 0095 20       		.byte	32
 179 0096 E0       		.byte	-32
 180 0097 10       		.byte	16
 181 0098 E4       		.byte	-28
 182 0099 80       		.byte	-128
 183 009a EA       		.byte	-22
 184 009b A0       		.byte	-96
 185 009c 10       		.byte	16
 186 009d 20       		.byte	32
 187 009e 13       		.byte	19
 188 009f 20       		.byte	32
 189 00a0 17       		.byte	23
 190 00a1 08       		.byte	8
 191 00a2 7B       		.byte	123
 192 00a3 10       		.byte	16
 193 00a4 7F       		.byte	127
 194 00a5 40       		.byte	64
 195 00a6 80       		.byte	-128
 196 00a7 20       		.byte	32
 197 00a8 C4       		.byte	-60
 198 00a9 0E       		.byte	14
 199 00aa DE       		.byte	-34
 200 00ab 03       		.byte	3
 201 00ac 83       		.byte	-125
 202 00ad 10       		.byte	16
 203 00ae 87       		.byte	-121
 204 00af 40       		.byte	64
 205 00b0 97       		.byte	-105
 206 00b1 80       		.byte	-128
 207 00b2 A7       		.byte	-89
 208 00b3 10       		.byte	16
 209 00b4 AB       		.byte	-85
 210 00b5 28       		.byte	40
 211 00b6 03       		.byte	3
 212 00b7 C0       		.byte	-64
 213 00b8 83       		.byte	-125
 214 00b9 00       		.byte	0
 215 00ba 00       		.byte	0
 216 00bb 80       		.byte	-128
 217 00bc 83       		.byte	-125
 218 00bd 00       		.byte	0
 219 00be 03       		.byte	3
 220 00bf 00       		.byte	0
 221 00c0 00       		.byte	0
 222 00c1 00       		.byte	0
 223 00c2 00       		.byte	0
 224 00c3 00       		.byte	0
 225 00c4 00       		.byte	0
 226 00c5 0B       		.byte	11
 227 00c6 0B       		.byte	11
 228 00c7 00       		.byte	0
ARM GAS  C:\Users\d3bug\AppData\Local\Temp\cctftdFE.s 			page 5


 229 00c8 00       		.byte	0
 230 00c9 00       		.byte	0
 231 00ca 00       		.byte	0
 232 00cb 00       		.byte	0
 233 00cc 00       		.byte	0
 234 00cd 02       		.byte	2
 235 00ce 02       		.byte	2
 236 00cf 00       		.byte	0
 237 00d0 00       		.byte	0
 238 00d1 00       		.byte	0
 239 00d2 00       		.byte	0
 240 00d3 00       		.byte	0
 241              		.section	.cywolatch,"a",%progbits
 242              		.align	2
 243              		.type	cy_meta_wonvl, %object
 244              		.size	cy_meta_wonvl, 4
 245              	cy_meta_wonvl:
 246 0000 BC       		.byte	-68
 247 0001 90       		.byte	-112
 248 0002 AC       		.byte	-84
 249 0003 AF       		.byte	-81
 250              		.section	.cycustnvl,"a",%progbits
 251              		.align	2
 252              		.type	cy_meta_custnvl, %object
 253              		.size	cy_meta_custnvl, 4
 254              	cy_meta_custnvl:
 255 0000 00       		.byte	0
 256 0001 00       		.byte	0
 257 0002 40       		.byte	64
 258 0003 05       		.byte	5
 259              		.section	.cymeta,"a",%progbits
 260              		.align	2
 261              		.type	cy_metadata, %object
 262              		.size	cy_metadata, 12
 263              	cy_metadata:
 264 0000 00       		.byte	0
 265 0001 01       		.byte	1
 266 0002 2E       		.byte	46
 267 0003 16       		.byte	22
 268 0004 10       		.byte	16
 269 0005 69       		.byte	105
 270 0006 00       		.byte	0
 271 0007 01       		.byte	1
 272 0008 00       		.byte	0
 273 0009 00       		.byte	0
 274 000a 00       		.byte	0
 275 000b 00       		.byte	0
 276              		.section	.cyflashprotect,"a",%progbits
 277              		.align	2
 278              		.type	cy_meta_flashprotect, %object
 279              		.size	cy_meta_flashprotect, 256
 280              	cy_meta_flashprotect:
 281 0000 00000000 		.space	256
 281      00000000 
 281      00000000 
 281      00000000 
 281      00000000 
ARM GAS  C:\Users\d3bug\AppData\Local\Temp\cctftdFE.s 			page 6


 282              		.text
 283              	.Letext0:
 284              		.file 1 "c:\\program files (x86)\\cypress\\psoc creator\\4.2\\psoc creator\\import\\gnu\\arm\\5.4.
 285              		.file 2 "c:\\program files (x86)\\cypress\\psoc creator\\4.2\\psoc creator\\import\\gnu\\arm\\5.4.
 286              		.file 3 "Generated_Source\\PSoC5\\cymetadata.c"
 287              		.section	.debug_info,"",%progbits
 288              	.Ldebug_info0:
 289 0000 30010000 		.4byte	0x130
 290 0004 0400     		.2byte	0x4
 291 0006 00000000 		.4byte	.Ldebug_abbrev0
 292 000a 04       		.byte	0x4
 293 000b 01       		.uleb128 0x1
 294 000c 24000000 		.4byte	.LASF17
 295 0010 0C       		.byte	0xc
 296 0011 C4010000 		.4byte	.LASF18
 297 0015 D7000000 		.4byte	.LASF19
 298 0019 00000000 		.4byte	.Ldebug_line0
 299 001d 02       		.uleb128 0x2
 300 001e 01       		.byte	0x1
 301 001f 06       		.byte	0x6
 302 0020 B8010000 		.4byte	.LASF0
 303 0024 03       		.uleb128 0x3
 304 0025 00000000 		.4byte	.LASF9
 305 0029 01       		.byte	0x1
 306 002a 1D       		.byte	0x1d
 307 002b 2F000000 		.4byte	0x2f
 308 002f 02       		.uleb128 0x2
 309 0030 01       		.byte	0x1
 310 0031 08       		.byte	0x8
 311 0032 16000000 		.4byte	.LASF1
 312 0036 02       		.uleb128 0x2
 313 0037 02       		.byte	0x2
 314 0038 05       		.byte	0x5
 315 0039 A5010000 		.4byte	.LASF2
 316 003d 02       		.uleb128 0x2
 317 003e 02       		.byte	0x2
 318 003f 07       		.byte	0x7
 319 0040 C4000000 		.4byte	.LASF3
 320 0044 02       		.uleb128 0x2
 321 0045 04       		.byte	0x4
 322 0046 05       		.byte	0x5
 323 0047 AF010000 		.4byte	.LASF4
 324 004b 02       		.uleb128 0x2
 325 004c 04       		.byte	0x4
 326 004d 07       		.byte	0x7
 327 004e B2000000 		.4byte	.LASF5
 328 0052 02       		.uleb128 0x2
 329 0053 08       		.byte	0x8
 330 0054 05       		.byte	0x5
 331 0055 97010000 		.4byte	.LASF6
 332 0059 02       		.uleb128 0x2
 333 005a 08       		.byte	0x8
 334 005b 07       		.byte	0x7
 335 005c 4C010000 		.4byte	.LASF7
 336 0060 04       		.uleb128 0x4
 337 0061 04       		.byte	0x4
 338 0062 05       		.byte	0x5
ARM GAS  C:\Users\d3bug\AppData\Local\Temp\cctftdFE.s 			page 7


 339 0063 696E7400 		.ascii	"int\000"
 340 0067 02       		.uleb128 0x2
 341 0068 04       		.byte	0x4
 342 0069 07       		.byte	0x7
 343 006a 3F010000 		.4byte	.LASF8
 344 006e 03       		.uleb128 0x3
 345 006f 63010000 		.4byte	.LASF10
 346 0073 02       		.byte	0x2
 347 0074 18       		.byte	0x18
 348 0075 24000000 		.4byte	0x24
 349 0079 05       		.uleb128 0x5
 350 007a 90000000 		.4byte	0x90
 351 007e 89000000 		.4byte	0x89
 352 0082 06       		.uleb128 0x6
 353 0083 89000000 		.4byte	0x89
 354 0087 D3       		.byte	0xd3
 355 0088 00       		.byte	0
 356 0089 02       		.uleb128 0x2
 357 008a 04       		.byte	0x4
 358 008b 07       		.byte	0x7
 359 008c 8E010000 		.4byte	.LASF11
 360 0090 07       		.uleb128 0x7
 361 0091 6E000000 		.4byte	0x6e
 362 0095 08       		.uleb128 0x8
 363 0096 2D010000 		.4byte	.LASF12
 364 009a 03       		.byte	0x3
 365 009b 1F       		.byte	0x1f
 366 009c A6000000 		.4byte	0xa6
 367 00a0 05       		.uleb128 0x5
 368 00a1 03       		.byte	0x3
 369 00a2 00000000 		.4byte	cy_meta_configecc
 370 00a6 07       		.uleb128 0x7
 371 00a7 79000000 		.4byte	0x79
 372 00ab 05       		.uleb128 0x5
 373 00ac 90000000 		.4byte	0x90
 374 00b0 BB000000 		.4byte	0xbb
 375 00b4 06       		.uleb128 0x6
 376 00b5 89000000 		.4byte	0x89
 377 00b9 03       		.byte	0x3
 378 00ba 00       		.byte	0
 379 00bb 08       		.uleb128 0x8
 380 00bc 1D010000 		.4byte	.LASF13
 381 00c0 03       		.byte	0x3
 382 00c1 47       		.byte	0x47
 383 00c2 CC000000 		.4byte	0xcc
 384 00c6 05       		.uleb128 0x5
 385 00c7 03       		.byte	0x3
 386 00c8 00000000 		.4byte	cy_meta_custnvl
 387 00cc 07       		.uleb128 0x7
 388 00cd AB000000 		.4byte	0xab
 389 00d1 08       		.uleb128 0x8
 390 00d2 80010000 		.4byte	.LASF14
 391 00d6 03       		.byte	0x3
 392 00d7 55       		.byte	0x55
 393 00d8 E2000000 		.4byte	0xe2
 394 00dc 05       		.uleb128 0x5
 395 00dd 03       		.byte	0x3
ARM GAS  C:\Users\d3bug\AppData\Local\Temp\cctftdFE.s 			page 8


 396 00de 00000000 		.4byte	cy_meta_wonvl
 397 00e2 07       		.uleb128 0x7
 398 00e3 AB000000 		.4byte	0xab
 399 00e7 05       		.uleb128 0x5
 400 00e8 90000000 		.4byte	0x90
 401 00ec F7000000 		.4byte	0xf7
 402 00f0 06       		.uleb128 0x6
 403 00f1 89000000 		.4byte	0x89
 404 00f5 FF       		.byte	0xff
 405 00f6 00       		.byte	0
 406 00f7 08       		.uleb128 0x8
 407 00f8 6B010000 		.4byte	.LASF15
 408 00fc 03       		.byte	0x3
 409 00fd 63       		.byte	0x63
 410 00fe 08010000 		.4byte	0x108
 411 0102 05       		.uleb128 0x5
 412 0103 03       		.byte	0x3
 413 0104 00000000 		.4byte	cy_meta_flashprotect
 414 0108 07       		.uleb128 0x7
 415 0109 E7000000 		.4byte	0xe7
 416 010d 05       		.uleb128 0x5
 417 010e 90000000 		.4byte	0x90
 418 0112 1D010000 		.4byte	0x11d
 419 0116 06       		.uleb128 0x6
 420 0117 89000000 		.4byte	0x89
 421 011b 0B       		.byte	0xb
 422 011c 00       		.byte	0
 423 011d 08       		.uleb128 0x8
 424 011e 0A000000 		.4byte	.LASF16
 425 0122 03       		.byte	0x3
 426 0123 90       		.byte	0x90
 427 0124 2E010000 		.4byte	0x12e
 428 0128 05       		.uleb128 0x5
 429 0129 03       		.byte	0x3
 430 012a 00000000 		.4byte	cy_metadata
 431 012e 07       		.uleb128 0x7
 432 012f 0D010000 		.4byte	0x10d
 433 0133 00       		.byte	0
 434              		.section	.debug_abbrev,"",%progbits
 435              	.Ldebug_abbrev0:
 436 0000 01       		.uleb128 0x1
 437 0001 11       		.uleb128 0x11
 438 0002 01       		.byte	0x1
 439 0003 25       		.uleb128 0x25
 440 0004 0E       		.uleb128 0xe
 441 0005 13       		.uleb128 0x13
 442 0006 0B       		.uleb128 0xb
 443 0007 03       		.uleb128 0x3
 444 0008 0E       		.uleb128 0xe
 445 0009 1B       		.uleb128 0x1b
 446 000a 0E       		.uleb128 0xe
 447 000b 10       		.uleb128 0x10
 448 000c 17       		.uleb128 0x17
 449 000d 00       		.byte	0
 450 000e 00       		.byte	0
 451 000f 02       		.uleb128 0x2
 452 0010 24       		.uleb128 0x24
ARM GAS  C:\Users\d3bug\AppData\Local\Temp\cctftdFE.s 			page 9


 453 0011 00       		.byte	0
 454 0012 0B       		.uleb128 0xb
 455 0013 0B       		.uleb128 0xb
 456 0014 3E       		.uleb128 0x3e
 457 0015 0B       		.uleb128 0xb
 458 0016 03       		.uleb128 0x3
 459 0017 0E       		.uleb128 0xe
 460 0018 00       		.byte	0
 461 0019 00       		.byte	0
 462 001a 03       		.uleb128 0x3
 463 001b 16       		.uleb128 0x16
 464 001c 00       		.byte	0
 465 001d 03       		.uleb128 0x3
 466 001e 0E       		.uleb128 0xe
 467 001f 3A       		.uleb128 0x3a
 468 0020 0B       		.uleb128 0xb
 469 0021 3B       		.uleb128 0x3b
 470 0022 0B       		.uleb128 0xb
 471 0023 49       		.uleb128 0x49
 472 0024 13       		.uleb128 0x13
 473 0025 00       		.byte	0
 474 0026 00       		.byte	0
 475 0027 04       		.uleb128 0x4
 476 0028 24       		.uleb128 0x24
 477 0029 00       		.byte	0
 478 002a 0B       		.uleb128 0xb
 479 002b 0B       		.uleb128 0xb
 480 002c 3E       		.uleb128 0x3e
 481 002d 0B       		.uleb128 0xb
 482 002e 03       		.uleb128 0x3
 483 002f 08       		.uleb128 0x8
 484 0030 00       		.byte	0
 485 0031 00       		.byte	0
 486 0032 05       		.uleb128 0x5
 487 0033 01       		.uleb128 0x1
 488 0034 01       		.byte	0x1
 489 0035 49       		.uleb128 0x49
 490 0036 13       		.uleb128 0x13
 491 0037 01       		.uleb128 0x1
 492 0038 13       		.uleb128 0x13
 493 0039 00       		.byte	0
 494 003a 00       		.byte	0
 495 003b 06       		.uleb128 0x6
 496 003c 21       		.uleb128 0x21
 497 003d 00       		.byte	0
 498 003e 49       		.uleb128 0x49
 499 003f 13       		.uleb128 0x13
 500 0040 2F       		.uleb128 0x2f
 501 0041 0B       		.uleb128 0xb
 502 0042 00       		.byte	0
 503 0043 00       		.byte	0
 504 0044 07       		.uleb128 0x7
 505 0045 26       		.uleb128 0x26
 506 0046 00       		.byte	0
 507 0047 49       		.uleb128 0x49
 508 0048 13       		.uleb128 0x13
 509 0049 00       		.byte	0
ARM GAS  C:\Users\d3bug\AppData\Local\Temp\cctftdFE.s 			page 10


 510 004a 00       		.byte	0
 511 004b 08       		.uleb128 0x8
 512 004c 34       		.uleb128 0x34
 513 004d 00       		.byte	0
 514 004e 03       		.uleb128 0x3
 515 004f 0E       		.uleb128 0xe
 516 0050 3A       		.uleb128 0x3a
 517 0051 0B       		.uleb128 0xb
 518 0052 3B       		.uleb128 0x3b
 519 0053 0B       		.uleb128 0xb
 520 0054 49       		.uleb128 0x49
 521 0055 13       		.uleb128 0x13
 522 0056 3F       		.uleb128 0x3f
 523 0057 19       		.uleb128 0x19
 524 0058 02       		.uleb128 0x2
 525 0059 18       		.uleb128 0x18
 526 005a 00       		.byte	0
 527 005b 00       		.byte	0
 528 005c 00       		.byte	0
 529              		.section	.debug_aranges,"",%progbits
 530 0000 14000000 		.4byte	0x14
 531 0004 0200     		.2byte	0x2
 532 0006 00000000 		.4byte	.Ldebug_info0
 533 000a 04       		.byte	0x4
 534 000b 00       		.byte	0
 535 000c 0000     		.2byte	0
 536 000e 0000     		.2byte	0
 537 0010 00000000 		.4byte	0
 538 0014 00000000 		.4byte	0
 539              		.section	.debug_line,"",%progbits
 540              	.Ldebug_line0:
 541 0000 3D010000 		.section	.debug_str,"MS",%progbits,1
 541      02003701 
 541      00000201 
 541      FB0E0D00 
 541      01010101 
 542              	.LASF9:
 543 0000 5F5F7569 		.ascii	"__uint8_t\000"
 543      6E74385F 
 543      7400
 544              	.LASF16:
 545 000a 63795F6D 		.ascii	"cy_metadata\000"
 545      65746164 
 545      61746100 
 546              	.LASF1:
 547 0016 756E7369 		.ascii	"unsigned char\000"
 547      676E6564 
 547      20636861 
 547      7200
 548              	.LASF17:
 549 0024 474E5520 		.ascii	"GNU C11 5.4.1 20160609 (release) [ARM/embedded-5-br"
 549      43313120 
 549      352E342E 
 549      31203230 
 549      31363036 
 550 0057 616E6368 		.ascii	"anch revision 237715] -mcpu=cortex-m3 -mthumb -g -O"
 550      20726576 
ARM GAS  C:\Users\d3bug\AppData\Local\Temp\cctftdFE.s 			page 11


 550      6973696F 
 550      6E203233 
 550      37373135 
 551 008a 67202D66 		.ascii	"g -ffunction-sections -ffat-lto-objects\000"
 551      66756E63 
 551      74696F6E 
 551      2D736563 
 551      74696F6E 
 552              	.LASF5:
 553 00b2 6C6F6E67 		.ascii	"long unsigned int\000"
 553      20756E73 
 553      69676E65 
 553      6420696E 
 553      7400
 554              	.LASF3:
 555 00c4 73686F72 		.ascii	"short unsigned int\000"
 555      7420756E 
 555      7369676E 
 555      65642069 
 555      6E7400
 556              	.LASF19:
 557 00d7 433A5C55 		.ascii	"C:\\Users\\d3bug\\Documents\\Creator\\lvgl_ssd1306\\"
 557      73657273 
 557      5C643362 
 557      75675C44 
 557      6F63756D 
 558 0105 68656C6C 		.ascii	"hello_world_label.cydsn\000"
 558      6F5F776F 
 558      726C645F 
 558      6C616265 
 558      6C2E6379 
 559              	.LASF13:
 560 011d 63795F6D 		.ascii	"cy_meta_custnvl\000"
 560      6574615F 
 560      63757374 
 560      6E766C00 
 561              	.LASF12:
 562 012d 63795F6D 		.ascii	"cy_meta_configecc\000"
 562      6574615F 
 562      636F6E66 
 562      69676563 
 562      6300
 563              	.LASF8:
 564 013f 756E7369 		.ascii	"unsigned int\000"
 564      676E6564 
 564      20696E74 
 564      00
 565              	.LASF7:
 566 014c 6C6F6E67 		.ascii	"long long unsigned int\000"
 566      206C6F6E 
 566      6720756E 
 566      7369676E 
 566      65642069 
 567              	.LASF10:
 568 0163 75696E74 		.ascii	"uint8_t\000"
 568      385F7400 
 569              	.LASF15:
ARM GAS  C:\Users\d3bug\AppData\Local\Temp\cctftdFE.s 			page 12


 570 016b 63795F6D 		.ascii	"cy_meta_flashprotect\000"
 570      6574615F 
 570      666C6173 
 570      6870726F 
 570      74656374 
 571              	.LASF14:
 572 0180 63795F6D 		.ascii	"cy_meta_wonvl\000"
 572      6574615F 
 572      776F6E76 
 572      6C00
 573              	.LASF11:
 574 018e 73697A65 		.ascii	"sizetype\000"
 574      74797065 
 574      00
 575              	.LASF6:
 576 0197 6C6F6E67 		.ascii	"long long int\000"
 576      206C6F6E 
 576      6720696E 
 576      7400
 577              	.LASF2:
 578 01a5 73686F72 		.ascii	"short int\000"
 578      7420696E 
 578      7400
 579              	.LASF4:
 580 01af 6C6F6E67 		.ascii	"long int\000"
 580      20696E74 
 580      00
 581              	.LASF0:
 582 01b8 7369676E 		.ascii	"signed char\000"
 582      65642063 
 582      68617200 
 583              	.LASF18:
 584 01c4 47656E65 		.ascii	"Generated_Source\\PSoC5\\cymetadata.c\000"
 584      72617465 
 584      645F536F 
 584      75726365 
 584      5C50536F 
 585              		.ident	"GCC: (GNU Tools for ARM Embedded Processors) 5.4.1 20160609 (release) [ARM/embedded-5-bran
