ARM GAS  C:\Users\d3bug\AppData\Local\Temp\ccGR5z0o.s 			page 1


   1              		.syntax unified
   2              		.cpu cortex-m3
   3              		.fpu softvfp
   4              		.eabi_attribute 20, 1
   5              		.eabi_attribute 21, 1
   6              		.eabi_attribute 23, 3
   7              		.eabi_attribute 24, 1
   8              		.eabi_attribute 25, 1
   9              		.eabi_attribute 26, 1
  10              		.eabi_attribute 30, 1
  11              		.eabi_attribute 34, 1
  12              		.eabi_attribute 18, 4
  13              		.thumb
  14              		.syntax unified
  15              		.file	"DBG.c"
  16              		.text
  17              	.Ltext0:
  18              		.cfi_sections	.debug_frame
  19              		.section	.text.DBG_clear_screen,"ax",%progbits
  20              		.align	2
  21              		.global	DBG_clear_screen
  22              		.thumb
  23              		.thumb_func
  24              		.type	DBG_clear_screen, %function
  25              	DBG_clear_screen:
  26              	.LFB64:
  27              		.file 1 "..\\DBG\\DBG.c"
   1:..\DBG/DBG.c  **** /*
   2:..\DBG/DBG.c  ****  * DBG.c
   3:..\DBG/DBG.c  ****  *
   4:..\DBG/DBG.c  ****  *  Created on: 08/08/2018
   5:..\DBG/DBG.c  ****  *      Author: Ingenieria6
   6:..\DBG/DBG.c  ****  */
   7:..\DBG/DBG.c  **** 
   8:..\DBG/DBG.c  **** #include <string.h>
   9:..\DBG/DBG.c  **** #include <stdio.h>
  10:..\DBG/DBG.c  **** 
  11:..\DBG/DBG.c  **** #include "project.h"
  12:..\DBG/DBG.c  **** 
  13:..\DBG/DBG.c  **** #include "DBG.h"
  14:..\DBG/DBG.c  **** 
  15:..\DBG/DBG.c  **** char buffer[500] = "";
  16:..\DBG/DBG.c  **** 
  17:..\DBG/DBG.c  **** void DBG_clear_screen(void)
  18:..\DBG/DBG.c  **** {
  28              		.loc 1 18 0
  29              		.cfi_startproc
  30              		@ args = 0, pretend = 0, frame = 0
  31              		@ frame_needed = 0, uses_anonymous_args = 0
  32 0000 08B5     		push	{r3, lr}
  33              		.cfi_def_cfa_offset 8
  34              		.cfi_offset 3, -8
  35              		.cfi_offset 14, -4
  19:..\DBG/DBG.c  ****     UART_Log_PutChar(0x0C);
  36              		.loc 1 19 0
  37 0002 0C20     		movs	r0, #12
  38 0004 FFF7FEFF 		bl	UART_Log_PutChar
ARM GAS  C:\Users\d3bug\AppData\Local\Temp\ccGR5z0o.s 			page 2


  39              	.LVL0:
  40 0008 08BD     		pop	{r3, pc}
  41              		.cfi_endproc
  42              	.LFE64:
  43              		.size	DBG_clear_screen, .-DBG_clear_screen
  44 000a 00BF     		.section	.text.DBG_println,"ax",%progbits
  45              		.align	2
  46              		.global	DBG_println
  47              		.thumb
  48              		.thumb_func
  49              		.type	DBG_println, %function
  50              	DBG_println:
  51              	.LFB65:
  20:..\DBG/DBG.c  **** }
  21:..\DBG/DBG.c  **** 
  22:..\DBG/DBG.c  **** void DBG_println(const char *fmt, ...)
  23:..\DBG/DBG.c  **** {
  52              		.loc 1 23 0
  53              		.cfi_startproc
  54              		@ args = 4, pretend = 16, frame = 8
  55              		@ frame_needed = 0, uses_anonymous_args = 1
  56              	.LVL1:
  57 0000 0FB4     		push	{r0, r1, r2, r3}
  58              		.cfi_def_cfa_offset 16
  59              		.cfi_offset 0, -16
  60              		.cfi_offset 1, -12
  61              		.cfi_offset 2, -8
  62              		.cfi_offset 3, -4
  63 0002 F0B5     		push	{r4, r5, r6, r7, lr}
  64              		.cfi_def_cfa_offset 36
  65              		.cfi_offset 4, -36
  66              		.cfi_offset 5, -32
  67              		.cfi_offset 6, -28
  68              		.cfi_offset 7, -24
  69              		.cfi_offset 14, -20
  70 0004 83B0     		sub	sp, sp, #12
  71              		.cfi_def_cfa_offset 48
  72 0006 08AC     		add	r4, sp, #32
  73 0008 54F8047B 		ldr	r7, [r4], #4
  24:..\DBG/DBG.c  ****     memset(buffer, '\0', sizeof buffer);
  74              		.loc 1 24 0
  75 000c 0C4D     		ldr	r5, .L5
  76 000e 4FF4FA76 		mov	r6, #500
  77 0012 3246     		mov	r2, r6
  78 0014 0021     		movs	r1, #0
  79 0016 2846     		mov	r0, r5
  80 0018 FFF7FEFF 		bl	memset
  81              	.LVL2:
  25:..\DBG/DBG.c  **** 	va_list args;
  26:..\DBG/DBG.c  **** 	va_start(args, fmt);
  82              		.loc 1 26 0
  83 001c 0194     		str	r4, [sp, #4]
  27:..\DBG/DBG.c  **** 	vsnprintf(buffer, sizeof(buffer), fmt, args);
  84              		.loc 1 27 0
  85 001e 2346     		mov	r3, r4
  86 0020 3A46     		mov	r2, r7
  87 0022 3146     		mov	r1, r6
ARM GAS  C:\Users\d3bug\AppData\Local\Temp\ccGR5z0o.s 			page 3


  88 0024 2846     		mov	r0, r5
  89 0026 FFF7FEFF 		bl	vsnprintf
  90              	.LVL3:
  28:..\DBG/DBG.c  **** 	va_end(args);
  29:..\DBG/DBG.c  **** 
  30:..\DBG/DBG.c  ****     UART_Log_PutString(buffer);
  91              		.loc 1 30 0
  92 002a 2846     		mov	r0, r5
  93 002c FFF7FEFF 		bl	UART_Log_PutString
  94              	.LVL4:
  31:..\DBG/DBG.c  ****     UART_Log_PutString("\r\n");
  95              		.loc 1 31 0
  96 0030 0448     		ldr	r0, .L5+4
  97 0032 FFF7FEFF 		bl	UART_Log_PutString
  98              	.LVL5:
  32:..\DBG/DBG.c  **** }
  99              		.loc 1 32 0
 100 0036 03B0     		add	sp, sp, #12
 101              		.cfi_def_cfa_offset 36
 102              		@ sp needed
 103 0038 BDE8F040 		pop	{r4, r5, r6, r7, lr}
 104              		.cfi_restore 14
 105              		.cfi_restore 7
 106              		.cfi_restore 6
 107              		.cfi_restore 5
 108              		.cfi_restore 4
 109              		.cfi_def_cfa_offset 16
 110 003c 04B0     		add	sp, sp, #16
 111              		.cfi_restore 3
 112              		.cfi_restore 2
 113              		.cfi_restore 1
 114              		.cfi_restore 0
 115              		.cfi_def_cfa_offset 0
 116 003e 7047     		bx	lr
 117              	.L6:
 118              		.align	2
 119              	.L5:
 120 0040 00000000 		.word	.LANCHOR0
 121 0044 00000000 		.word	.LC0
 122              		.cfi_endproc
 123              	.LFE65:
 124              		.size	DBG_println, .-DBG_println
 125              		.global	buffer
 126              		.section	.rodata.str1.4,"aMS",%progbits,1
 127              		.align	2
 128              	.LC0:
 129 0000 0D0A00   		.ascii	"\015\012\000"
 130              		.bss
 131              		.align	2
 132              		.set	.LANCHOR0,. + 0
 133              		.type	buffer, %object
 134              		.size	buffer, 500
 135              	buffer:
 136 0000 00000000 		.space	500
 136      00000000 
 136      00000000 
 136      00000000 
ARM GAS  C:\Users\d3bug\AppData\Local\Temp\ccGR5z0o.s 			page 4


 136      00000000 
 137              		.text
 138              	.Letext0:
 139              		.file 2 "c:\\program files (x86)\\cypress\\psoc creator\\4.2\\psoc creator\\import\\gnu\\arm\\5.4.
 140              		.file 3 "c:\\program files (x86)\\cypress\\psoc creator\\4.2\\psoc creator\\import\\gnu\\arm\\5.4.
 141              		.file 4 "c:\\program files (x86)\\cypress\\psoc creator\\4.2\\psoc creator\\import\\gnu\\arm\\5.4.
 142              		.file 5 "Generated_Source\\PSoC5/core_cm3.h"
 143              		.file 6 "Generated_Source\\PSoC5/UART_Log.h"
 144              		.file 7 "c:\\program files (x86)\\cypress\\psoc creator\\4.2\\psoc creator\\import\\gnu\\arm\\5.4.
 145              		.file 8 "<built-in>"
 146              		.section	.debug_info,"",%progbits
 147              	.Ldebug_info0:
 148 0000 FC010000 		.4byte	0x1fc
 149 0004 0400     		.2byte	0x4
 150 0006 00000000 		.4byte	.Ldebug_abbrev0
 151 000a 04       		.byte	0x4
 152 000b 01       		.uleb128 0x1
 153 000c 66000000 		.4byte	.LASF25
 154 0010 0C       		.byte	0xc
 155 0011 36000000 		.4byte	.LASF26
 156 0015 19010000 		.4byte	.LASF27
 157 0019 00000000 		.4byte	.Ldebug_ranges0+0
 158 001d 00000000 		.4byte	0
 159 0021 00000000 		.4byte	.Ldebug_line0
 160 0025 02       		.uleb128 0x2
 161 0026 04       		.byte	0x4
 162 0027 05       		.byte	0x5
 163 0028 696E7400 		.ascii	"int\000"
 164 002c 03       		.uleb128 0x3
 165 002d 04       		.byte	0x4
 166 002e 07       		.byte	0x7
 167 002f 94010000 		.4byte	.LASF0
 168 0033 03       		.uleb128 0x3
 169 0034 08       		.byte	0x8
 170 0035 05       		.byte	0x5
 171 0036 E5010000 		.4byte	.LASF1
 172 003a 03       		.uleb128 0x3
 173 003b 08       		.byte	0x8
 174 003c 04       		.byte	0x4
 175 003d 17020000 		.4byte	.LASF2
 176 0041 03       		.uleb128 0x3
 177 0042 01       		.byte	0x1
 178 0043 06       		.byte	0x6
 179 0044 23020000 		.4byte	.LASF3
 180 0048 03       		.uleb128 0x3
 181 0049 01       		.byte	0x1
 182 004a 08       		.byte	0x8
 183 004b 58000000 		.4byte	.LASF4
 184 004f 03       		.uleb128 0x3
 185 0050 02       		.byte	0x2
 186 0051 05       		.byte	0x5
 187 0052 F8010000 		.4byte	.LASF5
 188 0056 03       		.uleb128 0x3
 189 0057 02       		.byte	0x2
 190 0058 07       		.byte	0x7
 191 0059 06010000 		.4byte	.LASF6
 192 005d 04       		.uleb128 0x4
ARM GAS  C:\Users\d3bug\AppData\Local\Temp\ccGR5z0o.s 			page 5


 193 005e 2C000000 		.4byte	.LASF12
 194 0062 02       		.byte	0x2
 195 0063 3F       		.byte	0x3f
 196 0064 68000000 		.4byte	0x68
 197 0068 03       		.uleb128 0x3
 198 0069 04       		.byte	0x4
 199 006a 05       		.byte	0x5
 200 006b 0E020000 		.4byte	.LASF7
 201 006f 03       		.uleb128 0x3
 202 0070 04       		.byte	0x4
 203 0071 07       		.byte	0x7
 204 0072 F4000000 		.4byte	.LASF8
 205 0076 03       		.uleb128 0x3
 206 0077 08       		.byte	0x8
 207 0078 07       		.byte	0x7
 208 0079 A1010000 		.4byte	.LASF9
 209 007d 03       		.uleb128 0x3
 210 007e 04       		.byte	0x4
 211 007f 07       		.byte	0x7
 212 0080 D2010000 		.4byte	.LASF10
 213 0084 05       		.uleb128 0x5
 214 0085 04       		.byte	0x4
 215 0086 03       		.uleb128 0x3
 216 0087 01       		.byte	0x1
 217 0088 08       		.byte	0x8
 218 0089 F3010000 		.4byte	.LASF11
 219 008d 06       		.uleb128 0x6
 220 008e 04       		.byte	0x4
 221 008f 93000000 		.4byte	0x93
 222 0093 07       		.uleb128 0x7
 223 0094 86000000 		.4byte	0x86
 224 0098 04       		.uleb128 0x4
 225 0099 49000000 		.4byte	.LASF13
 226 009d 03       		.byte	0x3
 227 009e 28       		.byte	0x28
 228 009f A3000000 		.4byte	0xa3
 229 00a3 08       		.uleb128 0x8
 230 00a4 DB010000 		.4byte	.LASF28
 231 00a8 04       		.byte	0x4
 232 00a9 08       		.byte	0x8
 233 00aa 00       		.byte	0
 234 00ab BA000000 		.4byte	0xba
 235 00af 09       		.uleb128 0x9
 236 00b0 B8010000 		.4byte	.LASF29
 237 00b4 84000000 		.4byte	0x84
 238 00b8 00       		.byte	0
 239 00b9 00       		.byte	0
 240 00ba 04       		.uleb128 0x4
 241 00bb CA010000 		.4byte	.LASF14
 242 00bf 04       		.byte	0x4
 243 00c0 2C       		.byte	0x2c
 244 00c1 5D000000 		.4byte	0x5d
 245 00c5 03       		.uleb128 0x3
 246 00c6 04       		.byte	0x4
 247 00c7 04       		.byte	0x4
 248 00c8 43000000 		.4byte	.LASF15
 249 00cc 03       		.uleb128 0x3
ARM GAS  C:\Users\d3bug\AppData\Local\Temp\ccGR5z0o.s 			page 6


 250 00cd 08       		.byte	0x8
 251 00ce 04       		.byte	0x4
 252 00cf 6E010000 		.4byte	.LASF16
 253 00d3 04       		.uleb128 0x4
 254 00d4 5F010000 		.4byte	.LASF17
 255 00d8 03       		.byte	0x3
 256 00d9 62       		.byte	0x62
 257 00da 98000000 		.4byte	0x98
 258 00de 0A       		.uleb128 0xa
 259 00df 00000000 		.4byte	.LASF18
 260 00e3 01       		.byte	0x1
 261 00e4 11       		.byte	0x11
 262 00e5 00000000 		.4byte	.LFB64
 263 00e9 0A000000 		.4byte	.LFE64-.LFB64
 264 00ed 01       		.uleb128 0x1
 265 00ee 9C       		.byte	0x9c
 266 00ef 03010000 		.4byte	0x103
 267 00f3 0B       		.uleb128 0xb
 268 00f4 08000000 		.4byte	.LVL0
 269 00f8 D5010000 		.4byte	0x1d5
 270 00fc 0C       		.uleb128 0xc
 271 00fd 01       		.uleb128 0x1
 272 00fe 50       		.byte	0x50
 273 00ff 01       		.uleb128 0x1
 274 0100 3C       		.byte	0x3c
 275 0101 00       		.byte	0
 276 0102 00       		.byte	0
 277 0103 0A       		.uleb128 0xa
 278 0104 88010000 		.4byte	.LASF19
 279 0108 01       		.byte	0x1
 280 0109 16       		.byte	0x16
 281 010a 00000000 		.4byte	.LFB65
 282 010e 48000000 		.4byte	.LFE65-.LFB65
 283 0112 01       		.uleb128 0x1
 284 0113 9C       		.byte	0x9c
 285 0114 A2010000 		.4byte	0x1a2
 286 0118 0D       		.uleb128 0xd
 287 0119 666D7400 		.ascii	"fmt\000"
 288 011d 01       		.byte	0x1
 289 011e 16       		.byte	0x16
 290 011f 8D000000 		.4byte	0x8d
 291 0123 02       		.uleb128 0x2
 292 0124 91       		.byte	0x91
 293 0125 70       		.sleb128 -16
 294 0126 0E       		.uleb128 0xe
 295 0127 0F       		.uleb128 0xf
 296 0128 02020000 		.4byte	.LASF30
 297 012c 01       		.byte	0x1
 298 012d 19       		.byte	0x19
 299 012e D3000000 		.4byte	0xd3
 300 0132 02       		.uleb128 0x2
 301 0133 91       		.byte	0x91
 302 0134 54       		.sleb128 -44
 303 0135 10       		.uleb128 0x10
 304 0136 1C000000 		.4byte	.LVL2
 305 013a E0010000 		.4byte	0x1e0
 306 013e 54010000 		.4byte	0x154
ARM GAS  C:\Users\d3bug\AppData\Local\Temp\ccGR5z0o.s 			page 7


 307 0142 0C       		.uleb128 0xc
 308 0143 01       		.uleb128 0x1
 309 0144 50       		.byte	0x50
 310 0145 02       		.uleb128 0x2
 311 0146 75       		.byte	0x75
 312 0147 00       		.sleb128 0
 313 0148 0C       		.uleb128 0xc
 314 0149 01       		.uleb128 0x1
 315 014a 51       		.byte	0x51
 316 014b 01       		.uleb128 0x1
 317 014c 30       		.byte	0x30
 318 014d 0C       		.uleb128 0xc
 319 014e 01       		.uleb128 0x1
 320 014f 52       		.byte	0x52
 321 0150 02       		.uleb128 0x2
 322 0151 76       		.byte	0x76
 323 0152 00       		.sleb128 0
 324 0153 00       		.byte	0
 325 0154 10       		.uleb128 0x10
 326 0155 2A000000 		.4byte	.LVL3
 327 0159 E9010000 		.4byte	0x1e9
 328 015d 7A010000 		.4byte	0x17a
 329 0161 0C       		.uleb128 0xc
 330 0162 01       		.uleb128 0x1
 331 0163 50       		.byte	0x50
 332 0164 02       		.uleb128 0x2
 333 0165 75       		.byte	0x75
 334 0166 00       		.sleb128 0
 335 0167 0C       		.uleb128 0xc
 336 0168 01       		.uleb128 0x1
 337 0169 51       		.byte	0x51
 338 016a 02       		.uleb128 0x2
 339 016b 76       		.byte	0x76
 340 016c 00       		.sleb128 0
 341 016d 0C       		.uleb128 0xc
 342 016e 01       		.uleb128 0x1
 343 016f 52       		.byte	0x52
 344 0170 02       		.uleb128 0x2
 345 0171 77       		.byte	0x77
 346 0172 00       		.sleb128 0
 347 0173 0C       		.uleb128 0xc
 348 0174 01       		.uleb128 0x1
 349 0175 53       		.byte	0x53
 350 0176 02       		.uleb128 0x2
 351 0177 74       		.byte	0x74
 352 0178 00       		.sleb128 0
 353 0179 00       		.byte	0
 354 017a 10       		.uleb128 0x10
 355 017b 30000000 		.4byte	.LVL4
 356 017f F4010000 		.4byte	0x1f4
 357 0183 8E010000 		.4byte	0x18e
 358 0187 0C       		.uleb128 0xc
 359 0188 01       		.uleb128 0x1
 360 0189 50       		.byte	0x50
 361 018a 02       		.uleb128 0x2
 362 018b 75       		.byte	0x75
 363 018c 00       		.sleb128 0
ARM GAS  C:\Users\d3bug\AppData\Local\Temp\ccGR5z0o.s 			page 8


 364 018d 00       		.byte	0
 365 018e 0B       		.uleb128 0xb
 366 018f 36000000 		.4byte	.LVL5
 367 0193 F4010000 		.4byte	0x1f4
 368 0197 0C       		.uleb128 0xc
 369 0198 01       		.uleb128 0x1
 370 0199 50       		.byte	0x50
 371 019a 05       		.uleb128 0x5
 372 019b 03       		.byte	0x3
 373 019c 00000000 		.4byte	.LC0
 374 01a0 00       		.byte	0
 375 01a1 00       		.byte	0
 376 01a2 11       		.uleb128 0x11
 377 01a3 BD010000 		.4byte	.LASF20
 378 01a7 05       		.byte	0x5
 379 01a8 1207     		.2byte	0x712
 380 01aa AE010000 		.4byte	0x1ae
 381 01ae 12       		.uleb128 0x12
 382 01af BA000000 		.4byte	0xba
 383 01b3 13       		.uleb128 0x13
 384 01b4 86000000 		.4byte	0x86
 385 01b8 C4010000 		.4byte	0x1c4
 386 01bc 14       		.uleb128 0x14
 387 01bd 7D000000 		.4byte	0x7d
 388 01c1 F301     		.2byte	0x1f3
 389 01c3 00       		.byte	0
 390 01c4 15       		.uleb128 0x15
 391 01c5 07020000 		.4byte	.LASF21
 392 01c9 01       		.byte	0x1
 393 01ca 0F       		.byte	0xf
 394 01cb B3010000 		.4byte	0x1b3
 395 01cf 05       		.uleb128 0x5
 396 01d0 03       		.byte	0x3
 397 01d1 00000000 		.4byte	buffer
 398 01d5 16       		.uleb128 0x16
 399 01d6 11000000 		.4byte	.LASF22
 400 01da 11000000 		.4byte	.LASF22
 401 01de 06       		.byte	0x6
 402 01df 25       		.byte	0x25
 403 01e0 17       		.uleb128 0x17
 404 01e1 67010000 		.4byte	.LASF31
 405 01e5 67010000 		.4byte	.LASF31
 406 01e9 16       		.uleb128 0x16
 407 01ea 22000000 		.4byte	.LASF23
 408 01ee 22000000 		.4byte	.LASF23
 409 01f2 07       		.byte	0x7
 410 01f3 FF       		.byte	0xff
 411 01f4 16       		.uleb128 0x16
 412 01f5 75010000 		.4byte	.LASF24
 413 01f9 75010000 		.4byte	.LASF24
 414 01fd 06       		.byte	0x6
 415 01fe 26       		.byte	0x26
 416 01ff 00       		.byte	0
 417              		.section	.debug_abbrev,"",%progbits
 418              	.Ldebug_abbrev0:
 419 0000 01       		.uleb128 0x1
 420 0001 11       		.uleb128 0x11
ARM GAS  C:\Users\d3bug\AppData\Local\Temp\ccGR5z0o.s 			page 9


 421 0002 01       		.byte	0x1
 422 0003 25       		.uleb128 0x25
 423 0004 0E       		.uleb128 0xe
 424 0005 13       		.uleb128 0x13
 425 0006 0B       		.uleb128 0xb
 426 0007 03       		.uleb128 0x3
 427 0008 0E       		.uleb128 0xe
 428 0009 1B       		.uleb128 0x1b
 429 000a 0E       		.uleb128 0xe
 430 000b 55       		.uleb128 0x55
 431 000c 17       		.uleb128 0x17
 432 000d 11       		.uleb128 0x11
 433 000e 01       		.uleb128 0x1
 434 000f 10       		.uleb128 0x10
 435 0010 17       		.uleb128 0x17
 436 0011 00       		.byte	0
 437 0012 00       		.byte	0
 438 0013 02       		.uleb128 0x2
 439 0014 24       		.uleb128 0x24
 440 0015 00       		.byte	0
 441 0016 0B       		.uleb128 0xb
 442 0017 0B       		.uleb128 0xb
 443 0018 3E       		.uleb128 0x3e
 444 0019 0B       		.uleb128 0xb
 445 001a 03       		.uleb128 0x3
 446 001b 08       		.uleb128 0x8
 447 001c 00       		.byte	0
 448 001d 00       		.byte	0
 449 001e 03       		.uleb128 0x3
 450 001f 24       		.uleb128 0x24
 451 0020 00       		.byte	0
 452 0021 0B       		.uleb128 0xb
 453 0022 0B       		.uleb128 0xb
 454 0023 3E       		.uleb128 0x3e
 455 0024 0B       		.uleb128 0xb
 456 0025 03       		.uleb128 0x3
 457 0026 0E       		.uleb128 0xe
 458 0027 00       		.byte	0
 459 0028 00       		.byte	0
 460 0029 04       		.uleb128 0x4
 461 002a 16       		.uleb128 0x16
 462 002b 00       		.byte	0
 463 002c 03       		.uleb128 0x3
 464 002d 0E       		.uleb128 0xe
 465 002e 3A       		.uleb128 0x3a
 466 002f 0B       		.uleb128 0xb
 467 0030 3B       		.uleb128 0x3b
 468 0031 0B       		.uleb128 0xb
 469 0032 49       		.uleb128 0x49
 470 0033 13       		.uleb128 0x13
 471 0034 00       		.byte	0
 472 0035 00       		.byte	0
 473 0036 05       		.uleb128 0x5
 474 0037 0F       		.uleb128 0xf
 475 0038 00       		.byte	0
 476 0039 0B       		.uleb128 0xb
 477 003a 0B       		.uleb128 0xb
ARM GAS  C:\Users\d3bug\AppData\Local\Temp\ccGR5z0o.s 			page 10


 478 003b 00       		.byte	0
 479 003c 00       		.byte	0
 480 003d 06       		.uleb128 0x6
 481 003e 0F       		.uleb128 0xf
 482 003f 00       		.byte	0
 483 0040 0B       		.uleb128 0xb
 484 0041 0B       		.uleb128 0xb
 485 0042 49       		.uleb128 0x49
 486 0043 13       		.uleb128 0x13
 487 0044 00       		.byte	0
 488 0045 00       		.byte	0
 489 0046 07       		.uleb128 0x7
 490 0047 26       		.uleb128 0x26
 491 0048 00       		.byte	0
 492 0049 49       		.uleb128 0x49
 493 004a 13       		.uleb128 0x13
 494 004b 00       		.byte	0
 495 004c 00       		.byte	0
 496 004d 08       		.uleb128 0x8
 497 004e 13       		.uleb128 0x13
 498 004f 01       		.byte	0x1
 499 0050 03       		.uleb128 0x3
 500 0051 0E       		.uleb128 0xe
 501 0052 0B       		.uleb128 0xb
 502 0053 0B       		.uleb128 0xb
 503 0054 3A       		.uleb128 0x3a
 504 0055 0B       		.uleb128 0xb
 505 0056 3B       		.uleb128 0x3b
 506 0057 0B       		.uleb128 0xb
 507 0058 01       		.uleb128 0x1
 508 0059 13       		.uleb128 0x13
 509 005a 00       		.byte	0
 510 005b 00       		.byte	0
 511 005c 09       		.uleb128 0x9
 512 005d 0D       		.uleb128 0xd
 513 005e 00       		.byte	0
 514 005f 03       		.uleb128 0x3
 515 0060 0E       		.uleb128 0xe
 516 0061 49       		.uleb128 0x49
 517 0062 13       		.uleb128 0x13
 518 0063 38       		.uleb128 0x38
 519 0064 0B       		.uleb128 0xb
 520 0065 34       		.uleb128 0x34
 521 0066 19       		.uleb128 0x19
 522 0067 00       		.byte	0
 523 0068 00       		.byte	0
 524 0069 0A       		.uleb128 0xa
 525 006a 2E       		.uleb128 0x2e
 526 006b 01       		.byte	0x1
 527 006c 3F       		.uleb128 0x3f
 528 006d 19       		.uleb128 0x19
 529 006e 03       		.uleb128 0x3
 530 006f 0E       		.uleb128 0xe
 531 0070 3A       		.uleb128 0x3a
 532 0071 0B       		.uleb128 0xb
 533 0072 3B       		.uleb128 0x3b
 534 0073 0B       		.uleb128 0xb
ARM GAS  C:\Users\d3bug\AppData\Local\Temp\ccGR5z0o.s 			page 11


 535 0074 27       		.uleb128 0x27
 536 0075 19       		.uleb128 0x19
 537 0076 11       		.uleb128 0x11
 538 0077 01       		.uleb128 0x1
 539 0078 12       		.uleb128 0x12
 540 0079 06       		.uleb128 0x6
 541 007a 40       		.uleb128 0x40
 542 007b 18       		.uleb128 0x18
 543 007c 9742     		.uleb128 0x2117
 544 007e 19       		.uleb128 0x19
 545 007f 01       		.uleb128 0x1
 546 0080 13       		.uleb128 0x13
 547 0081 00       		.byte	0
 548 0082 00       		.byte	0
 549 0083 0B       		.uleb128 0xb
 550 0084 898201   		.uleb128 0x4109
 551 0087 01       		.byte	0x1
 552 0088 11       		.uleb128 0x11
 553 0089 01       		.uleb128 0x1
 554 008a 31       		.uleb128 0x31
 555 008b 13       		.uleb128 0x13
 556 008c 00       		.byte	0
 557 008d 00       		.byte	0
 558 008e 0C       		.uleb128 0xc
 559 008f 8A8201   		.uleb128 0x410a
 560 0092 00       		.byte	0
 561 0093 02       		.uleb128 0x2
 562 0094 18       		.uleb128 0x18
 563 0095 9142     		.uleb128 0x2111
 564 0097 18       		.uleb128 0x18
 565 0098 00       		.byte	0
 566 0099 00       		.byte	0
 567 009a 0D       		.uleb128 0xd
 568 009b 05       		.uleb128 0x5
 569 009c 00       		.byte	0
 570 009d 03       		.uleb128 0x3
 571 009e 08       		.uleb128 0x8
 572 009f 3A       		.uleb128 0x3a
 573 00a0 0B       		.uleb128 0xb
 574 00a1 3B       		.uleb128 0x3b
 575 00a2 0B       		.uleb128 0xb
 576 00a3 49       		.uleb128 0x49
 577 00a4 13       		.uleb128 0x13
 578 00a5 02       		.uleb128 0x2
 579 00a6 18       		.uleb128 0x18
 580 00a7 00       		.byte	0
 581 00a8 00       		.byte	0
 582 00a9 0E       		.uleb128 0xe
 583 00aa 18       		.uleb128 0x18
 584 00ab 00       		.byte	0
 585 00ac 00       		.byte	0
 586 00ad 00       		.byte	0
 587 00ae 0F       		.uleb128 0xf
 588 00af 34       		.uleb128 0x34
 589 00b0 00       		.byte	0
 590 00b1 03       		.uleb128 0x3
 591 00b2 0E       		.uleb128 0xe
ARM GAS  C:\Users\d3bug\AppData\Local\Temp\ccGR5z0o.s 			page 12


 592 00b3 3A       		.uleb128 0x3a
 593 00b4 0B       		.uleb128 0xb
 594 00b5 3B       		.uleb128 0x3b
 595 00b6 0B       		.uleb128 0xb
 596 00b7 49       		.uleb128 0x49
 597 00b8 13       		.uleb128 0x13
 598 00b9 02       		.uleb128 0x2
 599 00ba 18       		.uleb128 0x18
 600 00bb 00       		.byte	0
 601 00bc 00       		.byte	0
 602 00bd 10       		.uleb128 0x10
 603 00be 898201   		.uleb128 0x4109
 604 00c1 01       		.byte	0x1
 605 00c2 11       		.uleb128 0x11
 606 00c3 01       		.uleb128 0x1
 607 00c4 31       		.uleb128 0x31
 608 00c5 13       		.uleb128 0x13
 609 00c6 01       		.uleb128 0x1
 610 00c7 13       		.uleb128 0x13
 611 00c8 00       		.byte	0
 612 00c9 00       		.byte	0
 613 00ca 11       		.uleb128 0x11
 614 00cb 34       		.uleb128 0x34
 615 00cc 00       		.byte	0
 616 00cd 03       		.uleb128 0x3
 617 00ce 0E       		.uleb128 0xe
 618 00cf 3A       		.uleb128 0x3a
 619 00d0 0B       		.uleb128 0xb
 620 00d1 3B       		.uleb128 0x3b
 621 00d2 05       		.uleb128 0x5
 622 00d3 49       		.uleb128 0x49
 623 00d4 13       		.uleb128 0x13
 624 00d5 3F       		.uleb128 0x3f
 625 00d6 19       		.uleb128 0x19
 626 00d7 3C       		.uleb128 0x3c
 627 00d8 19       		.uleb128 0x19
 628 00d9 00       		.byte	0
 629 00da 00       		.byte	0
 630 00db 12       		.uleb128 0x12
 631 00dc 35       		.uleb128 0x35
 632 00dd 00       		.byte	0
 633 00de 49       		.uleb128 0x49
 634 00df 13       		.uleb128 0x13
 635 00e0 00       		.byte	0
 636 00e1 00       		.byte	0
 637 00e2 13       		.uleb128 0x13
 638 00e3 01       		.uleb128 0x1
 639 00e4 01       		.byte	0x1
 640 00e5 49       		.uleb128 0x49
 641 00e6 13       		.uleb128 0x13
 642 00e7 01       		.uleb128 0x1
 643 00e8 13       		.uleb128 0x13
 644 00e9 00       		.byte	0
 645 00ea 00       		.byte	0
 646 00eb 14       		.uleb128 0x14
 647 00ec 21       		.uleb128 0x21
 648 00ed 00       		.byte	0
ARM GAS  C:\Users\d3bug\AppData\Local\Temp\ccGR5z0o.s 			page 13


 649 00ee 49       		.uleb128 0x49
 650 00ef 13       		.uleb128 0x13
 651 00f0 2F       		.uleb128 0x2f
 652 00f1 05       		.uleb128 0x5
 653 00f2 00       		.byte	0
 654 00f3 00       		.byte	0
 655 00f4 15       		.uleb128 0x15
 656 00f5 34       		.uleb128 0x34
 657 00f6 00       		.byte	0
 658 00f7 03       		.uleb128 0x3
 659 00f8 0E       		.uleb128 0xe
 660 00f9 3A       		.uleb128 0x3a
 661 00fa 0B       		.uleb128 0xb
 662 00fb 3B       		.uleb128 0x3b
 663 00fc 0B       		.uleb128 0xb
 664 00fd 49       		.uleb128 0x49
 665 00fe 13       		.uleb128 0x13
 666 00ff 3F       		.uleb128 0x3f
 667 0100 19       		.uleb128 0x19
 668 0101 02       		.uleb128 0x2
 669 0102 18       		.uleb128 0x18
 670 0103 00       		.byte	0
 671 0104 00       		.byte	0
 672 0105 16       		.uleb128 0x16
 673 0106 2E       		.uleb128 0x2e
 674 0107 00       		.byte	0
 675 0108 3F       		.uleb128 0x3f
 676 0109 19       		.uleb128 0x19
 677 010a 3C       		.uleb128 0x3c
 678 010b 19       		.uleb128 0x19
 679 010c 6E       		.uleb128 0x6e
 680 010d 0E       		.uleb128 0xe
 681 010e 03       		.uleb128 0x3
 682 010f 0E       		.uleb128 0xe
 683 0110 3A       		.uleb128 0x3a
 684 0111 0B       		.uleb128 0xb
 685 0112 3B       		.uleb128 0x3b
 686 0113 0B       		.uleb128 0xb
 687 0114 00       		.byte	0
 688 0115 00       		.byte	0
 689 0116 17       		.uleb128 0x17
 690 0117 2E       		.uleb128 0x2e
 691 0118 00       		.byte	0
 692 0119 3F       		.uleb128 0x3f
 693 011a 19       		.uleb128 0x19
 694 011b 3C       		.uleb128 0x3c
 695 011c 19       		.uleb128 0x19
 696 011d 6E       		.uleb128 0x6e
 697 011e 0E       		.uleb128 0xe
 698 011f 03       		.uleb128 0x3
 699 0120 0E       		.uleb128 0xe
 700 0121 00       		.byte	0
 701 0122 00       		.byte	0
 702 0123 00       		.byte	0
 703              		.section	.debug_aranges,"",%progbits
 704 0000 24000000 		.4byte	0x24
 705 0004 0200     		.2byte	0x2
ARM GAS  C:\Users\d3bug\AppData\Local\Temp\ccGR5z0o.s 			page 14


 706 0006 00000000 		.4byte	.Ldebug_info0
 707 000a 04       		.byte	0x4
 708 000b 00       		.byte	0
 709 000c 0000     		.2byte	0
 710 000e 0000     		.2byte	0
 711 0010 00000000 		.4byte	.LFB64
 712 0014 0A000000 		.4byte	.LFE64-.LFB64
 713 0018 00000000 		.4byte	.LFB65
 714 001c 48000000 		.4byte	.LFE65-.LFB65
 715 0020 00000000 		.4byte	0
 716 0024 00000000 		.4byte	0
 717              		.section	.debug_ranges,"",%progbits
 718              	.Ldebug_ranges0:
 719 0000 00000000 		.4byte	.LFB64
 720 0004 0A000000 		.4byte	.LFE64
 721 0008 00000000 		.4byte	.LFB65
 722 000c 48000000 		.4byte	.LFE65
 723 0010 00000000 		.4byte	0
 724 0014 00000000 		.4byte	0
 725              		.section	.debug_line,"",%progbits
 726              	.Ldebug_line0:
 727 0000 81020000 		.section	.debug_str,"MS",%progbits,1
 727      02005602 
 727      00000201 
 727      FB0E0D00 
 727      01010101 
 728              	.LASF18:
 729 0000 4442475F 		.ascii	"DBG_clear_screen\000"
 729      636C6561 
 729      725F7363 
 729      7265656E 
 729      00
 730              	.LASF22:
 731 0011 55415254 		.ascii	"UART_Log_PutChar\000"
 731      5F4C6F67 
 731      5F507574 
 731      43686172 
 731      00
 732              	.LASF23:
 733 0022 76736E70 		.ascii	"vsnprintf\000"
 733      72696E74 
 733      6600
 734              	.LASF12:
 735 002c 5F5F696E 		.ascii	"__int32_t\000"
 735      7433325F 
 735      7400
 736              	.LASF26:
 737 0036 2E2E5C44 		.ascii	"..\\DBG\\DBG.c\000"
 737      42475C44 
 737      42472E63 
 737      00
 738              	.LASF15:
 739 0043 666C6F61 		.ascii	"float\000"
 739      7400
 740              	.LASF13:
 741 0049 5F5F676E 		.ascii	"__gnuc_va_list\000"
 741      75635F76 
ARM GAS  C:\Users\d3bug\AppData\Local\Temp\ccGR5z0o.s 			page 15


 741      615F6C69 
 741      737400
 742              	.LASF4:
 743 0058 756E7369 		.ascii	"unsigned char\000"
 743      676E6564 
 743      20636861 
 743      7200
 744              	.LASF25:
 745 0066 474E5520 		.ascii	"GNU C11 5.4.1 20160609 (release) [ARM/embedded-5-br"
 745      43313120 
 745      352E342E 
 745      31203230 
 745      31363036 
 746 0099 616E6368 		.ascii	"anch revision 237715] -mcpu=cortex-m3 -mthumb -g -O"
 746      20726576 
 746      6973696F 
 746      6E203233 
 746      37373135 
 747 00cc 67202D66 		.ascii	"g -ffunction-sections -ffat-lto-objects\000"
 747      66756E63 
 747      74696F6E 
 747      2D736563 
 747      74696F6E 
 748              	.LASF8:
 749 00f4 6C6F6E67 		.ascii	"long unsigned int\000"
 749      20756E73 
 749      69676E65 
 749      6420696E 
 749      7400
 750              	.LASF6:
 751 0106 73686F72 		.ascii	"short unsigned int\000"
 751      7420756E 
 751      7369676E 
 751      65642069 
 751      6E7400
 752              	.LASF27:
 753 0119 433A5C55 		.ascii	"C:\\Users\\d3bug\\Documents\\Creator\\lvgl_ssd1306\\"
 753      73657273 
 753      5C643362 
 753      75675C44 
 753      6F63756D 
 754 0147 68656C6C 		.ascii	"hello_world_label.cydsn\000"
 754      6F5F776F 
 754      726C645F 
 754      6C616265 
 754      6C2E6379 
 755              	.LASF17:
 756 015f 76615F6C 		.ascii	"va_list\000"
 756      69737400 
 757              	.LASF31:
 758 0167 6D656D73 		.ascii	"memset\000"
 758      657400
 759              	.LASF16:
 760 016e 646F7562 		.ascii	"double\000"
 760      6C6500
 761              	.LASF24:
 762 0175 55415254 		.ascii	"UART_Log_PutString\000"
ARM GAS  C:\Users\d3bug\AppData\Local\Temp\ccGR5z0o.s 			page 16


 762      5F4C6F67 
 762      5F507574 
 762      53747269 
 762      6E6700
 763              	.LASF19:
 764 0188 4442475F 		.ascii	"DBG_println\000"
 764      7072696E 
 764      746C6E00 
 765              	.LASF0:
 766 0194 756E7369 		.ascii	"unsigned int\000"
 766      676E6564 
 766      20696E74 
 766      00
 767              	.LASF9:
 768 01a1 6C6F6E67 		.ascii	"long long unsigned int\000"
 768      206C6F6E 
 768      6720756E 
 768      7369676E 
 768      65642069 
 769              	.LASF29:
 770 01b8 5F5F6170 		.ascii	"__ap\000"
 770      00
 771              	.LASF20:
 772 01bd 49544D5F 		.ascii	"ITM_RxBuffer\000"
 772      52784275 
 772      66666572 
 772      00
 773              	.LASF14:
 774 01ca 696E7433 		.ascii	"int32_t\000"
 774      325F7400 
 775              	.LASF10:
 776 01d2 73697A65 		.ascii	"sizetype\000"
 776      74797065 
 776      00
 777              	.LASF28:
 778 01db 5F5F7661 		.ascii	"__va_list\000"
 778      5F6C6973 
 778      7400
 779              	.LASF1:
 780 01e5 6C6F6E67 		.ascii	"long long int\000"
 780      206C6F6E 
 780      6720696E 
 780      7400
 781              	.LASF11:
 782 01f3 63686172 		.ascii	"char\000"
 782      00
 783              	.LASF5:
 784 01f8 73686F72 		.ascii	"short int\000"
 784      7420696E 
 784      7400
 785              	.LASF30:
 786 0202 61726773 		.ascii	"args\000"
 786      00
 787              	.LASF21:
 788 0207 62756666 		.ascii	"buffer\000"
 788      657200
 789              	.LASF7:
ARM GAS  C:\Users\d3bug\AppData\Local\Temp\ccGR5z0o.s 			page 17


 790 020e 6C6F6E67 		.ascii	"long int\000"
 790      20696E74 
 790      00
 791              	.LASF2:
 792 0217 6C6F6E67 		.ascii	"long double\000"
 792      20646F75 
 792      626C6500 
 793              	.LASF3:
 794 0223 7369676E 		.ascii	"signed char\000"
 794      65642063 
 794      68617200 
 795              		.ident	"GCC: (GNU Tools for ARM Embedded Processors) 5.4.1 20160609 (release) [ARM/embedded-5-bran
