ARM GAS  C:\Users\d3bug\AppData\Local\Temp\cchTWZAH.s 			page 1


   1              		.syntax unified
   2              		.cpu cortex-m3
   3              		.fpu softvfp
   4              		.eabi_attribute 20, 1
   5              		.eabi_attribute 21, 1
   6              		.eabi_attribute 23, 3
   7              		.eabi_attribute 24, 1
   8              		.eabi_attribute 25, 1
   9              		.eabi_attribute 26, 1
  10              		.eabi_attribute 30, 1
  11              		.eabi_attribute 34, 1
  12              		.eabi_attribute 18, 4
  13              		.thumb
  14              		.syntax unified
  15              		.file	"lv_cb.c"
  16              		.text
  17              	.Ltext0:
  18              		.cfi_sections	.debug_frame
  19              	.Letext0:
  20              		.section	.debug_line,"",%progbits
  21              	.Ldebug_line0:
  22              		.section	.debug_str,"MS",%progbits,1
  23              	.LASF0:
  24 0000 433A5C55 		.ascii	"C:\\Users\\d3bug\\Documents\\Creator\\lvgl_ssd1306\\"
  24      73657273 
  24      5C643362 
  24      75675C44 
  24      6F63756D 
  25 002e 68656C6C 		.ascii	"hello_world_label.cydsn\000"
  25      6F5F776F 
  25      726C645F 
  25      6C616265 
  25      6C2E6379 
  26              	.LASF1:
  27 0046 474E5520 		.ascii	"GNU C11 5.4.1 20160609 (release) [ARM/embedded-5-br"
  27      43313120 
  27      352E342E 
  27      31203230 
  27      31363036 
  28 0079 616E6368 		.ascii	"anch revision 237715] -mcpu=cortex-m3 -mthumb -g -O"
  28      20726576 
  28      6973696F 
  28      6E203233 
  28      37373135 
  29 00ac 67202D66 		.ascii	"g -ffunction-sections -ffat-lto-objects\000"
  29      66756E63 
  29      74696F6E 
  29      2D736563 
  29      74696F6E 
  30              	.LASF2:
  31 00d4 2E2E5C6C 		.ascii	"..\\lvgl\\lv_objx\\lv_cb.c\000"
  31      76676C5C 
  31      6C765F6F 
  31      626A785C 
  31      6C765F63 
  32              		.ident	"GCC: (GNU Tools for ARM Embedded Processors) 5.4.1 20160609 (release) [ARM/embedded-5-bran
