ARM GAS  C:\Users\d3bug\AppData\Local\Temp\ccNYAE6c.s 			page 1


   1              		.syntax unified
   2              		.cpu cortex-m3
   3              		.fpu softvfp
   4              		.eabi_attribute 20, 1
   5              		.eabi_attribute 21, 1
   6              		.eabi_attribute 23, 3
   7              		.eabi_attribute 24, 1
   8              		.eabi_attribute 25, 1
   9              		.eabi_attribute 26, 1
  10              		.eabi_attribute 30, 1
  11              		.eabi_attribute 34, 1
  12              		.eabi_attribute 18, 4
  13              		.thumb
  14              		.syntax unified
  15              		.file	"lv_color.c"
  16              		.text
  17              	.Ltext0:
  18              		.cfi_sections	.debug_frame
  19              		.section	.text.lv_color_hsv_to_rgb,"ax",%progbits
  20              		.align	2
  21              		.global	lv_color_hsv_to_rgb
  22              		.thumb
  23              		.thumb_func
  24              		.type	lv_color_hsv_to_rgb, %function
  25              	lv_color_hsv_to_rgb:
  26              	.LFB8:
  27              		.file 1 "..\\lvgl\\lv_misc\\lv_color.c"
   1:..\lvgl\lv_misc/lv_color.c **** /**
   2:..\lvgl\lv_misc/lv_color.c ****  * @file lv_color.c
   3:..\lvgl\lv_misc/lv_color.c ****  *
   4:..\lvgl\lv_misc/lv_color.c ****  */
   5:..\lvgl\lv_misc/lv_color.c **** 
   6:..\lvgl\lv_misc/lv_color.c **** /*********************
   7:..\lvgl\lv_misc/lv_color.c ****  *      INCLUDES
   8:..\lvgl\lv_misc/lv_color.c ****  *********************/
   9:..\lvgl\lv_misc/lv_color.c **** #include "lv_color.h"
  10:..\lvgl\lv_misc/lv_color.c **** 
  11:..\lvgl\lv_misc/lv_color.c **** /*********************
  12:..\lvgl\lv_misc/lv_color.c ****  *      DEFINES
  13:..\lvgl\lv_misc/lv_color.c ****  *********************/
  14:..\lvgl\lv_misc/lv_color.c **** 
  15:..\lvgl\lv_misc/lv_color.c **** /**********************
  16:..\lvgl\lv_misc/lv_color.c ****  *      TYPEDEFS
  17:..\lvgl\lv_misc/lv_color.c ****  **********************/
  18:..\lvgl\lv_misc/lv_color.c **** 
  19:..\lvgl\lv_misc/lv_color.c **** /**********************
  20:..\lvgl\lv_misc/lv_color.c ****  *  STATIC PROTOTYPES
  21:..\lvgl\lv_misc/lv_color.c ****  **********************/
  22:..\lvgl\lv_misc/lv_color.c **** 
  23:..\lvgl\lv_misc/lv_color.c **** /**********************
  24:..\lvgl\lv_misc/lv_color.c ****  *  STATIC VARIABLES
  25:..\lvgl\lv_misc/lv_color.c ****  **********************/
  26:..\lvgl\lv_misc/lv_color.c **** 
  27:..\lvgl\lv_misc/lv_color.c **** /**********************
  28:..\lvgl\lv_misc/lv_color.c ****  *      MACROS
  29:..\lvgl\lv_misc/lv_color.c ****  **********************/
  30:..\lvgl\lv_misc/lv_color.c **** 
ARM GAS  C:\Users\d3bug\AppData\Local\Temp\ccNYAE6c.s 			page 2


  31:..\lvgl\lv_misc/lv_color.c **** /**********************
  32:..\lvgl\lv_misc/lv_color.c ****  *   GLOBAL FUNCTIONS
  33:..\lvgl\lv_misc/lv_color.c ****  **********************/
  34:..\lvgl\lv_misc/lv_color.c **** 
  35:..\lvgl\lv_misc/lv_color.c **** /**********************
  36:..\lvgl\lv_misc/lv_color.c ****  *   STATIC FUNCTIONS
  37:..\lvgl\lv_misc/lv_color.c ****  **********************/
  38:..\lvgl\lv_misc/lv_color.c **** 
  39:..\lvgl\lv_misc/lv_color.c **** /**
  40:..\lvgl\lv_misc/lv_color.c ****  * Convert a HSV color to RGB
  41:..\lvgl\lv_misc/lv_color.c ****  * @param h hue [0..359]
  42:..\lvgl\lv_misc/lv_color.c ****  * @param s saturation [0..100]
  43:..\lvgl\lv_misc/lv_color.c ****  * @param v value [0..100]
  44:..\lvgl\lv_misc/lv_color.c ****  * @return the given RGB color in RGB (with LV_COLOR_DEPTH depth)
  45:..\lvgl\lv_misc/lv_color.c ****  */
  46:..\lvgl\lv_misc/lv_color.c **** lv_color_t lv_color_hsv_to_rgb(uint16_t h, uint8_t s, uint8_t v)
  47:..\lvgl\lv_misc/lv_color.c **** {
  28              		.loc 1 47 0
  29              		.cfi_startproc
  30              		@ args = 0, pretend = 0, frame = 0
  31              		@ frame_needed = 0, uses_anonymous_args = 0
  32              		@ link register save eliminated.
  33              	.LVL0:
  34 0000 30B4     		push	{r4, r5}
  35              		.cfi_def_cfa_offset 8
  36              		.cfi_offset 4, -8
  37              		.cfi_offset 5, -4
  48:..\lvgl\lv_misc/lv_color.c ****     h = (uint32_t)((uint32_t)h * 255) / 360;
  38              		.loc 1 48 0
  39 0002 C0EB0020 		rsb	r0, r0, r0, lsl #8
  40              	.LVL1:
  41 0006 C008     		lsrs	r0, r0, #3
  42 0008 344B     		ldr	r3, .L12
  43 000a A3FB0030 		umull	r3, r0, r3, r0
  44              	.LVL2:
  49:..\lvgl\lv_misc/lv_color.c ****     s = (uint16_t)((uint16_t)s * 255) / 100;
  45              		.loc 1 49 0
  46 000e C1EB0121 		rsb	r1, r1, r1, lsl #8
  47              	.LVL3:
  48 0012 8BB2     		uxth	r3, r1
  49 0014 324D     		ldr	r5, .L12+4
  50 0016 A5FB0313 		umull	r1, r3, r5, r3
  51 001a C3F34711 		ubfx	r1, r3, #5, #8
  52              	.LVL4:
  50:..\lvgl\lv_misc/lv_color.c ****     v = (uint16_t)((uint16_t)v * 255) / 100;
  53              		.loc 1 50 0
  54 001e C2EB0222 		rsb	r2, r2, r2, lsl #8
  55              	.LVL5:
  56 0022 92B2     		uxth	r2, r2
  57 0024 A5FB0232 		umull	r3, r2, r5, r2
  58 0028 C2F34712 		ubfx	r2, r2, #5, #8
  59              	.LVL6:
  51:..\lvgl\lv_misc/lv_color.c **** 
  52:..\lvgl\lv_misc/lv_color.c ****     uint8_t r, g, b;
  53:..\lvgl\lv_misc/lv_color.c **** 
  54:..\lvgl\lv_misc/lv_color.c ****     uint8_t region, remainder, p, q, t;
  55:..\lvgl\lv_misc/lv_color.c **** 
ARM GAS  C:\Users\d3bug\AppData\Local\Temp\ccNYAE6c.s 			page 3


  56:..\lvgl\lv_misc/lv_color.c ****     if(s == 0) {
  60              		.loc 1 56 0
  61 002c 29B9     		cbnz	r1, .L2
  62              	.LVL7:
  57:..\lvgl\lv_misc/lv_color.c ****         r = v;
  58:..\lvgl\lv_misc/lv_color.c ****         g = v;
  59:..\lvgl\lv_misc/lv_color.c ****         b = v;
  60:..\lvgl\lv_misc/lv_color.c ****         return LV_COLOR_MAKE(v, v, v);
  63              		.loc 1 60 0
  64 002e D209     		lsrs	r2, r2, #7
  65              	.LVL8:
  66 0030 4FF00000 		mov	r0, #0
  67              	.LVL9:
  68 0034 62F30000 		bfi	r0, r2, #0, #1
  69 0038 4DE0     		b	.L3
  70              	.LVL10:
  71              	.L2:
  72 003a 8008     		lsrs	r0, r0, #2
  73              	.LVL11:
  74 003c 84B2     		uxth	r4, r0
  61:..\lvgl\lv_misc/lv_color.c ****     }
  62:..\lvgl\lv_misc/lv_color.c **** 
  63:..\lvgl\lv_misc/lv_color.c ****     region = h / 43;
  75              		.loc 1 63 0
  76 003e 294B     		ldr	r3, .L12+8
  77 0040 A3FB0434 		umull	r3, r4, r3, r4
  78 0044 C4F3C704 		ubfx	r4, r4, #3, #8
  79              	.LVL12:
  64:..\lvgl\lv_misc/lv_color.c ****     remainder = (h - (region * 43)) * 6;
  80              		.loc 1 64 0
  81 0048 83B2     		uxth	r3, r0
  82 004a 6FF02A00 		mvn	r0, #42
  83 004e 00FB0433 		mla	r3, r0, r4, r3
  84 0052 03EB4300 		add	r0, r3, r3, lsl #1
  85 0056 4000     		lsls	r0, r0, #1
  86 0058 C3B2     		uxtb	r3, r0
  87              	.LVL13:
  65:..\lvgl\lv_misc/lv_color.c **** 
  66:..\lvgl\lv_misc/lv_color.c ****     p = (v * (255 - s)) >> 8;
  88              		.loc 1 66 0
  89 005a C1F1FF05 		rsb	r5, r1, #255
  90 005e 05FB02F5 		mul	r5, r5, r2
  91 0062 C5F30725 		ubfx	r5, r5, #8, #8
  92              	.LVL14:
  67:..\lvgl\lv_misc/lv_color.c ****     q = (v * (255 - ((s * remainder) >> 8))) >> 8;
  93              		.loc 1 67 0
  94 0066 03FB01F0 		mul	r0, r3, r1
  95 006a 0012     		asrs	r0, r0, #8
  96 006c C0F1FF00 		rsb	r0, r0, #255
  97 0070 00FB02F0 		mul	r0, r0, r2
  98 0074 C0F30720 		ubfx	r0, r0, #8, #8
  99              	.LVL15:
  68:..\lvgl\lv_misc/lv_color.c ****     t = (v * (255 - ((s * (255 - remainder)) >> 8))) >> 8;
 100              		.loc 1 68 0
 101 0078 C3F1FF03 		rsb	r3, r3, #255
 102              	.LVL16:
 103 007c 03FB01F3 		mul	r3, r3, r1
ARM GAS  C:\Users\d3bug\AppData\Local\Temp\ccNYAE6c.s 			page 4


 104 0080 1B12     		asrs	r3, r3, #8
 105 0082 C3F1FF03 		rsb	r3, r3, #255
 106 0086 03FB02F3 		mul	r3, r3, r2
 107 008a C3F30723 		ubfx	r3, r3, #8, #8
 108              	.LVL17:
  69:..\lvgl\lv_misc/lv_color.c **** 
  70:..\lvgl\lv_misc/lv_color.c ****     switch(region) {
 109              		.loc 1 70 0
 110 008e 042C     		cmp	r4, #4
 111 0090 14D8     		bhi	.L4
 112 0092 DFE804F0 		tbb	[pc, r4]
 113              	.LVL18:
 114              	.L6:
 115 0096 03       		.byte	(.L5-.L6)/2
 116 0097 17       		.byte	(.L7-.L6)/2
 117 0098 06       		.byte	(.L8-.L6)/2
 118 0099 09       		.byte	(.L9-.L6)/2
 119 009a 0E       		.byte	(.L10-.L6)/2
 120 009b 00       		.p2align 1
 121              	.L5:
  71:..\lvgl\lv_misc/lv_color.c ****         case 0:
  72:..\lvgl\lv_misc/lv_color.c ****             r = v;
 122              		.loc 1 72 0
 123 009c 1046     		mov	r0, r2
 124              	.LVL19:
  73:..\lvgl\lv_misc/lv_color.c ****             g = t;
 125              		.loc 1 73 0
 126 009e 1A46     		mov	r2, r3
 127              	.LVL20:
 128 00a0 10E0     		b	.L7
 129              	.LVL21:
 130              	.L8:
  74:..\lvgl\lv_misc/lv_color.c ****             b = p;
  75:..\lvgl\lv_misc/lv_color.c ****             break;
  76:..\lvgl\lv_misc/lv_color.c ****         case 1:
  77:..\lvgl\lv_misc/lv_color.c ****             r = q;
  78:..\lvgl\lv_misc/lv_color.c ****             g = v;
  79:..\lvgl\lv_misc/lv_color.c ****             b = p;
  80:..\lvgl\lv_misc/lv_color.c ****             break;
  81:..\lvgl\lv_misc/lv_color.c ****         case 2:
  82:..\lvgl\lv_misc/lv_color.c ****             r = p;
 131              		.loc 1 82 0
 132 00a2 2846     		mov	r0, r5
 133              	.LVL22:
  83:..\lvgl\lv_misc/lv_color.c ****             g = v;
  84:..\lvgl\lv_misc/lv_color.c ****             b = t;
 134              		.loc 1 84 0
 135 00a4 1D46     		mov	r5, r3
 136              	.LVL23:
  85:..\lvgl\lv_misc/lv_color.c ****             break;
 137              		.loc 1 85 0
 138 00a6 0DE0     		b	.L7
 139              	.LVL24:
 140              	.L9:
  86:..\lvgl\lv_misc/lv_color.c ****         case 3:
  87:..\lvgl\lv_misc/lv_color.c ****             r = p;
  88:..\lvgl\lv_misc/lv_color.c ****             g = q;
ARM GAS  C:\Users\d3bug\AppData\Local\Temp\ccNYAE6c.s 			page 5


  89:..\lvgl\lv_misc/lv_color.c ****             b = v;
  90:..\lvgl\lv_misc/lv_color.c ****             break;
 141              		.loc 1 90 0
 142 00a8 0346     		mov	r3, r0
 143              	.LVL25:
  87:..\lvgl\lv_misc/lv_color.c ****             g = q;
 144              		.loc 1 87 0
 145 00aa 2846     		mov	r0, r5
 146              	.LVL26:
  89:..\lvgl\lv_misc/lv_color.c ****             break;
 147              		.loc 1 89 0
 148 00ac 1546     		mov	r5, r2
 149              	.LVL27:
  88:..\lvgl\lv_misc/lv_color.c ****             b = v;
 150              		.loc 1 88 0
 151 00ae 1A46     		mov	r2, r3
 152              	.LVL28:
 153              		.loc 1 90 0
 154 00b0 08E0     		b	.L7
 155              	.LVL29:
 156              	.L10:
  91:..\lvgl\lv_misc/lv_color.c ****         case 4:
  92:..\lvgl\lv_misc/lv_color.c ****             r = t;
  93:..\lvgl\lv_misc/lv_color.c ****             g = p;
  94:..\lvgl\lv_misc/lv_color.c ****             b = v;
  95:..\lvgl\lv_misc/lv_color.c ****             break;
 157              		.loc 1 95 0
 158 00b2 1146     		mov	r1, r2
  93:..\lvgl\lv_misc/lv_color.c ****             b = v;
 159              		.loc 1 93 0
 160 00b4 2A46     		mov	r2, r5
 161              	.LVL30:
  94:..\lvgl\lv_misc/lv_color.c ****             break;
 162              		.loc 1 94 0
 163 00b6 0D46     		mov	r5, r1
 164              	.LVL31:
  92:..\lvgl\lv_misc/lv_color.c ****             g = p;
 165              		.loc 1 92 0
 166 00b8 1846     		mov	r0, r3
 167              	.LVL32:
 168              		.loc 1 95 0
 169 00ba 03E0     		b	.L7
 170              	.LVL33:
 171              	.L4:
  96:..\lvgl\lv_misc/lv_color.c ****         default:
  97:..\lvgl\lv_misc/lv_color.c ****             r = v;
  98:..\lvgl\lv_misc/lv_color.c ****             g = p;
  99:..\lvgl\lv_misc/lv_color.c ****             b = q;
 100:..\lvgl\lv_misc/lv_color.c ****             break;
 172              		.loc 1 100 0
 173 00bc 0346     		mov	r3, r0
 174              	.LVL34:
  97:..\lvgl\lv_misc/lv_color.c ****             g = p;
 175              		.loc 1 97 0
 176 00be 1046     		mov	r0, r2
 177              	.LVL35:
  98:..\lvgl\lv_misc/lv_color.c ****             b = q;
ARM GAS  C:\Users\d3bug\AppData\Local\Temp\ccNYAE6c.s 			page 6


 178              		.loc 1 98 0
 179 00c0 2A46     		mov	r2, r5
 180              	.LVL36:
  99:..\lvgl\lv_misc/lv_color.c ****             break;
 181              		.loc 1 99 0
 182 00c2 1D46     		mov	r5, r3
 183              	.LVL37:
 184              	.L7:
 101:..\lvgl\lv_misc/lv_color.c ****     }
 102:..\lvgl\lv_misc/lv_color.c **** 
 103:..\lvgl\lv_misc/lv_color.c ****     lv_color_t result = LV_COLOR_MAKE(r, g, b);
 185              		.loc 1 103 0
 186 00c4 D309     		lsrs	r3, r2, #7
 187 00c6 43EAD512 		orr	r2, r3, r5, lsr #7
 188              	.LVL38:
 189 00ca 42EAD012 		orr	r2, r2, r0, lsr #7
 190 00ce 4FF00000 		mov	r0, #0
 191              	.LVL39:
 192 00d2 62F30000 		bfi	r0, r2, #0, #1
 193              	.LVL40:
 194              	.L3:
 195              	.LVL41:
 104:..\lvgl\lv_misc/lv_color.c ****     return result;
 105:..\lvgl\lv_misc/lv_color.c **** }
 196              		.loc 1 105 0
 197 00d6 30BC     		pop	{r4, r5}
 198              		.cfi_restore 5
 199              		.cfi_restore 4
 200              		.cfi_def_cfa_offset 0
 201 00d8 7047     		bx	lr
 202              	.L13:
 203 00da 00BF     		.align	2
 204              	.L12:
 205 00dc 176CC116 		.word	381774871
 206 00e0 1F85EB51 		.word	1374389535
 207 00e4 83BEA02F 		.word	799063683
 208              		.cfi_endproc
 209              	.LFE8:
 210              		.size	lv_color_hsv_to_rgb, .-lv_color_hsv_to_rgb
 211              		.section	.text.lv_color_rgb_to_hsv,"ax",%progbits
 212              		.align	2
 213              		.global	lv_color_rgb_to_hsv
 214              		.thumb
 215              		.thumb_func
 216              		.type	lv_color_rgb_to_hsv, %function
 217              	lv_color_rgb_to_hsv:
 218              	.LFB9:
 106:..\lvgl\lv_misc/lv_color.c **** 
 107:..\lvgl\lv_misc/lv_color.c **** /**
 108:..\lvgl\lv_misc/lv_color.c ****  * Convert an RGB color to HSV
 109:..\lvgl\lv_misc/lv_color.c ****  * @param r red
 110:..\lvgl\lv_misc/lv_color.c ****  * @param g green
 111:..\lvgl\lv_misc/lv_color.c ****  * @param b blue
 112:..\lvgl\lv_misc/lv_color.c ****  * @return the given RGB color n HSV
 113:..\lvgl\lv_misc/lv_color.c ****  */
 114:..\lvgl\lv_misc/lv_color.c **** lv_color_hsv_t lv_color_rgb_to_hsv(uint8_t r, uint8_t g, uint8_t b)
 115:..\lvgl\lv_misc/lv_color.c **** {
ARM GAS  C:\Users\d3bug\AppData\Local\Temp\ccNYAE6c.s 			page 7


 219              		.loc 1 115 0
 220              		.cfi_startproc
 221              		@ args = 0, pretend = 0, frame = 8
 222              		@ frame_needed = 0, uses_anonymous_args = 0
 223              		@ link register save eliminated.
 224              	.LVL42:
 225 0000 30B4     		push	{r4, r5}
 226              		.cfi_def_cfa_offset 8
 227              		.cfi_offset 4, -8
 228              		.cfi_offset 5, -4
 229 0002 82B0     		sub	sp, sp, #8
 230              		.cfi_def_cfa_offset 16
 116:..\lvgl\lv_misc/lv_color.c ****     lv_color_hsv_t hsv;
 117:..\lvgl\lv_misc/lv_color.c ****     uint8_t rgbMin, rgbMax;
 118:..\lvgl\lv_misc/lv_color.c **** 
 119:..\lvgl\lv_misc/lv_color.c ****     rgbMin = r < g ? (r < b ? r : b) : (g < b ? g : b);
 231              		.loc 1 119 0
 232 0004 8842     		cmp	r0, r1
 233 0006 04D2     		bcs	.L15
 234              		.loc 1 119 0 is_stmt 0 discriminator 1
 235 0008 0546     		mov	r5, r0
 236 000a 9042     		cmp	r0, r2
 237 000c 28BF     		it	cs
 238 000e 1546     		movcs	r5, r2
 239 0010 03E0     		b	.L16
 240              	.L15:
 241              		.loc 1 119 0 discriminator 2
 242 0012 0D46     		mov	r5, r1
 243 0014 9142     		cmp	r1, r2
 244 0016 28BF     		it	cs
 245 0018 1546     		movcs	r5, r2
 246              	.L16:
 247              	.LVL43:
 120:..\lvgl\lv_misc/lv_color.c ****     rgbMax = r > g ? (r > b ? r : b) : (g > b ? g : b);
 248              		.loc 1 120 0 is_stmt 1 discriminator 4
 249 001a 8842     		cmp	r0, r1
 250 001c 04D9     		bls	.L17
 251              		.loc 1 120 0 is_stmt 0 discriminator 1
 252 001e 0346     		mov	r3, r0
 253 0020 9042     		cmp	r0, r2
 254 0022 38BF     		it	cc
 255 0024 1346     		movcc	r3, r2
 256 0026 03E0     		b	.L18
 257              	.L17:
 258              		.loc 1 120 0 discriminator 2
 259 0028 0B46     		mov	r3, r1
 260 002a 9142     		cmp	r1, r2
 261 002c 38BF     		it	cc
 262 002e 1346     		movcc	r3, r2
 263              	.L18:
 264              	.LVL44:
 121:..\lvgl\lv_misc/lv_color.c **** 
 122:..\lvgl\lv_misc/lv_color.c ****     hsv.v = rgbMax;
 265              		.loc 1 122 0 is_stmt 1 discriminator 4
 266 0030 8DF80330 		strb	r3, [sp, #3]
 123:..\lvgl\lv_misc/lv_color.c ****     if(hsv.v == 0) {
 267              		.loc 1 123 0 discriminator 4
ARM GAS  C:\Users\d3bug\AppData\Local\Temp\ccNYAE6c.s 			page 8


 268 0034 33B9     		cbnz	r3, .L19
 124:..\lvgl\lv_misc/lv_color.c ****         hsv.h = 0;
 269              		.loc 1 124 0
 270 0036 ADF80030 		strh	r3, [sp]	@ movhi
 125:..\lvgl\lv_misc/lv_color.c ****         hsv.s = 0;
 271              		.loc 1 125 0
 272 003a 8DF80230 		strb	r3, [sp, #2]
 126:..\lvgl\lv_misc/lv_color.c ****         return hsv;
 273              		.loc 1 126 0
 274 003e 009B     		ldr	r3, [sp]
 275              	.LVL45:
 276 0040 0193     		str	r3, [sp, #4]
 277 0042 30E0     		b	.L20
 278              	.LVL46:
 279              	.L19:
 127:..\lvgl\lv_misc/lv_color.c ****     }
 128:..\lvgl\lv_misc/lv_color.c **** 
 129:..\lvgl\lv_misc/lv_color.c ****     hsv.s = 255 * (long)(rgbMax - rgbMin) / hsv.v;
 280              		.loc 1 129 0
 281 0044 5D1B     		subs	r5, r3, r5
 282              	.LVL47:
 283 0046 C5EB0524 		rsb	r4, r5, r5, lsl #8
 284 004a 94FBF3F4 		sdiv	r4, r4, r3
 285 004e E4B2     		uxtb	r4, r4
 286 0050 8DF80240 		strb	r4, [sp, #2]
 130:..\lvgl\lv_misc/lv_color.c ****     if(hsv.s == 0) {
 287              		.loc 1 130 0
 288 0054 2CB9     		cbnz	r4, .L21
 131:..\lvgl\lv_misc/lv_color.c ****         hsv.h = 0;
 289              		.loc 1 131 0
 290 0056 0023     		movs	r3, #0
 291              	.LVL48:
 292 0058 ADF80030 		strh	r3, [sp]	@ movhi
 132:..\lvgl\lv_misc/lv_color.c ****         return hsv;
 293              		.loc 1 132 0
 294 005c 009B     		ldr	r3, [sp]
 295 005e 0193     		str	r3, [sp, #4]
 296 0060 21E0     		b	.L20
 297              	.LVL49:
 298              	.L21:
 133:..\lvgl\lv_misc/lv_color.c ****     }
 134:..\lvgl\lv_misc/lv_color.c **** 
 135:..\lvgl\lv_misc/lv_color.c ****     if(rgbMax == r)
 299              		.loc 1 135 0
 300 0062 8342     		cmp	r3, r0
 301 0064 08D1     		bne	.L22
 136:..\lvgl\lv_misc/lv_color.c ****         hsv.h = 0 + 43 * (g - b) / (rgbMax - rgbMin);
 302              		.loc 1 136 0
 303 0066 881A     		subs	r0, r1, r2
 304              	.LVL50:
 305 0068 2B21     		movs	r1, #43
 306              	.LVL51:
 307 006a 01FB00F0 		mul	r0, r1, r0
 308 006e 90FBF5F5 		sdiv	r5, r0, r5
 309 0072 ADF80050 		strh	r5, [sp]	@ movhi
 310 0076 14E0     		b	.L23
 311              	.LVL52:
ARM GAS  C:\Users\d3bug\AppData\Local\Temp\ccNYAE6c.s 			page 9


 312              	.L22:
 137:..\lvgl\lv_misc/lv_color.c ****     else if(rgbMax == g)
 313              		.loc 1 137 0
 314 0078 8B42     		cmp	r3, r1
 315 007a 09D1     		bne	.L24
 138:..\lvgl\lv_misc/lv_color.c ****         hsv.h = 85 + 43 * (b - r) / (rgbMax - rgbMin);
 316              		.loc 1 138 0
 317 007c 101A     		subs	r0, r2, r0
 318              	.LVL53:
 319 007e 2B22     		movs	r2, #43
 320              	.LVL54:
 321 0080 02FB00F0 		mul	r0, r2, r0
 322 0084 90FBF5F5 		sdiv	r5, r0, r5
 323 0088 5535     		adds	r5, r5, #85
 324 008a ADF80050 		strh	r5, [sp]	@ movhi
 325 008e 08E0     		b	.L23
 326              	.LVL55:
 327              	.L24:
 139:..\lvgl\lv_misc/lv_color.c ****     else
 140:..\lvgl\lv_misc/lv_color.c ****         hsv.h = 171 + 43 * (r - g) / (rgbMax - rgbMin);
 328              		.loc 1 140 0
 329 0090 401A     		subs	r0, r0, r1
 330              	.LVL56:
 331 0092 2B21     		movs	r1, #43
 332              	.LVL57:
 333 0094 01FB00F0 		mul	r0, r1, r0
 334 0098 90FBF5F5 		sdiv	r5, r0, r5
 335 009c AB35     		adds	r5, r5, #171
 336 009e ADF80050 		strh	r5, [sp]	@ movhi
 337              	.LVL58:
 338              	.L23:
 141:..\lvgl\lv_misc/lv_color.c **** 
 142:..\lvgl\lv_misc/lv_color.c ****     return hsv;
 339              		.loc 1 142 0
 340 00a2 009B     		ldr	r3, [sp]
 341              	.LVL59:
 342 00a4 0193     		str	r3, [sp, #4]
 343              	.L20:
 344 00a6 0020     		movs	r0, #0
 345 00a8 BDF80430 		ldrh	r3, [sp, #4]
 346 00ac 63F30F00 		bfi	r0, r3, #0, #16
 347 00b0 BDF80630 		ldrh	r3, [sp, #6]
 348 00b4 63F31F40 		bfi	r0, r3, #16, #16
 143:..\lvgl\lv_misc/lv_color.c **** }
 349              		.loc 1 143 0
 350 00b8 02B0     		add	sp, sp, #8
 351              		.cfi_def_cfa_offset 8
 352              		@ sp needed
 353 00ba 30BC     		pop	{r4, r5}
 354              		.cfi_restore 5
 355              		.cfi_restore 4
 356              		.cfi_def_cfa_offset 0
 357              	.LVL60:
 358 00bc 7047     		bx	lr
 359              		.cfi_endproc
 360              	.LFE9:
 361              		.size	lv_color_rgb_to_hsv, .-lv_color_rgb_to_hsv
ARM GAS  C:\Users\d3bug\AppData\Local\Temp\ccNYAE6c.s 			page 10


 362 00be 00BF     		.text
 363              	.Letext0:
 364              		.file 2 "c:\\program files (x86)\\cypress\\psoc creator\\4.2\\psoc creator\\import\\gnu\\arm\\5.4.
 365              		.file 3 "c:\\program files (x86)\\cypress\\psoc creator\\4.2\\psoc creator\\import\\gnu\\arm\\5.4.
 366              		.file 4 "..\\lvgl\\lv_misc\\lv_color.h"
 367              		.section	.debug_info,"",%progbits
 368              	.Ldebug_info0:
 369 0000 58020000 		.4byte	0x258
 370 0004 0400     		.2byte	0x4
 371 0006 00000000 		.4byte	.Ldebug_abbrev0
 372 000a 04       		.byte	0x4
 373 000b 01       		.uleb128 0x1
 374 000c 88010000 		.4byte	.LASF26
 375 0010 0C       		.byte	0xc
 376 0011 16020000 		.4byte	.LASF27
 377 0015 6B000000 		.4byte	.LASF28
 378 0019 00000000 		.4byte	.Ldebug_ranges0+0
 379 001d 00000000 		.4byte	0
 380 0021 00000000 		.4byte	.Ldebug_line0
 381 0025 02       		.uleb128 0x2
 382 0026 01       		.byte	0x1
 383 0027 06       		.byte	0x6
 384 0028 E6000000 		.4byte	.LASF0
 385 002c 03       		.uleb128 0x3
 386 002d C8000000 		.4byte	.LASF3
 387 0031 02       		.byte	0x2
 388 0032 1D       		.byte	0x1d
 389 0033 37000000 		.4byte	0x37
 390 0037 02       		.uleb128 0x2
 391 0038 01       		.byte	0x1
 392 0039 08       		.byte	0x8
 393 003a D8000000 		.4byte	.LASF1
 394 003e 02       		.uleb128 0x2
 395 003f 02       		.byte	0x2
 396 0040 05       		.byte	0x5
 397 0041 18000000 		.4byte	.LASF2
 398 0045 03       		.uleb128 0x3
 399 0046 34000000 		.4byte	.LASF4
 400 004a 02       		.byte	0x2
 401 004b 2B       		.byte	0x2b
 402 004c 50000000 		.4byte	0x50
 403 0050 02       		.uleb128 0x2
 404 0051 02       		.byte	0x2
 405 0052 07       		.byte	0x7
 406 0053 28010000 		.4byte	.LASF5
 407 0057 02       		.uleb128 0x2
 408 0058 04       		.byte	0x4
 409 0059 05       		.byte	0x5
 410 005a BF000000 		.4byte	.LASF6
 411 005e 03       		.uleb128 0x3
 412 005f 29000000 		.4byte	.LASF7
 413 0063 02       		.byte	0x2
 414 0064 41       		.byte	0x41
 415 0065 69000000 		.4byte	0x69
 416 0069 02       		.uleb128 0x2
 417 006a 04       		.byte	0x4
 418 006b 07       		.byte	0x7
ARM GAS  C:\Users\d3bug\AppData\Local\Temp\ccNYAE6c.s 			page 11


 419 006c 4E010000 		.4byte	.LASF8
 420 0070 02       		.uleb128 0x2
 421 0071 08       		.byte	0x8
 422 0072 05       		.byte	0x5
 423 0073 B1000000 		.4byte	.LASF9
 424 0077 02       		.uleb128 0x2
 425 0078 08       		.byte	0x8
 426 0079 07       		.byte	0x7
 427 007a F2000000 		.4byte	.LASF10
 428 007e 04       		.uleb128 0x4
 429 007f 04       		.byte	0x4
 430 0080 05       		.byte	0x5
 431 0081 696E7400 		.ascii	"int\000"
 432 0085 02       		.uleb128 0x2
 433 0086 04       		.byte	0x4
 434 0087 07       		.byte	0x7
 435 0088 12010000 		.4byte	.LASF11
 436 008c 03       		.uleb128 0x3
 437 008d 4F000000 		.4byte	.LASF12
 438 0091 03       		.byte	0x3
 439 0092 18       		.byte	0x18
 440 0093 2C000000 		.4byte	0x2c
 441 0097 03       		.uleb128 0x3
 442 0098 1F010000 		.4byte	.LASF13
 443 009c 03       		.byte	0x3
 444 009d 24       		.byte	0x24
 445 009e 45000000 		.4byte	0x45
 446 00a2 03       		.uleb128 0x3
 447 00a3 09010000 		.4byte	.LASF14
 448 00a7 03       		.byte	0x3
 449 00a8 30       		.byte	0x30
 450 00a9 5E000000 		.4byte	0x5e
 451 00ad 05       		.uleb128 0x5
 452 00ae 01       		.byte	0x1
 453 00af 04       		.byte	0x4
 454 00b0 5F       		.byte	0x5f
 455 00b1 EE000000 		.4byte	0xee
 456 00b5 06       		.uleb128 0x6
 457 00b6 3F000000 		.4byte	.LASF15
 458 00ba 04       		.byte	0x4
 459 00bb 61       		.byte	0x61
 460 00bc 8C000000 		.4byte	0x8c
 461 00c0 01       		.byte	0x1
 462 00c1 01       		.byte	0x1
 463 00c2 07       		.byte	0x7
 464 00c3 06       		.uleb128 0x6
 465 00c4 D2000000 		.4byte	.LASF16
 466 00c8 04       		.byte	0x4
 467 00c9 62       		.byte	0x62
 468 00ca 8C000000 		.4byte	0x8c
 469 00ce 01       		.byte	0x1
 470 00cf 01       		.byte	0x1
 471 00d0 07       		.byte	0x7
 472 00d1 07       		.uleb128 0x7
 473 00d2 72656400 		.ascii	"red\000"
 474 00d6 04       		.byte	0x4
 475 00d7 63       		.byte	0x63
ARM GAS  C:\Users\d3bug\AppData\Local\Temp\ccNYAE6c.s 			page 12


 476 00d8 8C000000 		.4byte	0x8c
 477 00dc 01       		.byte	0x1
 478 00dd 01       		.byte	0x1
 479 00de 07       		.byte	0x7
 480 00df 06       		.uleb128 0x6
 481 00e0 6F010000 		.4byte	.LASF17
 482 00e4 04       		.byte	0x4
 483 00e5 64       		.byte	0x64
 484 00e6 8C000000 		.4byte	0x8c
 485 00ea 01       		.byte	0x1
 486 00eb 01       		.byte	0x1
 487 00ec 07       		.byte	0x7
 488 00ed 00       		.byte	0
 489 00ee 03       		.uleb128 0x3
 490 00ef 3B010000 		.4byte	.LASF18
 491 00f3 04       		.byte	0x4
 492 00f4 65       		.byte	0x65
 493 00f5 AD000000 		.4byte	0xad
 494 00f9 03       		.uleb128 0x3
 495 00fa 44000000 		.4byte	.LASF19
 496 00fe 04       		.byte	0x4
 497 00ff 92       		.byte	0x92
 498 0100 EE000000 		.4byte	0xee
 499 0104 08       		.uleb128 0x8
 500 0105 04       		.byte	0x4
 501 0106 04       		.byte	0x4
 502 0107 A2       		.byte	0xa2
 503 0108 2B010000 		.4byte	0x12b
 504 010c 09       		.uleb128 0x9
 505 010d 6800     		.ascii	"h\000"
 506 010f 04       		.byte	0x4
 507 0110 A4       		.byte	0xa4
 508 0111 97000000 		.4byte	0x97
 509 0115 00       		.byte	0
 510 0116 09       		.uleb128 0x9
 511 0117 7300     		.ascii	"s\000"
 512 0119 04       		.byte	0x4
 513 011a A5       		.byte	0xa5
 514 011b 8C000000 		.4byte	0x8c
 515 011f 02       		.byte	0x2
 516 0120 09       		.uleb128 0x9
 517 0121 7600     		.ascii	"v\000"
 518 0123 04       		.byte	0x4
 519 0124 A6       		.byte	0xa6
 520 0125 8C000000 		.4byte	0x8c
 521 0129 03       		.byte	0x3
 522 012a 00       		.byte	0
 523 012b 03       		.uleb128 0x3
 524 012c 60010000 		.4byte	.LASF20
 525 0130 04       		.byte	0x4
 526 0131 A7       		.byte	0xa7
 527 0132 04010000 		.4byte	0x104
 528 0136 0A       		.uleb128 0xa
 529 0137 57000000 		.4byte	.LASF29
 530 013b 01       		.byte	0x1
 531 013c 2E       		.byte	0x2e
 532 013d F9000000 		.4byte	0xf9
ARM GAS  C:\Users\d3bug\AppData\Local\Temp\ccNYAE6c.s 			page 13


 533 0141 00000000 		.4byte	.LFB8
 534 0145 E8000000 		.4byte	.LFE8-.LFB8
 535 0149 01       		.uleb128 0x1
 536 014a 9C       		.byte	0x9c
 537 014b F2010000 		.4byte	0x1f2
 538 014f 0B       		.uleb128 0xb
 539 0150 6800     		.ascii	"h\000"
 540 0152 01       		.byte	0x1
 541 0153 2E       		.byte	0x2e
 542 0154 97000000 		.4byte	0x97
 543 0158 00000000 		.4byte	.LLST0
 544 015c 0B       		.uleb128 0xb
 545 015d 7300     		.ascii	"s\000"
 546 015f 01       		.byte	0x1
 547 0160 2E       		.byte	0x2e
 548 0161 8C000000 		.4byte	0x8c
 549 0165 3F000000 		.4byte	.LLST1
 550 0169 0B       		.uleb128 0xb
 551 016a 7600     		.ascii	"v\000"
 552 016c 01       		.byte	0x1
 553 016d 2E       		.byte	0x2e
 554 016e 8C000000 		.4byte	0x8c
 555 0172 6B000000 		.4byte	.LLST2
 556 0176 0C       		.uleb128 0xc
 557 0177 7200     		.ascii	"r\000"
 558 0179 01       		.byte	0x1
 559 017a 34       		.byte	0x34
 560 017b 8C000000 		.4byte	0x8c
 561 017f EF000000 		.4byte	.LLST3
 562 0183 0C       		.uleb128 0xc
 563 0184 6700     		.ascii	"g\000"
 564 0186 01       		.byte	0x1
 565 0187 34       		.byte	0x34
 566 0188 8C000000 		.4byte	0x8c
 567 018c 4F010000 		.4byte	.LLST4
 568 0190 0C       		.uleb128 0xc
 569 0191 6200     		.ascii	"b\000"
 570 0193 01       		.byte	0x1
 571 0194 34       		.byte	0x34
 572 0195 8C000000 		.4byte	0x8c
 573 0199 AF010000 		.4byte	.LLST5
 574 019d 0D       		.uleb128 0xd
 575 019e 11000000 		.4byte	.LASF21
 576 01a2 01       		.byte	0x1
 577 01a3 36       		.byte	0x36
 578 01a4 8C000000 		.4byte	0x8c
 579 01a8 1A020000 		.4byte	.LLST6
 580 01ac 0D       		.uleb128 0xd
 581 01ad 07000000 		.4byte	.LASF22
 582 01b1 01       		.byte	0x1
 583 01b2 36       		.byte	0x36
 584 01b3 8C000000 		.4byte	0x8c
 585 01b7 2D020000 		.4byte	.LLST7
 586 01bb 0C       		.uleb128 0xc
 587 01bc 7000     		.ascii	"p\000"
 588 01be 01       		.byte	0x1
 589 01bf 36       		.byte	0x36
ARM GAS  C:\Users\d3bug\AppData\Local\Temp\ccNYAE6c.s 			page 14


 590 01c0 8C000000 		.4byte	0x8c
 591 01c4 40020000 		.4byte	.LLST8
 592 01c8 0C       		.uleb128 0xc
 593 01c9 7100     		.ascii	"q\000"
 594 01cb 01       		.byte	0x1
 595 01cc 36       		.byte	0x36
 596 01cd 8C000000 		.4byte	0x8c
 597 01d1 95020000 		.4byte	.LLST9
 598 01d5 0C       		.uleb128 0xc
 599 01d6 7400     		.ascii	"t\000"
 600 01d8 01       		.byte	0x1
 601 01d9 36       		.byte	0x36
 602 01da 8C000000 		.4byte	0x8c
 603 01de EA020000 		.4byte	.LLST10
 604 01e2 0D       		.uleb128 0xd
 605 01e3 00000000 		.4byte	.LASF23
 606 01e7 01       		.byte	0x1
 607 01e8 67       		.byte	0x67
 608 01e9 F9000000 		.4byte	0xf9
 609 01ed 08030000 		.4byte	.LLST11
 610 01f1 00       		.byte	0
 611 01f2 0E       		.uleb128 0xe
 612 01f3 74010000 		.4byte	.LASF30
 613 01f7 01       		.byte	0x1
 614 01f8 72       		.byte	0x72
 615 01f9 2B010000 		.4byte	0x12b
 616 01fd 00000000 		.4byte	.LFB9
 617 0201 BE000000 		.4byte	.LFE9-.LFB9
 618 0205 01       		.uleb128 0x1
 619 0206 9C       		.byte	0x9c
 620 0207 0B       		.uleb128 0xb
 621 0208 7200     		.ascii	"r\000"
 622 020a 01       		.byte	0x1
 623 020b 72       		.byte	0x72
 624 020c 8C000000 		.4byte	0x8c
 625 0210 1B030000 		.4byte	.LLST12
 626 0214 0B       		.uleb128 0xb
 627 0215 6700     		.ascii	"g\000"
 628 0217 01       		.byte	0x1
 629 0218 72       		.byte	0x72
 630 0219 8C000000 		.4byte	0x8c
 631 021d 6E030000 		.4byte	.LLST13
 632 0221 0B       		.uleb128 0xb
 633 0222 6200     		.ascii	"b\000"
 634 0224 01       		.byte	0x1
 635 0225 72       		.byte	0x72
 636 0226 8C000000 		.4byte	0x8c
 637 022a A8030000 		.4byte	.LLST14
 638 022e 0F       		.uleb128 0xf
 639 022f 68737600 		.ascii	"hsv\000"
 640 0233 01       		.byte	0x1
 641 0234 74       		.byte	0x74
 642 0235 2B010000 		.4byte	0x12b
 643 0239 02       		.uleb128 0x2
 644 023a 91       		.byte	0x91
 645 023b 70       		.sleb128 -16
 646 023c 0D       		.uleb128 0xd
ARM GAS  C:\Users\d3bug\AppData\Local\Temp\ccNYAE6c.s 			page 15


 647 023d 22000000 		.4byte	.LASF24
 648 0241 01       		.byte	0x1
 649 0242 75       		.byte	0x75
 650 0243 8C000000 		.4byte	0x8c
 651 0247 E2030000 		.4byte	.LLST15
 652 024b 0D       		.uleb128 0xd
 653 024c 47010000 		.4byte	.LASF25
 654 0250 01       		.byte	0x1
 655 0251 75       		.byte	0x75
 656 0252 8C000000 		.4byte	0x8c
 657 0256 F5030000 		.4byte	.LLST16
 658 025a 00       		.byte	0
 659 025b 00       		.byte	0
 660              		.section	.debug_abbrev,"",%progbits
 661              	.Ldebug_abbrev0:
 662 0000 01       		.uleb128 0x1
 663 0001 11       		.uleb128 0x11
 664 0002 01       		.byte	0x1
 665 0003 25       		.uleb128 0x25
 666 0004 0E       		.uleb128 0xe
 667 0005 13       		.uleb128 0x13
 668 0006 0B       		.uleb128 0xb
 669 0007 03       		.uleb128 0x3
 670 0008 0E       		.uleb128 0xe
 671 0009 1B       		.uleb128 0x1b
 672 000a 0E       		.uleb128 0xe
 673 000b 55       		.uleb128 0x55
 674 000c 17       		.uleb128 0x17
 675 000d 11       		.uleb128 0x11
 676 000e 01       		.uleb128 0x1
 677 000f 10       		.uleb128 0x10
 678 0010 17       		.uleb128 0x17
 679 0011 00       		.byte	0
 680 0012 00       		.byte	0
 681 0013 02       		.uleb128 0x2
 682 0014 24       		.uleb128 0x24
 683 0015 00       		.byte	0
 684 0016 0B       		.uleb128 0xb
 685 0017 0B       		.uleb128 0xb
 686 0018 3E       		.uleb128 0x3e
 687 0019 0B       		.uleb128 0xb
 688 001a 03       		.uleb128 0x3
 689 001b 0E       		.uleb128 0xe
 690 001c 00       		.byte	0
 691 001d 00       		.byte	0
 692 001e 03       		.uleb128 0x3
 693 001f 16       		.uleb128 0x16
 694 0020 00       		.byte	0
 695 0021 03       		.uleb128 0x3
 696 0022 0E       		.uleb128 0xe
 697 0023 3A       		.uleb128 0x3a
 698 0024 0B       		.uleb128 0xb
 699 0025 3B       		.uleb128 0x3b
 700 0026 0B       		.uleb128 0xb
 701 0027 49       		.uleb128 0x49
 702 0028 13       		.uleb128 0x13
 703 0029 00       		.byte	0
ARM GAS  C:\Users\d3bug\AppData\Local\Temp\ccNYAE6c.s 			page 16


 704 002a 00       		.byte	0
 705 002b 04       		.uleb128 0x4
 706 002c 24       		.uleb128 0x24
 707 002d 00       		.byte	0
 708 002e 0B       		.uleb128 0xb
 709 002f 0B       		.uleb128 0xb
 710 0030 3E       		.uleb128 0x3e
 711 0031 0B       		.uleb128 0xb
 712 0032 03       		.uleb128 0x3
 713 0033 08       		.uleb128 0x8
 714 0034 00       		.byte	0
 715 0035 00       		.byte	0
 716 0036 05       		.uleb128 0x5
 717 0037 17       		.uleb128 0x17
 718 0038 01       		.byte	0x1
 719 0039 0B       		.uleb128 0xb
 720 003a 0B       		.uleb128 0xb
 721 003b 3A       		.uleb128 0x3a
 722 003c 0B       		.uleb128 0xb
 723 003d 3B       		.uleb128 0x3b
 724 003e 0B       		.uleb128 0xb
 725 003f 01       		.uleb128 0x1
 726 0040 13       		.uleb128 0x13
 727 0041 00       		.byte	0
 728 0042 00       		.byte	0
 729 0043 06       		.uleb128 0x6
 730 0044 0D       		.uleb128 0xd
 731 0045 00       		.byte	0
 732 0046 03       		.uleb128 0x3
 733 0047 0E       		.uleb128 0xe
 734 0048 3A       		.uleb128 0x3a
 735 0049 0B       		.uleb128 0xb
 736 004a 3B       		.uleb128 0x3b
 737 004b 0B       		.uleb128 0xb
 738 004c 49       		.uleb128 0x49
 739 004d 13       		.uleb128 0x13
 740 004e 0B       		.uleb128 0xb
 741 004f 0B       		.uleb128 0xb
 742 0050 0D       		.uleb128 0xd
 743 0051 0B       		.uleb128 0xb
 744 0052 0C       		.uleb128 0xc
 745 0053 0B       		.uleb128 0xb
 746 0054 00       		.byte	0
 747 0055 00       		.byte	0
 748 0056 07       		.uleb128 0x7
 749 0057 0D       		.uleb128 0xd
 750 0058 00       		.byte	0
 751 0059 03       		.uleb128 0x3
 752 005a 08       		.uleb128 0x8
 753 005b 3A       		.uleb128 0x3a
 754 005c 0B       		.uleb128 0xb
 755 005d 3B       		.uleb128 0x3b
 756 005e 0B       		.uleb128 0xb
 757 005f 49       		.uleb128 0x49
 758 0060 13       		.uleb128 0x13
 759 0061 0B       		.uleb128 0xb
 760 0062 0B       		.uleb128 0xb
ARM GAS  C:\Users\d3bug\AppData\Local\Temp\ccNYAE6c.s 			page 17


 761 0063 0D       		.uleb128 0xd
 762 0064 0B       		.uleb128 0xb
 763 0065 0C       		.uleb128 0xc
 764 0066 0B       		.uleb128 0xb
 765 0067 00       		.byte	0
 766 0068 00       		.byte	0
 767 0069 08       		.uleb128 0x8
 768 006a 13       		.uleb128 0x13
 769 006b 01       		.byte	0x1
 770 006c 0B       		.uleb128 0xb
 771 006d 0B       		.uleb128 0xb
 772 006e 3A       		.uleb128 0x3a
 773 006f 0B       		.uleb128 0xb
 774 0070 3B       		.uleb128 0x3b
 775 0071 0B       		.uleb128 0xb
 776 0072 01       		.uleb128 0x1
 777 0073 13       		.uleb128 0x13
 778 0074 00       		.byte	0
 779 0075 00       		.byte	0
 780 0076 09       		.uleb128 0x9
 781 0077 0D       		.uleb128 0xd
 782 0078 00       		.byte	0
 783 0079 03       		.uleb128 0x3
 784 007a 08       		.uleb128 0x8
 785 007b 3A       		.uleb128 0x3a
 786 007c 0B       		.uleb128 0xb
 787 007d 3B       		.uleb128 0x3b
 788 007e 0B       		.uleb128 0xb
 789 007f 49       		.uleb128 0x49
 790 0080 13       		.uleb128 0x13
 791 0081 38       		.uleb128 0x38
 792 0082 0B       		.uleb128 0xb
 793 0083 00       		.byte	0
 794 0084 00       		.byte	0
 795 0085 0A       		.uleb128 0xa
 796 0086 2E       		.uleb128 0x2e
 797 0087 01       		.byte	0x1
 798 0088 3F       		.uleb128 0x3f
 799 0089 19       		.uleb128 0x19
 800 008a 03       		.uleb128 0x3
 801 008b 0E       		.uleb128 0xe
 802 008c 3A       		.uleb128 0x3a
 803 008d 0B       		.uleb128 0xb
 804 008e 3B       		.uleb128 0x3b
 805 008f 0B       		.uleb128 0xb
 806 0090 27       		.uleb128 0x27
 807 0091 19       		.uleb128 0x19
 808 0092 49       		.uleb128 0x49
 809 0093 13       		.uleb128 0x13
 810 0094 11       		.uleb128 0x11
 811 0095 01       		.uleb128 0x1
 812 0096 12       		.uleb128 0x12
 813 0097 06       		.uleb128 0x6
 814 0098 40       		.uleb128 0x40
 815 0099 18       		.uleb128 0x18
 816 009a 9742     		.uleb128 0x2117
 817 009c 19       		.uleb128 0x19
ARM GAS  C:\Users\d3bug\AppData\Local\Temp\ccNYAE6c.s 			page 18


 818 009d 01       		.uleb128 0x1
 819 009e 13       		.uleb128 0x13
 820 009f 00       		.byte	0
 821 00a0 00       		.byte	0
 822 00a1 0B       		.uleb128 0xb
 823 00a2 05       		.uleb128 0x5
 824 00a3 00       		.byte	0
 825 00a4 03       		.uleb128 0x3
 826 00a5 08       		.uleb128 0x8
 827 00a6 3A       		.uleb128 0x3a
 828 00a7 0B       		.uleb128 0xb
 829 00a8 3B       		.uleb128 0x3b
 830 00a9 0B       		.uleb128 0xb
 831 00aa 49       		.uleb128 0x49
 832 00ab 13       		.uleb128 0x13
 833 00ac 02       		.uleb128 0x2
 834 00ad 17       		.uleb128 0x17
 835 00ae 00       		.byte	0
 836 00af 00       		.byte	0
 837 00b0 0C       		.uleb128 0xc
 838 00b1 34       		.uleb128 0x34
 839 00b2 00       		.byte	0
 840 00b3 03       		.uleb128 0x3
 841 00b4 08       		.uleb128 0x8
 842 00b5 3A       		.uleb128 0x3a
 843 00b6 0B       		.uleb128 0xb
 844 00b7 3B       		.uleb128 0x3b
 845 00b8 0B       		.uleb128 0xb
 846 00b9 49       		.uleb128 0x49
 847 00ba 13       		.uleb128 0x13
 848 00bb 02       		.uleb128 0x2
 849 00bc 17       		.uleb128 0x17
 850 00bd 00       		.byte	0
 851 00be 00       		.byte	0
 852 00bf 0D       		.uleb128 0xd
 853 00c0 34       		.uleb128 0x34
 854 00c1 00       		.byte	0
 855 00c2 03       		.uleb128 0x3
 856 00c3 0E       		.uleb128 0xe
 857 00c4 3A       		.uleb128 0x3a
 858 00c5 0B       		.uleb128 0xb
 859 00c6 3B       		.uleb128 0x3b
 860 00c7 0B       		.uleb128 0xb
 861 00c8 49       		.uleb128 0x49
 862 00c9 13       		.uleb128 0x13
 863 00ca 02       		.uleb128 0x2
 864 00cb 17       		.uleb128 0x17
 865 00cc 00       		.byte	0
 866 00cd 00       		.byte	0
 867 00ce 0E       		.uleb128 0xe
 868 00cf 2E       		.uleb128 0x2e
 869 00d0 01       		.byte	0x1
 870 00d1 3F       		.uleb128 0x3f
 871 00d2 19       		.uleb128 0x19
 872 00d3 03       		.uleb128 0x3
 873 00d4 0E       		.uleb128 0xe
 874 00d5 3A       		.uleb128 0x3a
ARM GAS  C:\Users\d3bug\AppData\Local\Temp\ccNYAE6c.s 			page 19


 875 00d6 0B       		.uleb128 0xb
 876 00d7 3B       		.uleb128 0x3b
 877 00d8 0B       		.uleb128 0xb
 878 00d9 27       		.uleb128 0x27
 879 00da 19       		.uleb128 0x19
 880 00db 49       		.uleb128 0x49
 881 00dc 13       		.uleb128 0x13
 882 00dd 11       		.uleb128 0x11
 883 00de 01       		.uleb128 0x1
 884 00df 12       		.uleb128 0x12
 885 00e0 06       		.uleb128 0x6
 886 00e1 40       		.uleb128 0x40
 887 00e2 18       		.uleb128 0x18
 888 00e3 9742     		.uleb128 0x2117
 889 00e5 19       		.uleb128 0x19
 890 00e6 00       		.byte	0
 891 00e7 00       		.byte	0
 892 00e8 0F       		.uleb128 0xf
 893 00e9 34       		.uleb128 0x34
 894 00ea 00       		.byte	0
 895 00eb 03       		.uleb128 0x3
 896 00ec 08       		.uleb128 0x8
 897 00ed 3A       		.uleb128 0x3a
 898 00ee 0B       		.uleb128 0xb
 899 00ef 3B       		.uleb128 0x3b
 900 00f0 0B       		.uleb128 0xb
 901 00f1 49       		.uleb128 0x49
 902 00f2 13       		.uleb128 0x13
 903 00f3 02       		.uleb128 0x2
 904 00f4 18       		.uleb128 0x18
 905 00f5 00       		.byte	0
 906 00f6 00       		.byte	0
 907 00f7 00       		.byte	0
 908              		.section	.debug_loc,"",%progbits
 909              	.Ldebug_loc0:
 910              	.LLST0:
 911 0000 00000000 		.4byte	.LVL0
 912 0004 06000000 		.4byte	.LVL1
 913 0008 0100     		.2byte	0x1
 914 000a 50       		.byte	0x50
 915 000b 06000000 		.4byte	.LVL1
 916 000f 0E000000 		.4byte	.LVL2
 917 0013 0400     		.2byte	0x4
 918 0015 F3       		.byte	0xf3
 919 0016 01       		.uleb128 0x1
 920 0017 50       		.byte	0x50
 921 0018 9F       		.byte	0x9f
 922 0019 0E000000 		.4byte	.LVL2
 923 001d 34000000 		.4byte	.LVL9
 924 0021 0500     		.2byte	0x5
 925 0023 70       		.byte	0x70
 926 0024 00       		.sleb128 0
 927 0025 32       		.byte	0x32
 928 0026 25       		.byte	0x25
 929 0027 9F       		.byte	0x9f
 930 0028 3A000000 		.4byte	.LVL10
 931 002c 3C000000 		.4byte	.LVL11
ARM GAS  C:\Users\d3bug\AppData\Local\Temp\ccNYAE6c.s 			page 20


 932 0030 0500     		.2byte	0x5
 933 0032 70       		.byte	0x70
 934 0033 00       		.sleb128 0
 935 0034 32       		.byte	0x32
 936 0035 25       		.byte	0x25
 937 0036 9F       		.byte	0x9f
 938 0037 00000000 		.4byte	0
 939 003b 00000000 		.4byte	0
 940              	.LLST1:
 941 003f 00000000 		.4byte	.LVL0
 942 0043 12000000 		.4byte	.LVL3
 943 0047 0100     		.2byte	0x1
 944 0049 51       		.byte	0x51
 945 004a 12000000 		.4byte	.LVL3
 946 004e 1E000000 		.4byte	.LVL4
 947 0052 0400     		.2byte	0x4
 948 0054 F3       		.byte	0xf3
 949 0055 01       		.uleb128 0x1
 950 0056 51       		.byte	0x51
 951 0057 9F       		.byte	0x9f
 952 0058 1E000000 		.4byte	.LVL4
 953 005c 96000000 		.4byte	.LVL18
 954 0060 0100     		.2byte	0x1
 955 0062 51       		.byte	0x51
 956 0063 00000000 		.4byte	0
 957 0067 00000000 		.4byte	0
 958              	.LLST2:
 959 006b 00000000 		.4byte	.LVL0
 960 006f 22000000 		.4byte	.LVL5
 961 0073 0100     		.2byte	0x1
 962 0075 52       		.byte	0x52
 963 0076 22000000 		.4byte	.LVL5
 964 007a 2C000000 		.4byte	.LVL6
 965 007e 0400     		.2byte	0x4
 966 0080 F3       		.byte	0xf3
 967 0081 01       		.uleb128 0x1
 968 0082 52       		.byte	0x52
 969 0083 9F       		.byte	0x9f
 970 0084 2C000000 		.4byte	.LVL6
 971 0088 30000000 		.4byte	.LVL8
 972 008c 0100     		.2byte	0x1
 973 008e 52       		.byte	0x52
 974 008f 3A000000 		.4byte	.LVL10
 975 0093 A0000000 		.4byte	.LVL20
 976 0097 0100     		.2byte	0x1
 977 0099 52       		.byte	0x52
 978 009a A0000000 		.4byte	.LVL20
 979 009e A2000000 		.4byte	.LVL21
 980 00a2 0100     		.2byte	0x1
 981 00a4 50       		.byte	0x50
 982 00a5 A2000000 		.4byte	.LVL21
 983 00a9 B0000000 		.4byte	.LVL28
 984 00ad 0100     		.2byte	0x1
 985 00af 52       		.byte	0x52
 986 00b0 B0000000 		.4byte	.LVL28
 987 00b4 B2000000 		.4byte	.LVL29
 988 00b8 0100     		.2byte	0x1
ARM GAS  C:\Users\d3bug\AppData\Local\Temp\ccNYAE6c.s 			page 21


 989 00ba 55       		.byte	0x55
 990 00bb B2000000 		.4byte	.LVL29
 991 00bf B6000000 		.4byte	.LVL30
 992 00c3 0100     		.2byte	0x1
 993 00c5 52       		.byte	0x52
 994 00c6 B6000000 		.4byte	.LVL30
 995 00ca BC000000 		.4byte	.LVL33
 996 00ce 0100     		.2byte	0x1
 997 00d0 51       		.byte	0x51
 998 00d1 BC000000 		.4byte	.LVL33
 999 00d5 C2000000 		.4byte	.LVL36
 1000 00d9 0100     		.2byte	0x1
 1001 00db 52       		.byte	0x52
 1002 00dc C2000000 		.4byte	.LVL36
 1003 00e0 C4000000 		.4byte	.LVL37
 1004 00e4 0100     		.2byte	0x1
 1005 00e6 50       		.byte	0x50
 1006 00e7 00000000 		.4byte	0
 1007 00eb 00000000 		.4byte	0
 1008              	.LLST3:
 1009 00ef 2E000000 		.4byte	.LVL7
 1010 00f3 30000000 		.4byte	.LVL8
 1011 00f7 0100     		.2byte	0x1
 1012 00f9 52       		.byte	0x52
 1013 00fa A2000000 		.4byte	.LVL21
 1014 00fe A6000000 		.4byte	.LVL23
 1015 0102 0100     		.2byte	0x1
 1016 0104 55       		.byte	0x55
 1017 0105 A6000000 		.4byte	.LVL23
 1018 0109 A8000000 		.4byte	.LVL24
 1019 010d 0100     		.2byte	0x1
 1020 010f 50       		.byte	0x50
 1021 0110 A8000000 		.4byte	.LVL24
 1022 0114 AE000000 		.4byte	.LVL27
 1023 0118 0100     		.2byte	0x1
 1024 011a 55       		.byte	0x55
 1025 011b AE000000 		.4byte	.LVL27
 1026 011f B2000000 		.4byte	.LVL29
 1027 0123 0100     		.2byte	0x1
 1028 0125 50       		.byte	0x50
 1029 0126 B2000000 		.4byte	.LVL29
 1030 012a BC000000 		.4byte	.LVL33
 1031 012e 0100     		.2byte	0x1
 1032 0130 53       		.byte	0x53
 1033 0131 BC000000 		.4byte	.LVL33
 1034 0135 C2000000 		.4byte	.LVL36
 1035 0139 0100     		.2byte	0x1
 1036 013b 52       		.byte	0x52
 1037 013c C2000000 		.4byte	.LVL36
 1038 0140 D2000000 		.4byte	.LVL39
 1039 0144 0100     		.2byte	0x1
 1040 0146 50       		.byte	0x50
 1041 0147 00000000 		.4byte	0
 1042 014b 00000000 		.4byte	0
 1043              	.LLST4:
 1044 014f 2E000000 		.4byte	.LVL7
 1045 0153 30000000 		.4byte	.LVL8
ARM GAS  C:\Users\d3bug\AppData\Local\Temp\ccNYAE6c.s 			page 22


 1046 0157 0100     		.2byte	0x1
 1047 0159 52       		.byte	0x52
 1048 015a A2000000 		.4byte	.LVL21
 1049 015e A8000000 		.4byte	.LVL24
 1050 0162 0100     		.2byte	0x1
 1051 0164 52       		.byte	0x52
 1052 0165 A8000000 		.4byte	.LVL24
 1053 0169 AC000000 		.4byte	.LVL26
 1054 016d 0100     		.2byte	0x1
 1055 016f 50       		.byte	0x50
 1056 0170 AC000000 		.4byte	.LVL26
 1057 0174 B2000000 		.4byte	.LVL29
 1058 0178 0100     		.2byte	0x1
 1059 017a 53       		.byte	0x53
 1060 017b B2000000 		.4byte	.LVL29
 1061 017f B8000000 		.4byte	.LVL31
 1062 0183 0100     		.2byte	0x1
 1063 0185 55       		.byte	0x55
 1064 0186 B8000000 		.4byte	.LVL31
 1065 018a BC000000 		.4byte	.LVL33
 1066 018e 0100     		.2byte	0x1
 1067 0190 52       		.byte	0x52
 1068 0191 BC000000 		.4byte	.LVL33
 1069 0195 C4000000 		.4byte	.LVL37
 1070 0199 0100     		.2byte	0x1
 1071 019b 55       		.byte	0x55
 1072 019c C4000000 		.4byte	.LVL37
 1073 01a0 CA000000 		.4byte	.LVL38
 1074 01a4 0100     		.2byte	0x1
 1075 01a6 52       		.byte	0x52
 1076 01a7 00000000 		.4byte	0
 1077 01ab 00000000 		.4byte	0
 1078              	.LLST5:
 1079 01af 2E000000 		.4byte	.LVL7
 1080 01b3 30000000 		.4byte	.LVL8
 1081 01b7 0100     		.2byte	0x1
 1082 01b9 52       		.byte	0x52
 1083 01ba A2000000 		.4byte	.LVL21
 1084 01be A8000000 		.4byte	.LVL24
 1085 01c2 0100     		.2byte	0x1
 1086 01c4 53       		.byte	0x53
 1087 01c5 A8000000 		.4byte	.LVL24
 1088 01c9 B0000000 		.4byte	.LVL28
 1089 01cd 0100     		.2byte	0x1
 1090 01cf 52       		.byte	0x52
 1091 01d0 B0000000 		.4byte	.LVL28
 1092 01d4 B2000000 		.4byte	.LVL29
 1093 01d8 0100     		.2byte	0x1
 1094 01da 55       		.byte	0x55
 1095 01db B2000000 		.4byte	.LVL29
 1096 01df B6000000 		.4byte	.LVL30
 1097 01e3 0100     		.2byte	0x1
 1098 01e5 52       		.byte	0x52
 1099 01e6 B6000000 		.4byte	.LVL30
 1100 01ea BC000000 		.4byte	.LVL33
 1101 01ee 0100     		.2byte	0x1
 1102 01f0 51       		.byte	0x51
ARM GAS  C:\Users\d3bug\AppData\Local\Temp\ccNYAE6c.s 			page 23


 1103 01f1 BC000000 		.4byte	.LVL33
 1104 01f5 C0000000 		.4byte	.LVL35
 1105 01f9 0100     		.2byte	0x1
 1106 01fb 50       		.byte	0x50
 1107 01fc C0000000 		.4byte	.LVL35
 1108 0200 C4000000 		.4byte	.LVL37
 1109 0204 0100     		.2byte	0x1
 1110 0206 53       		.byte	0x53
 1111 0207 C4000000 		.4byte	.LVL37
 1112 020b D6000000 		.4byte	.LVL40
 1113 020f 0100     		.2byte	0x1
 1114 0211 55       		.byte	0x55
 1115 0212 00000000 		.4byte	0
 1116 0216 00000000 		.4byte	0
 1117              	.LLST6:
 1118 021a 48000000 		.4byte	.LVL12
 1119 021e D6000000 		.4byte	.LVL40
 1120 0222 0100     		.2byte	0x1
 1121 0224 54       		.byte	0x54
 1122 0225 00000000 		.4byte	0
 1123 0229 00000000 		.4byte	0
 1124              	.LLST7:
 1125 022d 5A000000 		.4byte	.LVL13
 1126 0231 7C000000 		.4byte	.LVL16
 1127 0235 0100     		.2byte	0x1
 1128 0237 53       		.byte	0x53
 1129 0238 00000000 		.4byte	0
 1130 023c 00000000 		.4byte	0
 1131              	.LLST8:
 1132 0240 66000000 		.4byte	.LVL14
 1133 0244 A6000000 		.4byte	.LVL23
 1134 0248 0100     		.2byte	0x1
 1135 024a 55       		.byte	0x55
 1136 024b A6000000 		.4byte	.LVL23
 1137 024f A8000000 		.4byte	.LVL24
 1138 0253 0100     		.2byte	0x1
 1139 0255 50       		.byte	0x50
 1140 0256 A8000000 		.4byte	.LVL24
 1141 025a AE000000 		.4byte	.LVL27
 1142 025e 0100     		.2byte	0x1
 1143 0260 55       		.byte	0x55
 1144 0261 AE000000 		.4byte	.LVL27
 1145 0265 B2000000 		.4byte	.LVL29
 1146 0269 0100     		.2byte	0x1
 1147 026b 50       		.byte	0x50
 1148 026c B2000000 		.4byte	.LVL29
 1149 0270 B8000000 		.4byte	.LVL31
 1150 0274 0100     		.2byte	0x1
 1151 0276 55       		.byte	0x55
 1152 0277 B8000000 		.4byte	.LVL31
 1153 027b BC000000 		.4byte	.LVL33
 1154 027f 0100     		.2byte	0x1
 1155 0281 52       		.byte	0x52
 1156 0282 BC000000 		.4byte	.LVL33
 1157 0286 C4000000 		.4byte	.LVL37
 1158 028a 0100     		.2byte	0x1
 1159 028c 55       		.byte	0x55
ARM GAS  C:\Users\d3bug\AppData\Local\Temp\ccNYAE6c.s 			page 24


 1160 028d 00000000 		.4byte	0
 1161 0291 00000000 		.4byte	0
 1162              	.LLST9:
 1163 0295 78000000 		.4byte	.LVL15
 1164 0299 9E000000 		.4byte	.LVL19
 1165 029d 0100     		.2byte	0x1
 1166 029f 50       		.byte	0x50
 1167 02a0 A2000000 		.4byte	.LVL21
 1168 02a4 A4000000 		.4byte	.LVL22
 1169 02a8 0100     		.2byte	0x1
 1170 02aa 50       		.byte	0x50
 1171 02ab A8000000 		.4byte	.LVL24
 1172 02af AC000000 		.4byte	.LVL26
 1173 02b3 0100     		.2byte	0x1
 1174 02b5 50       		.byte	0x50
 1175 02b6 AC000000 		.4byte	.LVL26
 1176 02ba B2000000 		.4byte	.LVL29
 1177 02be 0100     		.2byte	0x1
 1178 02c0 53       		.byte	0x53
 1179 02c1 B2000000 		.4byte	.LVL29
 1180 02c5 BA000000 		.4byte	.LVL32
 1181 02c9 0100     		.2byte	0x1
 1182 02cb 50       		.byte	0x50
 1183 02cc BC000000 		.4byte	.LVL33
 1184 02d0 C0000000 		.4byte	.LVL35
 1185 02d4 0100     		.2byte	0x1
 1186 02d6 50       		.byte	0x50
 1187 02d7 C0000000 		.4byte	.LVL35
 1188 02db C4000000 		.4byte	.LVL37
 1189 02df 0100     		.2byte	0x1
 1190 02e1 53       		.byte	0x53
 1191 02e2 00000000 		.4byte	0
 1192 02e6 00000000 		.4byte	0
 1193              	.LLST10:
 1194 02ea 8E000000 		.4byte	.LVL17
 1195 02ee AA000000 		.4byte	.LVL25
 1196 02f2 0100     		.2byte	0x1
 1197 02f4 53       		.byte	0x53
 1198 02f5 B2000000 		.4byte	.LVL29
 1199 02f9 BE000000 		.4byte	.LVL34
 1200 02fd 0100     		.2byte	0x1
 1201 02ff 53       		.byte	0x53
 1202 0300 00000000 		.4byte	0
 1203 0304 00000000 		.4byte	0
 1204              	.LLST11:
 1205 0308 D6000000 		.4byte	.LVL40
 1206 030c D6000000 		.4byte	.LVL41
 1207 0310 0100     		.2byte	0x1
 1208 0312 50       		.byte	0x50
 1209 0313 00000000 		.4byte	0
 1210 0317 00000000 		.4byte	0
 1211              	.LLST12:
 1212 031b 00000000 		.4byte	.LVL42
 1213 031f 68000000 		.4byte	.LVL50
 1214 0323 0100     		.2byte	0x1
 1215 0325 50       		.byte	0x50
 1216 0326 68000000 		.4byte	.LVL50
ARM GAS  C:\Users\d3bug\AppData\Local\Temp\ccNYAE6c.s 			page 25


 1217 032a 78000000 		.4byte	.LVL52
 1218 032e 0400     		.2byte	0x4
 1219 0330 F3       		.byte	0xf3
 1220 0331 01       		.uleb128 0x1
 1221 0332 50       		.byte	0x50
 1222 0333 9F       		.byte	0x9f
 1223 0334 78000000 		.4byte	.LVL52
 1224 0338 7E000000 		.4byte	.LVL53
 1225 033c 0100     		.2byte	0x1
 1226 033e 50       		.byte	0x50
 1227 033f 7E000000 		.4byte	.LVL53
 1228 0343 90000000 		.4byte	.LVL55
 1229 0347 0400     		.2byte	0x4
 1230 0349 F3       		.byte	0xf3
 1231 034a 01       		.uleb128 0x1
 1232 034b 50       		.byte	0x50
 1233 034c 9F       		.byte	0x9f
 1234 034d 90000000 		.4byte	.LVL55
 1235 0351 92000000 		.4byte	.LVL56
 1236 0355 0100     		.2byte	0x1
 1237 0357 50       		.byte	0x50
 1238 0358 92000000 		.4byte	.LVL56
 1239 035c BE000000 		.4byte	.LFE9
 1240 0360 0400     		.2byte	0x4
 1241 0362 F3       		.byte	0xf3
 1242 0363 01       		.uleb128 0x1
 1243 0364 50       		.byte	0x50
 1244 0365 9F       		.byte	0x9f
 1245 0366 00000000 		.4byte	0
 1246 036a 00000000 		.4byte	0
 1247              	.LLST13:
 1248 036e 00000000 		.4byte	.LVL42
 1249 0372 6A000000 		.4byte	.LVL51
 1250 0376 0100     		.2byte	0x1
 1251 0378 51       		.byte	0x51
 1252 0379 6A000000 		.4byte	.LVL51
 1253 037d 78000000 		.4byte	.LVL52
 1254 0381 0400     		.2byte	0x4
 1255 0383 F3       		.byte	0xf3
 1256 0384 01       		.uleb128 0x1
 1257 0385 51       		.byte	0x51
 1258 0386 9F       		.byte	0x9f
 1259 0387 78000000 		.4byte	.LVL52
 1260 038b 94000000 		.4byte	.LVL57
 1261 038f 0100     		.2byte	0x1
 1262 0391 51       		.byte	0x51
 1263 0392 94000000 		.4byte	.LVL57
 1264 0396 BE000000 		.4byte	.LFE9
 1265 039a 0400     		.2byte	0x4
 1266 039c F3       		.byte	0xf3
 1267 039d 01       		.uleb128 0x1
 1268 039e 51       		.byte	0x51
 1269 039f 9F       		.byte	0x9f
 1270 03a0 00000000 		.4byte	0
 1271 03a4 00000000 		.4byte	0
 1272              	.LLST14:
 1273 03a8 00000000 		.4byte	.LVL42
ARM GAS  C:\Users\d3bug\AppData\Local\Temp\ccNYAE6c.s 			page 26


 1274 03ac 80000000 		.4byte	.LVL54
 1275 03b0 0100     		.2byte	0x1
 1276 03b2 52       		.byte	0x52
 1277 03b3 80000000 		.4byte	.LVL54
 1278 03b7 90000000 		.4byte	.LVL55
 1279 03bb 0400     		.2byte	0x4
 1280 03bd F3       		.byte	0xf3
 1281 03be 01       		.uleb128 0x1
 1282 03bf 52       		.byte	0x52
 1283 03c0 9F       		.byte	0x9f
 1284 03c1 90000000 		.4byte	.LVL55
 1285 03c5 A2000000 		.4byte	.LVL58
 1286 03c9 0100     		.2byte	0x1
 1287 03cb 52       		.byte	0x52
 1288 03cc A2000000 		.4byte	.LVL58
 1289 03d0 BE000000 		.4byte	.LFE9
 1290 03d4 0400     		.2byte	0x4
 1291 03d6 F3       		.byte	0xf3
 1292 03d7 01       		.uleb128 0x1
 1293 03d8 52       		.byte	0x52
 1294 03d9 9F       		.byte	0x9f
 1295 03da 00000000 		.4byte	0
 1296 03de 00000000 		.4byte	0
 1297              	.LLST15:
 1298 03e2 1A000000 		.4byte	.LVL43
 1299 03e6 46000000 		.4byte	.LVL47
 1300 03ea 0100     		.2byte	0x1
 1301 03ec 55       		.byte	0x55
 1302 03ed 00000000 		.4byte	0
 1303 03f1 00000000 		.4byte	0
 1304              	.LLST16:
 1305 03f5 30000000 		.4byte	.LVL44
 1306 03f9 40000000 		.4byte	.LVL45
 1307 03fd 0100     		.2byte	0x1
 1308 03ff 53       		.byte	0x53
 1309 0400 40000000 		.4byte	.LVL45
 1310 0404 44000000 		.4byte	.LVL46
 1311 0408 0200     		.2byte	0x2
 1312 040a 91       		.byte	0x91
 1313 040b 73       		.sleb128 -13
 1314 040c 44000000 		.4byte	.LVL46
 1315 0410 58000000 		.4byte	.LVL48
 1316 0414 0100     		.2byte	0x1
 1317 0416 53       		.byte	0x53
 1318 0417 58000000 		.4byte	.LVL48
 1319 041b 62000000 		.4byte	.LVL49
 1320 041f 0200     		.2byte	0x2
 1321 0421 91       		.byte	0x91
 1322 0422 73       		.sleb128 -13
 1323 0423 62000000 		.4byte	.LVL49
 1324 0427 A4000000 		.4byte	.LVL59
 1325 042b 0100     		.2byte	0x1
 1326 042d 53       		.byte	0x53
 1327 042e A4000000 		.4byte	.LVL59
 1328 0432 BC000000 		.4byte	.LVL60
 1329 0436 0200     		.2byte	0x2
 1330 0438 91       		.byte	0x91
ARM GAS  C:\Users\d3bug\AppData\Local\Temp\ccNYAE6c.s 			page 27


 1331 0439 73       		.sleb128 -13
 1332 043a BC000000 		.4byte	.LVL60
 1333 043e BE000000 		.4byte	.LFE9
 1334 0442 0200     		.2byte	0x2
 1335 0444 7D       		.byte	0x7d
 1336 0445 73       		.sleb128 -13
 1337 0446 00000000 		.4byte	0
 1338 044a 00000000 		.4byte	0
 1339              		.section	.debug_aranges,"",%progbits
 1340 0000 24000000 		.4byte	0x24
 1341 0004 0200     		.2byte	0x2
 1342 0006 00000000 		.4byte	.Ldebug_info0
 1343 000a 04       		.byte	0x4
 1344 000b 00       		.byte	0
 1345 000c 0000     		.2byte	0
 1346 000e 0000     		.2byte	0
 1347 0010 00000000 		.4byte	.LFB8
 1348 0014 E8000000 		.4byte	.LFE8-.LFB8
 1349 0018 00000000 		.4byte	.LFB9
 1350 001c BE000000 		.4byte	.LFE9-.LFB9
 1351 0020 00000000 		.4byte	0
 1352 0024 00000000 		.4byte	0
 1353              		.section	.debug_ranges,"",%progbits
 1354              	.Ldebug_ranges0:
 1355 0000 00000000 		.4byte	.LFB8
 1356 0004 E8000000 		.4byte	.LFE8
 1357 0008 00000000 		.4byte	.LFB9
 1358 000c BE000000 		.4byte	.LFE9
 1359 0010 00000000 		.4byte	0
 1360 0014 00000000 		.4byte	0
 1361              		.section	.debug_line,"",%progbits
 1362              	.Ldebug_line0:
 1363 0000 B9010000 		.section	.debug_str,"MS",%progbits,1
 1363      02003C01 
 1363      00000201 
 1363      FB0E0D00 
 1363      01010101 
 1364              	.LASF23:
 1365 0000 72657375 		.ascii	"result\000"
 1365      6C7400
 1366              	.LASF22:
 1367 0007 72656D61 		.ascii	"remainder\000"
 1367      696E6465 
 1367      7200
 1368              	.LASF21:
 1369 0011 72656769 		.ascii	"region\000"
 1369      6F6E00
 1370              	.LASF2:
 1371 0018 73686F72 		.ascii	"short int\000"
 1371      7420696E 
 1371      7400
 1372              	.LASF24:
 1373 0022 7267624D 		.ascii	"rgbMin\000"
 1373      696E00
 1374              	.LASF7:
 1375 0029 5F5F7569 		.ascii	"__uint32_t\000"
 1375      6E743332 
ARM GAS  C:\Users\d3bug\AppData\Local\Temp\ccNYAE6c.s 			page 28


 1375      5F7400
 1376              	.LASF4:
 1377 0034 5F5F7569 		.ascii	"__uint16_t\000"
 1377      6E743136 
 1377      5F7400
 1378              	.LASF15:
 1379 003f 626C7565 		.ascii	"blue\000"
 1379      00
 1380              	.LASF19:
 1381 0044 6C765F63 		.ascii	"lv_color_t\000"
 1381      6F6C6F72 
 1381      5F7400
 1382              	.LASF12:
 1383 004f 75696E74 		.ascii	"uint8_t\000"
 1383      385F7400 
 1384              	.LASF29:
 1385 0057 6C765F63 		.ascii	"lv_color_hsv_to_rgb\000"
 1385      6F6C6F72 
 1385      5F687376 
 1385      5F746F5F 
 1385      72676200 
 1386              	.LASF28:
 1387 006b 433A5C55 		.ascii	"C:\\Users\\d3bug\\Documents\\Creator\\lvgl_ssd1306\\"
 1387      73657273 
 1387      5C643362 
 1387      75675C44 
 1387      6F63756D 
 1388 0099 68656C6C 		.ascii	"hello_world_label.cydsn\000"
 1388      6F5F776F 
 1388      726C645F 
 1388      6C616265 
 1388      6C2E6379 
 1389              	.LASF9:
 1390 00b1 6C6F6E67 		.ascii	"long long int\000"
 1390      206C6F6E 
 1390      6720696E 
 1390      7400
 1391              	.LASF6:
 1392 00bf 6C6F6E67 		.ascii	"long int\000"
 1392      20696E74 
 1392      00
 1393              	.LASF3:
 1394 00c8 5F5F7569 		.ascii	"__uint8_t\000"
 1394      6E74385F 
 1394      7400
 1395              	.LASF16:
 1396 00d2 67726565 		.ascii	"green\000"
 1396      6E00
 1397              	.LASF1:
 1398 00d8 756E7369 		.ascii	"unsigned char\000"
 1398      676E6564 
 1398      20636861 
 1398      7200
 1399              	.LASF0:
 1400 00e6 7369676E 		.ascii	"signed char\000"
 1400      65642063 
 1400      68617200 
ARM GAS  C:\Users\d3bug\AppData\Local\Temp\ccNYAE6c.s 			page 29


 1401              	.LASF10:
 1402 00f2 6C6F6E67 		.ascii	"long long unsigned int\000"
 1402      206C6F6E 
 1402      6720756E 
 1402      7369676E 
 1402      65642069 
 1403              	.LASF14:
 1404 0109 75696E74 		.ascii	"uint32_t\000"
 1404      33325F74 
 1404      00
 1405              	.LASF11:
 1406 0112 756E7369 		.ascii	"unsigned int\000"
 1406      676E6564 
 1406      20696E74 
 1406      00
 1407              	.LASF13:
 1408 011f 75696E74 		.ascii	"uint16_t\000"
 1408      31365F74 
 1408      00
 1409              	.LASF5:
 1410 0128 73686F72 		.ascii	"short unsigned int\000"
 1410      7420756E 
 1410      7369676E 
 1410      65642069 
 1410      6E7400
 1411              	.LASF18:
 1412 013b 6C765F63 		.ascii	"lv_color1_t\000"
 1412      6F6C6F72 
 1412      315F7400 
 1413              	.LASF25:
 1414 0147 7267624D 		.ascii	"rgbMax\000"
 1414      617800
 1415              	.LASF8:
 1416 014e 6C6F6E67 		.ascii	"long unsigned int\000"
 1416      20756E73 
 1416      69676E65 
 1416      6420696E 
 1416      7400
 1417              	.LASF20:
 1418 0160 6C765F63 		.ascii	"lv_color_hsv_t\000"
 1418      6F6C6F72 
 1418      5F687376 
 1418      5F7400
 1419              	.LASF17:
 1420 016f 66756C6C 		.ascii	"full\000"
 1420      00
 1421              	.LASF30:
 1422 0174 6C765F63 		.ascii	"lv_color_rgb_to_hsv\000"
 1422      6F6C6F72 
 1422      5F726762 
 1422      5F746F5F 
 1422      68737600 
 1423              	.LASF26:
 1424 0188 474E5520 		.ascii	"GNU C11 5.4.1 20160609 (release) [ARM/embedded-5-br"
 1424      43313120 
 1424      352E342E 
 1424      31203230 
ARM GAS  C:\Users\d3bug\AppData\Local\Temp\ccNYAE6c.s 			page 30


 1424      31363036 
 1425 01bb 616E6368 		.ascii	"anch revision 237715] -mcpu=cortex-m3 -mthumb -g -O"
 1425      20726576 
 1425      6973696F 
 1425      6E203233 
 1425      37373135 
 1426 01ee 67202D66 		.ascii	"g -ffunction-sections -ffat-lto-objects\000"
 1426      66756E63 
 1426      74696F6E 
 1426      2D736563 
 1426      74696F6E 
 1427              	.LASF27:
 1428 0216 2E2E5C6C 		.ascii	"..\\lvgl\\lv_misc\\lv_color.c\000"
 1428      76676C5C 
 1428      6C765F6D 
 1428      6973635C 
 1428      6C765F63 
 1429              		.ident	"GCC: (GNU Tools for ARM Embedded Processors) 5.4.1 20160609 (release) [ARM/embedded-5-bran
