ARM GAS  C:\Users\d3bug\AppData\Local\Temp\ccFSARZb.s 			page 1


   1              		.syntax unified
   2              		.cpu cortex-m3
   3              		.fpu softvfp
   4              		.eabi_attribute 20, 1
   5              		.eabi_attribute 21, 1
   6              		.eabi_attribute 23, 3
   7              		.eabi_attribute 24, 1
   8              		.eabi_attribute 25, 1
   9              		.eabi_attribute 26, 1
  10              		.eabi_attribute 30, 1
  11              		.eabi_attribute 34, 1
  12              		.eabi_attribute 18, 4
  13              		.thumb
  14              		.syntax unified
  15              		.file	"lv_font_dejavu_20_latin_sup.c"
  16              		.text
  17              	.Ltext0:
  18              		.cfi_sections	.debug_frame
  19              	.Letext0:
  20              		.section	.debug_info,"",%progbits
  21              	.Ldebug_info0:
  22 0000 67000000 		.4byte	0x67
  23 0004 0400     		.2byte	0x4
  24 0006 00000000 		.4byte	.Ldebug_abbrev0
  25 000a 04       		.byte	0x4
  26 000b 01       		.uleb128 0x1
  27 000c E4000000 		.4byte	.LASF10
  28 0010 0C       		.byte	0xc
  29 0011 1F000000 		.4byte	.LASF11
  30 0015 9E000000 		.4byte	.LASF12
  31 0019 00000000 		.4byte	.Ldebug_line0
  32 001d 02       		.uleb128 0x2
  33 001e 01       		.byte	0x1
  34 001f 06       		.byte	0x6
  35 0020 4E000000 		.4byte	.LASF0
  36 0024 02       		.uleb128 0x2
  37 0025 01       		.byte	0x1
  38 0026 08       		.byte	0x8
  39 0027 87000000 		.4byte	.LASF1
  40 002b 02       		.uleb128 0x2
  41 002c 02       		.byte	0x2
  42 002d 05       		.byte	0x5
  43 002e 66000000 		.4byte	.LASF2
  44 0032 02       		.uleb128 0x2
  45 0033 02       		.byte	0x2
  46 0034 07       		.byte	0x7
  47 0035 72010000 		.4byte	.LASF3
  48 0039 02       		.uleb128 0x2
  49 003a 04       		.byte	0x4
  50 003b 05       		.byte	0x5
  51 003c 95000000 		.4byte	.LASF4
  52 0040 02       		.uleb128 0x2
  53 0041 04       		.byte	0x4
  54 0042 07       		.byte	0x7
  55 0043 0D000000 		.4byte	.LASF5
  56 0047 02       		.uleb128 0x2
  57 0048 08       		.byte	0x8
ARM GAS  C:\Users\d3bug\AppData\Local\Temp\ccFSARZb.s 			page 2


  58 0049 05       		.byte	0x5
  59 004a 85010000 		.4byte	.LASF6
  60 004e 02       		.uleb128 0x2
  61 004f 08       		.byte	0x8
  62 0050 07       		.byte	0x7
  63 0051 70000000 		.4byte	.LASF7
  64 0055 03       		.uleb128 0x3
  65 0056 04       		.byte	0x4
  66 0057 05       		.byte	0x5
  67 0058 696E7400 		.ascii	"int\000"
  68 005c 02       		.uleb128 0x2
  69 005d 04       		.byte	0x4
  70 005e 07       		.byte	0x7
  71 005f 00000000 		.4byte	.LASF8
  72 0063 02       		.uleb128 0x2
  73 0064 08       		.byte	0x8
  74 0065 04       		.byte	0x4
  75 0066 5A000000 		.4byte	.LASF9
  76 006a 00       		.byte	0
  77              		.section	.debug_abbrev,"",%progbits
  78              	.Ldebug_abbrev0:
  79 0000 01       		.uleb128 0x1
  80 0001 11       		.uleb128 0x11
  81 0002 01       		.byte	0x1
  82 0003 25       		.uleb128 0x25
  83 0004 0E       		.uleb128 0xe
  84 0005 13       		.uleb128 0x13
  85 0006 0B       		.uleb128 0xb
  86 0007 03       		.uleb128 0x3
  87 0008 0E       		.uleb128 0xe
  88 0009 1B       		.uleb128 0x1b
  89 000a 0E       		.uleb128 0xe
  90 000b 10       		.uleb128 0x10
  91 000c 17       		.uleb128 0x17
  92 000d 00       		.byte	0
  93 000e 00       		.byte	0
  94 000f 02       		.uleb128 0x2
  95 0010 24       		.uleb128 0x24
  96 0011 00       		.byte	0
  97 0012 0B       		.uleb128 0xb
  98 0013 0B       		.uleb128 0xb
  99 0014 3E       		.uleb128 0x3e
 100 0015 0B       		.uleb128 0xb
 101 0016 03       		.uleb128 0x3
 102 0017 0E       		.uleb128 0xe
 103 0018 00       		.byte	0
 104 0019 00       		.byte	0
 105 001a 03       		.uleb128 0x3
 106 001b 24       		.uleb128 0x24
 107 001c 00       		.byte	0
 108 001d 0B       		.uleb128 0xb
 109 001e 0B       		.uleb128 0xb
 110 001f 3E       		.uleb128 0x3e
 111 0020 0B       		.uleb128 0xb
 112 0021 03       		.uleb128 0x3
 113 0022 08       		.uleb128 0x8
 114 0023 00       		.byte	0
ARM GAS  C:\Users\d3bug\AppData\Local\Temp\ccFSARZb.s 			page 3


 115 0024 00       		.byte	0
 116 0025 00       		.byte	0
 117              		.section	.debug_aranges,"",%progbits
 118 0000 14000000 		.4byte	0x14
 119 0004 0200     		.2byte	0x2
 120 0006 00000000 		.4byte	.Ldebug_info0
 121 000a 04       		.byte	0x4
 122 000b 00       		.byte	0
 123 000c 0000     		.2byte	0
 124 000e 0000     		.2byte	0
 125 0010 00000000 		.4byte	0
 126 0014 00000000 		.4byte	0
 127              		.section	.debug_line,"",%progbits
 128              	.Ldebug_line0:
 129 0000 19000000 		.section	.debug_str,"MS",%progbits,1
 129      02001300 
 129      00000201 
 129      FB0E0D00 
 129      01010101 
 130              	.LASF8:
 131 0000 756E7369 		.ascii	"unsigned int\000"
 131      676E6564 
 131      20696E74 
 131      00
 132              	.LASF5:
 133 000d 6C6F6E67 		.ascii	"long unsigned int\000"
 133      20756E73 
 133      69676E65 
 133      6420696E 
 133      7400
 134              	.LASF11:
 135 001f 2E2E5C6C 		.ascii	"..\\lvgl\\lv_fonts\\lv_font_dejavu_20_latin_sup.c\000"
 135      76676C5C 
 135      6C765F66 
 135      6F6E7473 
 135      5C6C765F 
 136              	.LASF0:
 137 004e 7369676E 		.ascii	"signed char\000"
 137      65642063 
 137      68617200 
 138              	.LASF9:
 139 005a 6C6F6E67 		.ascii	"long double\000"
 139      20646F75 
 139      626C6500 
 140              	.LASF2:
 141 0066 73686F72 		.ascii	"short int\000"
 141      7420696E 
 141      7400
 142              	.LASF7:
 143 0070 6C6F6E67 		.ascii	"long long unsigned int\000"
 143      206C6F6E 
 143      6720756E 
 143      7369676E 
 143      65642069 
 144              	.LASF1:
 145 0087 756E7369 		.ascii	"unsigned char\000"
 145      676E6564 
ARM GAS  C:\Users\d3bug\AppData\Local\Temp\ccFSARZb.s 			page 4


 145      20636861 
 145      7200
 146              	.LASF4:
 147 0095 6C6F6E67 		.ascii	"long int\000"
 147      20696E74 
 147      00
 148              	.LASF12:
 149 009e 433A5C55 		.ascii	"C:\\Users\\d3bug\\Documents\\Creator\\lvgl_ssd1306\\"
 149      73657273 
 149      5C643362 
 149      75675C44 
 149      6F63756D 
 150 00cc 68656C6C 		.ascii	"hello_world_label.cydsn\000"
 150      6F5F776F 
 150      726C645F 
 150      6C616265 
 150      6C2E6379 
 151              	.LASF10:
 152 00e4 474E5520 		.ascii	"GNU C11 5.4.1 20160609 (release) [ARM/embedded-5-br"
 152      43313120 
 152      352E342E 
 152      31203230 
 152      31363036 
 153 0117 616E6368 		.ascii	"anch revision 237715] -mcpu=cortex-m3 -mthumb -g -O"
 153      20726576 
 153      6973696F 
 153      6E203233 
 153      37373135 
 154 014a 67202D66 		.ascii	"g -ffunction-sections -ffat-lto-objects\000"
 154      66756E63 
 154      74696F6E 
 154      2D736563 
 154      74696F6E 
 155              	.LASF3:
 156 0172 73686F72 		.ascii	"short unsigned int\000"
 156      7420756E 
 156      7369676E 
 156      65642069 
 156      6E7400
 157              	.LASF6:
 158 0185 6C6F6E67 		.ascii	"long long int\000"
 158      206C6F6E 
 158      6720696E 
 158      7400
 159              		.ident	"GCC: (GNU Tools for ARM Embedded Processors) 5.4.1 20160609 (release) [ARM/embedded-5-bran
