ARM GAS  C:\Users\d3bug\AppData\Local\Temp\ccgdv3hr.s 			page 1


   1              		.syntax unified
   2              		.cpu cortex-m3
   3              		.fpu softvfp
   4              		.eabi_attribute 20, 1
   5              		.eabi_attribute 21, 1
   6              		.eabi_attribute 23, 3
   7              		.eabi_attribute 24, 1
   8              		.eabi_attribute 25, 1
   9              		.eabi_attribute 26, 1
  10              		.eabi_attribute 30, 1
  11              		.eabi_attribute 34, 1
  12              		.eabi_attribute 18, 4
  13              		.thumb
  14              		.syntax unified
  15              		.file	"lv_font_monospace_8.c"
  16              		.text
  17              	.Ltext0:
  18              		.cfi_sections	.debug_frame
  19              		.global	lv_font_monospace_8
  20              		.section	.rodata
  21              		.align	2
  22              		.type	lv_font_monospace_8_glyph_dsc, %object
  23              		.size	lv_font_monospace_8_glyph_dsc, 380
  24              	lv_font_monospace_8_glyph_dsc:
  25 0000 03       		.byte	3
  26 0001 00       		.byte	0
  27 0002 00       		.byte	0
  28 0003 00       		.byte	0
  29 0004 01       		.byte	1
  30 0005 08       		.byte	8
  31 0006 00       		.byte	0
  32 0007 00       		.byte	0
  33 0008 04       		.byte	4
  34 0009 10       		.byte	16
  35 000a 00       		.byte	0
  36 000b 00       		.byte	0
  37 000c 06       		.byte	6
  38 000d 18       		.byte	24
  39 000e 00       		.byte	0
  40 000f 00       		.byte	0
  41 0010 05       		.byte	5
  42 0011 20       		.byte	32
  43 0012 00       		.byte	0
  44 0013 00       		.byte	0
  45 0014 06       		.byte	6
  46 0015 28       		.byte	40
  47 0016 00       		.byte	0
  48 0017 00       		.byte	0
  49 0018 06       		.byte	6
  50 0019 30       		.byte	48
  51 001a 00       		.byte	0
  52 001b 00       		.byte	0
  53 001c 03       		.byte	3
  54 001d 38       		.byte	56
  55 001e 00       		.byte	0
  56 001f 00       		.byte	0
  57 0020 03       		.byte	3
ARM GAS  C:\Users\d3bug\AppData\Local\Temp\ccgdv3hr.s 			page 2


  58 0021 40       		.byte	64
  59 0022 00       		.byte	0
  60 0023 00       		.byte	0
  61 0024 03       		.byte	3
  62 0025 48       		.byte	72
  63 0026 00       		.byte	0
  64 0027 00       		.byte	0
  65 0028 05       		.byte	5
  66 0029 50       		.byte	80
  67 002a 00       		.byte	0
  68 002b 00       		.byte	0
  69 002c 05       		.byte	5
  70 002d 58       		.byte	88
  71 002e 00       		.byte	0
  72 002f 00       		.byte	0
  73 0030 02       		.byte	2
  74 0031 60       		.byte	96
  75 0032 00       		.byte	0
  76 0033 00       		.byte	0
  77 0034 05       		.byte	5
  78 0035 68       		.byte	104
  79 0036 00       		.byte	0
  80 0037 00       		.byte	0
  81 0038 01       		.byte	1
  82 0039 70       		.byte	112
  83 003a 00       		.byte	0
  84 003b 00       		.byte	0
  85 003c 07       		.byte	7
  86 003d 78       		.byte	120
  87 003e 00       		.byte	0
  88 003f 00       		.byte	0
  89 0040 05       		.byte	5
  90 0041 80       		.byte	128
  91 0042 00       		.byte	0
  92 0043 00       		.byte	0
  93 0044 05       		.byte	5
  94 0045 88       		.byte	136
  95 0046 00       		.byte	0
  96 0047 00       		.byte	0
  97 0048 05       		.byte	5
  98 0049 90       		.byte	144
  99 004a 00       		.byte	0
 100 004b 00       		.byte	0
 101 004c 05       		.byte	5
 102 004d 98       		.byte	152
 103 004e 00       		.byte	0
 104 004f 00       		.byte	0
 105 0050 05       		.byte	5
 106 0051 A0       		.byte	160
 107 0052 00       		.byte	0
 108 0053 00       		.byte	0
 109 0054 05       		.byte	5
 110 0055 A8       		.byte	168
 111 0056 00       		.byte	0
 112 0057 00       		.byte	0
 113 0058 05       		.byte	5
 114 0059 B0       		.byte	176
ARM GAS  C:\Users\d3bug\AppData\Local\Temp\ccgdv3hr.s 			page 3


 115 005a 00       		.byte	0
 116 005b 00       		.byte	0
 117 005c 05       		.byte	5
 118 005d B8       		.byte	184
 119 005e 00       		.byte	0
 120 005f 00       		.byte	0
 121 0060 05       		.byte	5
 122 0061 C0       		.byte	192
 123 0062 00       		.byte	0
 124 0063 00       		.byte	0
 125 0064 05       		.byte	5
 126 0065 C8       		.byte	200
 127 0066 00       		.byte	0
 128 0067 00       		.byte	0
 129 0068 01       		.byte	1
 130 0069 D0       		.byte	208
 131 006a 00       		.byte	0
 132 006b 00       		.byte	0
 133 006c 02       		.byte	2
 134 006d D8       		.byte	216
 135 006e 00       		.byte	0
 136 006f 00       		.byte	0
 137 0070 04       		.byte	4
 138 0071 E0       		.byte	224
 139 0072 00       		.byte	0
 140 0073 00       		.byte	0
 141 0074 05       		.byte	5
 142 0075 E8       		.byte	232
 143 0076 00       		.byte	0
 144 0077 00       		.byte	0
 145 0078 04       		.byte	4
 146 0079 F0       		.byte	240
 147 007a 00       		.byte	0
 148 007b 00       		.byte	0
 149 007c 06       		.byte	6
 150 007d F8       		.byte	248
 151 007e 00       		.byte	0
 152 007f 00       		.byte	0
 153 0080 06       		.byte	6
 154 0081 00       		.byte	0
 155 0082 01       		.byte	1
 156 0083 00       		.byte	0
 157 0084 06       		.byte	6
 158 0085 08       		.byte	8
 159 0086 01       		.byte	1
 160 0087 00       		.byte	0
 161 0088 06       		.byte	6
 162 0089 10       		.byte	16
 163 008a 01       		.byte	1
 164 008b 00       		.byte	0
 165 008c 06       		.byte	6
 166 008d 18       		.byte	24
 167 008e 01       		.byte	1
 168 008f 00       		.byte	0
 169 0090 06       		.byte	6
 170 0091 20       		.byte	32
 171 0092 01       		.byte	1
ARM GAS  C:\Users\d3bug\AppData\Local\Temp\ccgdv3hr.s 			page 4


 172 0093 00       		.byte	0
 173 0094 06       		.byte	6
 174 0095 28       		.byte	40
 175 0096 01       		.byte	1
 176 0097 00       		.byte	0
 177 0098 06       		.byte	6
 178 0099 30       		.byte	48
 179 009a 01       		.byte	1
 180 009b 00       		.byte	0
 181 009c 06       		.byte	6
 182 009d 38       		.byte	56
 183 009e 01       		.byte	1
 184 009f 00       		.byte	0
 185 00a0 06       		.byte	6
 186 00a1 40       		.byte	64
 187 00a2 01       		.byte	1
 188 00a3 00       		.byte	0
 189 00a4 03       		.byte	3
 190 00a5 48       		.byte	72
 191 00a6 01       		.byte	1
 192 00a7 00       		.byte	0
 193 00a8 05       		.byte	5
 194 00a9 50       		.byte	80
 195 00aa 01       		.byte	1
 196 00ab 00       		.byte	0
 197 00ac 06       		.byte	6
 198 00ad 58       		.byte	88
 199 00ae 01       		.byte	1
 200 00af 00       		.byte	0
 201 00b0 06       		.byte	6
 202 00b1 60       		.byte	96
 203 00b2 01       		.byte	1
 204 00b3 00       		.byte	0
 205 00b4 06       		.byte	6
 206 00b5 68       		.byte	104
 207 00b6 01       		.byte	1
 208 00b7 00       		.byte	0
 209 00b8 06       		.byte	6
 210 00b9 70       		.byte	112
 211 00ba 01       		.byte	1
 212 00bb 00       		.byte	0
 213 00bc 06       		.byte	6
 214 00bd 78       		.byte	120
 215 00be 01       		.byte	1
 216 00bf 00       		.byte	0
 217 00c0 06       		.byte	6
 218 00c1 80       		.byte	128
 219 00c2 01       		.byte	1
 220 00c3 00       		.byte	0
 221 00c4 06       		.byte	6
 222 00c5 88       		.byte	136
 223 00c6 01       		.byte	1
 224 00c7 00       		.byte	0
 225 00c8 06       		.byte	6
 226 00c9 90       		.byte	144
 227 00ca 01       		.byte	1
 228 00cb 00       		.byte	0
ARM GAS  C:\Users\d3bug\AppData\Local\Temp\ccgdv3hr.s 			page 5


 229 00cc 06       		.byte	6
 230 00cd 98       		.byte	152
 231 00ce 01       		.byte	1
 232 00cf 00       		.byte	0
 233 00d0 05       		.byte	5
 234 00d1 A0       		.byte	160
 235 00d2 01       		.byte	1
 236 00d3 00       		.byte	0
 237 00d4 06       		.byte	6
 238 00d5 A8       		.byte	168
 239 00d6 01       		.byte	1
 240 00d7 00       		.byte	0
 241 00d8 06       		.byte	6
 242 00d9 B0       		.byte	176
 243 00da 01       		.byte	1
 244 00db 00       		.byte	0
 245 00dc 06       		.byte	6
 246 00dd B8       		.byte	184
 247 00de 01       		.byte	1
 248 00df 00       		.byte	0
 249 00e0 06       		.byte	6
 250 00e1 C0       		.byte	192
 251 00e2 01       		.byte	1
 252 00e3 00       		.byte	0
 253 00e4 05       		.byte	5
 254 00e5 C8       		.byte	200
 255 00e6 01       		.byte	1
 256 00e7 00       		.byte	0
 257 00e8 05       		.byte	5
 258 00e9 D0       		.byte	208
 259 00ea 01       		.byte	1
 260 00eb 00       		.byte	0
 261 00ec 03       		.byte	3
 262 00ed D8       		.byte	216
 263 00ee 01       		.byte	1
 264 00ef 00       		.byte	0
 265 00f0 07       		.byte	7
 266 00f1 E0       		.byte	224
 267 00f2 01       		.byte	1
 268 00f3 00       		.byte	0
 269 00f4 03       		.byte	3
 270 00f5 E8       		.byte	232
 271 00f6 01       		.byte	1
 272 00f7 00       		.byte	0
 273 00f8 05       		.byte	5
 274 00f9 F0       		.byte	240
 275 00fa 01       		.byte	1
 276 00fb 00       		.byte	0
 277 00fc 05       		.byte	5
 278 00fd F8       		.byte	248
 279 00fe 01       		.byte	1
 280 00ff 00       		.byte	0
 281 0100 03       		.byte	3
 282 0101 00       		.byte	0
 283 0102 02       		.byte	2
 284 0103 00       		.byte	0
 285 0104 05       		.byte	5
ARM GAS  C:\Users\d3bug\AppData\Local\Temp\ccgdv3hr.s 			page 6


 286 0105 08       		.byte	8
 287 0106 02       		.byte	2
 288 0107 00       		.byte	0
 289 0108 05       		.byte	5
 290 0109 10       		.byte	16
 291 010a 02       		.byte	2
 292 010b 00       		.byte	0
 293 010c 05       		.byte	5
 294 010d 18       		.byte	24
 295 010e 02       		.byte	2
 296 010f 00       		.byte	0
 297 0110 05       		.byte	5
 298 0111 20       		.byte	32
 299 0112 02       		.byte	2
 300 0113 00       		.byte	0
 301 0114 05       		.byte	5
 302 0115 28       		.byte	40
 303 0116 02       		.byte	2
 304 0117 00       		.byte	0
 305 0118 06       		.byte	6
 306 0119 30       		.byte	48
 307 011a 02       		.byte	2
 308 011b 00       		.byte	0
 309 011c 05       		.byte	5
 310 011d 38       		.byte	56
 311 011e 02       		.byte	2
 312 011f 00       		.byte	0
 313 0120 05       		.byte	5
 314 0121 40       		.byte	64
 315 0122 02       		.byte	2
 316 0123 00       		.byte	0
 317 0124 03       		.byte	3
 318 0125 48       		.byte	72
 319 0126 02       		.byte	2
 320 0127 00       		.byte	0
 321 0128 04       		.byte	4
 322 0129 50       		.byte	80
 323 012a 02       		.byte	2
 324 012b 00       		.byte	0
 325 012c 05       		.byte	5
 326 012d 58       		.byte	88
 327 012e 02       		.byte	2
 328 012f 00       		.byte	0
 329 0130 03       		.byte	3
 330 0131 60       		.byte	96
 331 0132 02       		.byte	2
 332 0133 00       		.byte	0
 333 0134 05       		.byte	5
 334 0135 68       		.byte	104
 335 0136 02       		.byte	2
 336 0137 00       		.byte	0
 337 0138 05       		.byte	5
 338 0139 70       		.byte	112
 339 013a 02       		.byte	2
 340 013b 00       		.byte	0
 341 013c 05       		.byte	5
 342 013d 78       		.byte	120
ARM GAS  C:\Users\d3bug\AppData\Local\Temp\ccgdv3hr.s 			page 7


 343 013e 02       		.byte	2
 344 013f 00       		.byte	0
 345 0140 05       		.byte	5
 346 0141 80       		.byte	128
 347 0142 02       		.byte	2
 348 0143 00       		.byte	0
 349 0144 05       		.byte	5
 350 0145 88       		.byte	136
 351 0146 02       		.byte	2
 352 0147 00       		.byte	0
 353 0148 05       		.byte	5
 354 0149 90       		.byte	144
 355 014a 02       		.byte	2
 356 014b 00       		.byte	0
 357 014c 05       		.byte	5
 358 014d 98       		.byte	152
 359 014e 02       		.byte	2
 360 014f 00       		.byte	0
 361 0150 05       		.byte	5
 362 0151 A0       		.byte	160
 363 0152 02       		.byte	2
 364 0153 00       		.byte	0
 365 0154 05       		.byte	5
 366 0155 A8       		.byte	168
 367 0156 02       		.byte	2
 368 0157 00       		.byte	0
 369 0158 05       		.byte	5
 370 0159 B0       		.byte	176
 371 015a 02       		.byte	2
 372 015b 00       		.byte	0
 373 015c 05       		.byte	5
 374 015d B8       		.byte	184
 375 015e 02       		.byte	2
 376 015f 00       		.byte	0
 377 0160 05       		.byte	5
 378 0161 C0       		.byte	192
 379 0162 02       		.byte	2
 380 0163 00       		.byte	0
 381 0164 05       		.byte	5
 382 0165 C8       		.byte	200
 383 0166 02       		.byte	2
 384 0167 00       		.byte	0
 385 0168 05       		.byte	5
 386 0169 D0       		.byte	208
 387 016a 02       		.byte	2
 388 016b 00       		.byte	0
 389 016c 04       		.byte	4
 390 016d D8       		.byte	216
 391 016e 02       		.byte	2
 392 016f 00       		.byte	0
 393 0170 01       		.byte	1
 394 0171 E0       		.byte	224
 395 0172 02       		.byte	2
 396 0173 00       		.byte	0
 397 0174 04       		.byte	4
 398 0175 E8       		.byte	232
 399 0176 02       		.byte	2
ARM GAS  C:\Users\d3bug\AppData\Local\Temp\ccgdv3hr.s 			page 8


 400 0177 00       		.byte	0
 401 0178 05       		.byte	5
 402 0179 F0       		.byte	240
 403 017a 02       		.byte	2
 404 017b 00       		.byte	0
 405              		.type	lv_font_monospace_8_glyph_bitmap, %object
 406              		.size	lv_font_monospace_8_glyph_bitmap, 760
 407              	lv_font_monospace_8_glyph_bitmap:
 408 017c 00       		.byte	0
 409 017d 00       		.byte	0
 410 017e 00       		.byte	0
 411 017f 00       		.byte	0
 412 0180 00       		.byte	0
 413 0181 00       		.byte	0
 414 0182 00       		.byte	0
 415 0183 00       		.byte	0
 416 0184 80       		.byte	-128
 417 0185 80       		.byte	-128
 418 0186 80       		.byte	-128
 419 0187 80       		.byte	-128
 420 0188 00       		.byte	0
 421 0189 00       		.byte	0
 422 018a 80       		.byte	-128
 423 018b 00       		.byte	0
 424 018c 90       		.byte	-112
 425 018d 90       		.byte	-112
 426 018e 90       		.byte	-112
 427 018f 00       		.byte	0
 428 0190 00       		.byte	0
 429 0191 00       		.byte	0
 430 0192 00       		.byte	0
 431 0193 00       		.byte	0
 432 0194 48       		.byte	72
 433 0195 48       		.byte	72
 434 0196 FC       		.byte	-4
 435 0197 48       		.byte	72
 436 0198 FC       		.byte	-4
 437 0199 48       		.byte	72
 438 019a 48       		.byte	72
 439 019b 00       		.byte	0
 440 019c 20       		.byte	32
 441 019d 78       		.byte	120
 442 019e A0       		.byte	-96
 443 019f 70       		.byte	112
 444 01a0 28       		.byte	40
 445 01a1 F0       		.byte	-16
 446 01a2 20       		.byte	32
 447 01a3 00       		.byte	0
 448 01a4 00       		.byte	0
 449 01a5 C4       		.byte	-60
 450 01a6 C8       		.byte	-56
 451 01a7 10       		.byte	16
 452 01a8 20       		.byte	32
 453 01a9 4C       		.byte	76
 454 01aa 8C       		.byte	-116
 455 01ab 00       		.byte	0
 456 01ac 60       		.byte	96
ARM GAS  C:\Users\d3bug\AppData\Local\Temp\ccgdv3hr.s 			page 9


 457 01ad 90       		.byte	-112
 458 01ae 90       		.byte	-112
 459 01af 60       		.byte	96
 460 01b0 94       		.byte	-108
 461 01b1 88       		.byte	-120
 462 01b2 74       		.byte	116
 463 01b3 00       		.byte	0
 464 01b4 20       		.byte	32
 465 01b5 40       		.byte	64
 466 01b6 80       		.byte	-128
 467 01b7 00       		.byte	0
 468 01b8 00       		.byte	0
 469 01b9 00       		.byte	0
 470 01ba 00       		.byte	0
 471 01bb 00       		.byte	0
 472 01bc 20       		.byte	32
 473 01bd 40       		.byte	64
 474 01be 80       		.byte	-128
 475 01bf 80       		.byte	-128
 476 01c0 80       		.byte	-128
 477 01c1 40       		.byte	64
 478 01c2 20       		.byte	32
 479 01c3 00       		.byte	0
 480 01c4 80       		.byte	-128
 481 01c5 40       		.byte	64
 482 01c6 20       		.byte	32
 483 01c7 20       		.byte	32
 484 01c8 20       		.byte	32
 485 01c9 40       		.byte	64
 486 01ca 80       		.byte	-128
 487 01cb 00       		.byte	0
 488 01cc 20       		.byte	32
 489 01cd A8       		.byte	-88
 490 01ce 70       		.byte	112
 491 01cf 20       		.byte	32
 492 01d0 70       		.byte	112
 493 01d1 A8       		.byte	-88
 494 01d2 20       		.byte	32
 495 01d3 00       		.byte	0
 496 01d4 00       		.byte	0
 497 01d5 20       		.byte	32
 498 01d6 20       		.byte	32
 499 01d7 F8       		.byte	-8
 500 01d8 20       		.byte	32
 501 01d9 20       		.byte	32
 502 01da 00       		.byte	0
 503 01db 00       		.byte	0
 504 01dc 00       		.byte	0
 505 01dd 00       		.byte	0
 506 01de 00       		.byte	0
 507 01df 00       		.byte	0
 508 01e0 00       		.byte	0
 509 01e1 40       		.byte	64
 510 01e2 40       		.byte	64
 511 01e3 80       		.byte	-128
 512 01e4 00       		.byte	0
 513 01e5 00       		.byte	0
ARM GAS  C:\Users\d3bug\AppData\Local\Temp\ccgdv3hr.s 			page 10


 514 01e6 00       		.byte	0
 515 01e7 00       		.byte	0
 516 01e8 F8       		.byte	-8
 517 01e9 00       		.byte	0
 518 01ea 00       		.byte	0
 519 01eb 00       		.byte	0
 520 01ec 00       		.byte	0
 521 01ed 00       		.byte	0
 522 01ee 00       		.byte	0
 523 01ef 00       		.byte	0
 524 01f0 00       		.byte	0
 525 01f1 00       		.byte	0
 526 01f2 80       		.byte	-128
 527 01f3 00       		.byte	0
 528 01f4 02       		.byte	2
 529 01f5 04       		.byte	4
 530 01f6 08       		.byte	8
 531 01f7 10       		.byte	16
 532 01f8 20       		.byte	32
 533 01f9 40       		.byte	64
 534 01fa 80       		.byte	-128
 535 01fb 00       		.byte	0
 536 01fc 70       		.byte	112
 537 01fd 88       		.byte	-120
 538 01fe 98       		.byte	-104
 539 01ff A8       		.byte	-88
 540 0200 C8       		.byte	-56
 541 0201 88       		.byte	-120
 542 0202 70       		.byte	112
 543 0203 00       		.byte	0
 544 0204 20       		.byte	32
 545 0205 60       		.byte	96
 546 0206 A0       		.byte	-96
 547 0207 20       		.byte	32
 548 0208 20       		.byte	32
 549 0209 20       		.byte	32
 550 020a F8       		.byte	-8
 551 020b 00       		.byte	0
 552 020c 70       		.byte	112
 553 020d 88       		.byte	-120
 554 020e 08       		.byte	8
 555 020f 10       		.byte	16
 556 0210 60       		.byte	96
 557 0211 80       		.byte	-128
 558 0212 F8       		.byte	-8
 559 0213 00       		.byte	0
 560 0214 70       		.byte	112
 561 0215 88       		.byte	-120
 562 0216 08       		.byte	8
 563 0217 30       		.byte	48
 564 0218 08       		.byte	8
 565 0219 88       		.byte	-120
 566 021a 70       		.byte	112
 567 021b 00       		.byte	0
 568 021c 10       		.byte	16
 569 021d 30       		.byte	48
 570 021e 50       		.byte	80
ARM GAS  C:\Users\d3bug\AppData\Local\Temp\ccgdv3hr.s 			page 11


 571 021f 90       		.byte	-112
 572 0220 F8       		.byte	-8
 573 0221 10       		.byte	16
 574 0222 10       		.byte	16
 575 0223 00       		.byte	0
 576 0224 F8       		.byte	-8
 577 0225 80       		.byte	-128
 578 0226 F0       		.byte	-16
 579 0227 08       		.byte	8
 580 0228 08       		.byte	8
 581 0229 88       		.byte	-120
 582 022a 70       		.byte	112
 583 022b 00       		.byte	0
 584 022c 38       		.byte	56
 585 022d 40       		.byte	64
 586 022e 80       		.byte	-128
 587 022f F0       		.byte	-16
 588 0230 88       		.byte	-120
 589 0231 88       		.byte	-120
 590 0232 70       		.byte	112
 591 0233 00       		.byte	0
 592 0234 F8       		.byte	-8
 593 0235 08       		.byte	8
 594 0236 10       		.byte	16
 595 0237 20       		.byte	32
 596 0238 40       		.byte	64
 597 0239 40       		.byte	64
 598 023a 40       		.byte	64
 599 023b 00       		.byte	0
 600 023c 70       		.byte	112
 601 023d 88       		.byte	-120
 602 023e 88       		.byte	-120
 603 023f 70       		.byte	112
 604 0240 88       		.byte	-120
 605 0241 88       		.byte	-120
 606 0242 70       		.byte	112
 607 0243 00       		.byte	0
 608 0244 70       		.byte	112
 609 0245 88       		.byte	-120
 610 0246 88       		.byte	-120
 611 0247 78       		.byte	120
 612 0248 08       		.byte	8
 613 0249 10       		.byte	16
 614 024a E0       		.byte	-32
 615 024b 00       		.byte	0
 616 024c 00       		.byte	0
 617 024d 00       		.byte	0
 618 024e 80       		.byte	-128
 619 024f 00       		.byte	0
 620 0250 00       		.byte	0
 621 0251 80       		.byte	-128
 622 0252 00       		.byte	0
 623 0253 00       		.byte	0
 624 0254 00       		.byte	0
 625 0255 00       		.byte	0
 626 0256 40       		.byte	64
 627 0257 00       		.byte	0
ARM GAS  C:\Users\d3bug\AppData\Local\Temp\ccgdv3hr.s 			page 12


 628 0258 00       		.byte	0
 629 0259 40       		.byte	64
 630 025a 40       		.byte	64
 631 025b 80       		.byte	-128
 632 025c 10       		.byte	16
 633 025d 20       		.byte	32
 634 025e 40       		.byte	64
 635 025f 80       		.byte	-128
 636 0260 40       		.byte	64
 637 0261 20       		.byte	32
 638 0262 10       		.byte	16
 639 0263 00       		.byte	0
 640 0264 00       		.byte	0
 641 0265 00       		.byte	0
 642 0266 F8       		.byte	-8
 643 0267 00       		.byte	0
 644 0268 F8       		.byte	-8
 645 0269 00       		.byte	0
 646 026a 00       		.byte	0
 647 026b 00       		.byte	0
 648 026c 80       		.byte	-128
 649 026d 40       		.byte	64
 650 026e 20       		.byte	32
 651 026f 10       		.byte	16
 652 0270 20       		.byte	32
 653 0271 40       		.byte	64
 654 0272 80       		.byte	-128
 655 0273 00       		.byte	0
 656 0274 78       		.byte	120
 657 0275 84       		.byte	-124
 658 0276 08       		.byte	8
 659 0277 10       		.byte	16
 660 0278 10       		.byte	16
 661 0279 00       		.byte	0
 662 027a 10       		.byte	16
 663 027b 00       		.byte	0
 664 027c 78       		.byte	120
 665 027d 84       		.byte	-124
 666 027e 94       		.byte	-108
 667 027f AC       		.byte	-84
 668 0280 98       		.byte	-104
 669 0281 80       		.byte	-128
 670 0282 78       		.byte	120
 671 0283 00       		.byte	0
 672 0284 30       		.byte	48
 673 0285 48       		.byte	72
 674 0286 84       		.byte	-124
 675 0287 FC       		.byte	-4
 676 0288 84       		.byte	-124
 677 0289 84       		.byte	-124
 678 028a 84       		.byte	-124
 679 028b 00       		.byte	0
 680 028c F8       		.byte	-8
 681 028d 84       		.byte	-124
 682 028e 84       		.byte	-124
 683 028f F8       		.byte	-8
 684 0290 84       		.byte	-124
ARM GAS  C:\Users\d3bug\AppData\Local\Temp\ccgdv3hr.s 			page 13


 685 0291 84       		.byte	-124
 686 0292 F8       		.byte	-8
 687 0293 00       		.byte	0
 688 0294 78       		.byte	120
 689 0295 84       		.byte	-124
 690 0296 80       		.byte	-128
 691 0297 80       		.byte	-128
 692 0298 80       		.byte	-128
 693 0299 84       		.byte	-124
 694 029a 78       		.byte	120
 695 029b 00       		.byte	0
 696 029c F0       		.byte	-16
 697 029d 88       		.byte	-120
 698 029e 84       		.byte	-124
 699 029f 84       		.byte	-124
 700 02a0 84       		.byte	-124
 701 02a1 88       		.byte	-120
 702 02a2 F0       		.byte	-16
 703 02a3 00       		.byte	0
 704 02a4 FC       		.byte	-4
 705 02a5 80       		.byte	-128
 706 02a6 80       		.byte	-128
 707 02a7 F0       		.byte	-16
 708 02a8 80       		.byte	-128
 709 02a9 80       		.byte	-128
 710 02aa FC       		.byte	-4
 711 02ab 00       		.byte	0
 712 02ac FC       		.byte	-4
 713 02ad 80       		.byte	-128
 714 02ae 80       		.byte	-128
 715 02af F0       		.byte	-16
 716 02b0 80       		.byte	-128
 717 02b1 80       		.byte	-128
 718 02b2 80       		.byte	-128
 719 02b3 00       		.byte	0
 720 02b4 78       		.byte	120
 721 02b5 84       		.byte	-124
 722 02b6 80       		.byte	-128
 723 02b7 9C       		.byte	-100
 724 02b8 84       		.byte	-124
 725 02b9 84       		.byte	-124
 726 02ba 78       		.byte	120
 727 02bb 00       		.byte	0
 728 02bc 84       		.byte	-124
 729 02bd 84       		.byte	-124
 730 02be 84       		.byte	-124
 731 02bf FC       		.byte	-4
 732 02c0 84       		.byte	-124
 733 02c1 84       		.byte	-124
 734 02c2 84       		.byte	-124
 735 02c3 00       		.byte	0
 736 02c4 E0       		.byte	-32
 737 02c5 40       		.byte	64
 738 02c6 40       		.byte	64
 739 02c7 40       		.byte	64
 740 02c8 40       		.byte	64
 741 02c9 40       		.byte	64
ARM GAS  C:\Users\d3bug\AppData\Local\Temp\ccgdv3hr.s 			page 14


 742 02ca E0       		.byte	-32
 743 02cb 00       		.byte	0
 744 02cc 08       		.byte	8
 745 02cd 08       		.byte	8
 746 02ce 08       		.byte	8
 747 02cf 08       		.byte	8
 748 02d0 08       		.byte	8
 749 02d1 88       		.byte	-120
 750 02d2 70       		.byte	112
 751 02d3 00       		.byte	0
 752 02d4 84       		.byte	-124
 753 02d5 88       		.byte	-120
 754 02d6 90       		.byte	-112
 755 02d7 E0       		.byte	-32
 756 02d8 90       		.byte	-112
 757 02d9 88       		.byte	-120
 758 02da 84       		.byte	-124
 759 02db 00       		.byte	0
 760 02dc 80       		.byte	-128
 761 02dd 80       		.byte	-128
 762 02de 80       		.byte	-128
 763 02df 80       		.byte	-128
 764 02e0 80       		.byte	-128
 765 02e1 80       		.byte	-128
 766 02e2 FC       		.byte	-4
 767 02e3 00       		.byte	0
 768 02e4 84       		.byte	-124
 769 02e5 CC       		.byte	-52
 770 02e6 B4       		.byte	-76
 771 02e7 84       		.byte	-124
 772 02e8 84       		.byte	-124
 773 02e9 84       		.byte	-124
 774 02ea 84       		.byte	-124
 775 02eb 00       		.byte	0
 776 02ec 84       		.byte	-124
 777 02ed C4       		.byte	-60
 778 02ee A4       		.byte	-92
 779 02ef 94       		.byte	-108
 780 02f0 8C       		.byte	-116
 781 02f1 84       		.byte	-124
 782 02f2 84       		.byte	-124
 783 02f3 00       		.byte	0
 784 02f4 78       		.byte	120
 785 02f5 84       		.byte	-124
 786 02f6 84       		.byte	-124
 787 02f7 84       		.byte	-124
 788 02f8 84       		.byte	-124
 789 02f9 84       		.byte	-124
 790 02fa 78       		.byte	120
 791 02fb 00       		.byte	0
 792 02fc F8       		.byte	-8
 793 02fd 84       		.byte	-124
 794 02fe 84       		.byte	-124
 795 02ff F8       		.byte	-8
 796 0300 80       		.byte	-128
 797 0301 80       		.byte	-128
 798 0302 80       		.byte	-128
ARM GAS  C:\Users\d3bug\AppData\Local\Temp\ccgdv3hr.s 			page 15


 799 0303 00       		.byte	0
 800 0304 78       		.byte	120
 801 0305 84       		.byte	-124
 802 0306 84       		.byte	-124
 803 0307 84       		.byte	-124
 804 0308 94       		.byte	-108
 805 0309 88       		.byte	-120
 806 030a 74       		.byte	116
 807 030b 00       		.byte	0
 808 030c F8       		.byte	-8
 809 030d 84       		.byte	-124
 810 030e 84       		.byte	-124
 811 030f F8       		.byte	-8
 812 0310 90       		.byte	-112
 813 0311 88       		.byte	-120
 814 0312 84       		.byte	-124
 815 0313 00       		.byte	0
 816 0314 78       		.byte	120
 817 0315 84       		.byte	-124
 818 0316 80       		.byte	-128
 819 0317 78       		.byte	120
 820 0318 04       		.byte	4
 821 0319 84       		.byte	-124
 822 031a 78       		.byte	120
 823 031b 00       		.byte	0
 824 031c F8       		.byte	-8
 825 031d 20       		.byte	32
 826 031e 20       		.byte	32
 827 031f 20       		.byte	32
 828 0320 20       		.byte	32
 829 0321 20       		.byte	32
 830 0322 20       		.byte	32
 831 0323 00       		.byte	0
 832 0324 84       		.byte	-124
 833 0325 84       		.byte	-124
 834 0326 84       		.byte	-124
 835 0327 84       		.byte	-124
 836 0328 84       		.byte	-124
 837 0329 84       		.byte	-124
 838 032a 78       		.byte	120
 839 032b 00       		.byte	0
 840 032c 84       		.byte	-124
 841 032d 84       		.byte	-124
 842 032e 84       		.byte	-124
 843 032f 84       		.byte	-124
 844 0330 84       		.byte	-124
 845 0331 48       		.byte	72
 846 0332 30       		.byte	48
 847 0333 00       		.byte	0
 848 0334 84       		.byte	-124
 849 0335 84       		.byte	-124
 850 0336 84       		.byte	-124
 851 0337 84       		.byte	-124
 852 0338 B4       		.byte	-76
 853 0339 CC       		.byte	-52
 854 033a 84       		.byte	-124
 855 033b 00       		.byte	0
ARM GAS  C:\Users\d3bug\AppData\Local\Temp\ccgdv3hr.s 			page 16


 856 033c 84       		.byte	-124
 857 033d 84       		.byte	-124
 858 033e 48       		.byte	72
 859 033f 30       		.byte	48
 860 0340 48       		.byte	72
 861 0341 84       		.byte	-124
 862 0342 84       		.byte	-124
 863 0343 00       		.byte	0
 864 0344 88       		.byte	-120
 865 0345 88       		.byte	-120
 866 0346 88       		.byte	-120
 867 0347 70       		.byte	112
 868 0348 20       		.byte	32
 869 0349 20       		.byte	32
 870 034a 20       		.byte	32
 871 034b 00       		.byte	0
 872 034c F8       		.byte	-8
 873 034d 08       		.byte	8
 874 034e 10       		.byte	16
 875 034f 20       		.byte	32
 876 0350 40       		.byte	64
 877 0351 80       		.byte	-128
 878 0352 F8       		.byte	-8
 879 0353 00       		.byte	0
 880 0354 E0       		.byte	-32
 881 0355 80       		.byte	-128
 882 0356 80       		.byte	-128
 883 0357 80       		.byte	-128
 884 0358 80       		.byte	-128
 885 0359 80       		.byte	-128
 886 035a E0       		.byte	-32
 887 035b 00       		.byte	0
 888 035c 80       		.byte	-128
 889 035d 40       		.byte	64
 890 035e 20       		.byte	32
 891 035f 10       		.byte	16
 892 0360 08       		.byte	8
 893 0361 04       		.byte	4
 894 0362 02       		.byte	2
 895 0363 00       		.byte	0
 896 0364 E0       		.byte	-32
 897 0365 20       		.byte	32
 898 0366 20       		.byte	32
 899 0367 20       		.byte	32
 900 0368 20       		.byte	32
 901 0369 20       		.byte	32
 902 036a E0       		.byte	-32
 903 036b 00       		.byte	0
 904 036c 20       		.byte	32
 905 036d 50       		.byte	80
 906 036e 88       		.byte	-120
 907 036f 00       		.byte	0
 908 0370 00       		.byte	0
 909 0371 00       		.byte	0
 910 0372 00       		.byte	0
 911 0373 00       		.byte	0
 912 0374 00       		.byte	0
ARM GAS  C:\Users\d3bug\AppData\Local\Temp\ccgdv3hr.s 			page 17


 913 0375 00       		.byte	0
 914 0376 00       		.byte	0
 915 0377 00       		.byte	0
 916 0378 00       		.byte	0
 917 0379 00       		.byte	0
 918 037a 00       		.byte	0
 919 037b F8       		.byte	-8
 920 037c 80       		.byte	-128
 921 037d 40       		.byte	64
 922 037e 20       		.byte	32
 923 037f 00       		.byte	0
 924 0380 00       		.byte	0
 925 0381 00       		.byte	0
 926 0382 00       		.byte	0
 927 0383 00       		.byte	0
 928 0384 00       		.byte	0
 929 0385 00       		.byte	0
 930 0386 70       		.byte	112
 931 0387 08       		.byte	8
 932 0388 78       		.byte	120
 933 0389 88       		.byte	-120
 934 038a 78       		.byte	120
 935 038b 00       		.byte	0
 936 038c 80       		.byte	-128
 937 038d 80       		.byte	-128
 938 038e F0       		.byte	-16
 939 038f 88       		.byte	-120
 940 0390 88       		.byte	-120
 941 0391 88       		.byte	-120
 942 0392 F0       		.byte	-16
 943 0393 00       		.byte	0
 944 0394 00       		.byte	0
 945 0395 00       		.byte	0
 946 0396 70       		.byte	112
 947 0397 88       		.byte	-120
 948 0398 80       		.byte	-128
 949 0399 88       		.byte	-120
 950 039a 70       		.byte	112
 951 039b 00       		.byte	0
 952 039c 08       		.byte	8
 953 039d 08       		.byte	8
 954 039e 78       		.byte	120
 955 039f 88       		.byte	-120
 956 03a0 88       		.byte	-120
 957 03a1 88       		.byte	-120
 958 03a2 78       		.byte	120
 959 03a3 00       		.byte	0
 960 03a4 00       		.byte	0
 961 03a5 00       		.byte	0
 962 03a6 70       		.byte	112
 963 03a7 88       		.byte	-120
 964 03a8 F8       		.byte	-8
 965 03a9 80       		.byte	-128
 966 03aa 70       		.byte	112
 967 03ab 00       		.byte	0
 968 03ac 18       		.byte	24
 969 03ad 24       		.byte	36
ARM GAS  C:\Users\d3bug\AppData\Local\Temp\ccgdv3hr.s 			page 18


 970 03ae 20       		.byte	32
 971 03af F8       		.byte	-8
 972 03b0 20       		.byte	32
 973 03b1 20       		.byte	32
 974 03b2 20       		.byte	32
 975 03b3 00       		.byte	0
 976 03b4 00       		.byte	0
 977 03b5 00       		.byte	0
 978 03b6 78       		.byte	120
 979 03b7 88       		.byte	-120
 980 03b8 88       		.byte	-120
 981 03b9 78       		.byte	120
 982 03ba 08       		.byte	8
 983 03bb 70       		.byte	112
 984 03bc 80       		.byte	-128
 985 03bd 80       		.byte	-128
 986 03be F0       		.byte	-16
 987 03bf 88       		.byte	-120
 988 03c0 88       		.byte	-120
 989 03c1 88       		.byte	-120
 990 03c2 88       		.byte	-120
 991 03c3 00       		.byte	0
 992 03c4 40       		.byte	64
 993 03c5 00       		.byte	0
 994 03c6 C0       		.byte	-64
 995 03c7 40       		.byte	64
 996 03c8 40       		.byte	64
 997 03c9 40       		.byte	64
 998 03ca E0       		.byte	-32
 999 03cb 00       		.byte	0
 1000 03cc 10       		.byte	16
 1001 03cd 00       		.byte	0
 1002 03ce 30       		.byte	48
 1003 03cf 10       		.byte	16
 1004 03d0 10       		.byte	16
 1005 03d1 10       		.byte	16
 1006 03d2 90       		.byte	-112
 1007 03d3 60       		.byte	96
 1008 03d4 80       		.byte	-128
 1009 03d5 80       		.byte	-128
 1010 03d6 88       		.byte	-120
 1011 03d7 90       		.byte	-112
 1012 03d8 E0       		.byte	-32
 1013 03d9 90       		.byte	-112
 1014 03da 88       		.byte	-120
 1015 03db 00       		.byte	0
 1016 03dc C0       		.byte	-64
 1017 03dd 40       		.byte	64
 1018 03de 40       		.byte	64
 1019 03df 40       		.byte	64
 1020 03e0 40       		.byte	64
 1021 03e1 40       		.byte	64
 1022 03e2 E0       		.byte	-32
 1023 03e3 00       		.byte	0
 1024 03e4 00       		.byte	0
 1025 03e5 00       		.byte	0
 1026 03e6 D0       		.byte	-48
ARM GAS  C:\Users\d3bug\AppData\Local\Temp\ccgdv3hr.s 			page 19


 1027 03e7 A8       		.byte	-88
 1028 03e8 A8       		.byte	-88
 1029 03e9 A8       		.byte	-88
 1030 03ea A8       		.byte	-88
 1031 03eb 00       		.byte	0
 1032 03ec 00       		.byte	0
 1033 03ed 00       		.byte	0
 1034 03ee F0       		.byte	-16
 1035 03ef 88       		.byte	-120
 1036 03f0 88       		.byte	-120
 1037 03f1 88       		.byte	-120
 1038 03f2 88       		.byte	-120
 1039 03f3 00       		.byte	0
 1040 03f4 00       		.byte	0
 1041 03f5 00       		.byte	0
 1042 03f6 70       		.byte	112
 1043 03f7 88       		.byte	-120
 1044 03f8 88       		.byte	-120
 1045 03f9 88       		.byte	-120
 1046 03fa 70       		.byte	112
 1047 03fb 00       		.byte	0
 1048 03fc 00       		.byte	0
 1049 03fd 00       		.byte	0
 1050 03fe F0       		.byte	-16
 1051 03ff 88       		.byte	-120
 1052 0400 88       		.byte	-120
 1053 0401 F0       		.byte	-16
 1054 0402 80       		.byte	-128
 1055 0403 80       		.byte	-128
 1056 0404 00       		.byte	0
 1057 0405 00       		.byte	0
 1058 0406 78       		.byte	120
 1059 0407 88       		.byte	-120
 1060 0408 88       		.byte	-120
 1061 0409 78       		.byte	120
 1062 040a 08       		.byte	8
 1063 040b 08       		.byte	8
 1064 040c 00       		.byte	0
 1065 040d 00       		.byte	0
 1066 040e B8       		.byte	-72
 1067 040f C0       		.byte	-64
 1068 0410 80       		.byte	-128
 1069 0411 80       		.byte	-128
 1070 0412 80       		.byte	-128
 1071 0413 00       		.byte	0
 1072 0414 00       		.byte	0
 1073 0415 00       		.byte	0
 1074 0416 78       		.byte	120
 1075 0417 80       		.byte	-128
 1076 0418 70       		.byte	112
 1077 0419 08       		.byte	8
 1078 041a F0       		.byte	-16
 1079 041b 00       		.byte	0
 1080 041c 40       		.byte	64
 1081 041d 40       		.byte	64
 1082 041e F0       		.byte	-16
 1083 041f 40       		.byte	64
ARM GAS  C:\Users\d3bug\AppData\Local\Temp\ccgdv3hr.s 			page 20


 1084 0420 40       		.byte	64
 1085 0421 48       		.byte	72
 1086 0422 30       		.byte	48
 1087 0423 00       		.byte	0
 1088 0424 00       		.byte	0
 1089 0425 00       		.byte	0
 1090 0426 88       		.byte	-120
 1091 0427 88       		.byte	-120
 1092 0428 88       		.byte	-120
 1093 0429 88       		.byte	-120
 1094 042a 70       		.byte	112
 1095 042b 00       		.byte	0
 1096 042c 00       		.byte	0
 1097 042d 00       		.byte	0
 1098 042e 88       		.byte	-120
 1099 042f 88       		.byte	-120
 1100 0430 88       		.byte	-120
 1101 0431 50       		.byte	80
 1102 0432 20       		.byte	32
 1103 0433 00       		.byte	0
 1104 0434 00       		.byte	0
 1105 0435 00       		.byte	0
 1106 0436 88       		.byte	-120
 1107 0437 A8       		.byte	-88
 1108 0438 A8       		.byte	-88
 1109 0439 A8       		.byte	-88
 1110 043a 50       		.byte	80
 1111 043b 00       		.byte	0
 1112 043c 00       		.byte	0
 1113 043d 00       		.byte	0
 1114 043e 88       		.byte	-120
 1115 043f 50       		.byte	80
 1116 0440 20       		.byte	32
 1117 0441 50       		.byte	80
 1118 0442 88       		.byte	-120
 1119 0443 00       		.byte	0
 1120 0444 00       		.byte	0
 1121 0445 00       		.byte	0
 1122 0446 88       		.byte	-120
 1123 0447 88       		.byte	-120
 1124 0448 88       		.byte	-120
 1125 0449 78       		.byte	120
 1126 044a 08       		.byte	8
 1127 044b 70       		.byte	112
 1128 044c 00       		.byte	0
 1129 044d 00       		.byte	0
 1130 044e F8       		.byte	-8
 1131 044f 10       		.byte	16
 1132 0450 20       		.byte	32
 1133 0451 40       		.byte	64
 1134 0452 F8       		.byte	-8
 1135 0453 00       		.byte	0
 1136 0454 30       		.byte	48
 1137 0455 40       		.byte	64
 1138 0456 40       		.byte	64
 1139 0457 80       		.byte	-128
 1140 0458 40       		.byte	64
ARM GAS  C:\Users\d3bug\AppData\Local\Temp\ccgdv3hr.s 			page 21


 1141 0459 40       		.byte	64
 1142 045a 30       		.byte	48
 1143 045b 00       		.byte	0
 1144 045c 80       		.byte	-128
 1145 045d 80       		.byte	-128
 1146 045e 80       		.byte	-128
 1147 045f 80       		.byte	-128
 1148 0460 80       		.byte	-128
 1149 0461 80       		.byte	-128
 1150 0462 80       		.byte	-128
 1151 0463 80       		.byte	-128
 1152 0464 C0       		.byte	-64
 1153 0465 20       		.byte	32
 1154 0466 20       		.byte	32
 1155 0467 10       		.byte	16
 1156 0468 20       		.byte	32
 1157 0469 20       		.byte	32
 1158 046a C0       		.byte	-64
 1159 046b 00       		.byte	0
 1160 046c 40       		.byte	64
 1161 046d A8       		.byte	-88
 1162 046e 10       		.byte	16
 1163 046f 00       		.byte	0
 1164 0470 00       		.byte	0
 1165 0471 00       		.byte	0
 1166 0472 00       		.byte	0
 1167 0473 00       		.byte	0
 1168              		.data
 1169              		.align	2
 1170              		.type	lv_font_monospace_8, %object
 1171              		.size	lv_font_monospace_8, 40
 1172              	lv_font_monospace_8:
 1173 0000 20000000 		.word	32
 1174 0004 7E000000 		.word	126
 1175 0008 7C010000 		.word	lv_font_monospace_8_glyph_bitmap
 1176 000c 00000000 		.word	lv_font_monospace_8_glyph_dsc
 1177 0010 00000000 		.word	0
 1178 0014 00000000 		.word	lv_font_get_bitmap_continuous
 1179 0018 00000000 		.word	lv_font_get_width_continuous
 1180 001c 00000000 		.word	0
 1181 0020 08       		.byte	8
 1182 0021 61       		.byte	97
 1183 0022 00       		.byte	0
 1184 0023 00000000 		.space	5
 1184      00
 1185              		.text
 1186              	.Letext0:
 1187              		.file 1 "c:\\program files (x86)\\cypress\\psoc creator\\4.2\\psoc creator\\import\\gnu\\arm\\5.4.
 1188              		.file 2 "c:\\program files (x86)\\cypress\\psoc creator\\4.2\\psoc creator\\import\\gnu\\arm\\5.4.
 1189              		.file 3 "..\\lvgl\\lv_fonts\\../lv_misc/lv_font.h"
 1190              		.file 4 "..\\lvgl\\lv_fonts\\lv_font_monospace_8.c"
 1191              		.section	.debug_info,"",%progbits
 1192              	.Ldebug_info0:
 1193 0000 6F020000 		.4byte	0x26f
 1194 0004 0400     		.2byte	0x4
 1195 0006 00000000 		.4byte	.Ldebug_abbrev0
 1196 000a 04       		.byte	0x4
ARM GAS  C:\Users\d3bug\AppData\Local\Temp\ccgdv3hr.s 			page 22


 1197 000b 01       		.uleb128 0x1
 1198 000c 47020000 		.4byte	.LASF36
 1199 0010 0C       		.byte	0xc
 1200 0011 2E010000 		.4byte	.LASF37
 1201 0015 9E000000 		.4byte	.LASF38
 1202 0019 00000000 		.4byte	.Ldebug_line0
 1203 001d 02       		.uleb128 0x2
 1204 001e 01       		.byte	0x1
 1205 001f 06       		.byte	0x6
 1206 0020 55010000 		.4byte	.LASF0
 1207 0024 03       		.uleb128 0x3
 1208 0025 00010000 		.4byte	.LASF2
 1209 0029 01       		.byte	0x1
 1210 002a 1D       		.byte	0x1d
 1211 002b 2F000000 		.4byte	0x2f
 1212 002f 02       		.uleb128 0x2
 1213 0030 01       		.byte	0x1
 1214 0031 08       		.byte	0x8
 1215 0032 20010000 		.4byte	.LASF1
 1216 0036 03       		.uleb128 0x3
 1217 0037 14020000 		.4byte	.LASF3
 1218 003b 01       		.byte	0x1
 1219 003c 29       		.byte	0x29
 1220 003d 41000000 		.4byte	0x41
 1221 0041 02       		.uleb128 0x2
 1222 0042 02       		.byte	0x2
 1223 0043 05       		.byte	0x5
 1224 0044 38000000 		.4byte	.LASF4
 1225 0048 03       		.uleb128 0x3
 1226 0049 74000000 		.4byte	.LASF5
 1227 004d 01       		.byte	0x1
 1228 004e 2B       		.byte	0x2b
 1229 004f 53000000 		.4byte	0x53
 1230 0053 02       		.uleb128 0x2
 1231 0054 02       		.byte	0x2
 1232 0055 07       		.byte	0x7
 1233 0056 97010000 		.4byte	.LASF6
 1234 005a 02       		.uleb128 0x2
 1235 005b 04       		.byte	0x4
 1236 005c 05       		.byte	0x5
 1237 005d F2000000 		.4byte	.LASF7
 1238 0061 03       		.uleb128 0x3
 1239 0062 69000000 		.4byte	.LASF8
 1240 0066 01       		.byte	0x1
 1241 0067 41       		.byte	0x41
 1242 0068 6C000000 		.4byte	0x6c
 1243 006c 02       		.uleb128 0x2
 1244 006d 04       		.byte	0x4
 1245 006e 07       		.byte	0x7
 1246 006f CA010000 		.4byte	.LASF9
 1247 0073 02       		.uleb128 0x2
 1248 0074 08       		.byte	0x8
 1249 0075 05       		.byte	0x5
 1250 0076 E4000000 		.4byte	.LASF10
 1251 007a 02       		.uleb128 0x2
 1252 007b 08       		.byte	0x8
 1253 007c 07       		.byte	0x7
ARM GAS  C:\Users\d3bug\AppData\Local\Temp\ccgdv3hr.s 			page 23


 1254 007d 61010000 		.4byte	.LASF11
 1255 0081 04       		.uleb128 0x4
 1256 0082 04       		.byte	0x4
 1257 0083 05       		.byte	0x5
 1258 0084 696E7400 		.ascii	"int\000"
 1259 0088 02       		.uleb128 0x2
 1260 0089 04       		.byte	0x4
 1261 008a 07       		.byte	0x7
 1262 008b 81010000 		.4byte	.LASF12
 1263 008f 03       		.uleb128 0x3
 1264 0090 8C000000 		.4byte	.LASF13
 1265 0094 02       		.byte	0x2
 1266 0095 18       		.byte	0x18
 1267 0096 24000000 		.4byte	0x24
 1268 009a 03       		.uleb128 0x3
 1269 009b AA010000 		.4byte	.LASF14
 1270 009f 02       		.byte	0x2
 1271 00a0 20       		.byte	0x20
 1272 00a1 36000000 		.4byte	0x36
 1273 00a5 03       		.uleb128 0x3
 1274 00a6 8E010000 		.4byte	.LASF15
 1275 00aa 02       		.byte	0x2
 1276 00ab 24       		.byte	0x24
 1277 00ac 48000000 		.4byte	0x48
 1278 00b0 03       		.uleb128 0x3
 1279 00b1 78010000 		.4byte	.LASF16
 1280 00b5 02       		.byte	0x2
 1281 00b6 30       		.byte	0x30
 1282 00b7 61000000 		.4byte	0x61
 1283 00bb 02       		.uleb128 0x2
 1284 00bc 08       		.byte	0x8
 1285 00bd 04       		.byte	0x4
 1286 00be 14010000 		.4byte	.LASF17
 1287 00c2 05       		.uleb128 0x5
 1288 00c3 04       		.byte	0x4
 1289 00c4 03       		.byte	0x3
 1290 00c5 25       		.byte	0x25
 1291 00c6 E9000000 		.4byte	0xe9
 1292 00ca 06       		.uleb128 0x6
 1293 00cb FB000000 		.4byte	.LASF18
 1294 00cf 03       		.byte	0x3
 1295 00d0 27       		.byte	0x27
 1296 00d1 B0000000 		.4byte	0xb0
 1297 00d5 04       		.byte	0x4
 1298 00d6 08       		.byte	0x8
 1299 00d7 18       		.byte	0x18
 1300 00d8 00       		.byte	0
 1301 00d9 06       		.uleb128 0x6
 1302 00da 1E020000 		.4byte	.LASF19
 1303 00de 03       		.byte	0x3
 1304 00df 28       		.byte	0x28
 1305 00e0 B0000000 		.4byte	0xb0
 1306 00e4 04       		.byte	0x4
 1307 00e5 18       		.byte	0x18
 1308 00e6 00       		.byte	0
 1309 00e7 00       		.byte	0
 1310 00e8 00       		.byte	0
ARM GAS  C:\Users\d3bug\AppData\Local\Temp\ccgdv3hr.s 			page 24


 1311 00e9 03       		.uleb128 0x3
 1312 00ea D5020000 		.4byte	.LASF20
 1313 00ee 03       		.byte	0x3
 1314 00ef 29       		.byte	0x29
 1315 00f0 C2000000 		.4byte	0xc2
 1316 00f4 07       		.uleb128 0x7
 1317 00f5 2A020000 		.4byte	.LASF39
 1318 00f9 28       		.byte	0x28
 1319 00fa 03       		.byte	0x3
 1320 00fb 31       		.byte	0x31
 1321 00fc 9A010000 		.4byte	0x19a
 1322 0100 08       		.uleb128 0x8
 1323 0101 B2010000 		.4byte	.LASF21
 1324 0105 03       		.byte	0x3
 1325 0106 33       		.byte	0x33
 1326 0107 B0000000 		.4byte	0xb0
 1327 010b 00       		.byte	0
 1328 010c 08       		.uleb128 0x8
 1329 010d 07020000 		.4byte	.LASF22
 1330 0111 03       		.byte	0x3
 1331 0112 34       		.byte	0x34
 1332 0113 B0000000 		.4byte	0xb0
 1333 0117 04       		.byte	0x4
 1334 0118 08       		.uleb128 0x8
 1335 0119 7F000000 		.4byte	.LASF23
 1336 011d 03       		.byte	0x3
 1337 011e 35       		.byte	0x35
 1338 011f 9A010000 		.4byte	0x19a
 1339 0123 08       		.byte	0x8
 1340 0124 08       		.uleb128 0x8
 1341 0125 0A010000 		.4byte	.LASF24
 1342 0129 03       		.byte	0x3
 1343 012a 36       		.byte	0x36
 1344 012b A5010000 		.4byte	0x1a5
 1345 012f 0C       		.byte	0xc
 1346 0130 08       		.uleb128 0x8
 1347 0131 3A020000 		.4byte	.LASF25
 1348 0135 03       		.byte	0x3
 1349 0136 37       		.byte	0x37
 1350 0137 B0010000 		.4byte	0x1b0
 1351 013b 10       		.byte	0x10
 1352 013c 08       		.uleb128 0x8
 1353 013d 2D000000 		.4byte	.LASF26
 1354 0141 03       		.byte	0x3
 1355 0142 38       		.byte	0x38
 1356 0143 DA010000 		.4byte	0x1da
 1357 0147 14       		.byte	0x14
 1358 0148 08       		.uleb128 0x8
 1359 0149 23000000 		.4byte	.LASF27
 1360 014d 03       		.byte	0x3
 1361 014e 39       		.byte	0x39
 1362 014f F4010000 		.4byte	0x1f4
 1363 0153 18       		.byte	0x18
 1364 0154 08       		.uleb128 0x8
 1365 0155 FD010000 		.4byte	.LASF28
 1366 0159 03       		.byte	0x3
 1367 015a 3A       		.byte	0x3a
ARM GAS  C:\Users\d3bug\AppData\Local\Temp\ccgdv3hr.s 			page 25


 1368 015b FA010000 		.4byte	0x1fa
 1369 015f 1C       		.byte	0x1c
 1370 0160 06       		.uleb128 0x6
 1371 0161 00000000 		.4byte	.LASF29
 1372 0165 03       		.byte	0x3
 1373 0166 3B       		.byte	0x3b
 1374 0167 B0000000 		.4byte	0xb0
 1375 016b 04       		.byte	0x4
 1376 016c 08       		.byte	0x8
 1377 016d 18       		.byte	0x18
 1378 016e 20       		.byte	0x20
 1379 016f 09       		.uleb128 0x9
 1380 0170 62707000 		.ascii	"bpp\000"
 1381 0174 03       		.byte	0x3
 1382 0175 3C       		.byte	0x3c
 1383 0176 B0000000 		.4byte	0xb0
 1384 017a 04       		.byte	0x4
 1385 017b 04       		.byte	0x4
 1386 017c 14       		.byte	0x14
 1387 017d 20       		.byte	0x20
 1388 017e 06       		.uleb128 0x6
 1389 017f 19000000 		.4byte	.LASF30
 1390 0183 03       		.byte	0x3
 1391 0184 3D       		.byte	0x3d
 1392 0185 B0000000 		.4byte	0xb0
 1393 0189 04       		.byte	0x4
 1394 018a 08       		.byte	0x8
 1395 018b 0C       		.byte	0xc
 1396 018c 20       		.byte	0x20
 1397 018d 08       		.uleb128 0x8
 1398 018e 94000000 		.4byte	.LASF31
 1399 0192 03       		.byte	0x3
 1400 0193 3E       		.byte	0x3e
 1401 0194 A5000000 		.4byte	0xa5
 1402 0198 24       		.byte	0x24
 1403 0199 00       		.byte	0
 1404 019a 0A       		.uleb128 0xa
 1405 019b 04       		.byte	0x4
 1406 019c A0010000 		.4byte	0x1a0
 1407 01a0 0B       		.uleb128 0xb
 1408 01a1 8F000000 		.4byte	0x8f
 1409 01a5 0A       		.uleb128 0xa
 1410 01a6 04       		.byte	0x4
 1411 01a7 AB010000 		.4byte	0x1ab
 1412 01ab 0B       		.uleb128 0xb
 1413 01ac E9000000 		.4byte	0xe9
 1414 01b0 0A       		.uleb128 0xa
 1415 01b1 04       		.byte	0x4
 1416 01b2 B6010000 		.4byte	0x1b6
 1417 01b6 0B       		.uleb128 0xb
 1418 01b7 B0000000 		.4byte	0xb0
 1419 01bb 0C       		.uleb128 0xc
 1420 01bc 9A010000 		.4byte	0x19a
 1421 01c0 CF010000 		.4byte	0x1cf
 1422 01c4 0D       		.uleb128 0xd
 1423 01c5 CF010000 		.4byte	0x1cf
 1424 01c9 0D       		.uleb128 0xd
ARM GAS  C:\Users\d3bug\AppData\Local\Temp\ccgdv3hr.s 			page 26


 1425 01ca B0000000 		.4byte	0xb0
 1426 01ce 00       		.byte	0
 1427 01cf 0A       		.uleb128 0xa
 1428 01d0 04       		.byte	0x4
 1429 01d1 D5010000 		.4byte	0x1d5
 1430 01d5 0B       		.uleb128 0xb
 1431 01d6 F4000000 		.4byte	0xf4
 1432 01da 0A       		.uleb128 0xa
 1433 01db 04       		.byte	0x4
 1434 01dc BB010000 		.4byte	0x1bb
 1435 01e0 0C       		.uleb128 0xc
 1436 01e1 9A000000 		.4byte	0x9a
 1437 01e5 F4010000 		.4byte	0x1f4
 1438 01e9 0D       		.uleb128 0xd
 1439 01ea CF010000 		.4byte	0x1cf
 1440 01ee 0D       		.uleb128 0xd
 1441 01ef B0000000 		.4byte	0xb0
 1442 01f3 00       		.byte	0
 1443 01f4 0A       		.uleb128 0xa
 1444 01f5 04       		.byte	0x4
 1445 01f6 E0010000 		.4byte	0x1e0
 1446 01fa 0A       		.uleb128 0xa
 1447 01fb 04       		.byte	0x4
 1448 01fc F4000000 		.4byte	0xf4
 1449 0200 03       		.uleb128 0x3
 1450 0201 C0010000 		.4byte	.LASF32
 1451 0205 03       		.byte	0x3
 1452 0206 3F       		.byte	0x3f
 1453 0207 F4000000 		.4byte	0xf4
 1454 020b 0E       		.uleb128 0xe
 1455 020c A0010000 		.4byte	0x1a0
 1456 0210 1C020000 		.4byte	0x21c
 1457 0214 0F       		.uleb128 0xf
 1458 0215 1C020000 		.4byte	0x21c
 1459 0219 F702     		.2byte	0x2f7
 1460 021b 00       		.byte	0
 1461 021c 02       		.uleb128 0x2
 1462 021d 04       		.byte	0x4
 1463 021e 07       		.byte	0x7
 1464 021f 42000000 		.4byte	.LASF33
 1465 0223 10       		.uleb128 0x10
 1466 0224 DC010000 		.4byte	.LASF34
 1467 0228 04       		.byte	0x4
 1468 0229 0B       		.byte	0xb
 1469 022a 34020000 		.4byte	0x234
 1470 022e 05       		.uleb128 0x5
 1471 022f 03       		.byte	0x3
 1472 0230 7C010000 		.4byte	lv_font_monospace_8_glyph_bitmap
 1473 0234 0B       		.uleb128 0xb
 1474 0235 0B020000 		.4byte	0x20b
 1475 0239 0E       		.uleb128 0xe
 1476 023a AB010000 		.4byte	0x1ab
 1477 023e 49020000 		.4byte	0x249
 1478 0242 11       		.uleb128 0x11
 1479 0243 1C020000 		.4byte	0x21c
 1480 0247 5E       		.byte	0x5e
 1481 0248 00       		.byte	0
ARM GAS  C:\Users\d3bug\AppData\Local\Temp\ccgdv3hr.s 			page 27


 1482 0249 12       		.uleb128 0x12
 1483 024a 4B000000 		.4byte	.LASF35
 1484 024e 04       		.byte	0x4
 1485 024f 6D10     		.2byte	0x106d
 1486 0251 5B020000 		.4byte	0x25b
 1487 0255 05       		.uleb128 0x5
 1488 0256 03       		.byte	0x3
 1489 0257 00000000 		.4byte	lv_font_monospace_8_glyph_dsc
 1490 025b 0B       		.uleb128 0xb
 1491 025c 39020000 		.4byte	0x239
 1492 0260 13       		.uleb128 0x13
 1493 0261 05000000 		.4byte	.LASF40
 1494 0265 04       		.byte	0x4
 1495 0266 F511     		.2byte	0x11f5
 1496 0268 00020000 		.4byte	0x200
 1497 026c 05       		.uleb128 0x5
 1498 026d 03       		.byte	0x3
 1499 026e 00000000 		.4byte	lv_font_monospace_8
 1500 0272 00       		.byte	0
 1501              		.section	.debug_abbrev,"",%progbits
 1502              	.Ldebug_abbrev0:
 1503 0000 01       		.uleb128 0x1
 1504 0001 11       		.uleb128 0x11
 1505 0002 01       		.byte	0x1
 1506 0003 25       		.uleb128 0x25
 1507 0004 0E       		.uleb128 0xe
 1508 0005 13       		.uleb128 0x13
 1509 0006 0B       		.uleb128 0xb
 1510 0007 03       		.uleb128 0x3
 1511 0008 0E       		.uleb128 0xe
 1512 0009 1B       		.uleb128 0x1b
 1513 000a 0E       		.uleb128 0xe
 1514 000b 10       		.uleb128 0x10
 1515 000c 17       		.uleb128 0x17
 1516 000d 00       		.byte	0
 1517 000e 00       		.byte	0
 1518 000f 02       		.uleb128 0x2
 1519 0010 24       		.uleb128 0x24
 1520 0011 00       		.byte	0
 1521 0012 0B       		.uleb128 0xb
 1522 0013 0B       		.uleb128 0xb
 1523 0014 3E       		.uleb128 0x3e
 1524 0015 0B       		.uleb128 0xb
 1525 0016 03       		.uleb128 0x3
 1526 0017 0E       		.uleb128 0xe
 1527 0018 00       		.byte	0
 1528 0019 00       		.byte	0
 1529 001a 03       		.uleb128 0x3
 1530 001b 16       		.uleb128 0x16
 1531 001c 00       		.byte	0
 1532 001d 03       		.uleb128 0x3
 1533 001e 0E       		.uleb128 0xe
 1534 001f 3A       		.uleb128 0x3a
 1535 0020 0B       		.uleb128 0xb
 1536 0021 3B       		.uleb128 0x3b
 1537 0022 0B       		.uleb128 0xb
 1538 0023 49       		.uleb128 0x49
ARM GAS  C:\Users\d3bug\AppData\Local\Temp\ccgdv3hr.s 			page 28


 1539 0024 13       		.uleb128 0x13
 1540 0025 00       		.byte	0
 1541 0026 00       		.byte	0
 1542 0027 04       		.uleb128 0x4
 1543 0028 24       		.uleb128 0x24
 1544 0029 00       		.byte	0
 1545 002a 0B       		.uleb128 0xb
 1546 002b 0B       		.uleb128 0xb
 1547 002c 3E       		.uleb128 0x3e
 1548 002d 0B       		.uleb128 0xb
 1549 002e 03       		.uleb128 0x3
 1550 002f 08       		.uleb128 0x8
 1551 0030 00       		.byte	0
 1552 0031 00       		.byte	0
 1553 0032 05       		.uleb128 0x5
 1554 0033 13       		.uleb128 0x13
 1555 0034 01       		.byte	0x1
 1556 0035 0B       		.uleb128 0xb
 1557 0036 0B       		.uleb128 0xb
 1558 0037 3A       		.uleb128 0x3a
 1559 0038 0B       		.uleb128 0xb
 1560 0039 3B       		.uleb128 0x3b
 1561 003a 0B       		.uleb128 0xb
 1562 003b 01       		.uleb128 0x1
 1563 003c 13       		.uleb128 0x13
 1564 003d 00       		.byte	0
 1565 003e 00       		.byte	0
 1566 003f 06       		.uleb128 0x6
 1567 0040 0D       		.uleb128 0xd
 1568 0041 00       		.byte	0
 1569 0042 03       		.uleb128 0x3
 1570 0043 0E       		.uleb128 0xe
 1571 0044 3A       		.uleb128 0x3a
 1572 0045 0B       		.uleb128 0xb
 1573 0046 3B       		.uleb128 0x3b
 1574 0047 0B       		.uleb128 0xb
 1575 0048 49       		.uleb128 0x49
 1576 0049 13       		.uleb128 0x13
 1577 004a 0B       		.uleb128 0xb
 1578 004b 0B       		.uleb128 0xb
 1579 004c 0D       		.uleb128 0xd
 1580 004d 0B       		.uleb128 0xb
 1581 004e 0C       		.uleb128 0xc
 1582 004f 0B       		.uleb128 0xb
 1583 0050 38       		.uleb128 0x38
 1584 0051 0B       		.uleb128 0xb
 1585 0052 00       		.byte	0
 1586 0053 00       		.byte	0
 1587 0054 07       		.uleb128 0x7
 1588 0055 13       		.uleb128 0x13
 1589 0056 01       		.byte	0x1
 1590 0057 03       		.uleb128 0x3
 1591 0058 0E       		.uleb128 0xe
 1592 0059 0B       		.uleb128 0xb
 1593 005a 0B       		.uleb128 0xb
 1594 005b 3A       		.uleb128 0x3a
 1595 005c 0B       		.uleb128 0xb
ARM GAS  C:\Users\d3bug\AppData\Local\Temp\ccgdv3hr.s 			page 29


 1596 005d 3B       		.uleb128 0x3b
 1597 005e 0B       		.uleb128 0xb
 1598 005f 01       		.uleb128 0x1
 1599 0060 13       		.uleb128 0x13
 1600 0061 00       		.byte	0
 1601 0062 00       		.byte	0
 1602 0063 08       		.uleb128 0x8
 1603 0064 0D       		.uleb128 0xd
 1604 0065 00       		.byte	0
 1605 0066 03       		.uleb128 0x3
 1606 0067 0E       		.uleb128 0xe
 1607 0068 3A       		.uleb128 0x3a
 1608 0069 0B       		.uleb128 0xb
 1609 006a 3B       		.uleb128 0x3b
 1610 006b 0B       		.uleb128 0xb
 1611 006c 49       		.uleb128 0x49
 1612 006d 13       		.uleb128 0x13
 1613 006e 38       		.uleb128 0x38
 1614 006f 0B       		.uleb128 0xb
 1615 0070 00       		.byte	0
 1616 0071 00       		.byte	0
 1617 0072 09       		.uleb128 0x9
 1618 0073 0D       		.uleb128 0xd
 1619 0074 00       		.byte	0
 1620 0075 03       		.uleb128 0x3
 1621 0076 08       		.uleb128 0x8
 1622 0077 3A       		.uleb128 0x3a
 1623 0078 0B       		.uleb128 0xb
 1624 0079 3B       		.uleb128 0x3b
 1625 007a 0B       		.uleb128 0xb
 1626 007b 49       		.uleb128 0x49
 1627 007c 13       		.uleb128 0x13
 1628 007d 0B       		.uleb128 0xb
 1629 007e 0B       		.uleb128 0xb
 1630 007f 0D       		.uleb128 0xd
 1631 0080 0B       		.uleb128 0xb
 1632 0081 0C       		.uleb128 0xc
 1633 0082 0B       		.uleb128 0xb
 1634 0083 38       		.uleb128 0x38
 1635 0084 0B       		.uleb128 0xb
 1636 0085 00       		.byte	0
 1637 0086 00       		.byte	0
 1638 0087 0A       		.uleb128 0xa
 1639 0088 0F       		.uleb128 0xf
 1640 0089 00       		.byte	0
 1641 008a 0B       		.uleb128 0xb
 1642 008b 0B       		.uleb128 0xb
 1643 008c 49       		.uleb128 0x49
 1644 008d 13       		.uleb128 0x13
 1645 008e 00       		.byte	0
 1646 008f 00       		.byte	0
 1647 0090 0B       		.uleb128 0xb
 1648 0091 26       		.uleb128 0x26
 1649 0092 00       		.byte	0
 1650 0093 49       		.uleb128 0x49
 1651 0094 13       		.uleb128 0x13
 1652 0095 00       		.byte	0
ARM GAS  C:\Users\d3bug\AppData\Local\Temp\ccgdv3hr.s 			page 30


 1653 0096 00       		.byte	0
 1654 0097 0C       		.uleb128 0xc
 1655 0098 15       		.uleb128 0x15
 1656 0099 01       		.byte	0x1
 1657 009a 27       		.uleb128 0x27
 1658 009b 19       		.uleb128 0x19
 1659 009c 49       		.uleb128 0x49
 1660 009d 13       		.uleb128 0x13
 1661 009e 01       		.uleb128 0x1
 1662 009f 13       		.uleb128 0x13
 1663 00a0 00       		.byte	0
 1664 00a1 00       		.byte	0
 1665 00a2 0D       		.uleb128 0xd
 1666 00a3 05       		.uleb128 0x5
 1667 00a4 00       		.byte	0
 1668 00a5 49       		.uleb128 0x49
 1669 00a6 13       		.uleb128 0x13
 1670 00a7 00       		.byte	0
 1671 00a8 00       		.byte	0
 1672 00a9 0E       		.uleb128 0xe
 1673 00aa 01       		.uleb128 0x1
 1674 00ab 01       		.byte	0x1
 1675 00ac 49       		.uleb128 0x49
 1676 00ad 13       		.uleb128 0x13
 1677 00ae 01       		.uleb128 0x1
 1678 00af 13       		.uleb128 0x13
 1679 00b0 00       		.byte	0
 1680 00b1 00       		.byte	0
 1681 00b2 0F       		.uleb128 0xf
 1682 00b3 21       		.uleb128 0x21
 1683 00b4 00       		.byte	0
 1684 00b5 49       		.uleb128 0x49
 1685 00b6 13       		.uleb128 0x13
 1686 00b7 2F       		.uleb128 0x2f
 1687 00b8 05       		.uleb128 0x5
 1688 00b9 00       		.byte	0
 1689 00ba 00       		.byte	0
 1690 00bb 10       		.uleb128 0x10
 1691 00bc 34       		.uleb128 0x34
 1692 00bd 00       		.byte	0
 1693 00be 03       		.uleb128 0x3
 1694 00bf 0E       		.uleb128 0xe
 1695 00c0 3A       		.uleb128 0x3a
 1696 00c1 0B       		.uleb128 0xb
 1697 00c2 3B       		.uleb128 0x3b
 1698 00c3 0B       		.uleb128 0xb
 1699 00c4 49       		.uleb128 0x49
 1700 00c5 13       		.uleb128 0x13
 1701 00c6 02       		.uleb128 0x2
 1702 00c7 18       		.uleb128 0x18
 1703 00c8 00       		.byte	0
 1704 00c9 00       		.byte	0
 1705 00ca 11       		.uleb128 0x11
 1706 00cb 21       		.uleb128 0x21
 1707 00cc 00       		.byte	0
 1708 00cd 49       		.uleb128 0x49
 1709 00ce 13       		.uleb128 0x13
ARM GAS  C:\Users\d3bug\AppData\Local\Temp\ccgdv3hr.s 			page 31


 1710 00cf 2F       		.uleb128 0x2f
 1711 00d0 0B       		.uleb128 0xb
 1712 00d1 00       		.byte	0
 1713 00d2 00       		.byte	0
 1714 00d3 12       		.uleb128 0x12
 1715 00d4 34       		.uleb128 0x34
 1716 00d5 00       		.byte	0
 1717 00d6 03       		.uleb128 0x3
 1718 00d7 0E       		.uleb128 0xe
 1719 00d8 3A       		.uleb128 0x3a
 1720 00d9 0B       		.uleb128 0xb
 1721 00da 3B       		.uleb128 0x3b
 1722 00db 05       		.uleb128 0x5
 1723 00dc 49       		.uleb128 0x49
 1724 00dd 13       		.uleb128 0x13
 1725 00de 02       		.uleb128 0x2
 1726 00df 18       		.uleb128 0x18
 1727 00e0 00       		.byte	0
 1728 00e1 00       		.byte	0
 1729 00e2 13       		.uleb128 0x13
 1730 00e3 34       		.uleb128 0x34
 1731 00e4 00       		.byte	0
 1732 00e5 03       		.uleb128 0x3
 1733 00e6 0E       		.uleb128 0xe
 1734 00e7 3A       		.uleb128 0x3a
 1735 00e8 0B       		.uleb128 0xb
 1736 00e9 3B       		.uleb128 0x3b
 1737 00ea 05       		.uleb128 0x5
 1738 00eb 49       		.uleb128 0x49
 1739 00ec 13       		.uleb128 0x13
 1740 00ed 3F       		.uleb128 0x3f
 1741 00ee 19       		.uleb128 0x19
 1742 00ef 02       		.uleb128 0x2
 1743 00f0 18       		.uleb128 0x18
 1744 00f1 00       		.byte	0
 1745 00f2 00       		.byte	0
 1746 00f3 00       		.byte	0
 1747              		.section	.debug_aranges,"",%progbits
 1748 0000 14000000 		.4byte	0x14
 1749 0004 0200     		.2byte	0x2
 1750 0006 00000000 		.4byte	.Ldebug_info0
 1751 000a 04       		.byte	0x4
 1752 000b 00       		.byte	0
 1753 000c 0000     		.2byte	0
 1754 000e 0000     		.2byte	0
 1755 0010 00000000 		.4byte	0
 1756 0014 00000000 		.4byte	0
 1757              		.section	.debug_line,"",%progbits
 1758              	.Ldebug_line0:
 1759 0000 69010000 		.section	.debug_str,"MS",%progbits,1
 1759      02006301 
 1759      00000201 
 1759      FB0E0D00 
 1759      01010101 
 1760              	.LASF29:
 1761 0000 685F7078 		.ascii	"h_px\000"
 1761      00
ARM GAS  C:\Users\d3bug\AppData\Local\Temp\ccgdv3hr.s 			page 32


 1762              	.LASF40:
 1763 0005 6C765F66 		.ascii	"lv_font_monospace_8\000"
 1763      6F6E745F 
 1763      6D6F6E6F 
 1763      73706163 
 1763      655F3800 
 1764              	.LASF30:
 1765 0019 6D6F6E6F 		.ascii	"monospace\000"
 1765      73706163 
 1765      6500
 1766              	.LASF27:
 1767 0023 6765745F 		.ascii	"get_width\000"
 1767      77696474 
 1767      6800
 1768              	.LASF26:
 1769 002d 6765745F 		.ascii	"get_bitmap\000"
 1769      6269746D 
 1769      617000
 1770              	.LASF4:
 1771 0038 73686F72 		.ascii	"short int\000"
 1771      7420696E 
 1771      7400
 1772              	.LASF33:
 1773 0042 73697A65 		.ascii	"sizetype\000"
 1773      74797065 
 1773      00
 1774              	.LASF35:
 1775 004b 6C765F66 		.ascii	"lv_font_monospace_8_glyph_dsc\000"
 1775      6F6E745F 
 1775      6D6F6E6F 
 1775      73706163 
 1775      655F385F 
 1776              	.LASF8:
 1777 0069 5F5F7569 		.ascii	"__uint32_t\000"
 1777      6E743332 
 1777      5F7400
 1778              	.LASF5:
 1779 0074 5F5F7569 		.ascii	"__uint16_t\000"
 1779      6E743136 
 1779      5F7400
 1780              	.LASF23:
 1781 007f 676C7970 		.ascii	"glyph_bitmap\000"
 1781      685F6269 
 1781      746D6170 
 1781      00
 1782              	.LASF13:
 1783 008c 75696E74 		.ascii	"uint8_t\000"
 1783      385F7400 
 1784              	.LASF31:
 1785 0094 676C7970 		.ascii	"glyph_cnt\000"
 1785      685F636E 
 1785      7400
 1786              	.LASF38:
 1787 009e 433A5C55 		.ascii	"C:\\Users\\d3bug\\Documents\\Creator\\lvgl_ssd1306\\"
 1787      73657273 
 1787      5C643362 
 1787      75675C44 
ARM GAS  C:\Users\d3bug\AppData\Local\Temp\ccgdv3hr.s 			page 33


 1787      6F63756D 
 1788 00cc 68656C6C 		.ascii	"hello_world_label.cydsn\000"
 1788      6F5F776F 
 1788      726C645F 
 1788      6C616265 
 1788      6C2E6379 
 1789              	.LASF10:
 1790 00e4 6C6F6E67 		.ascii	"long long int\000"
 1790      206C6F6E 
 1790      6720696E 
 1790      7400
 1791              	.LASF7:
 1792 00f2 6C6F6E67 		.ascii	"long int\000"
 1792      20696E74 
 1792      00
 1793              	.LASF18:
 1794 00fb 775F7078 		.ascii	"w_px\000"
 1794      00
 1795              	.LASF2:
 1796 0100 5F5F7569 		.ascii	"__uint8_t\000"
 1796      6E74385F 
 1796      7400
 1797              	.LASF24:
 1798 010a 676C7970 		.ascii	"glyph_dsc\000"
 1798      685F6473 
 1798      6300
 1799              	.LASF17:
 1800 0114 6C6F6E67 		.ascii	"long double\000"
 1800      20646F75 
 1800      626C6500 
 1801              	.LASF1:
 1802 0120 756E7369 		.ascii	"unsigned char\000"
 1802      676E6564 
 1802      20636861 
 1802      7200
 1803              	.LASF37:
 1804 012e 2E2E5C6C 		.ascii	"..\\lvgl\\lv_fonts\\lv_font_monospace_8.c\000"
 1804      76676C5C 
 1804      6C765F66 
 1804      6F6E7473 
 1804      5C6C765F 
 1805              	.LASF0:
 1806 0155 7369676E 		.ascii	"signed char\000"
 1806      65642063 
 1806      68617200 
 1807              	.LASF11:
 1808 0161 6C6F6E67 		.ascii	"long long unsigned int\000"
 1808      206C6F6E 
 1808      6720756E 
 1808      7369676E 
 1808      65642069 
 1809              	.LASF16:
 1810 0178 75696E74 		.ascii	"uint32_t\000"
 1810      33325F74 
 1810      00
 1811              	.LASF12:
 1812 0181 756E7369 		.ascii	"unsigned int\000"
ARM GAS  C:\Users\d3bug\AppData\Local\Temp\ccgdv3hr.s 			page 34


 1812      676E6564 
 1812      20696E74 
 1812      00
 1813              	.LASF15:
 1814 018e 75696E74 		.ascii	"uint16_t\000"
 1814      31365F74 
 1814      00
 1815              	.LASF6:
 1816 0197 73686F72 		.ascii	"short unsigned int\000"
 1816      7420756E 
 1816      7369676E 
 1816      65642069 
 1816      6E7400
 1817              	.LASF14:
 1818 01aa 696E7431 		.ascii	"int16_t\000"
 1818      365F7400 
 1819              	.LASF21:
 1820 01b2 756E6963 		.ascii	"unicode_first\000"
 1820      6F64655F 
 1820      66697273 
 1820      7400
 1821              	.LASF32:
 1822 01c0 6C765F66 		.ascii	"lv_font_t\000"
 1822      6F6E745F 
 1822      7400
 1823              	.LASF9:
 1824 01ca 6C6F6E67 		.ascii	"long unsigned int\000"
 1824      20756E73 
 1824      69676E65 
 1824      6420696E 
 1824      7400
 1825              	.LASF34:
 1826 01dc 6C765F66 		.ascii	"lv_font_monospace_8_glyph_bitmap\000"
 1826      6F6E745F 
 1826      6D6F6E6F 
 1826      73706163 
 1826      655F385F 
 1827              	.LASF28:
 1828 01fd 6E657874 		.ascii	"next_page\000"
 1828      5F706167 
 1828      6500
 1829              	.LASF22:
 1830 0207 756E6963 		.ascii	"unicode_last\000"
 1830      6F64655F 
 1830      6C617374 
 1830      00
 1831              	.LASF3:
 1832 0214 5F5F696E 		.ascii	"__int16_t\000"
 1832      7431365F 
 1832      7400
 1833              	.LASF19:
 1834 021e 676C7970 		.ascii	"glyph_index\000"
 1834      685F696E 
 1834      64657800 
 1835              	.LASF39:
 1836 022a 5F6C765F 		.ascii	"_lv_font_struct\000"
 1836      666F6E74 
ARM GAS  C:\Users\d3bug\AppData\Local\Temp\ccgdv3hr.s 			page 35


 1836      5F737472 
 1836      75637400 
 1837              	.LASF25:
 1838 023a 756E6963 		.ascii	"unicode_list\000"
 1838      6F64655F 
 1838      6C697374 
 1838      00
 1839              	.LASF36:
 1840 0247 474E5520 		.ascii	"GNU C11 5.4.1 20160609 (release) [ARM/embedded-5-br"
 1840      43313120 
 1840      352E342E 
 1840      31203230 
 1840      31363036 
 1841 027a 616E6368 		.ascii	"anch revision 237715] -mcpu=cortex-m3 -mthumb -g -O"
 1841      20726576 
 1841      6973696F 
 1841      6E203233 
 1841      37373135 
 1842 02ad 67202D66 		.ascii	"g -ffunction-sections -ffat-lto-objects\000"
 1842      66756E63 
 1842      74696F6E 
 1842      2D736563 
 1842      74696F6E 
 1843              	.LASF20:
 1844 02d5 6C765F66 		.ascii	"lv_font_glyph_dsc_t\000"
 1844      6F6E745F 
 1844      676C7970 
 1844      685F6473 
 1844      635F7400 
 1845              		.ident	"GCC: (GNU Tools for ARM Embedded Processors) 5.4.1 20160609 (release) [ARM/embedded-5-bran
