ARM GAS  C:\Users\d3bug\AppData\Local\Temp\ccIRgqT2.s 			page 1


   1              		.syntax unified
   2              		.cpu cortex-m3
   3              		.fpu softvfp
   4              		.eabi_attribute 20, 1
   5              		.eabi_attribute 21, 1
   6              		.eabi_attribute 23, 3
   7              		.eabi_attribute 24, 1
   8              		.eabi_attribute 25, 1
   9              		.eabi_attribute 26, 1
  10              		.eabi_attribute 30, 1
  11              		.eabi_attribute 34, 1
  12              		.eabi_attribute 18, 4
  13              		.thumb
  14              		.syntax unified
  15              		.file	"lv_log.c"
  16              		.text
  17              	.Ltext0:
  18              		.cfi_sections	.debug_frame
  19              		.section	.text.lv_log_register_print,"ax",%progbits
  20              		.align	2
  21              		.global	lv_log_register_print
  22              		.thumb
  23              		.thumb_func
  24              		.type	lv_log_register_print, %function
  25              	lv_log_register_print:
  26              	.LFB0:
  27              		.file 1 "..\\lvgl\\lv_misc\\lv_log.c"
   1:..\lvgl\lv_misc/lv_log.c **** /**
   2:..\lvgl\lv_misc/lv_log.c ****  * @file lv_log.c
   3:..\lvgl\lv_misc/lv_log.c ****  *
   4:..\lvgl\lv_misc/lv_log.c ****  */
   5:..\lvgl\lv_misc/lv_log.c **** 
   6:..\lvgl\lv_misc/lv_log.c **** /*********************
   7:..\lvgl\lv_misc/lv_log.c ****  *      INCLUDES
   8:..\lvgl\lv_misc/lv_log.c ****  *********************/
   9:..\lvgl\lv_misc/lv_log.c **** #include "lv_log.h"
  10:..\lvgl\lv_misc/lv_log.c **** #if USE_LV_LOG
  11:..\lvgl\lv_misc/lv_log.c **** 
  12:..\lvgl\lv_misc/lv_log.c **** #if LV_LOG_PRINTF
  13:..\lvgl\lv_misc/lv_log.c **** #include <stdio.h>
  14:..\lvgl\lv_misc/lv_log.c **** #endif
  15:..\lvgl\lv_misc/lv_log.c **** /*********************
  16:..\lvgl\lv_misc/lv_log.c ****  *      DEFINES
  17:..\lvgl\lv_misc/lv_log.c ****  *********************/
  18:..\lvgl\lv_misc/lv_log.c **** 
  19:..\lvgl\lv_misc/lv_log.c **** /**********************
  20:..\lvgl\lv_misc/lv_log.c ****  *      TYPEDEFS
  21:..\lvgl\lv_misc/lv_log.c ****  **********************/
  22:..\lvgl\lv_misc/lv_log.c **** 
  23:..\lvgl\lv_misc/lv_log.c **** /**********************
  24:..\lvgl\lv_misc/lv_log.c ****  *  STATIC PROTOTYPES
  25:..\lvgl\lv_misc/lv_log.c ****  **********************/
  26:..\lvgl\lv_misc/lv_log.c **** 
  27:..\lvgl\lv_misc/lv_log.c **** /**********************
  28:..\lvgl\lv_misc/lv_log.c ****  *  STATIC VARIABLES
  29:..\lvgl\lv_misc/lv_log.c ****  **********************/
  30:..\lvgl\lv_misc/lv_log.c **** static void (*print_cb)(lv_log_level_t, const char *, uint32_t,  const char *);
ARM GAS  C:\Users\d3bug\AppData\Local\Temp\ccIRgqT2.s 			page 2


  31:..\lvgl\lv_misc/lv_log.c **** 
  32:..\lvgl\lv_misc/lv_log.c **** /**********************
  33:..\lvgl\lv_misc/lv_log.c ****  *      MACROS
  34:..\lvgl\lv_misc/lv_log.c ****  **********************/
  35:..\lvgl\lv_misc/lv_log.c **** 
  36:..\lvgl\lv_misc/lv_log.c **** /**********************
  37:..\lvgl\lv_misc/lv_log.c ****  *   GLOBAL FUNCTIONS
  38:..\lvgl\lv_misc/lv_log.c ****  **********************/
  39:..\lvgl\lv_misc/lv_log.c **** 
  40:..\lvgl\lv_misc/lv_log.c **** /**
  41:..\lvgl\lv_misc/lv_log.c ****  * Register custom print (or anything else) function to call when log is added
  42:..\lvgl\lv_misc/lv_log.c ****  * @param f a function pointer:
  43:..\lvgl\lv_misc/lv_log.c ****  *          `void my_print (lv_log_level_t level, const char * file, uint32_t line, const char * ds
  44:..\lvgl\lv_misc/lv_log.c ****  */
  45:..\lvgl\lv_misc/lv_log.c **** void lv_log_register_print(void f(lv_log_level_t, const char *, uint32_t,  const char *))
  46:..\lvgl\lv_misc/lv_log.c **** {
  28              		.loc 1 46 0
  29              		.cfi_startproc
  30              		@ args = 0, pretend = 0, frame = 0
  31              		@ frame_needed = 0, uses_anonymous_args = 0
  32              		@ link register save eliminated.
  33              	.LVL0:
  47:..\lvgl\lv_misc/lv_log.c ****     print_cb = f;
  34              		.loc 1 47 0
  35 0000 014B     		ldr	r3, .L2
  36 0002 1860     		str	r0, [r3]
  37 0004 7047     		bx	lr
  38              	.L3:
  39 0006 00BF     		.align	2
  40              	.L2:
  41 0008 00000000 		.word	.LANCHOR0
  42              		.cfi_endproc
  43              	.LFE0:
  44              		.size	lv_log_register_print, .-lv_log_register_print
  45              		.section	.text.lv_log_add,"ax",%progbits
  46              		.align	2
  47              		.global	lv_log_add
  48              		.thumb
  49              		.thumb_func
  50              		.type	lv_log_add, %function
  51              	lv_log_add:
  52              	.LFB1:
  48:..\lvgl\lv_misc/lv_log.c **** }
  49:..\lvgl\lv_misc/lv_log.c **** 
  50:..\lvgl\lv_misc/lv_log.c **** /**
  51:..\lvgl\lv_misc/lv_log.c ****  * Add a log
  52:..\lvgl\lv_misc/lv_log.c ****  * @param level the level of log. (From `lv_log_level_t` enum)
  53:..\lvgl\lv_misc/lv_log.c ****  * @param file name of the file when the log added
  54:..\lvgl\lv_misc/lv_log.c ****  * @param line line number in the source code where the log added
  55:..\lvgl\lv_misc/lv_log.c ****  * @param dsc description of the log
  56:..\lvgl\lv_misc/lv_log.c ****  */
  57:..\lvgl\lv_misc/lv_log.c **** void lv_log_add(lv_log_level_t level, const char * file, int line, const char * dsc)
  58:..\lvgl\lv_misc/lv_log.c **** {
  53              		.loc 1 58 0
  54              		.cfi_startproc
  55              		@ args = 0, pretend = 0, frame = 0
  56              		@ frame_needed = 0, uses_anonymous_args = 0
ARM GAS  C:\Users\d3bug\AppData\Local\Temp\ccIRgqT2.s 			page 3


  57              	.LVL1:
  59:..\lvgl\lv_misc/lv_log.c ****     if(level >= _LV_LOG_LEVEL_NUM) return;      /*Invalid level*/
  58              		.loc 1 59 0
  59 0000 0328     		cmp	r0, #3
  60 0002 07DC     		bgt	.L7
  60:..\lvgl\lv_misc/lv_log.c **** 
  61:..\lvgl\lv_misc/lv_log.c ****     if(level >= LV_LOG_LEVEL) {
  61              		.loc 1 61 0
  62 0004 0028     		cmp	r0, #0
  63 0006 05DD     		ble	.L7
  58:..\lvgl\lv_misc/lv_log.c ****     if(level >= _LV_LOG_LEVEL_NUM) return;      /*Invalid level*/
  64              		.loc 1 58 0
  65 0008 10B5     		push	{r4, lr}
  66              		.cfi_def_cfa_offset 8
  67              		.cfi_offset 4, -8
  68              		.cfi_offset 14, -4
  62:..\lvgl\lv_misc/lv_log.c **** 
  63:..\lvgl\lv_misc/lv_log.c **** #if LV_LOG_PRINTF
  64:..\lvgl\lv_misc/lv_log.c ****         static const char * lvl_prefix[] = {"Trace", "Info", "Warn", "Error"};
  65:..\lvgl\lv_misc/lv_log.c ****         printf("%s: %s \t(%s #%d)\n", lvl_prefix[level], dsc,  file, line);
  66:..\lvgl\lv_misc/lv_log.c **** #else
  67:..\lvgl\lv_misc/lv_log.c ****         if(print_cb) print_cb(level, file, line, dsc);
  69              		.loc 1 67 0
  70 000a 034C     		ldr	r4, .L8
  71 000c 2468     		ldr	r4, [r4]
  72 000e 04B1     		cbz	r4, .L4
  73              		.loc 1 67 0 is_stmt 0 discriminator 1
  74 0010 A047     		blx	r4
  75              	.LVL2:
  76              	.L4:
  77 0012 10BD     		pop	{r4, pc}
  78              	.LVL3:
  79              	.L7:
  80              		.cfi_def_cfa_offset 0
  81              		.cfi_restore 4
  82              		.cfi_restore 14
  83 0014 7047     		bx	lr
  84              	.L9:
  85 0016 00BF     		.align	2
  86              	.L8:
  87 0018 00000000 		.word	.LANCHOR0
  88              		.cfi_endproc
  89              	.LFE1:
  90              		.size	lv_log_add, .-lv_log_add
  91              		.bss
  92              		.align	2
  93              		.set	.LANCHOR0,. + 0
  94              		.type	print_cb, %object
  95              		.size	print_cb, 4
  96              	print_cb:
  97 0000 00000000 		.space	4
  98              		.text
  99              	.Letext0:
 100              		.file 2 "c:\\program files (x86)\\cypress\\psoc creator\\4.2\\psoc creator\\import\\gnu\\arm\\5.4.
 101              		.file 3 "c:\\program files (x86)\\cypress\\psoc creator\\4.2\\psoc creator\\import\\gnu\\arm\\5.4.
 102              		.file 4 "..\\lvgl\\lv_misc\\lv_log.h"
 103              		.section	.debug_info,"",%progbits
ARM GAS  C:\Users\d3bug\AppData\Local\Temp\ccIRgqT2.s 			page 4


 104              	.Ldebug_info0:
 105 0000 73010000 		.4byte	0x173
 106 0004 0400     		.2byte	0x4
 107 0006 00000000 		.4byte	.Ldebug_abbrev0
 108 000a 04       		.byte	0x4
 109 000b 01       		.uleb128 0x1
 110 000c 34000000 		.4byte	.LASF20
 111 0010 0C       		.byte	0xc
 112 0011 5D010000 		.4byte	.LASF21
 113 0015 E7000000 		.4byte	.LASF22
 114 0019 00000000 		.4byte	.Ldebug_ranges0+0
 115 001d 00000000 		.4byte	0
 116 0021 00000000 		.4byte	.Ldebug_line0
 117 0025 02       		.uleb128 0x2
 118 0026 00000000 		.4byte	.LASF5
 119 002a 02       		.byte	0x2
 120 002b 1B       		.byte	0x1b
 121 002c 30000000 		.4byte	0x30
 122 0030 03       		.uleb128 0x3
 123 0031 01       		.byte	0x1
 124 0032 06       		.byte	0x6
 125 0033 CE010000 		.4byte	.LASF0
 126 0037 03       		.uleb128 0x3
 127 0038 01       		.byte	0x1
 128 0039 08       		.byte	0x8
 129 003a 26000000 		.4byte	.LASF1
 130 003e 03       		.uleb128 0x3
 131 003f 02       		.byte	0x2
 132 0040 05       		.byte	0x5
 133 0041 B2010000 		.4byte	.LASF2
 134 0045 03       		.uleb128 0x3
 135 0046 02       		.byte	0x2
 136 0047 07       		.byte	0x7
 137 0048 D4000000 		.4byte	.LASF3
 138 004c 03       		.uleb128 0x3
 139 004d 04       		.byte	0x4
 140 004e 05       		.byte	0x5
 141 004f C5010000 		.4byte	.LASF4
 142 0053 02       		.uleb128 0x2
 143 0054 3C010000 		.4byte	.LASF6
 144 0058 02       		.byte	0x2
 145 0059 41       		.byte	0x41
 146 005a 5E000000 		.4byte	0x5e
 147 005e 03       		.uleb128 0x3
 148 005f 04       		.byte	0x4
 149 0060 07       		.byte	0x7
 150 0061 C2000000 		.4byte	.LASF7
 151 0065 03       		.uleb128 0x3
 152 0066 08       		.byte	0x8
 153 0067 05       		.byte	0x5
 154 0068 9F010000 		.4byte	.LASF8
 155 006c 03       		.uleb128 0x3
 156 006d 08       		.byte	0x8
 157 006e 07       		.byte	0x7
 158 006f 83010000 		.4byte	.LASF9
 159 0073 04       		.uleb128 0x4
 160 0074 04       		.byte	0x4
ARM GAS  C:\Users\d3bug\AppData\Local\Temp\ccIRgqT2.s 			page 5


 161 0075 05       		.byte	0x5
 162 0076 696E7400 		.ascii	"int\000"
 163 007a 03       		.uleb128 0x3
 164 007b 04       		.byte	0x4
 165 007c 07       		.byte	0x7
 166 007d 76010000 		.4byte	.LASF10
 167 0081 02       		.uleb128 0x2
 168 0082 1A000000 		.4byte	.LASF11
 169 0086 03       		.byte	0x3
 170 0087 14       		.byte	0x14
 171 0088 25000000 		.4byte	0x25
 172 008c 02       		.uleb128 0x2
 173 008d BC010000 		.4byte	.LASF12
 174 0091 03       		.byte	0x3
 175 0092 30       		.byte	0x30
 176 0093 53000000 		.4byte	0x53
 177 0097 02       		.uleb128 0x2
 178 0098 2D010000 		.4byte	.LASF13
 179 009c 04       		.byte	0x4
 180 009d 23       		.byte	0x23
 181 009e 81000000 		.4byte	0x81
 182 00a2 05       		.uleb128 0x5
 183 00a3 47010000 		.4byte	.LASF15
 184 00a7 01       		.byte	0x1
 185 00a8 2D       		.byte	0x2d
 186 00a9 00000000 		.4byte	.LFB0
 187 00ad 0C000000 		.4byte	.LFE0-.LFB0
 188 00b1 01       		.uleb128 0x1
 189 00b2 9C       		.byte	0x9c
 190 00b3 C3000000 		.4byte	0xc3
 191 00b7 06       		.uleb128 0x6
 192 00b8 6600     		.ascii	"f\000"
 193 00ba 01       		.byte	0x1
 194 00bb 2D       		.byte	0x2d
 195 00bc EF000000 		.4byte	0xef
 196 00c0 01       		.uleb128 0x1
 197 00c1 50       		.byte	0x50
 198 00c2 00       		.byte	0
 199 00c3 07       		.uleb128 0x7
 200 00c4 DD000000 		.4byte	0xdd
 201 00c8 08       		.uleb128 0x8
 202 00c9 97000000 		.4byte	0x97
 203 00cd 08       		.uleb128 0x8
 204 00ce DD000000 		.4byte	0xdd
 205 00d2 08       		.uleb128 0x8
 206 00d3 8C000000 		.4byte	0x8c
 207 00d7 08       		.uleb128 0x8
 208 00d8 DD000000 		.4byte	0xdd
 209 00dc 00       		.byte	0
 210 00dd 09       		.uleb128 0x9
 211 00de 04       		.byte	0x4
 212 00df EA000000 		.4byte	0xea
 213 00e3 03       		.uleb128 0x3
 214 00e4 01       		.byte	0x1
 215 00e5 08       		.byte	0x8
 216 00e6 AD010000 		.4byte	.LASF14
 217 00ea 0A       		.uleb128 0xa
ARM GAS  C:\Users\d3bug\AppData\Local\Temp\ccIRgqT2.s 			page 6


 218 00eb E3000000 		.4byte	0xe3
 219 00ef 09       		.uleb128 0x9
 220 00f0 04       		.byte	0x4
 221 00f1 C3000000 		.4byte	0xc3
 222 00f5 05       		.uleb128 0x5
 223 00f6 0F000000 		.4byte	.LASF16
 224 00fa 01       		.byte	0x1
 225 00fb 39       		.byte	0x39
 226 00fc 00000000 		.4byte	.LFB1
 227 0100 1C000000 		.4byte	.LFE1-.LFB1
 228 0104 01       		.uleb128 0x1
 229 0105 9C       		.byte	0x9c
 230 0106 65010000 		.4byte	0x165
 231 010a 0B       		.uleb128 0xb
 232 010b 09000000 		.4byte	.LASF17
 233 010f 01       		.byte	0x1
 234 0110 39       		.byte	0x39
 235 0111 97000000 		.4byte	0x97
 236 0115 00000000 		.4byte	.LLST0
 237 0119 0B       		.uleb128 0xb
 238 011a 21000000 		.4byte	.LASF18
 239 011e 01       		.byte	0x1
 240 011f 39       		.byte	0x39
 241 0120 DD000000 		.4byte	0xdd
 242 0124 2C000000 		.4byte	.LLST1
 243 0128 0B       		.uleb128 0xb
 244 0129 9A010000 		.4byte	.LASF19
 245 012d 01       		.byte	0x1
 246 012e 39       		.byte	0x39
 247 012f 73000000 		.4byte	0x73
 248 0133 58000000 		.4byte	.LLST2
 249 0137 0C       		.uleb128 0xc
 250 0138 64736300 		.ascii	"dsc\000"
 251 013c 01       		.byte	0x1
 252 013d 39       		.byte	0x39
 253 013e DD000000 		.4byte	0xdd
 254 0142 84000000 		.4byte	.LLST3
 255 0146 0D       		.uleb128 0xd
 256 0147 12000000 		.4byte	.LVL2
 257 014b 02       		.uleb128 0x2
 258 014c 74       		.byte	0x74
 259 014d 00       		.sleb128 0
 260 014e 0E       		.uleb128 0xe
 261 014f 01       		.uleb128 0x1
 262 0150 51       		.byte	0x51
 263 0151 03       		.uleb128 0x3
 264 0152 F3       		.byte	0xf3
 265 0153 01       		.uleb128 0x1
 266 0154 51       		.byte	0x51
 267 0155 0E       		.uleb128 0xe
 268 0156 01       		.uleb128 0x1
 269 0157 52       		.byte	0x52
 270 0158 03       		.uleb128 0x3
 271 0159 F3       		.byte	0xf3
 272 015a 01       		.uleb128 0x1
 273 015b 52       		.byte	0x52
 274 015c 0E       		.uleb128 0xe
ARM GAS  C:\Users\d3bug\AppData\Local\Temp\ccIRgqT2.s 			page 7


 275 015d 01       		.uleb128 0x1
 276 015e 53       		.byte	0x53
 277 015f 03       		.uleb128 0x3
 278 0160 F3       		.byte	0xf3
 279 0161 01       		.uleb128 0x1
 280 0162 53       		.byte	0x53
 281 0163 00       		.byte	0
 282 0164 00       		.byte	0
 283 0165 0F       		.uleb128 0xf
 284 0166 DA010000 		.4byte	.LASF23
 285 016a 01       		.byte	0x1
 286 016b 1E       		.byte	0x1e
 287 016c EF000000 		.4byte	0xef
 288 0170 05       		.uleb128 0x5
 289 0171 03       		.byte	0x3
 290 0172 00000000 		.4byte	print_cb
 291 0176 00       		.byte	0
 292              		.section	.debug_abbrev,"",%progbits
 293              	.Ldebug_abbrev0:
 294 0000 01       		.uleb128 0x1
 295 0001 11       		.uleb128 0x11
 296 0002 01       		.byte	0x1
 297 0003 25       		.uleb128 0x25
 298 0004 0E       		.uleb128 0xe
 299 0005 13       		.uleb128 0x13
 300 0006 0B       		.uleb128 0xb
 301 0007 03       		.uleb128 0x3
 302 0008 0E       		.uleb128 0xe
 303 0009 1B       		.uleb128 0x1b
 304 000a 0E       		.uleb128 0xe
 305 000b 55       		.uleb128 0x55
 306 000c 17       		.uleb128 0x17
 307 000d 11       		.uleb128 0x11
 308 000e 01       		.uleb128 0x1
 309 000f 10       		.uleb128 0x10
 310 0010 17       		.uleb128 0x17
 311 0011 00       		.byte	0
 312 0012 00       		.byte	0
 313 0013 02       		.uleb128 0x2
 314 0014 16       		.uleb128 0x16
 315 0015 00       		.byte	0
 316 0016 03       		.uleb128 0x3
 317 0017 0E       		.uleb128 0xe
 318 0018 3A       		.uleb128 0x3a
 319 0019 0B       		.uleb128 0xb
 320 001a 3B       		.uleb128 0x3b
 321 001b 0B       		.uleb128 0xb
 322 001c 49       		.uleb128 0x49
 323 001d 13       		.uleb128 0x13
 324 001e 00       		.byte	0
 325 001f 00       		.byte	0
 326 0020 03       		.uleb128 0x3
 327 0021 24       		.uleb128 0x24
 328 0022 00       		.byte	0
 329 0023 0B       		.uleb128 0xb
 330 0024 0B       		.uleb128 0xb
 331 0025 3E       		.uleb128 0x3e
ARM GAS  C:\Users\d3bug\AppData\Local\Temp\ccIRgqT2.s 			page 8


 332 0026 0B       		.uleb128 0xb
 333 0027 03       		.uleb128 0x3
 334 0028 0E       		.uleb128 0xe
 335 0029 00       		.byte	0
 336 002a 00       		.byte	0
 337 002b 04       		.uleb128 0x4
 338 002c 24       		.uleb128 0x24
 339 002d 00       		.byte	0
 340 002e 0B       		.uleb128 0xb
 341 002f 0B       		.uleb128 0xb
 342 0030 3E       		.uleb128 0x3e
 343 0031 0B       		.uleb128 0xb
 344 0032 03       		.uleb128 0x3
 345 0033 08       		.uleb128 0x8
 346 0034 00       		.byte	0
 347 0035 00       		.byte	0
 348 0036 05       		.uleb128 0x5
 349 0037 2E       		.uleb128 0x2e
 350 0038 01       		.byte	0x1
 351 0039 3F       		.uleb128 0x3f
 352 003a 19       		.uleb128 0x19
 353 003b 03       		.uleb128 0x3
 354 003c 0E       		.uleb128 0xe
 355 003d 3A       		.uleb128 0x3a
 356 003e 0B       		.uleb128 0xb
 357 003f 3B       		.uleb128 0x3b
 358 0040 0B       		.uleb128 0xb
 359 0041 27       		.uleb128 0x27
 360 0042 19       		.uleb128 0x19
 361 0043 11       		.uleb128 0x11
 362 0044 01       		.uleb128 0x1
 363 0045 12       		.uleb128 0x12
 364 0046 06       		.uleb128 0x6
 365 0047 40       		.uleb128 0x40
 366 0048 18       		.uleb128 0x18
 367 0049 9742     		.uleb128 0x2117
 368 004b 19       		.uleb128 0x19
 369 004c 01       		.uleb128 0x1
 370 004d 13       		.uleb128 0x13
 371 004e 00       		.byte	0
 372 004f 00       		.byte	0
 373 0050 06       		.uleb128 0x6
 374 0051 05       		.uleb128 0x5
 375 0052 00       		.byte	0
 376 0053 03       		.uleb128 0x3
 377 0054 08       		.uleb128 0x8
 378 0055 3A       		.uleb128 0x3a
 379 0056 0B       		.uleb128 0xb
 380 0057 3B       		.uleb128 0x3b
 381 0058 0B       		.uleb128 0xb
 382 0059 49       		.uleb128 0x49
 383 005a 13       		.uleb128 0x13
 384 005b 02       		.uleb128 0x2
 385 005c 18       		.uleb128 0x18
 386 005d 00       		.byte	0
 387 005e 00       		.byte	0
 388 005f 07       		.uleb128 0x7
ARM GAS  C:\Users\d3bug\AppData\Local\Temp\ccIRgqT2.s 			page 9


 389 0060 15       		.uleb128 0x15
 390 0061 01       		.byte	0x1
 391 0062 27       		.uleb128 0x27
 392 0063 19       		.uleb128 0x19
 393 0064 01       		.uleb128 0x1
 394 0065 13       		.uleb128 0x13
 395 0066 00       		.byte	0
 396 0067 00       		.byte	0
 397 0068 08       		.uleb128 0x8
 398 0069 05       		.uleb128 0x5
 399 006a 00       		.byte	0
 400 006b 49       		.uleb128 0x49
 401 006c 13       		.uleb128 0x13
 402 006d 00       		.byte	0
 403 006e 00       		.byte	0
 404 006f 09       		.uleb128 0x9
 405 0070 0F       		.uleb128 0xf
 406 0071 00       		.byte	0
 407 0072 0B       		.uleb128 0xb
 408 0073 0B       		.uleb128 0xb
 409 0074 49       		.uleb128 0x49
 410 0075 13       		.uleb128 0x13
 411 0076 00       		.byte	0
 412 0077 00       		.byte	0
 413 0078 0A       		.uleb128 0xa
 414 0079 26       		.uleb128 0x26
 415 007a 00       		.byte	0
 416 007b 49       		.uleb128 0x49
 417 007c 13       		.uleb128 0x13
 418 007d 00       		.byte	0
 419 007e 00       		.byte	0
 420 007f 0B       		.uleb128 0xb
 421 0080 05       		.uleb128 0x5
 422 0081 00       		.byte	0
 423 0082 03       		.uleb128 0x3
 424 0083 0E       		.uleb128 0xe
 425 0084 3A       		.uleb128 0x3a
 426 0085 0B       		.uleb128 0xb
 427 0086 3B       		.uleb128 0x3b
 428 0087 0B       		.uleb128 0xb
 429 0088 49       		.uleb128 0x49
 430 0089 13       		.uleb128 0x13
 431 008a 02       		.uleb128 0x2
 432 008b 17       		.uleb128 0x17
 433 008c 00       		.byte	0
 434 008d 00       		.byte	0
 435 008e 0C       		.uleb128 0xc
 436 008f 05       		.uleb128 0x5
 437 0090 00       		.byte	0
 438 0091 03       		.uleb128 0x3
 439 0092 08       		.uleb128 0x8
 440 0093 3A       		.uleb128 0x3a
 441 0094 0B       		.uleb128 0xb
 442 0095 3B       		.uleb128 0x3b
 443 0096 0B       		.uleb128 0xb
 444 0097 49       		.uleb128 0x49
 445 0098 13       		.uleb128 0x13
ARM GAS  C:\Users\d3bug\AppData\Local\Temp\ccIRgqT2.s 			page 10


 446 0099 02       		.uleb128 0x2
 447 009a 17       		.uleb128 0x17
 448 009b 00       		.byte	0
 449 009c 00       		.byte	0
 450 009d 0D       		.uleb128 0xd
 451 009e 898201   		.uleb128 0x4109
 452 00a1 01       		.byte	0x1
 453 00a2 11       		.uleb128 0x11
 454 00a3 01       		.uleb128 0x1
 455 00a4 9342     		.uleb128 0x2113
 456 00a6 18       		.uleb128 0x18
 457 00a7 00       		.byte	0
 458 00a8 00       		.byte	0
 459 00a9 0E       		.uleb128 0xe
 460 00aa 8A8201   		.uleb128 0x410a
 461 00ad 00       		.byte	0
 462 00ae 02       		.uleb128 0x2
 463 00af 18       		.uleb128 0x18
 464 00b0 9142     		.uleb128 0x2111
 465 00b2 18       		.uleb128 0x18
 466 00b3 00       		.byte	0
 467 00b4 00       		.byte	0
 468 00b5 0F       		.uleb128 0xf
 469 00b6 34       		.uleb128 0x34
 470 00b7 00       		.byte	0
 471 00b8 03       		.uleb128 0x3
 472 00b9 0E       		.uleb128 0xe
 473 00ba 3A       		.uleb128 0x3a
 474 00bb 0B       		.uleb128 0xb
 475 00bc 3B       		.uleb128 0x3b
 476 00bd 0B       		.uleb128 0xb
 477 00be 49       		.uleb128 0x49
 478 00bf 13       		.uleb128 0x13
 479 00c0 02       		.uleb128 0x2
 480 00c1 18       		.uleb128 0x18
 481 00c2 00       		.byte	0
 482 00c3 00       		.byte	0
 483 00c4 00       		.byte	0
 484              		.section	.debug_loc,"",%progbits
 485              	.Ldebug_loc0:
 486              	.LLST0:
 487 0000 00000000 		.4byte	.LVL1
 488 0004 11000000 		.4byte	.LVL2-1
 489 0008 0100     		.2byte	0x1
 490 000a 50       		.byte	0x50
 491 000b 11000000 		.4byte	.LVL2-1
 492 000f 14000000 		.4byte	.LVL3
 493 0013 0400     		.2byte	0x4
 494 0015 F3       		.byte	0xf3
 495 0016 01       		.uleb128 0x1
 496 0017 50       		.byte	0x50
 497 0018 9F       		.byte	0x9f
 498 0019 14000000 		.4byte	.LVL3
 499 001d 1C000000 		.4byte	.LFE1
 500 0021 0100     		.2byte	0x1
 501 0023 50       		.byte	0x50
 502 0024 00000000 		.4byte	0
ARM GAS  C:\Users\d3bug\AppData\Local\Temp\ccIRgqT2.s 			page 11


 503 0028 00000000 		.4byte	0
 504              	.LLST1:
 505 002c 00000000 		.4byte	.LVL1
 506 0030 11000000 		.4byte	.LVL2-1
 507 0034 0100     		.2byte	0x1
 508 0036 51       		.byte	0x51
 509 0037 11000000 		.4byte	.LVL2-1
 510 003b 14000000 		.4byte	.LVL3
 511 003f 0400     		.2byte	0x4
 512 0041 F3       		.byte	0xf3
 513 0042 01       		.uleb128 0x1
 514 0043 51       		.byte	0x51
 515 0044 9F       		.byte	0x9f
 516 0045 14000000 		.4byte	.LVL3
 517 0049 1C000000 		.4byte	.LFE1
 518 004d 0100     		.2byte	0x1
 519 004f 51       		.byte	0x51
 520 0050 00000000 		.4byte	0
 521 0054 00000000 		.4byte	0
 522              	.LLST2:
 523 0058 00000000 		.4byte	.LVL1
 524 005c 11000000 		.4byte	.LVL2-1
 525 0060 0100     		.2byte	0x1
 526 0062 52       		.byte	0x52
 527 0063 11000000 		.4byte	.LVL2-1
 528 0067 14000000 		.4byte	.LVL3
 529 006b 0400     		.2byte	0x4
 530 006d F3       		.byte	0xf3
 531 006e 01       		.uleb128 0x1
 532 006f 52       		.byte	0x52
 533 0070 9F       		.byte	0x9f
 534 0071 14000000 		.4byte	.LVL3
 535 0075 1C000000 		.4byte	.LFE1
 536 0079 0100     		.2byte	0x1
 537 007b 52       		.byte	0x52
 538 007c 00000000 		.4byte	0
 539 0080 00000000 		.4byte	0
 540              	.LLST3:
 541 0084 00000000 		.4byte	.LVL1
 542 0088 11000000 		.4byte	.LVL2-1
 543 008c 0100     		.2byte	0x1
 544 008e 53       		.byte	0x53
 545 008f 11000000 		.4byte	.LVL2-1
 546 0093 14000000 		.4byte	.LVL3
 547 0097 0400     		.2byte	0x4
 548 0099 F3       		.byte	0xf3
 549 009a 01       		.uleb128 0x1
 550 009b 53       		.byte	0x53
 551 009c 9F       		.byte	0x9f
 552 009d 14000000 		.4byte	.LVL3
 553 00a1 1C000000 		.4byte	.LFE1
 554 00a5 0100     		.2byte	0x1
 555 00a7 53       		.byte	0x53
 556 00a8 00000000 		.4byte	0
 557 00ac 00000000 		.4byte	0
 558              		.section	.debug_aranges,"",%progbits
 559 0000 24000000 		.4byte	0x24
ARM GAS  C:\Users\d3bug\AppData\Local\Temp\ccIRgqT2.s 			page 12


 560 0004 0200     		.2byte	0x2
 561 0006 00000000 		.4byte	.Ldebug_info0
 562 000a 04       		.byte	0x4
 563 000b 00       		.byte	0
 564 000c 0000     		.2byte	0
 565 000e 0000     		.2byte	0
 566 0010 00000000 		.4byte	.LFB0
 567 0014 0C000000 		.4byte	.LFE0-.LFB0
 568 0018 00000000 		.4byte	.LFB1
 569 001c 1C000000 		.4byte	.LFE1-.LFB1
 570 0020 00000000 		.4byte	0
 571 0024 00000000 		.4byte	0
 572              		.section	.debug_ranges,"",%progbits
 573              	.Ldebug_ranges0:
 574 0000 00000000 		.4byte	.LFB0
 575 0004 0C000000 		.4byte	.LFE0
 576 0008 00000000 		.4byte	.LFB1
 577 000c 1C000000 		.4byte	.LFE1
 578 0010 00000000 		.4byte	0
 579 0014 00000000 		.4byte	0
 580              		.section	.debug_line,"",%progbits
 581              	.Ldebug_line0:
 582 0000 69010000 		.section	.debug_str,"MS",%progbits,1
 582      02003801 
 582      00000201 
 582      FB0E0D00 
 582      01010101 
 583              	.LASF5:
 584 0000 5F5F696E 		.ascii	"__int8_t\000"
 584      74385F74 
 584      00
 585              	.LASF17:
 586 0009 6C657665 		.ascii	"level\000"
 586      6C00
 587              	.LASF16:
 588 000f 6C765F6C 		.ascii	"lv_log_add\000"
 588      6F675F61 
 588      646400
 589              	.LASF11:
 590 001a 696E7438 		.ascii	"int8_t\000"
 590      5F7400
 591              	.LASF18:
 592 0021 66696C65 		.ascii	"file\000"
 592      00
 593              	.LASF1:
 594 0026 756E7369 		.ascii	"unsigned char\000"
 594      676E6564 
 594      20636861 
 594      7200
 595              	.LASF20:
 596 0034 474E5520 		.ascii	"GNU C11 5.4.1 20160609 (release) [ARM/embedded-5-br"
 596      43313120 
 596      352E342E 
 596      31203230 
 596      31363036 
 597 0067 616E6368 		.ascii	"anch revision 237715] -mcpu=cortex-m3 -mthumb -g -O"
 597      20726576 
ARM GAS  C:\Users\d3bug\AppData\Local\Temp\ccIRgqT2.s 			page 13


 597      6973696F 
 597      6E203233 
 597      37373135 
 598 009a 67202D66 		.ascii	"g -ffunction-sections -ffat-lto-objects\000"
 598      66756E63 
 598      74696F6E 
 598      2D736563 
 598      74696F6E 
 599              	.LASF7:
 600 00c2 6C6F6E67 		.ascii	"long unsigned int\000"
 600      20756E73 
 600      69676E65 
 600      6420696E 
 600      7400
 601              	.LASF3:
 602 00d4 73686F72 		.ascii	"short unsigned int\000"
 602      7420756E 
 602      7369676E 
 602      65642069 
 602      6E7400
 603              	.LASF22:
 604 00e7 433A5C55 		.ascii	"C:\\Users\\d3bug\\Documents\\Creator\\lvgl_ssd1306\\"
 604      73657273 
 604      5C643362 
 604      75675C44 
 604      6F63756D 
 605 0115 68656C6C 		.ascii	"hello_world_label.cydsn\000"
 605      6F5F776F 
 605      726C645F 
 605      6C616265 
 605      6C2E6379 
 606              	.LASF13:
 607 012d 6C765F6C 		.ascii	"lv_log_level_t\000"
 607      6F675F6C 
 607      6576656C 
 607      5F7400
 608              	.LASF6:
 609 013c 5F5F7569 		.ascii	"__uint32_t\000"
 609      6E743332 
 609      5F7400
 610              	.LASF15:
 611 0147 6C765F6C 		.ascii	"lv_log_register_print\000"
 611      6F675F72 
 611      65676973 
 611      7465725F 
 611      7072696E 
 612              	.LASF21:
 613 015d 2E2E5C6C 		.ascii	"..\\lvgl\\lv_misc\\lv_log.c\000"
 613      76676C5C 
 613      6C765F6D 
 613      6973635C 
 613      6C765F6C 
 614              	.LASF10:
 615 0176 756E7369 		.ascii	"unsigned int\000"
 615      676E6564 
 615      20696E74 
 615      00
ARM GAS  C:\Users\d3bug\AppData\Local\Temp\ccIRgqT2.s 			page 14


 616              	.LASF9:
 617 0183 6C6F6E67 		.ascii	"long long unsigned int\000"
 617      206C6F6E 
 617      6720756E 
 617      7369676E 
 617      65642069 
 618              	.LASF19:
 619 019a 6C696E65 		.ascii	"line\000"
 619      00
 620              	.LASF8:
 621 019f 6C6F6E67 		.ascii	"long long int\000"
 621      206C6F6E 
 621      6720696E 
 621      7400
 622              	.LASF14:
 623 01ad 63686172 		.ascii	"char\000"
 623      00
 624              	.LASF2:
 625 01b2 73686F72 		.ascii	"short int\000"
 625      7420696E 
 625      7400
 626              	.LASF12:
 627 01bc 75696E74 		.ascii	"uint32_t\000"
 627      33325F74 
 627      00
 628              	.LASF4:
 629 01c5 6C6F6E67 		.ascii	"long int\000"
 629      20696E74 
 629      00
 630              	.LASF0:
 631 01ce 7369676E 		.ascii	"signed char\000"
 631      65642063 
 631      68617200 
 632              	.LASF23:
 633 01da 7072696E 		.ascii	"print_cb\000"
 633      745F6362 
 633      00
 634              		.ident	"GCC: (GNU Tools for ARM Embedded Processors) 5.4.1 20160609 (release) [ARM/embedded-5-bran
