ARM GAS  C:\Users\d3bug\AppData\Local\Temp\ccBbmbcH.s 			page 1


   1              		.syntax unified
   2              		.cpu cortex-m3
   3              		.fpu softvfp
   4              		.eabi_attribute 20, 1
   5              		.eabi_attribute 21, 1
   6              		.eabi_attribute 23, 3
   7              		.eabi_attribute 24, 1
   8              		.eabi_attribute 25, 1
   9              		.eabi_attribute 26, 1
  10              		.eabi_attribute 30, 1
  11              		.eabi_attribute 34, 1
  12              		.eabi_attribute 18, 4
  13              		.thumb
  14              		.syntax unified
  15              		.file	"lv_theme.c"
  16              		.text
  17              	.Ltext0:
  18              		.cfi_sections	.debug_frame
  19              		.section	.text.lv_theme_set_current,"ax",%progbits
  20              		.align	2
  21              		.global	lv_theme_set_current
  22              		.thumb
  23              		.thumb_func
  24              		.type	lv_theme_set_current, %function
  25              	lv_theme_set_current:
  26              	.LFB12:
  27              		.file 1 "..\\lvgl\\lv_themes\\lv_theme.c"
   1:..\lvgl\lv_themes/lv_theme.c **** /**
   2:..\lvgl\lv_themes/lv_theme.c ****  * @file lv_theme.c
   3:..\lvgl\lv_themes/lv_theme.c ****  *
   4:..\lvgl\lv_themes/lv_theme.c ****  */
   5:..\lvgl\lv_themes/lv_theme.c **** 
   6:..\lvgl\lv_themes/lv_theme.c **** /*********************
   7:..\lvgl\lv_themes/lv_theme.c ****  *      INCLUDES
   8:..\lvgl\lv_themes/lv_theme.c ****  *********************/
   9:..\lvgl\lv_themes/lv_theme.c **** #include "lv_theme.h"
  10:..\lvgl\lv_themes/lv_theme.c **** #include "../lv_core/lv_obj.h"
  11:..\lvgl\lv_themes/lv_theme.c **** 
  12:..\lvgl\lv_themes/lv_theme.c **** /*********************
  13:..\lvgl\lv_themes/lv_theme.c ****  *      DEFINES
  14:..\lvgl\lv_themes/lv_theme.c ****  *********************/
  15:..\lvgl\lv_themes/lv_theme.c **** 
  16:..\lvgl\lv_themes/lv_theme.c **** /**********************
  17:..\lvgl\lv_themes/lv_theme.c ****  *      TYPEDEFS
  18:..\lvgl\lv_themes/lv_theme.c ****  **********************/
  19:..\lvgl\lv_themes/lv_theme.c **** 
  20:..\lvgl\lv_themes/lv_theme.c **** /**********************
  21:..\lvgl\lv_themes/lv_theme.c ****  *  STATIC PROTOTYPES
  22:..\lvgl\lv_themes/lv_theme.c ****  **********************/
  23:..\lvgl\lv_themes/lv_theme.c **** 
  24:..\lvgl\lv_themes/lv_theme.c **** /**********************
  25:..\lvgl\lv_themes/lv_theme.c ****  *  STATIC VARIABLES
  26:..\lvgl\lv_themes/lv_theme.c ****  **********************/
  27:..\lvgl\lv_themes/lv_theme.c **** 
  28:..\lvgl\lv_themes/lv_theme.c **** #if LV_THEME_LIVE_UPDATE == 0
  29:..\lvgl\lv_themes/lv_theme.c **** static lv_theme_t * current_theme;
  30:..\lvgl\lv_themes/lv_theme.c **** #else
ARM GAS  C:\Users\d3bug\AppData\Local\Temp\ccBbmbcH.s 			page 2


  31:..\lvgl\lv_themes/lv_theme.c **** /* If live update is used then a big `lv_style_t` array is used to store the real styles of the the
  32:..\lvgl\lv_themes/lv_theme.c ****  * On `lv_theme_set_current` the styles of the theme are copied to this array.
  33:..\lvgl\lv_themes/lv_theme.c ****  * The pointers in `current_theme` are initialized to point to the styles in the array.
  34:..\lvgl\lv_themes/lv_theme.c ****  * This way the theme styles will always point to the same memory address even after theme is chang
  35:..\lvgl\lv_themes/lv_theme.c ****  * (The pointers in the theme points to the styles declared by the theme itself) */
  36:..\lvgl\lv_themes/lv_theme.c **** 
  37:..\lvgl\lv_themes/lv_theme.c **** /* Store the styles in this array.
  38:..\lvgl\lv_themes/lv_theme.c ****  * Can't determine the size in compile time because sizeof is not evaluated (should be `sizeof(lv_t
  39:..\lvgl\lv_themes/lv_theme.c ****  * Error will be generated in run time if too small.*/
  40:..\lvgl\lv_themes/lv_theme.c **** static lv_style_t th_styles[120];
  41:..\lvgl\lv_themes/lv_theme.c **** static bool inited = false;
  42:..\lvgl\lv_themes/lv_theme.c **** static lv_theme_t current_theme;
  43:..\lvgl\lv_themes/lv_theme.c **** #endif
  44:..\lvgl\lv_themes/lv_theme.c **** 
  45:..\lvgl\lv_themes/lv_theme.c **** /**********************
  46:..\lvgl\lv_themes/lv_theme.c ****  *      MACROS
  47:..\lvgl\lv_themes/lv_theme.c ****  **********************/
  48:..\lvgl\lv_themes/lv_theme.c **** 
  49:..\lvgl\lv_themes/lv_theme.c **** /**********************
  50:..\lvgl\lv_themes/lv_theme.c ****  *   GLOBAL FUNCTIONS
  51:..\lvgl\lv_themes/lv_theme.c ****  **********************/
  52:..\lvgl\lv_themes/lv_theme.c **** 
  53:..\lvgl\lv_themes/lv_theme.c **** /**
  54:..\lvgl\lv_themes/lv_theme.c ****  * Set a theme for the system.
  55:..\lvgl\lv_themes/lv_theme.c ****  * From now, all the created objects will use styles from this theme by default
  56:..\lvgl\lv_themes/lv_theme.c ****  * @param th pointer to theme (return value of: 'lv_theme_init_xxx()')
  57:..\lvgl\lv_themes/lv_theme.c ****  */
  58:..\lvgl\lv_themes/lv_theme.c **** void lv_theme_set_current(lv_theme_t * th)
  59:..\lvgl\lv_themes/lv_theme.c **** {
  28              		.loc 1 59 0
  29              		.cfi_startproc
  30              		@ args = 0, pretend = 0, frame = 0
  31              		@ frame_needed = 0, uses_anonymous_args = 0
  32              		@ link register save eliminated.
  33              	.LVL0:
  60:..\lvgl\lv_themes/lv_theme.c **** #if LV_THEME_LIVE_UPDATE == 0
  61:..\lvgl\lv_themes/lv_theme.c ****     current_theme = th;
  34              		.loc 1 61 0
  35 0000 014B     		ldr	r3, .L2
  36 0002 1860     		str	r0, [r3]
  37 0004 7047     		bx	lr
  38              	.L3:
  39 0006 00BF     		.align	2
  40              	.L2:
  41 0008 00000000 		.word	.LANCHOR0
  42              		.cfi_endproc
  43              	.LFE12:
  44              		.size	lv_theme_set_current, .-lv_theme_set_current
  45              		.section	.text.lv_theme_get_current,"ax",%progbits
  46              		.align	2
  47              		.global	lv_theme_get_current
  48              		.thumb
  49              		.thumb_func
  50              		.type	lv_theme_get_current, %function
  51              	lv_theme_get_current:
  52              	.LFB13:
  62:..\lvgl\lv_themes/lv_theme.c **** #else
ARM GAS  C:\Users\d3bug\AppData\Local\Temp\ccBbmbcH.s 			page 3


  63:..\lvgl\lv_themes/lv_theme.c ****     uint32_t style_num = sizeof(lv_theme_t) / sizeof(lv_style_t *);     /*Number of styles in a the
  64:..\lvgl\lv_themes/lv_theme.c **** 
  65:..\lvgl\lv_themes/lv_theme.c ****     if(!inited) {
  66:..\lvgl\lv_themes/lv_theme.c ****         /*It's not sure `th_styles` is big enough. Check it now!*/
  67:..\lvgl\lv_themes/lv_theme.c ****         if(style_num > sizeof(th_styles) / sizeof(lv_style_t)) {
  68:..\lvgl\lv_themes/lv_theme.c ****             LV_LOG_ERROR("Themes: th_styles array is too small. Increase it's size!");
  69:..\lvgl\lv_themes/lv_theme.c ****             while(1);
  70:..\lvgl\lv_themes/lv_theme.c ****         }
  71:..\lvgl\lv_themes/lv_theme.c **** 
  72:..\lvgl\lv_themes/lv_theme.c ****         /*Initialize the style pointers `current_theme` to point to the `th_styles` style array */
  73:..\lvgl\lv_themes/lv_theme.c ****         uint16_t i;
  74:..\lvgl\lv_themes/lv_theme.c ****         lv_style_t ** cur_th_style_p = (lv_style_t **) &current_theme;
  75:..\lvgl\lv_themes/lv_theme.c ****         for(i = 0; i < style_num; i++) {
  76:..\lvgl\lv_themes/lv_theme.c ****             uintptr_t adr = (uintptr_t)&th_styles[i];
  77:..\lvgl\lv_themes/lv_theme.c ****             memcpy(&cur_th_style_p[i], &adr, sizeof(lv_style_t *));
  78:..\lvgl\lv_themes/lv_theme.c ****         }
  79:..\lvgl\lv_themes/lv_theme.c ****         inited = true;
  80:..\lvgl\lv_themes/lv_theme.c ****     }
  81:..\lvgl\lv_themes/lv_theme.c **** 
  82:..\lvgl\lv_themes/lv_theme.c **** 
  83:..\lvgl\lv_themes/lv_theme.c ****     /*Copy the styles pointed by the new theme to the `th_styles` style array*/
  84:..\lvgl\lv_themes/lv_theme.c ****     uint16_t i;
  85:..\lvgl\lv_themes/lv_theme.c ****     lv_style_t ** th_style = (lv_style_t **) th;
  86:..\lvgl\lv_themes/lv_theme.c ****     for(i = 0; i < style_num; i++) {
  87:..\lvgl\lv_themes/lv_theme.c ****         uintptr_t s = (uintptr_t)th_style[i];
  88:..\lvgl\lv_themes/lv_theme.c ****         if(s) memcpy(&th_styles[i], (void *)s, sizeof(lv_style_t));
  89:..\lvgl\lv_themes/lv_theme.c ****     }
  90:..\lvgl\lv_themes/lv_theme.c **** 
  91:..\lvgl\lv_themes/lv_theme.c ****     /*Let the object know their style might change*/
  92:..\lvgl\lv_themes/lv_theme.c ****     lv_obj_report_style_mod(NULL);
  93:..\lvgl\lv_themes/lv_theme.c **** #endif
  94:..\lvgl\lv_themes/lv_theme.c **** }
  95:..\lvgl\lv_themes/lv_theme.c **** 
  96:..\lvgl\lv_themes/lv_theme.c **** /**
  97:..\lvgl\lv_themes/lv_theme.c ****  * Get the current system theme.
  98:..\lvgl\lv_themes/lv_theme.c ****  * @return pointer to the current system theme. NULL if not set.
  99:..\lvgl\lv_themes/lv_theme.c ****  */
 100:..\lvgl\lv_themes/lv_theme.c **** lv_theme_t * lv_theme_get_current(void)
 101:..\lvgl\lv_themes/lv_theme.c **** {
  53              		.loc 1 101 0
  54              		.cfi_startproc
  55              		@ args = 0, pretend = 0, frame = 0
  56              		@ frame_needed = 0, uses_anonymous_args = 0
  57              		@ link register save eliminated.
 102:..\lvgl\lv_themes/lv_theme.c **** #if LV_THEME_LIVE_UPDATE == 0
 103:..\lvgl\lv_themes/lv_theme.c ****     return current_theme;
 104:..\lvgl\lv_themes/lv_theme.c **** #else
 105:..\lvgl\lv_themes/lv_theme.c ****     if(!inited) return NULL;
 106:..\lvgl\lv_themes/lv_theme.c ****     else return &current_theme;
 107:..\lvgl\lv_themes/lv_theme.c **** #endif
 108:..\lvgl\lv_themes/lv_theme.c **** }
  58              		.loc 1 108 0
  59 0000 014B     		ldr	r3, .L5
  60 0002 1868     		ldr	r0, [r3]
  61 0004 7047     		bx	lr
  62              	.L6:
  63 0006 00BF     		.align	2
ARM GAS  C:\Users\d3bug\AppData\Local\Temp\ccBbmbcH.s 			page 4


  64              	.L5:
  65 0008 00000000 		.word	.LANCHOR0
  66              		.cfi_endproc
  67              	.LFE13:
  68              		.size	lv_theme_get_current, .-lv_theme_get_current
  69              		.bss
  70              		.align	2
  71              		.set	.LANCHOR0,. + 0
  72              		.type	current_theme, %object
  73              		.size	current_theme, 4
  74              	current_theme:
  75 0000 00000000 		.space	4
  76              		.text
  77              	.Letext0:
  78              		.file 2 "c:\\program files (x86)\\cypress\\psoc creator\\4.2\\psoc creator\\import\\gnu\\arm\\5.4.
  79              		.file 3 "c:\\program files (x86)\\cypress\\psoc creator\\4.2\\psoc creator\\import\\gnu\\arm\\5.4.
  80              		.file 4 "..\\lvgl\\lv_themes\\../lv_core/../lv_misc/lv_color.h"
  81              		.file 5 "..\\lvgl\\lv_themes\\../lv_core/../lv_misc/lv_area.h"
  82              		.file 6 "..\\lvgl\\lv_themes\\../lv_core/../lv_misc/lv_font.h"
  83              		.file 7 "..\\lvgl\\lv_themes\\../lv_core/lv_style.h"
  84              		.file 8 "..\\lvgl\\lv_themes\\lv_theme.h"
  85              		.section	.debug_info,"",%progbits
  86              	.Ldebug_info0:
  87 0000 C8050000 		.4byte	0x5c8
  88 0004 0400     		.2byte	0x4
  89 0006 00000000 		.4byte	.Ldebug_abbrev0
  90 000a 04       		.byte	0x4
  91 000b 01       		.uleb128 0x1
  92 000c 48030000 		.4byte	.LASF76
  93 0010 0C       		.byte	0xc
  94 0011 25000000 		.4byte	.LASF77
  95 0015 09010000 		.4byte	.LASF78
  96 0019 00000000 		.4byte	.Ldebug_ranges0+0
  97 001d 00000000 		.4byte	0
  98 0021 00000000 		.4byte	.Ldebug_line0
  99 0025 02       		.uleb128 0x2
 100 0026 01       		.byte	0x1
 101 0027 06       		.byte	0x6
 102 0028 EB010000 		.4byte	.LASF0
 103 002c 03       		.uleb128 0x3
 104 002d 93010000 		.4byte	.LASF2
 105 0031 02       		.byte	0x2
 106 0032 1D       		.byte	0x1d
 107 0033 37000000 		.4byte	0x37
 108 0037 02       		.uleb128 0x2
 109 0038 01       		.byte	0x1
 110 0039 08       		.byte	0x8
 111 003a 9D010000 		.4byte	.LASF1
 112 003e 03       		.uleb128 0x3
 113 003f F1020000 		.4byte	.LASF3
 114 0043 02       		.byte	0x2
 115 0044 29       		.byte	0x29
 116 0045 49000000 		.4byte	0x49
 117 0049 02       		.uleb128 0x2
 118 004a 02       		.byte	0x2
 119 004b 05       		.byte	0x5
 120 004c A7000000 		.4byte	.LASF4
ARM GAS  C:\Users\d3bug\AppData\Local\Temp\ccBbmbcH.s 			page 5


 121 0050 03       		.uleb128 0x3
 122 0051 9C000000 		.4byte	.LASF5
 123 0055 02       		.byte	0x2
 124 0056 2B       		.byte	0x2b
 125 0057 5B000000 		.4byte	0x5b
 126 005b 02       		.uleb128 0x2
 127 005c 02       		.byte	0x2
 128 005d 07       		.byte	0x7
 129 005e 4D020000 		.4byte	.LASF6
 130 0062 02       		.uleb128 0x2
 131 0063 04       		.byte	0x4
 132 0064 05       		.byte	0x5
 133 0065 80010000 		.4byte	.LASF7
 134 0069 03       		.uleb128 0x3
 135 006a 91000000 		.4byte	.LASF8
 136 006e 02       		.byte	0x2
 137 006f 41       		.byte	0x41
 138 0070 74000000 		.4byte	0x74
 139 0074 02       		.uleb128 0x2
 140 0075 04       		.byte	0x4
 141 0076 07       		.byte	0x7
 142 0077 C7020000 		.4byte	.LASF9
 143 007b 02       		.uleb128 0x2
 144 007c 08       		.byte	0x8
 145 007d 05       		.byte	0x5
 146 007e 4F010000 		.4byte	.LASF10
 147 0082 02       		.uleb128 0x2
 148 0083 08       		.byte	0x8
 149 0084 07       		.byte	0x7
 150 0085 0C020000 		.4byte	.LASF11
 151 0089 04       		.uleb128 0x4
 152 008a 04       		.byte	0x4
 153 008b 05       		.byte	0x5
 154 008c 696E7400 		.ascii	"int\000"
 155 0090 02       		.uleb128 0x2
 156 0091 04       		.byte	0x4
 157 0092 07       		.byte	0x7
 158 0093 2C020000 		.4byte	.LASF12
 159 0097 03       		.uleb128 0x3
 160 0098 D7000000 		.4byte	.LASF13
 161 009c 03       		.byte	0x3
 162 009d 18       		.byte	0x18
 163 009e 2C000000 		.4byte	0x2c
 164 00a2 03       		.uleb128 0x3
 165 00a3 7D020000 		.4byte	.LASF14
 166 00a7 03       		.byte	0x3
 167 00a8 20       		.byte	0x20
 168 00a9 3E000000 		.4byte	0x3e
 169 00ad 03       		.uleb128 0x3
 170 00ae 44020000 		.4byte	.LASF15
 171 00b2 03       		.byte	0x3
 172 00b3 24       		.byte	0x24
 173 00b4 50000000 		.4byte	0x50
 174 00b8 03       		.uleb128 0x3
 175 00b9 23020000 		.4byte	.LASF16
 176 00bd 03       		.byte	0x3
 177 00be 30       		.byte	0x30
ARM GAS  C:\Users\d3bug\AppData\Local\Temp\ccBbmbcH.s 			page 6


 178 00bf 69000000 		.4byte	0x69
 179 00c3 05       		.uleb128 0x5
 180 00c4 01       		.byte	0x1
 181 00c5 04       		.byte	0x4
 182 00c6 5F       		.byte	0x5f
 183 00c7 04010000 		.4byte	0x104
 184 00cb 06       		.uleb128 0x6
 185 00cc B1000000 		.4byte	.LASF17
 186 00d0 04       		.byte	0x4
 187 00d1 61       		.byte	0x61
 188 00d2 97000000 		.4byte	0x97
 189 00d6 01       		.byte	0x1
 190 00d7 01       		.byte	0x1
 191 00d8 07       		.byte	0x7
 192 00d9 06       		.uleb128 0x6
 193 00da AB010000 		.4byte	.LASF18
 194 00de 04       		.byte	0x4
 195 00df 62       		.byte	0x62
 196 00e0 97000000 		.4byte	0x97
 197 00e4 01       		.byte	0x1
 198 00e5 01       		.byte	0x1
 199 00e6 07       		.byte	0x7
 200 00e7 07       		.uleb128 0x7
 201 00e8 72656400 		.ascii	"red\000"
 202 00ec 04       		.byte	0x4
 203 00ed 63       		.byte	0x63
 204 00ee 97000000 		.4byte	0x97
 205 00f2 01       		.byte	0x1
 206 00f3 01       		.byte	0x1
 207 00f4 07       		.byte	0x7
 208 00f5 06       		.uleb128 0x6
 209 00f6 DF020000 		.4byte	.LASF19
 210 00fa 04       		.byte	0x4
 211 00fb 64       		.byte	0x64
 212 00fc 97000000 		.4byte	0x97
 213 0100 01       		.byte	0x1
 214 0101 01       		.byte	0x1
 215 0102 07       		.byte	0x7
 216 0103 00       		.byte	0
 217 0104 03       		.uleb128 0x3
 218 0105 60020000 		.4byte	.LASF20
 219 0109 04       		.byte	0x4
 220 010a 65       		.byte	0x65
 221 010b C3000000 		.4byte	0xc3
 222 010f 03       		.uleb128 0x3
 223 0110 39020000 		.4byte	.LASF21
 224 0114 04       		.byte	0x4
 225 0115 92       		.byte	0x92
 226 0116 04010000 		.4byte	0x104
 227 011a 03       		.uleb128 0x3
 228 011b C1000000 		.4byte	.LASF22
 229 011f 04       		.byte	0x4
 230 0120 A0       		.byte	0xa0
 231 0121 97000000 		.4byte	0x97
 232 0125 02       		.uleb128 0x2
 233 0126 08       		.byte	0x8
 234 0127 04       		.byte	0x4
ARM GAS  C:\Users\d3bug\AppData\Local\Temp\ccBbmbcH.s 			page 7


 235 0128 D1010000 		.4byte	.LASF23
 236 012c 02       		.uleb128 0x2
 237 012d 04       		.byte	0x4
 238 012e 07       		.byte	0x7
 239 012f 06030000 		.4byte	.LASF24
 240 0133 02       		.uleb128 0x2
 241 0134 01       		.byte	0x1
 242 0135 08       		.byte	0x8
 243 0136 6C020000 		.4byte	.LASF25
 244 013a 03       		.uleb128 0x3
 245 013b FB020000 		.4byte	.LASF26
 246 013f 05       		.byte	0x5
 247 0140 1E       		.byte	0x1e
 248 0141 A2000000 		.4byte	0xa2
 249 0145 08       		.uleb128 0x8
 250 0146 04       		.byte	0x4
 251 0147 06       		.byte	0x6
 252 0148 25       		.byte	0x25
 253 0149 6C010000 		.4byte	0x16c
 254 014d 09       		.uleb128 0x9
 255 014e 89010000 		.4byte	.LASF27
 256 0152 06       		.byte	0x6
 257 0153 27       		.byte	0x27
 258 0154 B8000000 		.4byte	0xb8
 259 0158 04       		.byte	0x4
 260 0159 08       		.byte	0x8
 261 015a 18       		.byte	0x18
 262 015b 00       		.byte	0
 263 015c 09       		.uleb128 0x9
 264 015d B1010000 		.4byte	.LASF28
 265 0161 06       		.byte	0x6
 266 0162 28       		.byte	0x28
 267 0163 B8000000 		.4byte	0xb8
 268 0167 04       		.byte	0x4
 269 0168 18       		.byte	0x18
 270 0169 00       		.byte	0
 271 016a 00       		.byte	0
 272 016b 00       		.byte	0
 273 016c 03       		.uleb128 0x3
 274 016d DB030000 		.4byte	.LASF29
 275 0171 06       		.byte	0x6
 276 0172 29       		.byte	0x29
 277 0173 45010000 		.4byte	0x145
 278 0177 0A       		.uleb128 0xa
 279 0178 19030000 		.4byte	.LASF79
 280 017c 28       		.byte	0x28
 281 017d 06       		.byte	0x6
 282 017e 31       		.byte	0x31
 283 017f 1D020000 		.4byte	0x21d
 284 0183 0B       		.uleb128 0xb
 285 0184 B9020000 		.4byte	.LASF30
 286 0188 06       		.byte	0x6
 287 0189 33       		.byte	0x33
 288 018a B8000000 		.4byte	0xb8
 289 018e 00       		.byte	0
 290 018f 0B       		.uleb128 0xb
 291 0190 E4020000 		.4byte	.LASF31
ARM GAS  C:\Users\d3bug\AppData\Local\Temp\ccBbmbcH.s 			page 8


 292 0194 06       		.byte	0x6
 293 0195 34       		.byte	0x34
 294 0196 B8000000 		.4byte	0xb8
 295 019a 04       		.byte	0x4
 296 019b 0B       		.uleb128 0xb
 297 019c CA000000 		.4byte	.LASF32
 298 01a0 06       		.byte	0x6
 299 01a1 35       		.byte	0x35
 300 01a2 1D020000 		.4byte	0x21d
 301 01a6 08       		.byte	0x8
 302 01a7 0B       		.uleb128 0xb
 303 01a8 29030000 		.4byte	.LASF33
 304 01ac 06       		.byte	0x6
 305 01ad 36       		.byte	0x36
 306 01ae 28020000 		.4byte	0x228
 307 01b2 0C       		.byte	0xc
 308 01b3 0B       		.uleb128 0xb
 309 01b4 33030000 		.4byte	.LASF34
 310 01b8 06       		.byte	0x6
 311 01b9 37       		.byte	0x37
 312 01ba 33020000 		.4byte	0x233
 313 01be 10       		.byte	0x10
 314 01bf 0B       		.uleb128 0xb
 315 01c0 5A000000 		.4byte	.LASF35
 316 01c4 06       		.byte	0x6
 317 01c5 38       		.byte	0x38
 318 01c6 5D020000 		.4byte	0x25d
 319 01ca 14       		.byte	0x14
 320 01cb 0B       		.uleb128 0xb
 321 01cc 48000000 		.4byte	.LASF36
 322 01d0 06       		.byte	0x6
 323 01d1 39       		.byte	0x39
 324 01d2 77020000 		.4byte	0x277
 325 01d6 18       		.byte	0x18
 326 01d7 0B       		.uleb128 0xb
 327 01d8 6A000000 		.4byte	.LASF37
 328 01dc 06       		.byte	0x6
 329 01dd 3A       		.byte	0x3a
 330 01de 7D020000 		.4byte	0x27d
 331 01e2 1C       		.byte	0x1c
 332 01e3 09       		.uleb128 0x9
 333 01e4 D6030000 		.4byte	.LASF38
 334 01e8 06       		.byte	0x6
 335 01e9 3B       		.byte	0x3b
 336 01ea B8000000 		.4byte	0xb8
 337 01ee 04       		.byte	0x4
 338 01ef 08       		.byte	0x8
 339 01f0 18       		.byte	0x18
 340 01f1 20       		.byte	0x20
 341 01f2 0C       		.uleb128 0xc
 342 01f3 62707000 		.ascii	"bpp\000"
 343 01f7 06       		.byte	0x6
 344 01f8 3C       		.byte	0x3c
 345 01f9 B8000000 		.4byte	0xb8
 346 01fd 04       		.byte	0x4
 347 01fe 04       		.byte	0x4
 348 01ff 14       		.byte	0x14
ARM GAS  C:\Users\d3bug\AppData\Local\Temp\ccBbmbcH.s 			page 9


 349 0200 20       		.byte	0x20
 350 0201 09       		.uleb128 0x9
 351 0202 0F030000 		.4byte	.LASF39
 352 0206 06       		.byte	0x6
 353 0207 3D       		.byte	0x3d
 354 0208 B8000000 		.4byte	0xb8
 355 020c 04       		.byte	0x4
 356 020d 08       		.byte	0x8
 357 020e 0C       		.byte	0xc
 358 020f 20       		.byte	0x20
 359 0210 0B       		.uleb128 0xb
 360 0211 E4000000 		.4byte	.LASF40
 361 0215 06       		.byte	0x6
 362 0216 3E       		.byte	0x3e
 363 0217 AD000000 		.4byte	0xad
 364 021b 24       		.byte	0x24
 365 021c 00       		.byte	0
 366 021d 0D       		.uleb128 0xd
 367 021e 04       		.byte	0x4
 368 021f 23020000 		.4byte	0x223
 369 0223 0E       		.uleb128 0xe
 370 0224 97000000 		.4byte	0x97
 371 0228 0D       		.uleb128 0xd
 372 0229 04       		.byte	0x4
 373 022a 2E020000 		.4byte	0x22e
 374 022e 0E       		.uleb128 0xe
 375 022f 6C010000 		.4byte	0x16c
 376 0233 0D       		.uleb128 0xd
 377 0234 04       		.byte	0x4
 378 0235 39020000 		.4byte	0x239
 379 0239 0E       		.uleb128 0xe
 380 023a B8000000 		.4byte	0xb8
 381 023e 0F       		.uleb128 0xf
 382 023f 1D020000 		.4byte	0x21d
 383 0243 52020000 		.4byte	0x252
 384 0247 10       		.uleb128 0x10
 385 0248 52020000 		.4byte	0x252
 386 024c 10       		.uleb128 0x10
 387 024d B8000000 		.4byte	0xb8
 388 0251 00       		.byte	0
 389 0252 0D       		.uleb128 0xd
 390 0253 04       		.byte	0x4
 391 0254 58020000 		.4byte	0x258
 392 0258 0E       		.uleb128 0xe
 393 0259 77010000 		.4byte	0x177
 394 025d 0D       		.uleb128 0xd
 395 025e 04       		.byte	0x4
 396 025f 3E020000 		.4byte	0x23e
 397 0263 0F       		.uleb128 0xf
 398 0264 A2000000 		.4byte	0xa2
 399 0268 77020000 		.4byte	0x277
 400 026c 10       		.uleb128 0x10
 401 026d 52020000 		.4byte	0x252
 402 0271 10       		.uleb128 0x10
 403 0272 B8000000 		.4byte	0xb8
 404 0276 00       		.byte	0
 405 0277 0D       		.uleb128 0xd
ARM GAS  C:\Users\d3bug\AppData\Local\Temp\ccBbmbcH.s 			page 10


 406 0278 04       		.byte	0x4
 407 0279 63020000 		.4byte	0x263
 408 027d 0D       		.uleb128 0xd
 409 027e 04       		.byte	0x4
 410 027f 77010000 		.4byte	0x177
 411 0283 03       		.uleb128 0x3
 412 0284 AF020000 		.4byte	.LASF41
 413 0288 06       		.byte	0x6
 414 0289 3F       		.byte	0x3f
 415 028a 77010000 		.4byte	0x177
 416 028e 03       		.uleb128 0x3
 417 028f 9E020000 		.4byte	.LASF42
 418 0293 07       		.byte	0x7
 419 0294 2A       		.byte	0x2a
 420 0295 97000000 		.4byte	0x97
 421 0299 03       		.uleb128 0x3
 422 029a 5D010000 		.4byte	.LASF43
 423 029e 07       		.byte	0x7
 424 029f 32       		.byte	0x32
 425 02a0 97000000 		.4byte	0x97
 426 02a4 08       		.uleb128 0x8
 427 02a5 06       		.byte	0x6
 428 02a6 07       		.byte	0x7
 429 02a7 3E       		.byte	0x3e
 430 02a8 DD020000 		.4byte	0x2dd
 431 02ac 0B       		.uleb128 0xb
 432 02ad 7A000000 		.4byte	.LASF44
 433 02b1 07       		.byte	0x7
 434 02b2 3F       		.byte	0x3f
 435 02b3 0F010000 		.4byte	0x10f
 436 02b7 00       		.byte	0
 437 02b8 0B       		.uleb128 0xb
 438 02b9 FE000000 		.4byte	.LASF45
 439 02bd 07       		.byte	0x7
 440 02be 40       		.byte	0x40
 441 02bf 3A010000 		.4byte	0x13a
 442 02c3 02       		.byte	0x2
 443 02c4 0B       		.uleb128 0xb
 444 02c5 7B010000 		.4byte	.LASF46
 445 02c9 07       		.byte	0x7
 446 02ca 41       		.byte	0x41
 447 02cb 8E020000 		.4byte	0x28e
 448 02cf 04       		.byte	0x4
 449 02d0 11       		.uleb128 0x11
 450 02d1 6F706100 		.ascii	"opa\000"
 451 02d5 07       		.byte	0x7
 452 02d6 42       		.byte	0x42
 453 02d7 1A010000 		.4byte	0x11a
 454 02db 05       		.byte	0x5
 455 02dc 00       		.byte	0
 456 02dd 08       		.uleb128 0x8
 457 02de 06       		.byte	0x6
 458 02df 07       		.byte	0x7
 459 02e0 45       		.byte	0x45
 460 02e1 0A030000 		.4byte	0x30a
 461 02e5 0B       		.uleb128 0xb
 462 02e6 7A000000 		.4byte	.LASF44
ARM GAS  C:\Users\d3bug\AppData\Local\Temp\ccBbmbcH.s 			page 11


 463 02ea 07       		.byte	0x7
 464 02eb 46       		.byte	0x46
 465 02ec 0F010000 		.4byte	0x10f
 466 02f0 00       		.byte	0
 467 02f1 0B       		.uleb128 0xb
 468 02f2 FE000000 		.4byte	.LASF45
 469 02f6 07       		.byte	0x7
 470 02f7 47       		.byte	0x47
 471 02f8 3A010000 		.4byte	0x13a
 472 02fc 02       		.byte	0x2
 473 02fd 0B       		.uleb128 0xb
 474 02fe 71020000 		.4byte	.LASF47
 475 0302 07       		.byte	0x7
 476 0303 48       		.byte	0x48
 477 0304 99020000 		.4byte	0x299
 478 0308 04       		.byte	0x4
 479 0309 00       		.byte	0
 480 030a 08       		.uleb128 0x8
 481 030b 06       		.byte	0x6
 482 030c 07       		.byte	0x7
 483 030d 4B       		.byte	0x4b
 484 030e 37030000 		.4byte	0x337
 485 0312 11       		.uleb128 0x11
 486 0313 76657200 		.ascii	"ver\000"
 487 0317 07       		.byte	0x7
 488 0318 4C       		.byte	0x4c
 489 0319 3A010000 		.4byte	0x13a
 490 031d 00       		.byte	0
 491 031e 11       		.uleb128 0x11
 492 031f 686F7200 		.ascii	"hor\000"
 493 0323 07       		.byte	0x7
 494 0324 4D       		.byte	0x4d
 495 0325 3A010000 		.4byte	0x13a
 496 0329 02       		.byte	0x2
 497 032a 0B       		.uleb128 0xb
 498 032b 42000000 		.4byte	.LASF48
 499 032f 07       		.byte	0x7
 500 0330 4E       		.byte	0x4e
 501 0331 3A010000 		.4byte	0x13a
 502 0335 04       		.byte	0x4
 503 0336 00       		.byte	0
 504 0337 08       		.uleb128 0x8
 505 0338 1A       		.byte	0x1a
 506 0339 07       		.byte	0x7
 507 033a 38       		.byte	0x38
 508 033b A3030000 		.4byte	0x3a3
 509 033f 0B       		.uleb128 0xb
 510 0340 85020000 		.4byte	.LASF49
 511 0344 07       		.byte	0x7
 512 0345 39       		.byte	0x39
 513 0346 0F010000 		.4byte	0x10f
 514 034a 00       		.byte	0
 515 034b 0B       		.uleb128 0xb
 516 034c B6000000 		.4byte	.LASF50
 517 0350 07       		.byte	0x7
 518 0351 3A       		.byte	0x3a
 519 0352 0F010000 		.4byte	0x10f
ARM GAS  C:\Users\d3bug\AppData\Local\Temp\ccBbmbcH.s 			page 12


 520 0356 01       		.byte	0x1
 521 0357 0B       		.uleb128 0xb
 522 0358 E4010000 		.4byte	.LASF51
 523 035c 07       		.byte	0x7
 524 035d 3B       		.byte	0x3b
 525 035e 3A010000 		.4byte	0x13a
 526 0362 02       		.byte	0x2
 527 0363 11       		.uleb128 0x11
 528 0364 6F706100 		.ascii	"opa\000"
 529 0368 07       		.byte	0x7
 530 0369 3C       		.byte	0x3c
 531 036a 1A010000 		.4byte	0x11a
 532 036e 04       		.byte	0x4
 533 036f 0B       		.uleb128 0xb
 534 0370 EF030000 		.4byte	.LASF52
 535 0374 07       		.byte	0x7
 536 0375 43       		.byte	0x43
 537 0376 A4020000 		.4byte	0x2a4
 538 037a 06       		.byte	0x6
 539 037b 0B       		.uleb128 0xb
 540 037c 76020000 		.4byte	.LASF53
 541 0380 07       		.byte	0x7
 542 0381 49       		.byte	0x49
 543 0382 DD020000 		.4byte	0x2dd
 544 0386 0C       		.byte	0xc
 545 0387 0B       		.uleb128 0xb
 546 0388 96020000 		.4byte	.LASF54
 547 038c 07       		.byte	0x7
 548 038d 4F       		.byte	0x4f
 549 038e 0A030000 		.4byte	0x30a
 550 0392 12       		.byte	0x12
 551 0393 09       		.uleb128 0x9
 552 0394 BD010000 		.4byte	.LASF55
 553 0398 07       		.byte	0x7
 554 0399 51       		.byte	0x51
 555 039a 97000000 		.4byte	0x97
 556 039e 01       		.byte	0x1
 557 039f 01       		.byte	0x1
 558 03a0 07       		.byte	0x7
 559 03a1 18       		.byte	0x18
 560 03a2 00       		.byte	0
 561 03a3 08       		.uleb128 0x8
 562 03a4 10       		.byte	0x10
 563 03a5 07       		.byte	0x7
 564 03a6 55       		.byte	0x55
 565 03a7 E8030000 		.4byte	0x3e8
 566 03ab 0B       		.uleb128 0xb
 567 03ac 7A000000 		.4byte	.LASF44
 568 03b0 07       		.byte	0x7
 569 03b1 56       		.byte	0x56
 570 03b2 0F010000 		.4byte	0x10f
 571 03b6 00       		.byte	0
 572 03b7 0B       		.uleb128 0xb
 573 03b8 65000000 		.4byte	.LASF56
 574 03bc 07       		.byte	0x7
 575 03bd 57       		.byte	0x57
 576 03be E8030000 		.4byte	0x3e8
ARM GAS  C:\Users\d3bug\AppData\Local\Temp\ccBbmbcH.s 			page 13


 577 03c2 04       		.byte	0x4
 578 03c3 0B       		.uleb128 0xb
 579 03c4 6E010000 		.4byte	.LASF57
 580 03c8 07       		.byte	0x7
 581 03c9 58       		.byte	0x58
 582 03ca 3A010000 		.4byte	0x13a
 583 03ce 08       		.byte	0x8
 584 03cf 0B       		.uleb128 0xb
 585 03d0 EE000000 		.4byte	.LASF58
 586 03d4 07       		.byte	0x7
 587 03d5 59       		.byte	0x59
 588 03d6 3A010000 		.4byte	0x13a
 589 03da 0A       		.byte	0xa
 590 03db 11       		.uleb128 0x11
 591 03dc 6F706100 		.ascii	"opa\000"
 592 03e0 07       		.byte	0x7
 593 03e1 5A       		.byte	0x5a
 594 03e2 1A010000 		.4byte	0x11a
 595 03e6 0C       		.byte	0xc
 596 03e7 00       		.byte	0
 597 03e8 0D       		.uleb128 0xd
 598 03e9 04       		.byte	0x4
 599 03ea EE030000 		.4byte	0x3ee
 600 03ee 0E       		.uleb128 0xe
 601 03ef 83020000 		.4byte	0x283
 602 03f3 08       		.uleb128 0x8
 603 03f4 03       		.byte	0x3
 604 03f5 07       		.byte	0x7
 605 03f6 5D       		.byte	0x5d
 606 03f7 20040000 		.4byte	0x420
 607 03fb 0B       		.uleb128 0xb
 608 03fc 7A000000 		.4byte	.LASF44
 609 0400 07       		.byte	0x7
 610 0401 5E       		.byte	0x5e
 611 0402 0F010000 		.4byte	0x10f
 612 0406 00       		.byte	0
 613 0407 0B       		.uleb128 0xb
 614 0408 52000000 		.4byte	.LASF59
 615 040c 07       		.byte	0x7
 616 040d 5F       		.byte	0x5f
 617 040e 1A010000 		.4byte	0x11a
 618 0412 01       		.byte	0x1
 619 0413 11       		.uleb128 0x11
 620 0414 6F706100 		.ascii	"opa\000"
 621 0418 07       		.byte	0x7
 622 0419 60       		.byte	0x60
 623 041a 1A010000 		.4byte	0x11a
 624 041e 02       		.byte	0x2
 625 041f 00       		.byte	0
 626 0420 08       		.uleb128 0x8
 627 0421 06       		.byte	0x6
 628 0422 07       		.byte	0x7
 629 0423 63       		.byte	0x63
 630 0424 5C040000 		.4byte	0x45c
 631 0428 0B       		.uleb128 0xb
 632 0429 7A000000 		.4byte	.LASF44
 633 042d 07       		.byte	0x7
ARM GAS  C:\Users\d3bug\AppData\Local\Temp\ccBbmbcH.s 			page 14


 634 042e 64       		.byte	0x64
 635 042f 0F010000 		.4byte	0x10f
 636 0433 00       		.byte	0
 637 0434 0B       		.uleb128 0xb
 638 0435 FE000000 		.4byte	.LASF45
 639 0439 07       		.byte	0x7
 640 043a 65       		.byte	0x65
 641 043b 3A010000 		.4byte	0x13a
 642 043f 02       		.byte	0x2
 643 0440 11       		.uleb128 0x11
 644 0441 6F706100 		.ascii	"opa\000"
 645 0445 07       		.byte	0x7
 646 0446 66       		.byte	0x66
 647 0447 1A010000 		.4byte	0x11a
 648 044b 04       		.byte	0x4
 649 044c 09       		.uleb128 0x9
 650 044d 40030000 		.4byte	.LASF60
 651 0451 07       		.byte	0x7
 652 0452 67       		.byte	0x67
 653 0453 97000000 		.4byte	0x97
 654 0457 01       		.byte	0x1
 655 0458 01       		.byte	0x1
 656 0459 07       		.byte	0x7
 657 045a 05       		.byte	0x5
 658 045b 00       		.byte	0
 659 045c 08       		.uleb128 0x8
 660 045d 38       		.byte	0x38
 661 045e 07       		.byte	0x7
 662 045f 34       		.byte	0x34
 663 0460 A4040000 		.4byte	0x4a4
 664 0464 09       		.uleb128 0x9
 665 0465 C3010000 		.4byte	.LASF61
 666 0469 07       		.byte	0x7
 667 046a 36       		.byte	0x36
 668 046b 97000000 		.4byte	0x97
 669 046f 01       		.byte	0x1
 670 0470 01       		.byte	0x1
 671 0471 07       		.byte	0x7
 672 0472 00       		.byte	0
 673 0473 0B       		.uleb128 0xb
 674 0474 8E010000 		.4byte	.LASF62
 675 0478 07       		.byte	0x7
 676 0479 52       		.byte	0x52
 677 047a 37030000 		.4byte	0x337
 678 047e 02       		.byte	0x2
 679 047f 0B       		.uleb128 0xb
 680 0480 20000000 		.4byte	.LASF63
 681 0484 07       		.byte	0x7
 682 0485 5B       		.byte	0x5b
 683 0486 A3030000 		.4byte	0x3a3
 684 048a 1C       		.byte	0x1c
 685 048b 0B       		.uleb128 0xb
 686 048c D9020000 		.4byte	.LASF64
 687 0490 07       		.byte	0x7
 688 0491 61       		.byte	0x61
 689 0492 F3030000 		.4byte	0x3f3
 690 0496 2C       		.byte	0x2c
ARM GAS  C:\Users\d3bug\AppData\Local\Temp\ccBbmbcH.s 			page 15


 691 0497 0B       		.uleb128 0xb
 692 0498 DF000000 		.4byte	.LASF65
 693 049c 07       		.byte	0x7
 694 049d 68       		.byte	0x68
 695 049e 20040000 		.4byte	0x420
 696 04a2 30       		.byte	0x30
 697 04a3 00       		.byte	0
 698 04a4 03       		.uleb128 0x3
 699 04a5 86000000 		.4byte	.LASF66
 700 04a9 07       		.byte	0x7
 701 04aa 69       		.byte	0x69
 702 04ab 5C040000 		.4byte	0x45c
 703 04af 08       		.uleb128 0x8
 704 04b0 14       		.byte	0x14
 705 04b1 08       		.byte	0x8
 706 04b2 29       		.byte	0x29
 707 04b3 F3040000 		.4byte	0x4f3
 708 04b7 11       		.uleb128 0x11
 709 04b8 72656C00 		.ascii	"rel\000"
 710 04bc 08       		.byte	0x8
 711 04bd 2A       		.byte	0x2a
 712 04be F3040000 		.4byte	0x4f3
 713 04c2 00       		.byte	0
 714 04c3 11       		.uleb128 0x11
 715 04c4 707200   		.ascii	"pr\000"
 716 04c7 08       		.byte	0x8
 717 04c8 2B       		.byte	0x2b
 718 04c9 F3040000 		.4byte	0x4f3
 719 04cd 04       		.byte	0x4
 720 04ce 0B       		.uleb128 0xb
 721 04cf C9010000 		.4byte	.LASF67
 722 04d3 08       		.byte	0x8
 723 04d4 2C       		.byte	0x2c
 724 04d5 F3040000 		.4byte	0x4f3
 725 04d9 08       		.byte	0x8
 726 04da 0B       		.uleb128 0xb
 727 04db DD010000 		.4byte	.LASF68
 728 04df 08       		.byte	0x8
 729 04e0 2D       		.byte	0x2d
 730 04e1 F3040000 		.4byte	0x4f3
 731 04e5 0C       		.byte	0xc
 732 04e6 11       		.uleb128 0x11
 733 04e7 696E6100 		.ascii	"ina\000"
 734 04eb 08       		.byte	0x8
 735 04ec 2E       		.byte	0x2e
 736 04ed F3040000 		.4byte	0x4f3
 737 04f1 10       		.byte	0x10
 738 04f2 00       		.byte	0
 739 04f3 0D       		.uleb128 0xd
 740 04f4 04       		.byte	0x4
 741 04f5 A4040000 		.4byte	0x4a4
 742 04f9 08       		.uleb128 0x8
 743 04fa 0C       		.byte	0xc
 744 04fb 08       		.byte	0x8
 745 04fc 3E       		.byte	0x3e
 746 04fd 26050000 		.4byte	0x526
 747 0501 0B       		.uleb128 0xb
ARM GAS  C:\Users\d3bug\AppData\Local\Temp\ccBbmbcH.s 			page 16


 748 0502 F6030000 		.4byte	.LASF69
 749 0506 08       		.byte	0x8
 750 0507 3F       		.byte	0x3f
 751 0508 F3040000 		.4byte	0x4f3
 752 050c 00       		.byte	0
 753 050d 11       		.uleb128 0x11
 754 050e 73656300 		.ascii	"sec\000"
 755 0512 08       		.byte	0x8
 756 0513 40       		.byte	0x40
 757 0514 F3040000 		.4byte	0x4f3
 758 0518 04       		.byte	0x4
 759 0519 0B       		.uleb128 0xb
 760 051a F9000000 		.4byte	.LASF70
 761 051e 08       		.byte	0x8
 762 051f 41       		.byte	0x41
 763 0520 F3040000 		.4byte	0x4f3
 764 0524 08       		.byte	0x8
 765 0525 00       		.byte	0
 766 0526 08       		.uleb128 0x8
 767 0527 2C       		.byte	0x2c
 768 0528 08       		.byte	0x8
 769 0529 20       		.byte	0x20
 770 052a 6A050000 		.4byte	0x56a
 771 052e 11       		.uleb128 0x11
 772 052f 626700   		.ascii	"bg\000"
 773 0532 08       		.byte	0x8
 774 0533 21       		.byte	0x21
 775 0534 F3040000 		.4byte	0x4f3
 776 0538 00       		.byte	0
 777 0539 0B       		.uleb128 0xb
 778 053a 80000000 		.4byte	.LASF71
 779 053e 08       		.byte	0x8
 780 053f 22       		.byte	0x22
 781 0540 F3040000 		.4byte	0x4f3
 782 0544 04       		.byte	0x4
 783 0545 0B       		.uleb128 0xb
 784 0546 04010000 		.4byte	.LASF72
 785 054a 08       		.byte	0x8
 786 054b 25       		.byte	0x25
 787 054c F3040000 		.4byte	0x4f3
 788 0550 08       		.byte	0x8
 789 0551 11       		.uleb128 0x11
 790 0552 62746E00 		.ascii	"btn\000"
 791 0556 08       		.byte	0x8
 792 0557 2F       		.byte	0x2f
 793 0558 AF040000 		.4byte	0x4af
 794 055c 0C       		.byte	0xc
 795 055d 0B       		.uleb128 0xb
 796 055e 74000000 		.4byte	.LASF73
 797 0562 08       		.byte	0x8
 798 0563 42       		.byte	0x42
 799 0564 F9040000 		.4byte	0x4f9
 800 0568 20       		.byte	0x20
 801 0569 00       		.byte	0
 802 056a 12       		.uleb128 0x12
 803 056b 00000000 		.4byte	.LASF74
 804 056f 08       		.byte	0x8
ARM GAS  C:\Users\d3bug\AppData\Local\Temp\ccBbmbcH.s 			page 17


 805 0570 2401     		.2byte	0x124
 806 0572 26050000 		.4byte	0x526
 807 0576 02       		.uleb128 0x2
 808 0577 01       		.byte	0x1
 809 0578 02       		.byte	0x2
 810 0579 90020000 		.4byte	.LASF75
 811 057d 13       		.uleb128 0x13
 812 057e F7010000 		.4byte	.LASF80
 813 0582 01       		.byte	0x1
 814 0583 3A       		.byte	0x3a
 815 0584 00000000 		.4byte	.LFB12
 816 0588 0C000000 		.4byte	.LFE12-.LFB12
 817 058c 01       		.uleb128 0x1
 818 058d 9C       		.byte	0x9c
 819 058e 9F050000 		.4byte	0x59f
 820 0592 14       		.uleb128 0x14
 821 0593 746800   		.ascii	"th\000"
 822 0596 01       		.byte	0x1
 823 0597 3A       		.byte	0x3a
 824 0598 9F050000 		.4byte	0x59f
 825 059c 01       		.uleb128 0x1
 826 059d 50       		.byte	0x50
 827 059e 00       		.byte	0
 828 059f 0D       		.uleb128 0xd
 829 05a0 04       		.byte	0x4
 830 05a1 6A050000 		.4byte	0x56a
 831 05a5 15       		.uleb128 0x15
 832 05a6 0B000000 		.4byte	.LASF81
 833 05aa 01       		.byte	0x1
 834 05ab 64       		.byte	0x64
 835 05ac 9F050000 		.4byte	0x59f
 836 05b0 00000000 		.4byte	.LFB13
 837 05b4 0C000000 		.4byte	.LFE13-.LFB13
 838 05b8 01       		.uleb128 0x1
 839 05b9 9C       		.byte	0x9c
 840 05ba 16       		.uleb128 0x16
 841 05bb FB030000 		.4byte	.LASF82
 842 05bf 01       		.byte	0x1
 843 05c0 1D       		.byte	0x1d
 844 05c1 9F050000 		.4byte	0x59f
 845 05c5 05       		.uleb128 0x5
 846 05c6 03       		.byte	0x3
 847 05c7 00000000 		.4byte	current_theme
 848 05cb 00       		.byte	0
 849              		.section	.debug_abbrev,"",%progbits
 850              	.Ldebug_abbrev0:
 851 0000 01       		.uleb128 0x1
 852 0001 11       		.uleb128 0x11
 853 0002 01       		.byte	0x1
 854 0003 25       		.uleb128 0x25
 855 0004 0E       		.uleb128 0xe
 856 0005 13       		.uleb128 0x13
 857 0006 0B       		.uleb128 0xb
 858 0007 03       		.uleb128 0x3
 859 0008 0E       		.uleb128 0xe
 860 0009 1B       		.uleb128 0x1b
 861 000a 0E       		.uleb128 0xe
ARM GAS  C:\Users\d3bug\AppData\Local\Temp\ccBbmbcH.s 			page 18


 862 000b 55       		.uleb128 0x55
 863 000c 17       		.uleb128 0x17
 864 000d 11       		.uleb128 0x11
 865 000e 01       		.uleb128 0x1
 866 000f 10       		.uleb128 0x10
 867 0010 17       		.uleb128 0x17
 868 0011 00       		.byte	0
 869 0012 00       		.byte	0
 870 0013 02       		.uleb128 0x2
 871 0014 24       		.uleb128 0x24
 872 0015 00       		.byte	0
 873 0016 0B       		.uleb128 0xb
 874 0017 0B       		.uleb128 0xb
 875 0018 3E       		.uleb128 0x3e
 876 0019 0B       		.uleb128 0xb
 877 001a 03       		.uleb128 0x3
 878 001b 0E       		.uleb128 0xe
 879 001c 00       		.byte	0
 880 001d 00       		.byte	0
 881 001e 03       		.uleb128 0x3
 882 001f 16       		.uleb128 0x16
 883 0020 00       		.byte	0
 884 0021 03       		.uleb128 0x3
 885 0022 0E       		.uleb128 0xe
 886 0023 3A       		.uleb128 0x3a
 887 0024 0B       		.uleb128 0xb
 888 0025 3B       		.uleb128 0x3b
 889 0026 0B       		.uleb128 0xb
 890 0027 49       		.uleb128 0x49
 891 0028 13       		.uleb128 0x13
 892 0029 00       		.byte	0
 893 002a 00       		.byte	0
 894 002b 04       		.uleb128 0x4
 895 002c 24       		.uleb128 0x24
 896 002d 00       		.byte	0
 897 002e 0B       		.uleb128 0xb
 898 002f 0B       		.uleb128 0xb
 899 0030 3E       		.uleb128 0x3e
 900 0031 0B       		.uleb128 0xb
 901 0032 03       		.uleb128 0x3
 902 0033 08       		.uleb128 0x8
 903 0034 00       		.byte	0
 904 0035 00       		.byte	0
 905 0036 05       		.uleb128 0x5
 906 0037 17       		.uleb128 0x17
 907 0038 01       		.byte	0x1
 908 0039 0B       		.uleb128 0xb
 909 003a 0B       		.uleb128 0xb
 910 003b 3A       		.uleb128 0x3a
 911 003c 0B       		.uleb128 0xb
 912 003d 3B       		.uleb128 0x3b
 913 003e 0B       		.uleb128 0xb
 914 003f 01       		.uleb128 0x1
 915 0040 13       		.uleb128 0x13
 916 0041 00       		.byte	0
 917 0042 00       		.byte	0
 918 0043 06       		.uleb128 0x6
ARM GAS  C:\Users\d3bug\AppData\Local\Temp\ccBbmbcH.s 			page 19


 919 0044 0D       		.uleb128 0xd
 920 0045 00       		.byte	0
 921 0046 03       		.uleb128 0x3
 922 0047 0E       		.uleb128 0xe
 923 0048 3A       		.uleb128 0x3a
 924 0049 0B       		.uleb128 0xb
 925 004a 3B       		.uleb128 0x3b
 926 004b 0B       		.uleb128 0xb
 927 004c 49       		.uleb128 0x49
 928 004d 13       		.uleb128 0x13
 929 004e 0B       		.uleb128 0xb
 930 004f 0B       		.uleb128 0xb
 931 0050 0D       		.uleb128 0xd
 932 0051 0B       		.uleb128 0xb
 933 0052 0C       		.uleb128 0xc
 934 0053 0B       		.uleb128 0xb
 935 0054 00       		.byte	0
 936 0055 00       		.byte	0
 937 0056 07       		.uleb128 0x7
 938 0057 0D       		.uleb128 0xd
 939 0058 00       		.byte	0
 940 0059 03       		.uleb128 0x3
 941 005a 08       		.uleb128 0x8
 942 005b 3A       		.uleb128 0x3a
 943 005c 0B       		.uleb128 0xb
 944 005d 3B       		.uleb128 0x3b
 945 005e 0B       		.uleb128 0xb
 946 005f 49       		.uleb128 0x49
 947 0060 13       		.uleb128 0x13
 948 0061 0B       		.uleb128 0xb
 949 0062 0B       		.uleb128 0xb
 950 0063 0D       		.uleb128 0xd
 951 0064 0B       		.uleb128 0xb
 952 0065 0C       		.uleb128 0xc
 953 0066 0B       		.uleb128 0xb
 954 0067 00       		.byte	0
 955 0068 00       		.byte	0
 956 0069 08       		.uleb128 0x8
 957 006a 13       		.uleb128 0x13
 958 006b 01       		.byte	0x1
 959 006c 0B       		.uleb128 0xb
 960 006d 0B       		.uleb128 0xb
 961 006e 3A       		.uleb128 0x3a
 962 006f 0B       		.uleb128 0xb
 963 0070 3B       		.uleb128 0x3b
 964 0071 0B       		.uleb128 0xb
 965 0072 01       		.uleb128 0x1
 966 0073 13       		.uleb128 0x13
 967 0074 00       		.byte	0
 968 0075 00       		.byte	0
 969 0076 09       		.uleb128 0x9
 970 0077 0D       		.uleb128 0xd
 971 0078 00       		.byte	0
 972 0079 03       		.uleb128 0x3
 973 007a 0E       		.uleb128 0xe
 974 007b 3A       		.uleb128 0x3a
 975 007c 0B       		.uleb128 0xb
ARM GAS  C:\Users\d3bug\AppData\Local\Temp\ccBbmbcH.s 			page 20


 976 007d 3B       		.uleb128 0x3b
 977 007e 0B       		.uleb128 0xb
 978 007f 49       		.uleb128 0x49
 979 0080 13       		.uleb128 0x13
 980 0081 0B       		.uleb128 0xb
 981 0082 0B       		.uleb128 0xb
 982 0083 0D       		.uleb128 0xd
 983 0084 0B       		.uleb128 0xb
 984 0085 0C       		.uleb128 0xc
 985 0086 0B       		.uleb128 0xb
 986 0087 38       		.uleb128 0x38
 987 0088 0B       		.uleb128 0xb
 988 0089 00       		.byte	0
 989 008a 00       		.byte	0
 990 008b 0A       		.uleb128 0xa
 991 008c 13       		.uleb128 0x13
 992 008d 01       		.byte	0x1
 993 008e 03       		.uleb128 0x3
 994 008f 0E       		.uleb128 0xe
 995 0090 0B       		.uleb128 0xb
 996 0091 0B       		.uleb128 0xb
 997 0092 3A       		.uleb128 0x3a
 998 0093 0B       		.uleb128 0xb
 999 0094 3B       		.uleb128 0x3b
 1000 0095 0B       		.uleb128 0xb
 1001 0096 01       		.uleb128 0x1
 1002 0097 13       		.uleb128 0x13
 1003 0098 00       		.byte	0
 1004 0099 00       		.byte	0
 1005 009a 0B       		.uleb128 0xb
 1006 009b 0D       		.uleb128 0xd
 1007 009c 00       		.byte	0
 1008 009d 03       		.uleb128 0x3
 1009 009e 0E       		.uleb128 0xe
 1010 009f 3A       		.uleb128 0x3a
 1011 00a0 0B       		.uleb128 0xb
 1012 00a1 3B       		.uleb128 0x3b
 1013 00a2 0B       		.uleb128 0xb
 1014 00a3 49       		.uleb128 0x49
 1015 00a4 13       		.uleb128 0x13
 1016 00a5 38       		.uleb128 0x38
 1017 00a6 0B       		.uleb128 0xb
 1018 00a7 00       		.byte	0
 1019 00a8 00       		.byte	0
 1020 00a9 0C       		.uleb128 0xc
 1021 00aa 0D       		.uleb128 0xd
 1022 00ab 00       		.byte	0
 1023 00ac 03       		.uleb128 0x3
 1024 00ad 08       		.uleb128 0x8
 1025 00ae 3A       		.uleb128 0x3a
 1026 00af 0B       		.uleb128 0xb
 1027 00b0 3B       		.uleb128 0x3b
 1028 00b1 0B       		.uleb128 0xb
 1029 00b2 49       		.uleb128 0x49
 1030 00b3 13       		.uleb128 0x13
 1031 00b4 0B       		.uleb128 0xb
 1032 00b5 0B       		.uleb128 0xb
ARM GAS  C:\Users\d3bug\AppData\Local\Temp\ccBbmbcH.s 			page 21


 1033 00b6 0D       		.uleb128 0xd
 1034 00b7 0B       		.uleb128 0xb
 1035 00b8 0C       		.uleb128 0xc
 1036 00b9 0B       		.uleb128 0xb
 1037 00ba 38       		.uleb128 0x38
 1038 00bb 0B       		.uleb128 0xb
 1039 00bc 00       		.byte	0
 1040 00bd 00       		.byte	0
 1041 00be 0D       		.uleb128 0xd
 1042 00bf 0F       		.uleb128 0xf
 1043 00c0 00       		.byte	0
 1044 00c1 0B       		.uleb128 0xb
 1045 00c2 0B       		.uleb128 0xb
 1046 00c3 49       		.uleb128 0x49
 1047 00c4 13       		.uleb128 0x13
 1048 00c5 00       		.byte	0
 1049 00c6 00       		.byte	0
 1050 00c7 0E       		.uleb128 0xe
 1051 00c8 26       		.uleb128 0x26
 1052 00c9 00       		.byte	0
 1053 00ca 49       		.uleb128 0x49
 1054 00cb 13       		.uleb128 0x13
 1055 00cc 00       		.byte	0
 1056 00cd 00       		.byte	0
 1057 00ce 0F       		.uleb128 0xf
 1058 00cf 15       		.uleb128 0x15
 1059 00d0 01       		.byte	0x1
 1060 00d1 27       		.uleb128 0x27
 1061 00d2 19       		.uleb128 0x19
 1062 00d3 49       		.uleb128 0x49
 1063 00d4 13       		.uleb128 0x13
 1064 00d5 01       		.uleb128 0x1
 1065 00d6 13       		.uleb128 0x13
 1066 00d7 00       		.byte	0
 1067 00d8 00       		.byte	0
 1068 00d9 10       		.uleb128 0x10
 1069 00da 05       		.uleb128 0x5
 1070 00db 00       		.byte	0
 1071 00dc 49       		.uleb128 0x49
 1072 00dd 13       		.uleb128 0x13
 1073 00de 00       		.byte	0
 1074 00df 00       		.byte	0
 1075 00e0 11       		.uleb128 0x11
 1076 00e1 0D       		.uleb128 0xd
 1077 00e2 00       		.byte	0
 1078 00e3 03       		.uleb128 0x3
 1079 00e4 08       		.uleb128 0x8
 1080 00e5 3A       		.uleb128 0x3a
 1081 00e6 0B       		.uleb128 0xb
 1082 00e7 3B       		.uleb128 0x3b
 1083 00e8 0B       		.uleb128 0xb
 1084 00e9 49       		.uleb128 0x49
 1085 00ea 13       		.uleb128 0x13
 1086 00eb 38       		.uleb128 0x38
 1087 00ec 0B       		.uleb128 0xb
 1088 00ed 00       		.byte	0
 1089 00ee 00       		.byte	0
ARM GAS  C:\Users\d3bug\AppData\Local\Temp\ccBbmbcH.s 			page 22


 1090 00ef 12       		.uleb128 0x12
 1091 00f0 16       		.uleb128 0x16
 1092 00f1 00       		.byte	0
 1093 00f2 03       		.uleb128 0x3
 1094 00f3 0E       		.uleb128 0xe
 1095 00f4 3A       		.uleb128 0x3a
 1096 00f5 0B       		.uleb128 0xb
 1097 00f6 3B       		.uleb128 0x3b
 1098 00f7 05       		.uleb128 0x5
 1099 00f8 49       		.uleb128 0x49
 1100 00f9 13       		.uleb128 0x13
 1101 00fa 00       		.byte	0
 1102 00fb 00       		.byte	0
 1103 00fc 13       		.uleb128 0x13
 1104 00fd 2E       		.uleb128 0x2e
 1105 00fe 01       		.byte	0x1
 1106 00ff 3F       		.uleb128 0x3f
 1107 0100 19       		.uleb128 0x19
 1108 0101 03       		.uleb128 0x3
 1109 0102 0E       		.uleb128 0xe
 1110 0103 3A       		.uleb128 0x3a
 1111 0104 0B       		.uleb128 0xb
 1112 0105 3B       		.uleb128 0x3b
 1113 0106 0B       		.uleb128 0xb
 1114 0107 27       		.uleb128 0x27
 1115 0108 19       		.uleb128 0x19
 1116 0109 11       		.uleb128 0x11
 1117 010a 01       		.uleb128 0x1
 1118 010b 12       		.uleb128 0x12
 1119 010c 06       		.uleb128 0x6
 1120 010d 40       		.uleb128 0x40
 1121 010e 18       		.uleb128 0x18
 1122 010f 9742     		.uleb128 0x2117
 1123 0111 19       		.uleb128 0x19
 1124 0112 01       		.uleb128 0x1
 1125 0113 13       		.uleb128 0x13
 1126 0114 00       		.byte	0
 1127 0115 00       		.byte	0
 1128 0116 14       		.uleb128 0x14
 1129 0117 05       		.uleb128 0x5
 1130 0118 00       		.byte	0
 1131 0119 03       		.uleb128 0x3
 1132 011a 08       		.uleb128 0x8
 1133 011b 3A       		.uleb128 0x3a
 1134 011c 0B       		.uleb128 0xb
 1135 011d 3B       		.uleb128 0x3b
 1136 011e 0B       		.uleb128 0xb
 1137 011f 49       		.uleb128 0x49
 1138 0120 13       		.uleb128 0x13
 1139 0121 02       		.uleb128 0x2
 1140 0122 18       		.uleb128 0x18
 1141 0123 00       		.byte	0
 1142 0124 00       		.byte	0
 1143 0125 15       		.uleb128 0x15
 1144 0126 2E       		.uleb128 0x2e
 1145 0127 00       		.byte	0
 1146 0128 3F       		.uleb128 0x3f
ARM GAS  C:\Users\d3bug\AppData\Local\Temp\ccBbmbcH.s 			page 23


 1147 0129 19       		.uleb128 0x19
 1148 012a 03       		.uleb128 0x3
 1149 012b 0E       		.uleb128 0xe
 1150 012c 3A       		.uleb128 0x3a
 1151 012d 0B       		.uleb128 0xb
 1152 012e 3B       		.uleb128 0x3b
 1153 012f 0B       		.uleb128 0xb
 1154 0130 27       		.uleb128 0x27
 1155 0131 19       		.uleb128 0x19
 1156 0132 49       		.uleb128 0x49
 1157 0133 13       		.uleb128 0x13
 1158 0134 11       		.uleb128 0x11
 1159 0135 01       		.uleb128 0x1
 1160 0136 12       		.uleb128 0x12
 1161 0137 06       		.uleb128 0x6
 1162 0138 40       		.uleb128 0x40
 1163 0139 18       		.uleb128 0x18
 1164 013a 9742     		.uleb128 0x2117
 1165 013c 19       		.uleb128 0x19
 1166 013d 00       		.byte	0
 1167 013e 00       		.byte	0
 1168 013f 16       		.uleb128 0x16
 1169 0140 34       		.uleb128 0x34
 1170 0141 00       		.byte	0
 1171 0142 03       		.uleb128 0x3
 1172 0143 0E       		.uleb128 0xe
 1173 0144 3A       		.uleb128 0x3a
 1174 0145 0B       		.uleb128 0xb
 1175 0146 3B       		.uleb128 0x3b
 1176 0147 0B       		.uleb128 0xb
 1177 0148 49       		.uleb128 0x49
 1178 0149 13       		.uleb128 0x13
 1179 014a 02       		.uleb128 0x2
 1180 014b 18       		.uleb128 0x18
 1181 014c 00       		.byte	0
 1182 014d 00       		.byte	0
 1183 014e 00       		.byte	0
 1184              		.section	.debug_aranges,"",%progbits
 1185 0000 24000000 		.4byte	0x24
 1186 0004 0200     		.2byte	0x2
 1187 0006 00000000 		.4byte	.Ldebug_info0
 1188 000a 04       		.byte	0x4
 1189 000b 00       		.byte	0
 1190 000c 0000     		.2byte	0
 1191 000e 0000     		.2byte	0
 1192 0010 00000000 		.4byte	.LFB12
 1193 0014 0C000000 		.4byte	.LFE12-.LFB12
 1194 0018 00000000 		.4byte	.LFB13
 1195 001c 0C000000 		.4byte	.LFE13-.LFB13
 1196 0020 00000000 		.4byte	0
 1197 0024 00000000 		.4byte	0
 1198              		.section	.debug_ranges,"",%progbits
 1199              	.Ldebug_ranges0:
 1200 0000 00000000 		.4byte	.LFB12
 1201 0004 0C000000 		.4byte	.LFE12
 1202 0008 00000000 		.4byte	.LFB13
 1203 000c 0C000000 		.4byte	.LFE13
ARM GAS  C:\Users\d3bug\AppData\Local\Temp\ccBbmbcH.s 			page 24


 1204 0010 00000000 		.4byte	0
 1205 0014 00000000 		.4byte	0
 1206              		.section	.debug_line,"",%progbits
 1207              	.Ldebug_line0:
 1208 0000 E0010000 		.section	.debug_str,"MS",%progbits,1
 1208      0200B901 
 1208      00000201 
 1208      FB0E0D00 
 1208      01010101 
 1209              	.LASF74:
 1210 0000 6C765F74 		.ascii	"lv_theme_t\000"
 1210      68656D65 
 1210      5F7400
 1211              	.LASF81:
 1212 000b 6C765F74 		.ascii	"lv_theme_get_current\000"
 1212      68656D65 
 1212      5F676574 
 1212      5F637572 
 1212      72656E74 
 1213              	.LASF63:
 1214 0020 74657874 		.ascii	"text\000"
 1214      00
 1215              	.LASF77:
 1216 0025 2E2E5C6C 		.ascii	"..\\lvgl\\lv_themes\\lv_theme.c\000"
 1216      76676C5C 
 1216      6C765F74 
 1216      68656D65 
 1216      735C6C76 
 1217              	.LASF48:
 1218 0042 696E6E65 		.ascii	"inner\000"
 1218      7200
 1219              	.LASF36:
 1220 0048 6765745F 		.ascii	"get_width\000"
 1220      77696474 
 1220      6800
 1221              	.LASF59:
 1222 0052 696E7465 		.ascii	"intense\000"
 1222      6E736500 
 1223              	.LASF35:
 1224 005a 6765745F 		.ascii	"get_bitmap\000"
 1224      6269746D 
 1224      617000
 1225              	.LASF56:
 1226 0065 666F6E74 		.ascii	"font\000"
 1226      00
 1227              	.LASF37:
 1228 006a 6E657874 		.ascii	"next_page\000"
 1228      5F706167 
 1228      6500
 1229              	.LASF73:
 1230 0074 6C616265 		.ascii	"label\000"
 1230      6C00
 1231              	.LASF44:
 1232 007a 636F6C6F 		.ascii	"color\000"
 1232      7200
 1233              	.LASF71:
 1234 0080 70616E65 		.ascii	"panel\000"
ARM GAS  C:\Users\d3bug\AppData\Local\Temp\ccBbmbcH.s 			page 25


 1234      6C00
 1235              	.LASF66:
 1236 0086 6C765F73 		.ascii	"lv_style_t\000"
 1236      74796C65 
 1236      5F7400
 1237              	.LASF8:
 1238 0091 5F5F7569 		.ascii	"__uint32_t\000"
 1238      6E743332 
 1238      5F7400
 1239              	.LASF5:
 1240 009c 5F5F7569 		.ascii	"__uint16_t\000"
 1240      6E743136 
 1240      5F7400
 1241              	.LASF4:
 1242 00a7 73686F72 		.ascii	"short int\000"
 1242      7420696E 
 1242      7400
 1243              	.LASF17:
 1244 00b1 626C7565 		.ascii	"blue\000"
 1244      00
 1245              	.LASF50:
 1246 00b6 67726164 		.ascii	"grad_color\000"
 1246      5F636F6C 
 1246      6F7200
 1247              	.LASF22:
 1248 00c1 6C765F6F 		.ascii	"lv_opa_t\000"
 1248      70615F74 
 1248      00
 1249              	.LASF32:
 1250 00ca 676C7970 		.ascii	"glyph_bitmap\000"
 1250      685F6269 
 1250      746D6170 
 1250      00
 1251              	.LASF13:
 1252 00d7 75696E74 		.ascii	"uint8_t\000"
 1252      385F7400 
 1253              	.LASF65:
 1254 00df 6C696E65 		.ascii	"line\000"
 1254      00
 1255              	.LASF40:
 1256 00e4 676C7970 		.ascii	"glyph_cnt\000"
 1256      685F636E 
 1256      7400
 1257              	.LASF58:
 1258 00ee 6C696E65 		.ascii	"line_space\000"
 1258      5F737061 
 1258      636500
 1259              	.LASF70:
 1260 00f9 68696E74 		.ascii	"hint\000"
 1260      00
 1261              	.LASF45:
 1262 00fe 77696474 		.ascii	"width\000"
 1262      6800
 1263              	.LASF72:
 1264 0104 636F6E74 		.ascii	"cont\000"
 1264      00
 1265              	.LASF78:
ARM GAS  C:\Users\d3bug\AppData\Local\Temp\ccBbmbcH.s 			page 26


 1266 0109 433A5C55 		.ascii	"C:\\Users\\d3bug\\Documents\\Creator\\lvgl_ssd1306\\"
 1266      73657273 
 1266      5C643362 
 1266      75675C44 
 1266      6F63756D 
 1267 0137 68656C6C 		.ascii	"hello_world_label.cydsn\000"
 1267      6F5F776F 
 1267      726C645F 
 1267      6C616265 
 1267      6C2E6379 
 1268              	.LASF10:
 1269 014f 6C6F6E67 		.ascii	"long long int\000"
 1269      206C6F6E 
 1269      6720696E 
 1269      7400
 1270              	.LASF43:
 1271 015d 6C765F73 		.ascii	"lv_shadow_type_t\000"
 1271      6861646F 
 1271      775F7479 
 1271      70655F74 
 1271      00
 1272              	.LASF57:
 1273 016e 6C657474 		.ascii	"letter_space\000"
 1273      65725F73 
 1273      70616365 
 1273      00
 1274              	.LASF46:
 1275 017b 70617274 		.ascii	"part\000"
 1275      00
 1276              	.LASF7:
 1277 0180 6C6F6E67 		.ascii	"long int\000"
 1277      20696E74 
 1277      00
 1278              	.LASF27:
 1279 0189 775F7078 		.ascii	"w_px\000"
 1279      00
 1280              	.LASF62:
 1281 018e 626F6479 		.ascii	"body\000"
 1281      00
 1282              	.LASF2:
 1283 0193 5F5F7569 		.ascii	"__uint8_t\000"
 1283      6E74385F 
 1283      7400
 1284              	.LASF1:
 1285 019d 756E7369 		.ascii	"unsigned char\000"
 1285      676E6564 
 1285      20636861 
 1285      7200
 1286              	.LASF18:
 1287 01ab 67726565 		.ascii	"green\000"
 1287      6E00
 1288              	.LASF28:
 1289 01b1 676C7970 		.ascii	"glyph_index\000"
 1289      685F696E 
 1289      64657800 
 1290              	.LASF55:
 1291 01bd 656D7074 		.ascii	"empty\000"
ARM GAS  C:\Users\d3bug\AppData\Local\Temp\ccBbmbcH.s 			page 27


 1291      7900
 1292              	.LASF61:
 1293 01c3 676C6173 		.ascii	"glass\000"
 1293      7300
 1294              	.LASF67:
 1295 01c9 74676C5F 		.ascii	"tgl_rel\000"
 1295      72656C00 
 1296              	.LASF23:
 1297 01d1 6C6F6E67 		.ascii	"long double\000"
 1297      20646F75 
 1297      626C6500 
 1298              	.LASF68:
 1299 01dd 74676C5F 		.ascii	"tgl_pr\000"
 1299      707200
 1300              	.LASF51:
 1301 01e4 72616469 		.ascii	"radius\000"
 1301      757300
 1302              	.LASF0:
 1303 01eb 7369676E 		.ascii	"signed char\000"
 1303      65642063 
 1303      68617200 
 1304              	.LASF80:
 1305 01f7 6C765F74 		.ascii	"lv_theme_set_current\000"
 1305      68656D65 
 1305      5F736574 
 1305      5F637572 
 1305      72656E74 
 1306              	.LASF11:
 1307 020c 6C6F6E67 		.ascii	"long long unsigned int\000"
 1307      206C6F6E 
 1307      6720756E 
 1307      7369676E 
 1307      65642069 
 1308              	.LASF16:
 1309 0223 75696E74 		.ascii	"uint32_t\000"
 1309      33325F74 
 1309      00
 1310              	.LASF12:
 1311 022c 756E7369 		.ascii	"unsigned int\000"
 1311      676E6564 
 1311      20696E74 
 1311      00
 1312              	.LASF21:
 1313 0239 6C765F63 		.ascii	"lv_color_t\000"
 1313      6F6C6F72 
 1313      5F7400
 1314              	.LASF15:
 1315 0244 75696E74 		.ascii	"uint16_t\000"
 1315      31365F74 
 1315      00
 1316              	.LASF6:
 1317 024d 73686F72 		.ascii	"short unsigned int\000"
 1317      7420756E 
 1317      7369676E 
 1317      65642069 
 1317      6E7400
 1318              	.LASF20:
ARM GAS  C:\Users\d3bug\AppData\Local\Temp\ccBbmbcH.s 			page 28


 1319 0260 6C765F63 		.ascii	"lv_color1_t\000"
 1319      6F6C6F72 
 1319      315F7400 
 1320              	.LASF25:
 1321 026c 63686172 		.ascii	"char\000"
 1321      00
 1322              	.LASF47:
 1323 0271 74797065 		.ascii	"type\000"
 1323      00
 1324              	.LASF53:
 1325 0276 73686164 		.ascii	"shadow\000"
 1325      6F7700
 1326              	.LASF14:
 1327 027d 696E7431 		.ascii	"int16_t\000"
 1327      365F7400 
 1328              	.LASF49:
 1329 0285 6D61696E 		.ascii	"main_color\000"
 1329      5F636F6C 
 1329      6F7200
 1330              	.LASF75:
 1331 0290 5F426F6F 		.ascii	"_Bool\000"
 1331      6C00
 1332              	.LASF54:
 1333 0296 70616464 		.ascii	"padding\000"
 1333      696E6700 
 1334              	.LASF42:
 1335 029e 6C765F62 		.ascii	"lv_border_part_t\000"
 1335      6F726465 
 1335      725F7061 
 1335      72745F74 
 1335      00
 1336              	.LASF41:
 1337 02af 6C765F66 		.ascii	"lv_font_t\000"
 1337      6F6E745F 
 1337      7400
 1338              	.LASF30:
 1339 02b9 756E6963 		.ascii	"unicode_first\000"
 1339      6F64655F 
 1339      66697273 
 1339      7400
 1340              	.LASF9:
 1341 02c7 6C6F6E67 		.ascii	"long unsigned int\000"
 1341      20756E73 
 1341      69676E65 
 1341      6420696E 
 1341      7400
 1342              	.LASF64:
 1343 02d9 696D6167 		.ascii	"image\000"
 1343      6500
 1344              	.LASF19:
 1345 02df 66756C6C 		.ascii	"full\000"
 1345      00
 1346              	.LASF31:
 1347 02e4 756E6963 		.ascii	"unicode_last\000"
 1347      6F64655F 
 1347      6C617374 
 1347      00
ARM GAS  C:\Users\d3bug\AppData\Local\Temp\ccBbmbcH.s 			page 29


 1348              	.LASF3:
 1349 02f1 5F5F696E 		.ascii	"__int16_t\000"
 1349      7431365F 
 1349      7400
 1350              	.LASF26:
 1351 02fb 6C765F63 		.ascii	"lv_coord_t\000"
 1351      6F6F7264 
 1351      5F7400
 1352              	.LASF24:
 1353 0306 73697A65 		.ascii	"sizetype\000"
 1353      74797065 
 1353      00
 1354              	.LASF39:
 1355 030f 6D6F6E6F 		.ascii	"monospace\000"
 1355      73706163 
 1355      6500
 1356              	.LASF79:
 1357 0319 5F6C765F 		.ascii	"_lv_font_struct\000"
 1357      666F6E74 
 1357      5F737472 
 1357      75637400 
 1358              	.LASF33:
 1359 0329 676C7970 		.ascii	"glyph_dsc\000"
 1359      685F6473 
 1359      6300
 1360              	.LASF34:
 1361 0333 756E6963 		.ascii	"unicode_list\000"
 1361      6F64655F 
 1361      6C697374 
 1361      00
 1362              	.LASF60:
 1363 0340 726F756E 		.ascii	"rounded\000"
 1363      64656400 
 1364              	.LASF76:
 1365 0348 474E5520 		.ascii	"GNU C11 5.4.1 20160609 (release) [ARM/embedded-5-br"
 1365      43313120 
 1365      352E342E 
 1365      31203230 
 1365      31363036 
 1366 037b 616E6368 		.ascii	"anch revision 237715] -mcpu=cortex-m3 -mthumb -g -O"
 1366      20726576 
 1366      6973696F 
 1366      6E203233 
 1366      37373135 
 1367 03ae 67202D66 		.ascii	"g -ffunction-sections -ffat-lto-objects\000"
 1367      66756E63 
 1367      74696F6E 
 1367      2D736563 
 1367      74696F6E 
 1368              	.LASF38:
 1369 03d6 685F7078 		.ascii	"h_px\000"
 1369      00
 1370              	.LASF29:
 1371 03db 6C765F66 		.ascii	"lv_font_glyph_dsc_t\000"
 1371      6F6E745F 
 1371      676C7970 
 1371      685F6473 
ARM GAS  C:\Users\d3bug\AppData\Local\Temp\ccBbmbcH.s 			page 30


 1371      635F7400 
 1372              	.LASF52:
 1373 03ef 626F7264 		.ascii	"border\000"
 1373      657200
 1374              	.LASF69:
 1375 03f6 7072696D 		.ascii	"prim\000"
 1375      00
 1376              	.LASF82:
 1377 03fb 63757272 		.ascii	"current_theme\000"
 1377      656E745F 
 1377      7468656D 
 1377      6500
 1378              		.ident	"GCC: (GNU Tools for ARM Embedded Processors) 5.4.1 20160609 (release) [ARM/embedded-5-bran
