ARM GAS  C:\Users\d3bug\AppData\Local\Temp\ccBXaX4f.s 			page 1


   1              		.syntax unified
   2              		.cpu cortex-m3
   3              		.fpu softvfp
   4              		.eabi_attribute 20, 1
   5              		.eabi_attribute 21, 1
   6              		.eabi_attribute 23, 3
   7              		.eabi_attribute 24, 1
   8              		.eabi_attribute 25, 1
   9              		.eabi_attribute 26, 1
  10              		.eabi_attribute 30, 1
  11              		.eabi_attribute 34, 1
  12              		.eabi_attribute 18, 4
  13              		.thumb
  14              		.syntax unified
  15              		.file	"main.c"
  16              		.text
  17              	.Ltext0:
  18              		.cfi_sections	.debug_frame
  19              		.section	.text.ssd1306_flush,"ax",%progbits
  20              		.align	2
  21              		.global	ssd1306_flush
  22              		.thumb
  23              		.thumb_func
  24              		.type	ssd1306_flush, %function
  25              	ssd1306_flush:
  26              	.LFB78:
  27              		.file 1 "main.c"
   1:main.c        **** #include "project.h"
   2:main.c        **** 
   3:main.c        **** #include "lvgl.h"
   4:main.c        **** 
   5:main.c        **** #include "SSD1306.h"
   6:main.c        **** #include "DBG.h"
   7:main.c        **** 
   8:main.c        **** /*
   9:main.c        ****  * WELCOME TO THE LITTLEVGL TUTORIAL
  10:main.c        ****  *
  11:main.c        ****  *-----------------------------------------------------------------------------
  12:main.c        ****  * Now you will learn how to port the Littlev Graphics Library to your system
  13:main.c        ****  * ----------------------------------------------------------------------------
  14:main.c        ****  *
  15:main.c        ****  *Here are some info about the drawing modes in the library:
  16:main.c        ****  *
  17:main.c        ****  * BUFFERED DRAWING
  18:main.c        ****  * The graphics library works with an internal buffering mechanism to
  19:main.c        ****  * create advances graphics features with only one frame buffer.
  20:main.c        ****  * The internal buffer is called VDB (Virtual Display Buffer) and its size can be adjusted in lv_co
  21:main.c        ****  * When LV_VDB_SIZE not zero then the internal buffering is used and you have to provide a function
  22:main.c        ****  * which flushes the buffers content to your display.
  23:main.c        ****  *
  24:main.c        ****  * UNBUFFERED DRAWING
  25:main.c        ****  * It is possible to draw directly to a frame buffer when the internal buffering is disabled (LV_VD
  26:main.c        ****  * Keep in mind this way during refresh some artifacts can be visible because the layers are drawn 
  27:main.c        ****  * And some high level graphics features like anti aliasing, opacity or shadows aren't available in
  28:main.c        ****  * In this mode two functions are required:  fill and area with a color AND write a color array to 
  29:main.c        ****  *
  30:main.c        ****  * HARDWARE ACCELERATION (GPU)
ARM GAS  C:\Users\d3bug\AppData\Local\Temp\ccBXaX4f.s 			page 2


  31:main.c        ****  * If your MCU supports graphical acceleration (GPU) then you can use it with two interface functio
  32:main.c        ****  * blend two memories using opacity AND fill a memory with a color.
  33:main.c        ****  * Use only one function or none of them is right as well because every GPU function is optional
  34:main.c        ****  */
  35:main.c        **** 
  36:main.c        **** static int inline _load_frame_buffer(uint8_t *buf, uint8_t x1, uint8_t y1, uint8_t x2, uint8_t y2)
  37:main.c        **** {
  38:main.c        ****     // Convert to page
  39:main.c        ****     y1 = y1 >> 3; // >> 3 es lo mismo que dividir entre 8
  40:main.c        ****     y2 = y2 >> 3; // ditto, asi pasamos de coord 64 a pagina 8 (7, porque las paginas empiezan en 0
  41:main.c        ****     
  42:main.c        ****     ssd_set_column_addr(x1, x2);
  43:main.c        ****     ssd_set_page_addr(y1, y2);
  44:main.c        ****     
  45:main.c        ****     // https://github.com/littlevgl/lv_drivers/issues/29
  46:main.c        ****     // https://github.com/littlevgl/lv_drivers/issues/29
  47:main.c        ****     
  48:main.c        ****     const uint16_t col_step = 16;
  49:main.c        **** #if 0
  50:main.c        ****     uint8_t col_len = (x2 - x1) + 1;
  51:main.c        ****     uint8_t page_len = (y2 - y1) + 1;
  52:main.c        ****     
  53:main.c        ****     // Iteramos las paginas
  54:main.c        ****     for (uint8_t page = 0; page < page_len; page++) {
  55:main.c        ****         // Mandamos el contenido de las columnas
  56:main.c        ****         for (uint8_t col = 0; col < col_len; /* col += col_step */) {
  57:main.c        ****             if((col + col_step) <= col_len) {
  58:main.c        ****                 uint8_t *data = &buf[page * col_len + col];
  59:main.c        ****                 ssd_send_buffer(data, col_step);
  60:main.c        ****                 col += col_step;
  61:main.c        ****             } else {
  62:main.c        ****                 // Last data for this page
  63:main.c        ****                 uint8_t *data = &buf[page * col_len + col];
  64:main.c        ****                 ssd_send_buffer(data, col_len - col);
  65:main.c        ****                 break;
  66:main.c        ****             }
  67:main.c        ****         }
  68:main.c        ****     }
  69:main.c        **** #else
  70:main.c        ****     uint8_t col_len = x2 - x1;
  71:main.c        ****     uint8_t page_len = y2 - y1;
  72:main.c        ****     lv_coord_t area_w = x2 - x1 + 1;
  73:main.c        ****     
  74:main.c        ****     // Iteramos las paginas
  75:main.c        ****     for (uint8_t page = 0; page < page_len; page++) {
  76:main.c        ****         // Mandamos el contenido de las columnas
  77:main.c        ****         for (uint8_t col = 0; col < col_len; col++) {
  78:main.c        ****             uint8_t data = buf[page * area_w + col];
  79:main.c        ****             ssd_send_data(data);
  80:main.c        ****         }
  81:main.c        ****     }
  82:main.c        **** #endif
  83:main.c        **** 
  84:main.c        ****     return 0;
  85:main.c        **** }
  86:main.c        **** 
  87:main.c        **** /* Flush the content of the internal buffer the specific area on the display
ARM GAS  C:\Users\d3bug\AppData\Local\Temp\ccBXaX4f.s 			page 3


  88:main.c        ****  * You can use DMA or any hardware acceleration to do this operation in the background but
  89:main.c        ****  * 'lv_flush_ready()' has to be called when finished
  90:main.c        ****  * This function is required only when LV_VDB_SIZE != 0 in lv_conf.h*/
  91:main.c        **** void ssd1306_flush(int32_t x1, int32_t y1, int32_t x2, int32_t y2, const lv_color_t * color_p)
  92:main.c        **** {
  28              		.loc 1 92 0
  29              		.cfi_startproc
  30              		@ args = 4, pretend = 0, frame = 0
  31              		@ frame_needed = 0, uses_anonymous_args = 0
  32              	.LVL0:
  33 0000 2DE9F843 		push	{r3, r4, r5, r6, r7, r8, r9, lr}
  34              		.cfi_def_cfa_offset 32
  35              		.cfi_offset 3, -32
  36              		.cfi_offset 4, -28
  37              		.cfi_offset 5, -24
  38              		.cfi_offset 6, -20
  39              		.cfi_offset 7, -16
  40              		.cfi_offset 8, -12
  41              		.cfi_offset 9, -8
  42              		.cfi_offset 14, -4
  43 0004 DDF82080 		ldr	r8, [sp, #32]
  93:main.c        ****     /* Return if the area is out the screen */
  94:main.c        ****     if ((x2 < 0) || (y2 < 0) || (x1 > LV_HOR_RES - 1) || (y1 > (LV_VER_RES - 1))) {
  44              		.loc 1 94 0
  45 0008 002A     		cmp	r2, #0
  46 000a 05DB     		blt	.L2
  47              		.loc 1 94 0 is_stmt 0 discriminator 1
  48 000c 002B     		cmp	r3, #0
  49 000e 03DB     		blt	.L2
  50              		.loc 1 94 0 discriminator 2
  51 0010 7F28     		cmp	r0, #127
  52 0012 01DC     		bgt	.L2
  53              		.loc 1 94 0 discriminator 3
  54 0014 3F29     		cmp	r1, #63
  55 0016 03DD     		ble	.L3
  56              	.L2:
  95:main.c        ****         lv_flush_ready();
  57              		.loc 1 95 0 is_stmt 1
  58 0018 FFF7FEFF 		bl	lv_flush_ready
  59              	.LVL1:
  96:main.c        ****         return;
  60              		.loc 1 96 0
  61 001c BDE8F883 		pop	{r3, r4, r5, r6, r7, r8, r9, pc}
  62              	.LVL2:
  63              	.L3:
  97:main.c        ****     }
  98:main.c        ****     
  99:main.c        ****     _load_frame_buffer((uint8_t *) color_p, x1, y1, x2, y2);
  64              		.loc 1 99 0
  65 0020 C5B2     		uxtb	r5, r0
  66 0022 D6B2     		uxtb	r6, r2
  67              	.LVL3:
  68              	.LBB7:
  69              	.LBB8:
  39:main.c        ****     y2 = y2 >> 3; // ditto, asi pasamos de coord 64 a pagina 8 (7, porque las paginas empiezan en 0
  70              		.loc 1 39 0
  71 0024 C1F3C409 		ubfx	r9, r1, #3, #5
ARM GAS  C:\Users\d3bug\AppData\Local\Temp\ccBXaX4f.s 			page 4


  72              	.LVL4:
  40:main.c        ****     
  73              		.loc 1 40 0
  74 0028 C3F3C404 		ubfx	r4, r3, #3, #5
  75              	.LVL5:
  42:main.c        ****     ssd_set_page_addr(y1, y2);
  76              		.loc 1 42 0
  77 002c 3146     		mov	r1, r6
  78              	.LVL6:
  79 002e 2846     		mov	r0, r5
  80              	.LVL7:
  81 0030 FFF7FEFF 		bl	ssd_set_column_addr
  82              	.LVL8:
  43:main.c        ****     
  83              		.loc 1 43 0
  84 0034 2146     		mov	r1, r4
  85 0036 4846     		mov	r0, r9
  86 0038 FFF7FEFF 		bl	ssd_set_page_addr
  87              	.LVL9:
  70:main.c        ****     uint8_t page_len = y2 - y1;
  88              		.loc 1 70 0
  89 003c 771B     		subs	r7, r6, r5
  90 003e FFB2     		uxtb	r7, r7
  91              	.LVL10:
  71:main.c        ****     lv_coord_t area_w = x2 - x1 + 1;
  92              		.loc 1 71 0
  93 0040 C9EB0403 		rsb	r3, r9, r4
  94 0044 5FFA83F9 		uxtb	r9, r3
  95              	.LVL11:
  72:main.c        ****     
  96              		.loc 1 72 0
  97 0048 761B     		subs	r6, r6, r5
  98              	.LVL12:
  99 004a 0136     		adds	r6, r6, #1
 100 004c 36B2     		sxth	r6, r6
 101              	.LVL13:
 102              	.LBB9:
  75:main.c        ****         // Mandamos el contenido de las columnas
 103              		.loc 1 75 0
 104 004e 0025     		movs	r5, #0
 105              	.LVL14:
 106 0050 0DE0     		b	.L5
 107              	.LVL15:
 108              	.L6:
 109              	.LBB10:
 110              	.LBB11:
  78:main.c        ****             ssd_send_data(data);
 111              		.loc 1 78 0
 112 0052 06FB0543 		mla	r3, r6, r5, r4
 113              	.LVL16:
  79:main.c        ****         }
 114              		.loc 1 79 0
 115 0056 18F80300 		ldrb	r0, [r8, r3]	@ zero_extendqisi2
 116 005a FFF7FEFF 		bl	ssd_send_data
 117              	.LVL17:
 118              	.LBE11:
  77:main.c        ****             uint8_t data = buf[page * area_w + col];
ARM GAS  C:\Users\d3bug\AppData\Local\Temp\ccBXaX4f.s 			page 5


 119              		.loc 1 77 0
 120 005e 0134     		adds	r4, r4, #1
 121              	.LVL18:
 122 0060 E4B2     		uxtb	r4, r4
 123              	.LVL19:
 124 0062 00E0     		b	.L7
 125              	.LVL20:
 126              	.L8:
 127              	.LBE10:
  75:main.c        ****         // Mandamos el contenido de las columnas
 128              		.loc 1 75 0
 129 0064 0024     		movs	r4, #0
 130              	.L7:
 131              	.LVL21:
 132              	.LBB12:
  77:main.c        ****             uint8_t data = buf[page * area_w + col];
 133              		.loc 1 77 0
 134 0066 A742     		cmp	r7, r4
 135 0068 F3D8     		bhi	.L6
 136              	.LBE12:
  75:main.c        ****         // Mandamos el contenido de las columnas
 137              		.loc 1 75 0
 138 006a 0135     		adds	r5, r5, #1
 139              	.LVL22:
 140 006c EDB2     		uxtb	r5, r5
 141              	.LVL23:
 142              	.L5:
 143 006e A945     		cmp	r9, r5
 144 0070 F8D8     		bhi	.L8
 145              	.LVL24:
 146              	.LBE9:
 147              	.LBE8:
 148              	.LBE7:
 100:main.c        ****     
 101:main.c        ****     lv_flush_ready();
 149              		.loc 1 101 0
 150 0072 FFF7FEFF 		bl	lv_flush_ready
 151              	.LVL25:
 152 0076 BDE8F883 		pop	{r3, r4, r5, r6, r7, r8, r9, pc}
 153              		.cfi_endproc
 154              	.LFE78:
 155              		.size	ssd1306_flush, .-ssd1306_flush
 156 007a 00BF     		.section	.text.timer_handler,"ax",%progbits
 157              		.align	2
 158              		.global	timer_handler
 159              		.thumb
 160              		.thumb_func
 161              		.type	timer_handler, %function
 162              	timer_handler:
 163              	.LFB79:
 102:main.c        **** }
 103:main.c        **** 
 104:main.c        **** void timer_handler(void)
 105:main.c        **** {
 164              		.loc 1 105 0
 165              		.cfi_startproc
 166              		@ args = 0, pretend = 0, frame = 0
ARM GAS  C:\Users\d3bug\AppData\Local\Temp\ccBXaX4f.s 			page 6


 167              		@ frame_needed = 0, uses_anonymous_args = 0
 168 0000 08B5     		push	{r3, lr}
 169              		.cfi_def_cfa_offset 8
 170              		.cfi_offset 3, -8
 171              		.cfi_offset 14, -4
 106:main.c        ****     lv_tick_inc(5);
 172              		.loc 1 106 0
 173 0002 0520     		movs	r0, #5
 174 0004 FFF7FEFF 		bl	lv_tick_inc
 175              	.LVL26:
 107:main.c        ****     
 108:main.c        ****     Timer_ReadStatusRegister();
 176              		.loc 1 108 0
 177 0008 FFF7FEFF 		bl	Timer_ReadStatusRegister
 178              	.LVL27:
 179 000c 08BD     		pop	{r3, pc}
 180              		.cfi_endproc
 181              	.LFE79:
 182              		.size	timer_handler, .-timer_handler
 183 000e 00BF     		.section	.text.print_log,"ax",%progbits
 184              		.align	2
 185              		.thumb
 186              		.thumb_func
 187              		.type	print_log, %function
 188              	print_log:
 189              	.LFB80:
 109:main.c        **** }
 110:main.c        **** 
 111:main.c        **** static void print_log(lv_log_level_t level, const char * file, uint32_t line, const char * dsc)
 112:main.c        **** {
 190              		.loc 1 112 0
 191              		.cfi_startproc
 192              		@ args = 0, pretend = 0, frame = 0
 193              		@ frame_needed = 0, uses_anonymous_args = 0
 194              	.LVL28:
 195 0000 08B5     		push	{r3, lr}
 196              		.cfi_def_cfa_offset 8
 197              		.cfi_offset 3, -8
 198              		.cfi_offset 14, -4
 113:main.c        **** /*
 114:main.c        **** #define LV_LOG_LEVEL_TRACE 0
 115:main.c        **** #define LV_LOG_LEVEL_INFO  1
 116:main.c        **** #define LV_LOG_LEVEL_WARN  2
 117:main.c        **** #define LV_LOG_LEVEL_ERROR 3
 118:main.c        **** #define _LV_LOG_LEVEL_NUM  4
 119:main.c        **** */
 120:main.c        ****     (void) level;
 121:main.c        ****     
 122:main.c        ****     DBG_println("%s : %s : %s", file, line, dsc);
 199              		.loc 1 122 0
 200 0002 0248     		ldr	r0, .L14
 201              	.LVL29:
 202 0004 FFF7FEFF 		bl	DBG_println
 203              	.LVL30:
 204 0008 08BD     		pop	{r3, pc}
 205              	.L15:
 206 000a 00BF     		.align	2
ARM GAS  C:\Users\d3bug\AppData\Local\Temp\ccBXaX4f.s 			page 7


 207              	.L14:
 208 000c 00000000 		.word	.LC0
 209              		.cfi_endproc
 210              	.LFE80:
 211              		.size	print_log, .-print_log
 212              		.section	.text.main,"ax",%progbits
 213              		.align	2
 214              		.global	main
 215              		.thumb
 216              		.thumb_func
 217              		.type	main, %function
 218              	main:
 219              	.LFB81:
 123:main.c        **** }
 124:main.c        **** 
 125:main.c        **** int main(void)
 126:main.c        **** {
 220              		.loc 1 126 0
 221              		.cfi_startproc
 222              		@ args = 0, pretend = 0, frame = 16
 223              		@ frame_needed = 0, uses_anonymous_args = 0
 224 0000 00B5     		push	{lr}
 225              		.cfi_def_cfa_offset 4
 226              		.cfi_offset 14, -4
 227 0002 85B0     		sub	sp, sp, #20
 228              		.cfi_def_cfa_offset 24
 127:main.c        ****     isr_Timer_StartEx(timer_handler);
 229              		.loc 1 127 0
 230 0004 1048     		ldr	r0, .L19
 231 0006 FFF7FEFF 		bl	isr_Timer_StartEx
 232              	.LVL31:
 128:main.c        ****     
 129:main.c        ****     CyGlobalIntEnable;
 233              		.loc 1 129 0
 234              		.syntax unified
 235              	@ 129 "main.c" 1
 236 000a 62B6     		CPSIE   i
 237              	@ 0 "" 2
 130:main.c        ****     
 131:main.c        ****     UART_Log_Start();
 238              		.loc 1 131 0
 239              		.thumb
 240              		.syntax unified
 241 000c FFF7FEFF 		bl	UART_Log_Start
 242              	.LVL32:
 132:main.c        ****     I2C_Start();
 243              		.loc 1 132 0
 244 0010 FFF7FEFF 		bl	I2C_Start
 245              	.LVL33:
 133:main.c        ****     DBG_clear_screen();
 246              		.loc 1 133 0
 247 0014 FFF7FEFF 		bl	DBG_clear_screen
 248              	.LVL34:
 134:main.c        ****     
 135:main.c        ****     lv_init();
 249              		.loc 1 135 0
 250 0018 FFF7FEFF 		bl	lv_init
ARM GAS  C:\Users\d3bug\AppData\Local\Temp\ccBXaX4f.s 			page 8


 251              	.LVL35:
 136:main.c        ****     
 137:main.c        ****     lv_log_register_print(print_log);
 252              		.loc 1 137 0
 253 001c 0B48     		ldr	r0, .L19+4
 254 001e FFF7FEFF 		bl	lv_log_register_print
 255              	.LVL36:
 138:main.c        ****     
 139:main.c        ****     ssd_init();
 256              		.loc 1 139 0
 257 0022 FFF7FEFF 		bl	ssd_init
 258              	.LVL37:
 140:main.c        ****     
 141:main.c        ****     Timer_Start();
 259              		.loc 1 141 0
 260 0026 FFF7FEFF 		bl	Timer_Start
 261              	.LVL38:
 142:main.c        **** 
 143:main.c        ****     lv_disp_drv_t disp_drv;
 144:main.c        ****     lv_disp_drv_init(&disp_drv);
 262              		.loc 1 144 0
 263 002a 6846     		mov	r0, sp
 264 002c FFF7FEFF 		bl	lv_disp_drv_init
 265              	.LVL39:
 145:main.c        ****     disp_drv.disp_flush = ssd1306_flush;
 266              		.loc 1 145 0
 267 0030 074B     		ldr	r3, .L19+8
 268 0032 0093     		str	r3, [sp]
 146:main.c        ****     lv_disp_drv_register(&disp_drv);
 269              		.loc 1 146 0
 270 0034 6846     		mov	r0, sp
 271 0036 FFF7FEFF 		bl	lv_disp_drv_register
 272              	.LVL40:
 273              	.L17:
 147:main.c        ****     
 148:main.c        **** #if 0
 149:main.c        ****     /*Create a Label on the currently active screen*/
 150:main.c        ****     lv_obj_t *label1 = lv_label_create(lv_scr_act(), NULL);
 151:main.c        ****     
 152:main.c        ****     /*Modify the Label's text*/
 153:main.c        ****     lv_label_set_text(label1, "Hello world!");
 154:main.c        **** 
 155:main.c        ****     /* NULL means align on parent (which is the screen now) */
 156:main.c        ****     lv_obj_align(label1, NULL, LV_ALIGN_CENTER, 0, 0);
 157:main.c        **** #endif
 158:main.c        **** 
 159:main.c        ****     for(;;) {
 160:main.c        ****         lv_task_handler();
 274              		.loc 1 160 0 discriminator 1
 275 003a FFF7FEFF 		bl	lv_task_handler
 276              	.LVL41:
 161:main.c        ****         CyDelay(5);
 277              		.loc 1 161 0 discriminator 1
 278 003e 0520     		movs	r0, #5
 279 0040 FFF7FEFF 		bl	CyDelay
 280              	.LVL42:
 281 0044 F9E7     		b	.L17
ARM GAS  C:\Users\d3bug\AppData\Local\Temp\ccBXaX4f.s 			page 9


 282              	.L20:
 283 0046 00BF     		.align	2
 284              	.L19:
 285 0048 00000000 		.word	timer_handler
 286 004c 00000000 		.word	print_log
 287 0050 00000000 		.word	ssd1306_flush
 288              		.cfi_endproc
 289              	.LFE81:
 290              		.size	main, .-main
 291              		.section	.rodata.str1.4,"aMS",%progbits,1
 292              		.align	2
 293              	.LC0:
 294 0000 2573203A 		.ascii	"%s : %s : %s\000"
 294      20257320 
 294      3A202573 
 294      00
 295              		.text
 296              	.Letext0:
 297              		.file 2 "c:\\program files (x86)\\cypress\\psoc creator\\4.2\\psoc creator\\import\\gnu\\arm\\5.4.
 298              		.file 3 "c:\\program files (x86)\\cypress\\psoc creator\\4.2\\psoc creator\\import\\gnu\\arm\\5.4.
 299              		.file 4 "..\\lvgl/lv_misc/lv_log.h"
 300              		.file 5 "..\\lvgl/lv_hal/../lv_misc/lv_color.h"
 301              		.file 6 "..\\lvgl/lv_hal/../lv_misc/lv_area.h"
 302              		.file 7 "..\\lvgl/lv_hal/lv_hal_disp.h"
 303              		.file 8 "..\\SSD1306/SSD1306.h"
 304              		.file 9 "..\\lvgl/lv_core/lv_vdb.h"
 305              		.file 10 "..\\lvgl/lv_hal/lv_hal_tick.h"
 306              		.file 11 "Generated_Source\\PSoC5/Timer.h"
 307              		.file 12 "..\\DBG/DBG.h"
 308              		.file 13 "Generated_Source\\PSoC5/isr_Timer.h"
 309              		.file 14 "Generated_Source\\PSoC5/UART_Log.h"
 310              		.file 15 "Generated_Source\\PSoC5/I2C.h"
 311              		.file 16 "..\\lvgl/lv_hal/../lv_core/lv_obj.h"
 312              		.file 17 "..\\lvgl/lv_misc/lv_task.h"
 313              		.file 18 "Generated_Source\\PSoC5/CyLib.h"
 314              		.file 19 "Generated_Source\\PSoC5/core_cm3.h"
 315              		.section	.debug_info,"",%progbits
 316              	.Ldebug_info0:
 317 0000 A9060000 		.4byte	0x6a9
 318 0004 0400     		.2byte	0x4
 319 0006 00000000 		.4byte	.Ldebug_abbrev0
 320 000a 04       		.byte	0x4
 321 000b 01       		.uleb128 0x1
 322 000c 92030000 		.4byte	.LASF71
 323 0010 0C       		.byte	0xc
 324 0011 C9020000 		.4byte	.LASF72
 325 0015 3F030000 		.4byte	.LASF73
 326 0019 18000000 		.4byte	.Ldebug_ranges0+0x18
 327 001d 00000000 		.4byte	0
 328 0021 00000000 		.4byte	.Ldebug_line0
 329 0025 02       		.uleb128 0x2
 330 0026 B1010000 		.4byte	.LASF0
 331 002a 02       		.byte	0x2
 332 002b 1B       		.byte	0x1b
 333 002c 30000000 		.4byte	0x30
 334 0030 03       		.uleb128 0x3
 335 0031 01       		.byte	0x1
ARM GAS  C:\Users\d3bug\AppData\Local\Temp\ccBXaX4f.s 			page 10


 336 0032 06       		.byte	0x6
 337 0033 F8010000 		.4byte	.LASF2
 338 0037 02       		.uleb128 0x2
 339 0038 7F010000 		.4byte	.LASF1
 340 003c 02       		.byte	0x2
 341 003d 1D       		.byte	0x1d
 342 003e 42000000 		.4byte	0x42
 343 0042 03       		.uleb128 0x3
 344 0043 01       		.byte	0x1
 345 0044 08       		.byte	0x8
 346 0045 E5010000 		.4byte	.LASF3
 347 0049 02       		.uleb128 0x2
 348 004a 15000000 		.4byte	.LASF4
 349 004e 02       		.byte	0x2
 350 004f 29       		.byte	0x29
 351 0050 54000000 		.4byte	0x54
 352 0054 03       		.uleb128 0x3
 353 0055 02       		.byte	0x2
 354 0056 05       		.byte	0x5
 355 0057 5B000000 		.4byte	.LASF5
 356 005b 02       		.uleb128 0x2
 357 005c A5000000 		.4byte	.LASF6
 358 0060 02       		.byte	0x2
 359 0061 2B       		.byte	0x2b
 360 0062 66000000 		.4byte	0x66
 361 0066 03       		.uleb128 0x3
 362 0067 02       		.byte	0x2
 363 0068 07       		.byte	0x7
 364 0069 5E020000 		.4byte	.LASF7
 365 006d 02       		.uleb128 0x2
 366 006e 9D020000 		.4byte	.LASF8
 367 0072 02       		.byte	0x2
 368 0073 3F       		.byte	0x3f
 369 0074 78000000 		.4byte	0x78
 370 0078 03       		.uleb128 0x3
 371 0079 04       		.byte	0x4
 372 007a 05       		.byte	0x5
 373 007b 52010000 		.4byte	.LASF9
 374 007f 02       		.uleb128 0x2
 375 0080 8C000000 		.4byte	.LASF10
 376 0084 02       		.byte	0x2
 377 0085 41       		.byte	0x41
 378 0086 8A000000 		.4byte	0x8a
 379 008a 03       		.uleb128 0x3
 380 008b 04       		.byte	0x4
 381 008c 07       		.byte	0x7
 382 008d D0020000 		.4byte	.LASF11
 383 0091 03       		.uleb128 0x3
 384 0092 08       		.byte	0x8
 385 0093 05       		.byte	0x5
 386 0094 2F010000 		.4byte	.LASF12
 387 0098 03       		.uleb128 0x3
 388 0099 08       		.byte	0x8
 389 009a 07       		.byte	0x7
 390 009b 04020000 		.4byte	.LASF13
 391 009f 04       		.uleb128 0x4
 392 00a0 04       		.byte	0x4
ARM GAS  C:\Users\d3bug\AppData\Local\Temp\ccBXaX4f.s 			page 11


 393 00a1 05       		.byte	0x5
 394 00a2 696E7400 		.ascii	"int\000"
 395 00a6 03       		.uleb128 0x3
 396 00a7 04       		.byte	0x4
 397 00a8 07       		.byte	0x7
 398 00a9 24020000 		.4byte	.LASF14
 399 00ad 02       		.uleb128 0x2
 400 00ae 4C000000 		.4byte	.LASF15
 401 00b2 03       		.byte	0x3
 402 00b3 14       		.byte	0x14
 403 00b4 25000000 		.4byte	0x25
 404 00b8 02       		.uleb128 0x2
 405 00b9 DF000000 		.4byte	.LASF16
 406 00bd 03       		.byte	0x3
 407 00be 18       		.byte	0x18
 408 00bf 37000000 		.4byte	0x37
 409 00c3 02       		.uleb128 0x2
 410 00c4 A7020000 		.4byte	.LASF17
 411 00c8 03       		.byte	0x3
 412 00c9 20       		.byte	0x20
 413 00ca 49000000 		.4byte	0x49
 414 00ce 02       		.uleb128 0x2
 415 00cf 31020000 		.4byte	.LASF18
 416 00d3 03       		.byte	0x3
 417 00d4 24       		.byte	0x24
 418 00d5 5B000000 		.4byte	0x5b
 419 00d9 02       		.uleb128 0x2
 420 00da 8A020000 		.4byte	.LASF19
 421 00de 03       		.byte	0x3
 422 00df 2C       		.byte	0x2c
 423 00e0 6D000000 		.4byte	0x6d
 424 00e4 02       		.uleb128 0x2
 425 00e5 1B020000 		.4byte	.LASF20
 426 00e9 03       		.byte	0x3
 427 00ea 30       		.byte	0x30
 428 00eb 7F000000 		.4byte	0x7f
 429 00ef 03       		.uleb128 0x3
 430 00f0 04       		.byte	0x4
 431 00f1 04       		.byte	0x4
 432 00f2 0A010000 		.4byte	.LASF21
 433 00f6 03       		.uleb128 0x3
 434 00f7 08       		.byte	0x8
 435 00f8 04       		.byte	0x4
 436 00f9 F2020000 		.4byte	.LASF22
 437 00fd 03       		.uleb128 0x3
 438 00fe 01       		.byte	0x1
 439 00ff 08       		.byte	0x8
 440 0100 7D020000 		.4byte	.LASF23
 441 0104 03       		.uleb128 0x3
 442 0105 08       		.byte	0x8
 443 0106 04       		.byte	0x4
 444 0107 00000000 		.4byte	.LASF24
 445 010b 03       		.uleb128 0x3
 446 010c 04       		.byte	0x4
 447 010d 07       		.byte	0x7
 448 010e 65000000 		.4byte	.LASF25
 449 0112 05       		.uleb128 0x5
ARM GAS  C:\Users\d3bug\AppData\Local\Temp\ccBXaX4f.s 			page 12


 450 0113 04       		.byte	0x4
 451 0114 18010000 		.4byte	0x118
 452 0118 06       		.uleb128 0x6
 453 0119 FD000000 		.4byte	0xfd
 454 011d 02       		.uleb128 0x2
 455 011e 89010000 		.4byte	.LASF26
 456 0122 04       		.byte	0x4
 457 0123 23       		.byte	0x23
 458 0124 AD000000 		.4byte	0xad
 459 0128 07       		.uleb128 0x7
 460 0129 01       		.byte	0x1
 461 012a 05       		.byte	0x5
 462 012b 5F       		.byte	0x5f
 463 012c 69010000 		.4byte	0x169
 464 0130 08       		.uleb128 0x8
 465 0131 BE000000 		.4byte	.LASF27
 466 0135 05       		.byte	0x5
 467 0136 61       		.byte	0x61
 468 0137 B8000000 		.4byte	0xb8
 469 013b 01       		.byte	0x1
 470 013c 01       		.byte	0x1
 471 013d 07       		.byte	0x7
 472 013e 08       		.uleb128 0x8
 473 013f 9F010000 		.4byte	.LASF28
 474 0143 05       		.byte	0x5
 475 0144 62       		.byte	0x62
 476 0145 B8000000 		.4byte	0xb8
 477 0149 01       		.byte	0x1
 478 014a 01       		.byte	0x1
 479 014b 07       		.byte	0x7
 480 014c 09       		.uleb128 0x9
 481 014d 72656400 		.ascii	"red\000"
 482 0151 05       		.byte	0x5
 483 0152 63       		.byte	0x63
 484 0153 B8000000 		.4byte	0xb8
 485 0157 01       		.byte	0x1
 486 0158 01       		.byte	0x1
 487 0159 07       		.byte	0x7
 488 015a 08       		.uleb128 0x8
 489 015b 0A030000 		.4byte	.LASF29
 490 015f 05       		.byte	0x5
 491 0160 64       		.byte	0x64
 492 0161 B8000000 		.4byte	0xb8
 493 0165 01       		.byte	0x1
 494 0166 01       		.byte	0x1
 495 0167 07       		.byte	0x7
 496 0168 00       		.byte	0
 497 0169 02       		.uleb128 0x2
 498 016a 71020000 		.4byte	.LASF30
 499 016e 05       		.byte	0x5
 500 016f 65       		.byte	0x65
 501 0170 28010000 		.4byte	0x128
 502 0174 02       		.uleb128 0x2
 503 0175 CC000000 		.4byte	.LASF31
 504 0179 05       		.byte	0x5
 505 017a 92       		.byte	0x92
 506 017b 69010000 		.4byte	0x169
ARM GAS  C:\Users\d3bug\AppData\Local\Temp\ccBXaX4f.s 			page 13


 507 017f 02       		.uleb128 0x2
 508 0180 C3000000 		.4byte	.LASF32
 509 0184 05       		.byte	0x5
 510 0185 A0       		.byte	0xa0
 511 0186 B8000000 		.4byte	0xb8
 512 018a 02       		.uleb128 0x2
 513 018b 92020000 		.4byte	.LASF33
 514 018f 06       		.byte	0x6
 515 0190 1E       		.byte	0x1e
 516 0191 C3000000 		.4byte	0xc3
 517 0195 0A       		.uleb128 0xa
 518 0196 23010000 		.4byte	.LASF74
 519 019a 10       		.byte	0x10
 520 019b 07       		.byte	0x7
 521 019c 23       		.byte	0x23
 522 019d D2010000 		.4byte	0x1d2
 523 01a1 0B       		.uleb128 0xb
 524 01a2 7C000000 		.4byte	.LASF34
 525 01a6 07       		.byte	0x7
 526 01a7 25       		.byte	0x25
 527 01a8 FC010000 		.4byte	0x1fc
 528 01ac 00       		.byte	0
 529 01ad 0B       		.uleb128 0xb
 530 01ae F9020000 		.4byte	.LASF35
 531 01b2 07       		.byte	0x7
 532 01b3 28       		.byte	0x28
 533 01b4 21020000 		.4byte	0x221
 534 01b8 04       		.byte	0x4
 535 01b9 0B       		.uleb128 0xb
 536 01ba 3D010000 		.4byte	.LASF36
 537 01be 07       		.byte	0x7
 538 01bf 2B       		.byte	0x2b
 539 01c0 FC010000 		.4byte	0x1fc
 540 01c4 08       		.byte	0x8
 541 01c5 0B       		.uleb128 0xb
 542 01c6 03030000 		.4byte	.LASF37
 543 01ca 07       		.byte	0x7
 544 01cb 38       		.byte	0x38
 545 01cc 51020000 		.4byte	0x251
 546 01d0 0C       		.byte	0xc
 547 01d1 00       		.byte	0
 548 01d2 0C       		.uleb128 0xc
 549 01d3 F1010000 		.4byte	0x1f1
 550 01d7 0D       		.uleb128 0xd
 551 01d8 D9000000 		.4byte	0xd9
 552 01dc 0D       		.uleb128 0xd
 553 01dd D9000000 		.4byte	0xd9
 554 01e1 0D       		.uleb128 0xd
 555 01e2 D9000000 		.4byte	0xd9
 556 01e6 0D       		.uleb128 0xd
 557 01e7 D9000000 		.4byte	0xd9
 558 01eb 0D       		.uleb128 0xd
 559 01ec F1010000 		.4byte	0x1f1
 560 01f0 00       		.byte	0
 561 01f1 05       		.uleb128 0x5
 562 01f2 04       		.byte	0x4
 563 01f3 F7010000 		.4byte	0x1f7
ARM GAS  C:\Users\d3bug\AppData\Local\Temp\ccBXaX4f.s 			page 14


 564 01f7 06       		.uleb128 0x6
 565 01f8 74010000 		.4byte	0x174
 566 01fc 05       		.uleb128 0x5
 567 01fd 04       		.byte	0x4
 568 01fe D2010000 		.4byte	0x1d2
 569 0202 0C       		.uleb128 0xc
 570 0203 21020000 		.4byte	0x221
 571 0207 0D       		.uleb128 0xd
 572 0208 D9000000 		.4byte	0xd9
 573 020c 0D       		.uleb128 0xd
 574 020d D9000000 		.4byte	0xd9
 575 0211 0D       		.uleb128 0xd
 576 0212 D9000000 		.4byte	0xd9
 577 0216 0D       		.uleb128 0xd
 578 0217 D9000000 		.4byte	0xd9
 579 021b 0D       		.uleb128 0xd
 580 021c 74010000 		.4byte	0x174
 581 0220 00       		.byte	0
 582 0221 05       		.uleb128 0x5
 583 0222 04       		.byte	0x4
 584 0223 02020000 		.4byte	0x202
 585 0227 0C       		.uleb128 0xc
 586 0228 4B020000 		.4byte	0x24b
 587 022c 0D       		.uleb128 0xd
 588 022d 4B020000 		.4byte	0x24b
 589 0231 0D       		.uleb128 0xd
 590 0232 8A010000 		.4byte	0x18a
 591 0236 0D       		.uleb128 0xd
 592 0237 8A010000 		.4byte	0x18a
 593 023b 0D       		.uleb128 0xd
 594 023c 8A010000 		.4byte	0x18a
 595 0240 0D       		.uleb128 0xd
 596 0241 74010000 		.4byte	0x174
 597 0245 0D       		.uleb128 0xd
 598 0246 7F010000 		.4byte	0x17f
 599 024a 00       		.byte	0
 600 024b 05       		.uleb128 0x5
 601 024c 04       		.byte	0x4
 602 024d B8000000 		.4byte	0xb8
 603 0251 05       		.uleb128 0x5
 604 0252 04       		.byte	0x4
 605 0253 27020000 		.4byte	0x227
 606 0257 02       		.uleb128 0x2
 607 0258 97000000 		.4byte	.LASF38
 608 025c 07       		.byte	0x7
 609 025d 3A       		.byte	0x3a
 610 025e 95010000 		.4byte	0x195
 611 0262 03       		.uleb128 0x3
 612 0263 01       		.byte	0x1
 613 0264 02       		.byte	0x2
 614 0265 AF020000 		.4byte	.LASF39
 615 0269 0E       		.uleb128 0xe
 616 026a 10010000 		.4byte	.LASF75
 617 026e 01       		.byte	0x1
 618 026f 24       		.byte	0x24
 619 0270 9F000000 		.4byte	0x9f
 620 0274 03       		.byte	0x3
ARM GAS  C:\Users\d3bug\AppData\Local\Temp\ccBXaX4f.s 			page 15


 621 0275 00030000 		.4byte	0x300
 622 0279 0F       		.uleb128 0xf
 623 027a 62756600 		.ascii	"buf\000"
 624 027e 01       		.byte	0x1
 625 027f 24       		.byte	0x24
 626 0280 4B020000 		.4byte	0x24b
 627 0284 0F       		.uleb128 0xf
 628 0285 783100   		.ascii	"x1\000"
 629 0288 01       		.byte	0x1
 630 0289 24       		.byte	0x24
 631 028a B8000000 		.4byte	0xb8
 632 028e 0F       		.uleb128 0xf
 633 028f 793100   		.ascii	"y1\000"
 634 0292 01       		.byte	0x1
 635 0293 24       		.byte	0x24
 636 0294 B8000000 		.4byte	0xb8
 637 0298 0F       		.uleb128 0xf
 638 0299 783200   		.ascii	"x2\000"
 639 029c 01       		.byte	0x1
 640 029d 24       		.byte	0x24
 641 029e B8000000 		.4byte	0xb8
 642 02a2 0F       		.uleb128 0xf
 643 02a3 793200   		.ascii	"y2\000"
 644 02a6 01       		.byte	0x1
 645 02a7 24       		.byte	0x24
 646 02a8 B8000000 		.4byte	0xb8
 647 02ac 10       		.uleb128 0x10
 648 02ad EC000000 		.4byte	.LASF40
 649 02b1 01       		.byte	0x1
 650 02b2 30       		.byte	0x30
 651 02b3 00030000 		.4byte	0x300
 652 02b7 10       		.uleb128 0x10
 653 02b8 82020000 		.4byte	.LASF41
 654 02bc 01       		.byte	0x1
 655 02bd 46       		.byte	0x46
 656 02be B8000000 		.4byte	0xb8
 657 02c2 10       		.uleb128 0x10
 658 02c3 0C000000 		.4byte	.LASF42
 659 02c7 01       		.byte	0x1
 660 02c8 47       		.byte	0x47
 661 02c9 B8000000 		.4byte	0xb8
 662 02cd 10       		.uleb128 0x10
 663 02ce 98010000 		.4byte	.LASF43
 664 02d2 01       		.byte	0x1
 665 02d3 48       		.byte	0x48
 666 02d4 8A010000 		.4byte	0x18a
 667 02d8 11       		.uleb128 0x11
 668 02d9 10       		.uleb128 0x10
 669 02da F3010000 		.4byte	.LASF44
 670 02de 01       		.byte	0x1
 671 02df 4B       		.byte	0x4b
 672 02e0 B8000000 		.4byte	0xb8
 673 02e4 11       		.uleb128 0x11
 674 02e5 12       		.uleb128 0x12
 675 02e6 636F6C00 		.ascii	"col\000"
 676 02ea 01       		.byte	0x1
 677 02eb 4D       		.byte	0x4d
ARM GAS  C:\Users\d3bug\AppData\Local\Temp\ccBXaX4f.s 			page 16


 678 02ec B8000000 		.4byte	0xb8
 679 02f0 11       		.uleb128 0x11
 680 02f1 10       		.uleb128 0x10
 681 02f2 B5020000 		.4byte	.LASF45
 682 02f6 01       		.byte	0x1
 683 02f7 4E       		.byte	0x4e
 684 02f8 B8000000 		.4byte	0xb8
 685 02fc 00       		.byte	0
 686 02fd 00       		.byte	0
 687 02fe 00       		.byte	0
 688 02ff 00       		.byte	0
 689 0300 06       		.uleb128 0x6
 690 0301 CE000000 		.4byte	0xce
 691 0305 13       		.uleb128 0x13
 692 0306 3A020000 		.4byte	.LASF47
 693 030a 01       		.byte	0x1
 694 030b 5B       		.byte	0x5b
 695 030c 00000000 		.4byte	.LFB78
 696 0310 7A000000 		.4byte	.LFE78-.LFB78
 697 0314 01       		.uleb128 0x1
 698 0315 9C       		.byte	0x9c
 699 0316 52040000 		.4byte	0x452
 700 031a 14       		.uleb128 0x14
 701 031b 783100   		.ascii	"x1\000"
 702 031e 01       		.byte	0x1
 703 031f 5B       		.byte	0x5b
 704 0320 D9000000 		.4byte	0xd9
 705 0324 00000000 		.4byte	.LLST0
 706 0328 14       		.uleb128 0x14
 707 0329 793100   		.ascii	"y1\000"
 708 032c 01       		.byte	0x1
 709 032d 5B       		.byte	0x5b
 710 032e D9000000 		.4byte	0xd9
 711 0332 3A000000 		.4byte	.LLST1
 712 0336 14       		.uleb128 0x14
 713 0337 783200   		.ascii	"x2\000"
 714 033a 01       		.byte	0x1
 715 033b 5B       		.byte	0x5b
 716 033c D9000000 		.4byte	0xd9
 717 0340 74000000 		.4byte	.LLST2
 718 0344 14       		.uleb128 0x14
 719 0345 793200   		.ascii	"y2\000"
 720 0348 01       		.byte	0x1
 721 0349 5B       		.byte	0x5b
 722 034a D9000000 		.4byte	0xd9
 723 034e AE000000 		.4byte	.LLST3
 724 0352 15       		.uleb128 0x15
 725 0353 D7000000 		.4byte	.LASF46
 726 0357 01       		.byte	0x1
 727 0358 5B       		.byte	0x5b
 728 0359 F1010000 		.4byte	0x1f1
 729 035d E8000000 		.4byte	.LLST4
 730 0361 16       		.uleb128 0x16
 731 0362 69020000 		.4byte	0x269
 732 0366 24000000 		.4byte	.LBB7
 733 036a 4E000000 		.4byte	.LBE7-.LBB7
 734 036e 01       		.byte	0x1
ARM GAS  C:\Users\d3bug\AppData\Local\Temp\ccBXaX4f.s 			page 17


 735 036f 63       		.byte	0x63
 736 0370 3F040000 		.4byte	0x43f
 737 0374 17       		.uleb128 0x17
 738 0375 A2020000 		.4byte	0x2a2
 739 0379 08010000 		.4byte	.LLST5
 740 037d 17       		.uleb128 0x17
 741 037e 98020000 		.4byte	0x298
 742 0382 3A010000 		.4byte	.LLST6
 743 0386 17       		.uleb128 0x17
 744 0387 8E020000 		.4byte	0x28e
 745 038b 4D010000 		.4byte	.LLST7
 746 038f 17       		.uleb128 0x17
 747 0390 84020000 		.4byte	0x284
 748 0394 7F010000 		.4byte	.LLST8
 749 0398 17       		.uleb128 0x17
 750 0399 79020000 		.4byte	0x279
 751 039d 92010000 		.4byte	.LLST9
 752 03a1 18       		.uleb128 0x18
 753 03a2 24000000 		.4byte	.LBB8
 754 03a6 4E000000 		.4byte	.LBE8-.LBB8
 755 03aa 19       		.uleb128 0x19
 756 03ab AC020000 		.4byte	0x2ac
 757 03af 10       		.byte	0x10
 758 03b0 1A       		.uleb128 0x1a
 759 03b1 B7020000 		.4byte	0x2b7
 760 03b5 A5010000 		.4byte	.LLST10
 761 03b9 1A       		.uleb128 0x1a
 762 03ba C2020000 		.4byte	0x2c2
 763 03be B8010000 		.4byte	.LLST11
 764 03c2 1A       		.uleb128 0x1a
 765 03c3 CD020000 		.4byte	0x2cd
 766 03c7 CB010000 		.4byte	.LLST12
 767 03cb 1B       		.uleb128 0x1b
 768 03cc 4E000000 		.4byte	.LBB9
 769 03d0 24000000 		.4byte	.LBE9-.LBB9
 770 03d4 0D040000 		.4byte	0x40d
 771 03d8 1A       		.uleb128 0x1a
 772 03d9 D9020000 		.4byte	0x2d9
 773 03dd DE010000 		.4byte	.LLST13
 774 03e1 1C       		.uleb128 0x1c
 775 03e2 00000000 		.4byte	.Ldebug_ranges0+0
 776 03e6 1A       		.uleb128 0x1a
 777 03e7 E5020000 		.4byte	0x2e5
 778 03eb 08020000 		.4byte	.LLST14
 779 03ef 18       		.uleb128 0x18
 780 03f0 52000000 		.4byte	.LBB11
 781 03f4 0C000000 		.4byte	.LBE11-.LBB11
 782 03f8 1A       		.uleb128 0x1a
 783 03f9 F1020000 		.4byte	0x2f1
 784 03fd 31020000 		.4byte	.LLST15
 785 0401 1D       		.uleb128 0x1d
 786 0402 5E000000 		.4byte	.LVL17
 787 0406 DB050000 		.4byte	0x5db
 788 040a 00       		.byte	0
 789 040b 00       		.byte	0
 790 040c 00       		.byte	0
 791 040d 1E       		.uleb128 0x1e
ARM GAS  C:\Users\d3bug\AppData\Local\Temp\ccBXaX4f.s 			page 18


 792 040e 34000000 		.4byte	.LVL8
 793 0412 E6050000 		.4byte	0x5e6
 794 0416 27040000 		.4byte	0x427
 795 041a 1F       		.uleb128 0x1f
 796 041b 01       		.uleb128 0x1
 797 041c 50       		.byte	0x50
 798 041d 02       		.uleb128 0x2
 799 041e 75       		.byte	0x75
 800 041f 00       		.sleb128 0
 801 0420 1F       		.uleb128 0x1f
 802 0421 01       		.uleb128 0x1
 803 0422 51       		.byte	0x51
 804 0423 02       		.uleb128 0x2
 805 0424 76       		.byte	0x76
 806 0425 00       		.sleb128 0
 807 0426 00       		.byte	0
 808 0427 20       		.uleb128 0x20
 809 0428 3C000000 		.4byte	.LVL9
 810 042c F1050000 		.4byte	0x5f1
 811 0430 1F       		.uleb128 0x1f
 812 0431 01       		.uleb128 0x1
 813 0432 50       		.byte	0x50
 814 0433 02       		.uleb128 0x2
 815 0434 79       		.byte	0x79
 816 0435 00       		.sleb128 0
 817 0436 1F       		.uleb128 0x1f
 818 0437 01       		.uleb128 0x1
 819 0438 51       		.byte	0x51
 820 0439 02       		.uleb128 0x2
 821 043a 74       		.byte	0x74
 822 043b 00       		.sleb128 0
 823 043c 00       		.byte	0
 824 043d 00       		.byte	0
 825 043e 00       		.byte	0
 826 043f 1D       		.uleb128 0x1d
 827 0440 1C000000 		.4byte	.LVL1
 828 0444 FC050000 		.4byte	0x5fc
 829 0448 1D       		.uleb128 0x1d
 830 0449 76000000 		.4byte	.LVL25
 831 044d FC050000 		.4byte	0x5fc
 832 0451 00       		.byte	0
 833 0452 13       		.uleb128 0x13
 834 0453 6E000000 		.4byte	.LASF48
 835 0457 01       		.byte	0x1
 836 0458 68       		.byte	0x68
 837 0459 00000000 		.4byte	.LFB79
 838 045d 0E000000 		.4byte	.LFE79-.LFB79
 839 0461 01       		.uleb128 0x1
 840 0462 9C       		.byte	0x9c
 841 0463 84040000 		.4byte	0x484
 842 0467 1E       		.uleb128 0x1e
 843 0468 08000000 		.4byte	.LVL26
 844 046c 07060000 		.4byte	0x607
 845 0470 7A040000 		.4byte	0x47a
 846 0474 1F       		.uleb128 0x1f
 847 0475 01       		.uleb128 0x1
 848 0476 50       		.byte	0x50
ARM GAS  C:\Users\d3bug\AppData\Local\Temp\ccBXaX4f.s 			page 19


 849 0477 01       		.uleb128 0x1
 850 0478 35       		.byte	0x35
 851 0479 00       		.byte	0
 852 047a 1D       		.uleb128 0x1d
 853 047b 0C000000 		.4byte	.LVL27
 854 047f 12060000 		.4byte	0x612
 855 0483 00       		.byte	0
 856 0484 21       		.uleb128 0x21
 857 0485 35030000 		.4byte	.LASF76
 858 0489 01       		.byte	0x1
 859 048a 6F       		.byte	0x6f
 860 048b 00000000 		.4byte	.LFB80
 861 048f 10000000 		.4byte	.LFE80-.LFB80
 862 0493 01       		.uleb128 0x1
 863 0494 9C       		.byte	0x9c
 864 0495 FE040000 		.4byte	0x4fe
 865 0499 15       		.uleb128 0x15
 866 049a 0F030000 		.4byte	.LASF49
 867 049e 01       		.byte	0x1
 868 049f 6F       		.byte	0x6f
 869 04a0 1D010000 		.4byte	0x11d
 870 04a4 48020000 		.4byte	.LLST16
 871 04a8 15       		.uleb128 0x15
 872 04a9 B0000000 		.4byte	.LASF50
 873 04ad 01       		.byte	0x1
 874 04ae 6F       		.byte	0x6f
 875 04af 12010000 		.4byte	0x112
 876 04b3 69020000 		.4byte	.LLST17
 877 04b7 15       		.uleb128 0x15
 878 04b8 E7000000 		.4byte	.LASF51
 879 04bc 01       		.byte	0x1
 880 04bd 6F       		.byte	0x6f
 881 04be E4000000 		.4byte	0xe4
 882 04c2 8A020000 		.4byte	.LLST18
 883 04c6 14       		.uleb128 0x14
 884 04c7 64736300 		.ascii	"dsc\000"
 885 04cb 01       		.byte	0x1
 886 04cc 6F       		.byte	0x6f
 887 04cd 12010000 		.4byte	0x112
 888 04d1 AB020000 		.4byte	.LLST19
 889 04d5 20       		.uleb128 0x20
 890 04d6 08000000 		.4byte	.LVL30
 891 04da 1D060000 		.4byte	0x61d
 892 04de 1F       		.uleb128 0x1f
 893 04df 01       		.uleb128 0x1
 894 04e0 50       		.byte	0x50
 895 04e1 05       		.uleb128 0x5
 896 04e2 03       		.byte	0x3
 897 04e3 00000000 		.4byte	.LC0
 898 04e7 1F       		.uleb128 0x1f
 899 04e8 01       		.uleb128 0x1
 900 04e9 51       		.byte	0x51
 901 04ea 03       		.uleb128 0x3
 902 04eb F3       		.byte	0xf3
 903 04ec 01       		.uleb128 0x1
 904 04ed 51       		.byte	0x51
 905 04ee 1F       		.uleb128 0x1f
ARM GAS  C:\Users\d3bug\AppData\Local\Temp\ccBXaX4f.s 			page 20


 906 04ef 01       		.uleb128 0x1
 907 04f0 52       		.byte	0x52
 908 04f1 03       		.uleb128 0x3
 909 04f2 F3       		.byte	0xf3
 910 04f3 01       		.uleb128 0x1
 911 04f4 52       		.byte	0x52
 912 04f5 1F       		.uleb128 0x1f
 913 04f6 01       		.uleb128 0x1
 914 04f7 53       		.byte	0x53
 915 04f8 03       		.uleb128 0x3
 916 04f9 F3       		.byte	0xf3
 917 04fa 01       		.uleb128 0x1
 918 04fb 53       		.byte	0x53
 919 04fc 00       		.byte	0
 920 04fd 00       		.byte	0
 921 04fe 22       		.uleb128 0x22
 922 04ff 87000000 		.4byte	.LASF77
 923 0503 01       		.byte	0x1
 924 0504 7D       		.byte	0x7d
 925 0505 9F000000 		.4byte	0x9f
 926 0509 00000000 		.4byte	.LFB81
 927 050d 54000000 		.4byte	.LFE81-.LFB81
 928 0511 01       		.uleb128 0x1
 929 0512 9C       		.byte	0x9c
 930 0513 CA050000 		.4byte	0x5ca
 931 0517 23       		.uleb128 0x23
 932 0518 28040000 		.4byte	.LASF78
 933 051c 01       		.byte	0x1
 934 051d 8F       		.byte	0x8f
 935 051e 57020000 		.4byte	0x257
 936 0522 02       		.uleb128 0x2
 937 0523 91       		.byte	0x91
 938 0524 68       		.sleb128 -24
 939 0525 1E       		.uleb128 0x1e
 940 0526 0A000000 		.4byte	.LVL31
 941 052a 28060000 		.4byte	0x628
 942 052e 3C050000 		.4byte	0x53c
 943 0532 1F       		.uleb128 0x1f
 944 0533 01       		.uleb128 0x1
 945 0534 50       		.byte	0x50
 946 0535 05       		.uleb128 0x5
 947 0536 03       		.byte	0x3
 948 0537 00000000 		.4byte	timer_handler
 949 053b 00       		.byte	0
 950 053c 1D       		.uleb128 0x1d
 951 053d 10000000 		.4byte	.LVL32
 952 0541 33060000 		.4byte	0x633
 953 0545 1D       		.uleb128 0x1d
 954 0546 14000000 		.4byte	.LVL33
 955 054a 3E060000 		.4byte	0x63e
 956 054e 1D       		.uleb128 0x1d
 957 054f 18000000 		.4byte	.LVL34
 958 0553 49060000 		.4byte	0x649
 959 0557 1D       		.uleb128 0x1d
 960 0558 1C000000 		.4byte	.LVL35
 961 055c 54060000 		.4byte	0x654
 962 0560 1E       		.uleb128 0x1e
ARM GAS  C:\Users\d3bug\AppData\Local\Temp\ccBXaX4f.s 			page 21


 963 0561 22000000 		.4byte	.LVL36
 964 0565 5F060000 		.4byte	0x65f
 965 0569 77050000 		.4byte	0x577
 966 056d 1F       		.uleb128 0x1f
 967 056e 01       		.uleb128 0x1
 968 056f 50       		.byte	0x50
 969 0570 05       		.uleb128 0x5
 970 0571 03       		.byte	0x3
 971 0572 00000000 		.4byte	print_log
 972 0576 00       		.byte	0
 973 0577 1D       		.uleb128 0x1d
 974 0578 26000000 		.4byte	.LVL37
 975 057c 6A060000 		.4byte	0x66a
 976 0580 1D       		.uleb128 0x1d
 977 0581 2A000000 		.4byte	.LVL38
 978 0585 75060000 		.4byte	0x675
 979 0589 1E       		.uleb128 0x1e
 980 058a 30000000 		.4byte	.LVL39
 981 058e 80060000 		.4byte	0x680
 982 0592 9D050000 		.4byte	0x59d
 983 0596 1F       		.uleb128 0x1f
 984 0597 01       		.uleb128 0x1
 985 0598 50       		.byte	0x50
 986 0599 02       		.uleb128 0x2
 987 059a 7D       		.byte	0x7d
 988 059b 00       		.sleb128 0
 989 059c 00       		.byte	0
 990 059d 1E       		.uleb128 0x1e
 991 059e 3A000000 		.4byte	.LVL40
 992 05a2 8B060000 		.4byte	0x68b
 993 05a6 B1050000 		.4byte	0x5b1
 994 05aa 1F       		.uleb128 0x1f
 995 05ab 01       		.uleb128 0x1
 996 05ac 50       		.byte	0x50
 997 05ad 02       		.uleb128 0x2
 998 05ae 7D       		.byte	0x7d
 999 05af 00       		.sleb128 0
 1000 05b0 00       		.byte	0
 1001 05b1 1D       		.uleb128 0x1d
 1002 05b2 3E000000 		.4byte	.LVL41
 1003 05b6 96060000 		.4byte	0x696
 1004 05ba 20       		.uleb128 0x20
 1005 05bb 44000000 		.4byte	.LVL42
 1006 05bf A1060000 		.4byte	0x6a1
 1007 05c3 1F       		.uleb128 0x1f
 1008 05c4 01       		.uleb128 0x1
 1009 05c5 50       		.byte	0x50
 1010 05c6 01       		.uleb128 0x1
 1011 05c7 35       		.byte	0x35
 1012 05c8 00       		.byte	0
 1013 05c9 00       		.byte	0
 1014 05ca 24       		.uleb128 0x24
 1015 05cb 85030000 		.4byte	.LASF79
 1016 05cf 13       		.byte	0x13
 1017 05d0 1207     		.2byte	0x712
 1018 05d2 D6050000 		.4byte	0x5d6
 1019 05d6 25       		.uleb128 0x25
ARM GAS  C:\Users\d3bug\AppData\Local\Temp\ccBXaX4f.s 			page 22


 1020 05d7 D9000000 		.4byte	0xd9
 1021 05db 26       		.uleb128 0x26
 1022 05dc BA010000 		.4byte	.LASF52
 1023 05e0 BA010000 		.4byte	.LASF52
 1024 05e4 08       		.byte	0x8
 1025 05e5 44       		.byte	0x44
 1026 05e6 26       		.uleb128 0x26
 1027 05e7 1F000000 		.4byte	.LASF53
 1028 05eb 1F000000 		.4byte	.LASF53
 1029 05ef 08       		.byte	0x8
 1030 05f0 41       		.byte	0x41
 1031 05f1 26       		.uleb128 0x26
 1032 05f2 5B010000 		.4byte	.LASF54
 1033 05f6 5B010000 		.4byte	.LASF54
 1034 05fa 08       		.byte	0x8
 1035 05fb 42       		.byte	0x42
 1036 05fc 26       		.uleb128 0x26
 1037 05fd BA020000 		.4byte	.LASF55
 1038 0601 BA020000 		.4byte	.LASF55
 1039 0605 09       		.byte	0x9
 1040 0606 55       		.byte	0x55
 1041 0607 26       		.uleb128 0x26
 1042 0608 A5010000 		.4byte	.LASF56
 1043 060c A5010000 		.4byte	.LASF56
 1044 0610 0A       		.byte	0xa
 1045 0611 2B       		.byte	0x2b
 1046 0612 26       		.uleb128 0x26
 1047 0613 33000000 		.4byte	.LASF57
 1048 0617 33000000 		.4byte	.LASF57
 1049 061b 0B       		.byte	0xb
 1050 061c 5E       		.byte	0x5e
 1051 061d 26       		.uleb128 0x26
 1052 061e C8010000 		.4byte	.LASF58
 1053 0622 C8010000 		.4byte	.LASF58
 1054 0626 0C       		.byte	0xc
 1055 0627 16       		.byte	0x16
 1056 0628 26       		.uleb128 0x26
 1057 0629 6D010000 		.4byte	.LASF59
 1058 062d 6D010000 		.4byte	.LASF59
 1059 0631 0D       		.byte	0xd
 1060 0632 18       		.byte	0x18
 1061 0633 26       		.uleb128 0x26
 1062 0634 26030000 		.4byte	.LASF60
 1063 0638 26030000 		.4byte	.LASF60
 1064 063c 0E       		.byte	0xe
 1065 063d 1F       		.byte	0x1f
 1066 063e 26       		.uleb128 0x26
 1067 063f 31040000 		.4byte	.LASF61
 1068 0643 31040000 		.4byte	.LASF61
 1069 0647 0F       		.byte	0xf
 1070 0648 93       		.byte	0x93
 1071 0649 26       		.uleb128 0x26
 1072 064a D4010000 		.4byte	.LASF62
 1073 064e D4010000 		.4byte	.LASF62
 1074 0652 0C       		.byte	0xc
 1075 0653 15       		.byte	0x15
 1076 0654 26       		.uleb128 0x26
ARM GAS  C:\Users\d3bug\AppData\Local\Temp\ccBXaX4f.s 			page 23


 1077 0655 53000000 		.4byte	.LASF63
 1078 0659 53000000 		.4byte	.LASF63
 1079 065d 10       		.byte	0x10
 1080 065e EE       		.byte	0xee
 1081 065f 26       		.uleb128 0x26
 1082 0660 48020000 		.4byte	.LASF64
 1083 0664 48020000 		.4byte	.LASF64
 1084 0668 04       		.byte	0x4
 1085 0669 34       		.byte	0x34
 1086 066a 26       		.uleb128 0x26
 1087 066b B5000000 		.4byte	.LASF65
 1088 066f B5000000 		.4byte	.LASF65
 1089 0673 08       		.byte	0x8
 1090 0674 40       		.byte	0x40
 1091 0675 26       		.uleb128 0x26
 1092 0676 46010000 		.4byte	.LASF66
 1093 067a 46010000 		.4byte	.LASF66
 1094 067e 0B       		.byte	0xb
 1095 067f 5A       		.byte	0x5a
 1096 0680 26       		.uleb128 0x26
 1097 0681 15030000 		.4byte	.LASF67
 1098 0685 15030000 		.4byte	.LASF67
 1099 0689 07       		.byte	0x7
 1100 068a 4B       		.byte	0x4b
 1101 068b 26       		.uleb128 0x26
 1102 068c F5000000 		.4byte	.LASF68
 1103 0690 F5000000 		.4byte	.LASF68
 1104 0694 07       		.byte	0x7
 1105 0695 53       		.byte	0x53
 1106 0696 26       		.uleb128 0x26
 1107 0697 E2020000 		.4byte	.LASF69
 1108 069b E2020000 		.4byte	.LASF69
 1109 069f 11       		.byte	0x11
 1110 06a0 4D       		.byte	0x4d
 1111 06a1 26       		.uleb128 0x26
 1112 06a2 20040000 		.4byte	.LASF70
 1113 06a6 20040000 		.4byte	.LASF70
 1114 06aa 12       		.byte	0x12
 1115 06ab 76       		.byte	0x76
 1116 06ac 00       		.byte	0
 1117              		.section	.debug_abbrev,"",%progbits
 1118              	.Ldebug_abbrev0:
 1119 0000 01       		.uleb128 0x1
 1120 0001 11       		.uleb128 0x11
 1121 0002 01       		.byte	0x1
 1122 0003 25       		.uleb128 0x25
 1123 0004 0E       		.uleb128 0xe
 1124 0005 13       		.uleb128 0x13
 1125 0006 0B       		.uleb128 0xb
 1126 0007 03       		.uleb128 0x3
 1127 0008 0E       		.uleb128 0xe
 1128 0009 1B       		.uleb128 0x1b
 1129 000a 0E       		.uleb128 0xe
 1130 000b 55       		.uleb128 0x55
 1131 000c 17       		.uleb128 0x17
 1132 000d 11       		.uleb128 0x11
 1133 000e 01       		.uleb128 0x1
ARM GAS  C:\Users\d3bug\AppData\Local\Temp\ccBXaX4f.s 			page 24


 1134 000f 10       		.uleb128 0x10
 1135 0010 17       		.uleb128 0x17
 1136 0011 00       		.byte	0
 1137 0012 00       		.byte	0
 1138 0013 02       		.uleb128 0x2
 1139 0014 16       		.uleb128 0x16
 1140 0015 00       		.byte	0
 1141 0016 03       		.uleb128 0x3
 1142 0017 0E       		.uleb128 0xe
 1143 0018 3A       		.uleb128 0x3a
 1144 0019 0B       		.uleb128 0xb
 1145 001a 3B       		.uleb128 0x3b
 1146 001b 0B       		.uleb128 0xb
 1147 001c 49       		.uleb128 0x49
 1148 001d 13       		.uleb128 0x13
 1149 001e 00       		.byte	0
 1150 001f 00       		.byte	0
 1151 0020 03       		.uleb128 0x3
 1152 0021 24       		.uleb128 0x24
 1153 0022 00       		.byte	0
 1154 0023 0B       		.uleb128 0xb
 1155 0024 0B       		.uleb128 0xb
 1156 0025 3E       		.uleb128 0x3e
 1157 0026 0B       		.uleb128 0xb
 1158 0027 03       		.uleb128 0x3
 1159 0028 0E       		.uleb128 0xe
 1160 0029 00       		.byte	0
 1161 002a 00       		.byte	0
 1162 002b 04       		.uleb128 0x4
 1163 002c 24       		.uleb128 0x24
 1164 002d 00       		.byte	0
 1165 002e 0B       		.uleb128 0xb
 1166 002f 0B       		.uleb128 0xb
 1167 0030 3E       		.uleb128 0x3e
 1168 0031 0B       		.uleb128 0xb
 1169 0032 03       		.uleb128 0x3
 1170 0033 08       		.uleb128 0x8
 1171 0034 00       		.byte	0
 1172 0035 00       		.byte	0
 1173 0036 05       		.uleb128 0x5
 1174 0037 0F       		.uleb128 0xf
 1175 0038 00       		.byte	0
 1176 0039 0B       		.uleb128 0xb
 1177 003a 0B       		.uleb128 0xb
 1178 003b 49       		.uleb128 0x49
 1179 003c 13       		.uleb128 0x13
 1180 003d 00       		.byte	0
 1181 003e 00       		.byte	0
 1182 003f 06       		.uleb128 0x6
 1183 0040 26       		.uleb128 0x26
 1184 0041 00       		.byte	0
 1185 0042 49       		.uleb128 0x49
 1186 0043 13       		.uleb128 0x13
 1187 0044 00       		.byte	0
 1188 0045 00       		.byte	0
 1189 0046 07       		.uleb128 0x7
 1190 0047 17       		.uleb128 0x17
ARM GAS  C:\Users\d3bug\AppData\Local\Temp\ccBXaX4f.s 			page 25


 1191 0048 01       		.byte	0x1
 1192 0049 0B       		.uleb128 0xb
 1193 004a 0B       		.uleb128 0xb
 1194 004b 3A       		.uleb128 0x3a
 1195 004c 0B       		.uleb128 0xb
 1196 004d 3B       		.uleb128 0x3b
 1197 004e 0B       		.uleb128 0xb
 1198 004f 01       		.uleb128 0x1
 1199 0050 13       		.uleb128 0x13
 1200 0051 00       		.byte	0
 1201 0052 00       		.byte	0
 1202 0053 08       		.uleb128 0x8
 1203 0054 0D       		.uleb128 0xd
 1204 0055 00       		.byte	0
 1205 0056 03       		.uleb128 0x3
 1206 0057 0E       		.uleb128 0xe
 1207 0058 3A       		.uleb128 0x3a
 1208 0059 0B       		.uleb128 0xb
 1209 005a 3B       		.uleb128 0x3b
 1210 005b 0B       		.uleb128 0xb
 1211 005c 49       		.uleb128 0x49
 1212 005d 13       		.uleb128 0x13
 1213 005e 0B       		.uleb128 0xb
 1214 005f 0B       		.uleb128 0xb
 1215 0060 0D       		.uleb128 0xd
 1216 0061 0B       		.uleb128 0xb
 1217 0062 0C       		.uleb128 0xc
 1218 0063 0B       		.uleb128 0xb
 1219 0064 00       		.byte	0
 1220 0065 00       		.byte	0
 1221 0066 09       		.uleb128 0x9
 1222 0067 0D       		.uleb128 0xd
 1223 0068 00       		.byte	0
 1224 0069 03       		.uleb128 0x3
 1225 006a 08       		.uleb128 0x8
 1226 006b 3A       		.uleb128 0x3a
 1227 006c 0B       		.uleb128 0xb
 1228 006d 3B       		.uleb128 0x3b
 1229 006e 0B       		.uleb128 0xb
 1230 006f 49       		.uleb128 0x49
 1231 0070 13       		.uleb128 0x13
 1232 0071 0B       		.uleb128 0xb
 1233 0072 0B       		.uleb128 0xb
 1234 0073 0D       		.uleb128 0xd
 1235 0074 0B       		.uleb128 0xb
 1236 0075 0C       		.uleb128 0xc
 1237 0076 0B       		.uleb128 0xb
 1238 0077 00       		.byte	0
 1239 0078 00       		.byte	0
 1240 0079 0A       		.uleb128 0xa
 1241 007a 13       		.uleb128 0x13
 1242 007b 01       		.byte	0x1
 1243 007c 03       		.uleb128 0x3
 1244 007d 0E       		.uleb128 0xe
 1245 007e 0B       		.uleb128 0xb
 1246 007f 0B       		.uleb128 0xb
 1247 0080 3A       		.uleb128 0x3a
ARM GAS  C:\Users\d3bug\AppData\Local\Temp\ccBXaX4f.s 			page 26


 1248 0081 0B       		.uleb128 0xb
 1249 0082 3B       		.uleb128 0x3b
 1250 0083 0B       		.uleb128 0xb
 1251 0084 01       		.uleb128 0x1
 1252 0085 13       		.uleb128 0x13
 1253 0086 00       		.byte	0
 1254 0087 00       		.byte	0
 1255 0088 0B       		.uleb128 0xb
 1256 0089 0D       		.uleb128 0xd
 1257 008a 00       		.byte	0
 1258 008b 03       		.uleb128 0x3
 1259 008c 0E       		.uleb128 0xe
 1260 008d 3A       		.uleb128 0x3a
 1261 008e 0B       		.uleb128 0xb
 1262 008f 3B       		.uleb128 0x3b
 1263 0090 0B       		.uleb128 0xb
 1264 0091 49       		.uleb128 0x49
 1265 0092 13       		.uleb128 0x13
 1266 0093 38       		.uleb128 0x38
 1267 0094 0B       		.uleb128 0xb
 1268 0095 00       		.byte	0
 1269 0096 00       		.byte	0
 1270 0097 0C       		.uleb128 0xc
 1271 0098 15       		.uleb128 0x15
 1272 0099 01       		.byte	0x1
 1273 009a 27       		.uleb128 0x27
 1274 009b 19       		.uleb128 0x19
 1275 009c 01       		.uleb128 0x1
 1276 009d 13       		.uleb128 0x13
 1277 009e 00       		.byte	0
 1278 009f 00       		.byte	0
 1279 00a0 0D       		.uleb128 0xd
 1280 00a1 05       		.uleb128 0x5
 1281 00a2 00       		.byte	0
 1282 00a3 49       		.uleb128 0x49
 1283 00a4 13       		.uleb128 0x13
 1284 00a5 00       		.byte	0
 1285 00a6 00       		.byte	0
 1286 00a7 0E       		.uleb128 0xe
 1287 00a8 2E       		.uleb128 0x2e
 1288 00a9 01       		.byte	0x1
 1289 00aa 03       		.uleb128 0x3
 1290 00ab 0E       		.uleb128 0xe
 1291 00ac 3A       		.uleb128 0x3a
 1292 00ad 0B       		.uleb128 0xb
 1293 00ae 3B       		.uleb128 0x3b
 1294 00af 0B       		.uleb128 0xb
 1295 00b0 27       		.uleb128 0x27
 1296 00b1 19       		.uleb128 0x19
 1297 00b2 49       		.uleb128 0x49
 1298 00b3 13       		.uleb128 0x13
 1299 00b4 20       		.uleb128 0x20
 1300 00b5 0B       		.uleb128 0xb
 1301 00b6 01       		.uleb128 0x1
 1302 00b7 13       		.uleb128 0x13
 1303 00b8 00       		.byte	0
 1304 00b9 00       		.byte	0
ARM GAS  C:\Users\d3bug\AppData\Local\Temp\ccBXaX4f.s 			page 27


 1305 00ba 0F       		.uleb128 0xf
 1306 00bb 05       		.uleb128 0x5
 1307 00bc 00       		.byte	0
 1308 00bd 03       		.uleb128 0x3
 1309 00be 08       		.uleb128 0x8
 1310 00bf 3A       		.uleb128 0x3a
 1311 00c0 0B       		.uleb128 0xb
 1312 00c1 3B       		.uleb128 0x3b
 1313 00c2 0B       		.uleb128 0xb
 1314 00c3 49       		.uleb128 0x49
 1315 00c4 13       		.uleb128 0x13
 1316 00c5 00       		.byte	0
 1317 00c6 00       		.byte	0
 1318 00c7 10       		.uleb128 0x10
 1319 00c8 34       		.uleb128 0x34
 1320 00c9 00       		.byte	0
 1321 00ca 03       		.uleb128 0x3
 1322 00cb 0E       		.uleb128 0xe
 1323 00cc 3A       		.uleb128 0x3a
 1324 00cd 0B       		.uleb128 0xb
 1325 00ce 3B       		.uleb128 0x3b
 1326 00cf 0B       		.uleb128 0xb
 1327 00d0 49       		.uleb128 0x49
 1328 00d1 13       		.uleb128 0x13
 1329 00d2 00       		.byte	0
 1330 00d3 00       		.byte	0
 1331 00d4 11       		.uleb128 0x11
 1332 00d5 0B       		.uleb128 0xb
 1333 00d6 01       		.byte	0x1
 1334 00d7 00       		.byte	0
 1335 00d8 00       		.byte	0
 1336 00d9 12       		.uleb128 0x12
 1337 00da 34       		.uleb128 0x34
 1338 00db 00       		.byte	0
 1339 00dc 03       		.uleb128 0x3
 1340 00dd 08       		.uleb128 0x8
 1341 00de 3A       		.uleb128 0x3a
 1342 00df 0B       		.uleb128 0xb
 1343 00e0 3B       		.uleb128 0x3b
 1344 00e1 0B       		.uleb128 0xb
 1345 00e2 49       		.uleb128 0x49
 1346 00e3 13       		.uleb128 0x13
 1347 00e4 00       		.byte	0
 1348 00e5 00       		.byte	0
 1349 00e6 13       		.uleb128 0x13
 1350 00e7 2E       		.uleb128 0x2e
 1351 00e8 01       		.byte	0x1
 1352 00e9 3F       		.uleb128 0x3f
 1353 00ea 19       		.uleb128 0x19
 1354 00eb 03       		.uleb128 0x3
 1355 00ec 0E       		.uleb128 0xe
 1356 00ed 3A       		.uleb128 0x3a
 1357 00ee 0B       		.uleb128 0xb
 1358 00ef 3B       		.uleb128 0x3b
 1359 00f0 0B       		.uleb128 0xb
 1360 00f1 27       		.uleb128 0x27
 1361 00f2 19       		.uleb128 0x19
ARM GAS  C:\Users\d3bug\AppData\Local\Temp\ccBXaX4f.s 			page 28


 1362 00f3 11       		.uleb128 0x11
 1363 00f4 01       		.uleb128 0x1
 1364 00f5 12       		.uleb128 0x12
 1365 00f6 06       		.uleb128 0x6
 1366 00f7 40       		.uleb128 0x40
 1367 00f8 18       		.uleb128 0x18
 1368 00f9 9742     		.uleb128 0x2117
 1369 00fb 19       		.uleb128 0x19
 1370 00fc 01       		.uleb128 0x1
 1371 00fd 13       		.uleb128 0x13
 1372 00fe 00       		.byte	0
 1373 00ff 00       		.byte	0
 1374 0100 14       		.uleb128 0x14
 1375 0101 05       		.uleb128 0x5
 1376 0102 00       		.byte	0
 1377 0103 03       		.uleb128 0x3
 1378 0104 08       		.uleb128 0x8
 1379 0105 3A       		.uleb128 0x3a
 1380 0106 0B       		.uleb128 0xb
 1381 0107 3B       		.uleb128 0x3b
 1382 0108 0B       		.uleb128 0xb
 1383 0109 49       		.uleb128 0x49
 1384 010a 13       		.uleb128 0x13
 1385 010b 02       		.uleb128 0x2
 1386 010c 17       		.uleb128 0x17
 1387 010d 00       		.byte	0
 1388 010e 00       		.byte	0
 1389 010f 15       		.uleb128 0x15
 1390 0110 05       		.uleb128 0x5
 1391 0111 00       		.byte	0
 1392 0112 03       		.uleb128 0x3
 1393 0113 0E       		.uleb128 0xe
 1394 0114 3A       		.uleb128 0x3a
 1395 0115 0B       		.uleb128 0xb
 1396 0116 3B       		.uleb128 0x3b
 1397 0117 0B       		.uleb128 0xb
 1398 0118 49       		.uleb128 0x49
 1399 0119 13       		.uleb128 0x13
 1400 011a 02       		.uleb128 0x2
 1401 011b 17       		.uleb128 0x17
 1402 011c 00       		.byte	0
 1403 011d 00       		.byte	0
 1404 011e 16       		.uleb128 0x16
 1405 011f 1D       		.uleb128 0x1d
 1406 0120 01       		.byte	0x1
 1407 0121 31       		.uleb128 0x31
 1408 0122 13       		.uleb128 0x13
 1409 0123 11       		.uleb128 0x11
 1410 0124 01       		.uleb128 0x1
 1411 0125 12       		.uleb128 0x12
 1412 0126 06       		.uleb128 0x6
 1413 0127 58       		.uleb128 0x58
 1414 0128 0B       		.uleb128 0xb
 1415 0129 59       		.uleb128 0x59
 1416 012a 0B       		.uleb128 0xb
 1417 012b 01       		.uleb128 0x1
 1418 012c 13       		.uleb128 0x13
ARM GAS  C:\Users\d3bug\AppData\Local\Temp\ccBXaX4f.s 			page 29


 1419 012d 00       		.byte	0
 1420 012e 00       		.byte	0
 1421 012f 17       		.uleb128 0x17
 1422 0130 05       		.uleb128 0x5
 1423 0131 00       		.byte	0
 1424 0132 31       		.uleb128 0x31
 1425 0133 13       		.uleb128 0x13
 1426 0134 02       		.uleb128 0x2
 1427 0135 17       		.uleb128 0x17
 1428 0136 00       		.byte	0
 1429 0137 00       		.byte	0
 1430 0138 18       		.uleb128 0x18
 1431 0139 0B       		.uleb128 0xb
 1432 013a 01       		.byte	0x1
 1433 013b 11       		.uleb128 0x11
 1434 013c 01       		.uleb128 0x1
 1435 013d 12       		.uleb128 0x12
 1436 013e 06       		.uleb128 0x6
 1437 013f 00       		.byte	0
 1438 0140 00       		.byte	0
 1439 0141 19       		.uleb128 0x19
 1440 0142 34       		.uleb128 0x34
 1441 0143 00       		.byte	0
 1442 0144 31       		.uleb128 0x31
 1443 0145 13       		.uleb128 0x13
 1444 0146 1C       		.uleb128 0x1c
 1445 0147 0B       		.uleb128 0xb
 1446 0148 00       		.byte	0
 1447 0149 00       		.byte	0
 1448 014a 1A       		.uleb128 0x1a
 1449 014b 34       		.uleb128 0x34
 1450 014c 00       		.byte	0
 1451 014d 31       		.uleb128 0x31
 1452 014e 13       		.uleb128 0x13
 1453 014f 02       		.uleb128 0x2
 1454 0150 17       		.uleb128 0x17
 1455 0151 00       		.byte	0
 1456 0152 00       		.byte	0
 1457 0153 1B       		.uleb128 0x1b
 1458 0154 0B       		.uleb128 0xb
 1459 0155 01       		.byte	0x1
 1460 0156 11       		.uleb128 0x11
 1461 0157 01       		.uleb128 0x1
 1462 0158 12       		.uleb128 0x12
 1463 0159 06       		.uleb128 0x6
 1464 015a 01       		.uleb128 0x1
 1465 015b 13       		.uleb128 0x13
 1466 015c 00       		.byte	0
 1467 015d 00       		.byte	0
 1468 015e 1C       		.uleb128 0x1c
 1469 015f 0B       		.uleb128 0xb
 1470 0160 01       		.byte	0x1
 1471 0161 55       		.uleb128 0x55
 1472 0162 17       		.uleb128 0x17
 1473 0163 00       		.byte	0
 1474 0164 00       		.byte	0
 1475 0165 1D       		.uleb128 0x1d
ARM GAS  C:\Users\d3bug\AppData\Local\Temp\ccBXaX4f.s 			page 30


 1476 0166 898201   		.uleb128 0x4109
 1477 0169 00       		.byte	0
 1478 016a 11       		.uleb128 0x11
 1479 016b 01       		.uleb128 0x1
 1480 016c 31       		.uleb128 0x31
 1481 016d 13       		.uleb128 0x13
 1482 016e 00       		.byte	0
 1483 016f 00       		.byte	0
 1484 0170 1E       		.uleb128 0x1e
 1485 0171 898201   		.uleb128 0x4109
 1486 0174 01       		.byte	0x1
 1487 0175 11       		.uleb128 0x11
 1488 0176 01       		.uleb128 0x1
 1489 0177 31       		.uleb128 0x31
 1490 0178 13       		.uleb128 0x13
 1491 0179 01       		.uleb128 0x1
 1492 017a 13       		.uleb128 0x13
 1493 017b 00       		.byte	0
 1494 017c 00       		.byte	0
 1495 017d 1F       		.uleb128 0x1f
 1496 017e 8A8201   		.uleb128 0x410a
 1497 0181 00       		.byte	0
 1498 0182 02       		.uleb128 0x2
 1499 0183 18       		.uleb128 0x18
 1500 0184 9142     		.uleb128 0x2111
 1501 0186 18       		.uleb128 0x18
 1502 0187 00       		.byte	0
 1503 0188 00       		.byte	0
 1504 0189 20       		.uleb128 0x20
 1505 018a 898201   		.uleb128 0x4109
 1506 018d 01       		.byte	0x1
 1507 018e 11       		.uleb128 0x11
 1508 018f 01       		.uleb128 0x1
 1509 0190 31       		.uleb128 0x31
 1510 0191 13       		.uleb128 0x13
 1511 0192 00       		.byte	0
 1512 0193 00       		.byte	0
 1513 0194 21       		.uleb128 0x21
 1514 0195 2E       		.uleb128 0x2e
 1515 0196 01       		.byte	0x1
 1516 0197 03       		.uleb128 0x3
 1517 0198 0E       		.uleb128 0xe
 1518 0199 3A       		.uleb128 0x3a
 1519 019a 0B       		.uleb128 0xb
 1520 019b 3B       		.uleb128 0x3b
 1521 019c 0B       		.uleb128 0xb
 1522 019d 27       		.uleb128 0x27
 1523 019e 19       		.uleb128 0x19
 1524 019f 11       		.uleb128 0x11
 1525 01a0 01       		.uleb128 0x1
 1526 01a1 12       		.uleb128 0x12
 1527 01a2 06       		.uleb128 0x6
 1528 01a3 40       		.uleb128 0x40
 1529 01a4 18       		.uleb128 0x18
 1530 01a5 9742     		.uleb128 0x2117
 1531 01a7 19       		.uleb128 0x19
 1532 01a8 01       		.uleb128 0x1
ARM GAS  C:\Users\d3bug\AppData\Local\Temp\ccBXaX4f.s 			page 31


 1533 01a9 13       		.uleb128 0x13
 1534 01aa 00       		.byte	0
 1535 01ab 00       		.byte	0
 1536 01ac 22       		.uleb128 0x22
 1537 01ad 2E       		.uleb128 0x2e
 1538 01ae 01       		.byte	0x1
 1539 01af 3F       		.uleb128 0x3f
 1540 01b0 19       		.uleb128 0x19
 1541 01b1 03       		.uleb128 0x3
 1542 01b2 0E       		.uleb128 0xe
 1543 01b3 3A       		.uleb128 0x3a
 1544 01b4 0B       		.uleb128 0xb
 1545 01b5 3B       		.uleb128 0x3b
 1546 01b6 0B       		.uleb128 0xb
 1547 01b7 27       		.uleb128 0x27
 1548 01b8 19       		.uleb128 0x19
 1549 01b9 49       		.uleb128 0x49
 1550 01ba 13       		.uleb128 0x13
 1551 01bb 8701     		.uleb128 0x87
 1552 01bd 19       		.uleb128 0x19
 1553 01be 11       		.uleb128 0x11
 1554 01bf 01       		.uleb128 0x1
 1555 01c0 12       		.uleb128 0x12
 1556 01c1 06       		.uleb128 0x6
 1557 01c2 40       		.uleb128 0x40
 1558 01c3 18       		.uleb128 0x18
 1559 01c4 9742     		.uleb128 0x2117
 1560 01c6 19       		.uleb128 0x19
 1561 01c7 01       		.uleb128 0x1
 1562 01c8 13       		.uleb128 0x13
 1563 01c9 00       		.byte	0
 1564 01ca 00       		.byte	0
 1565 01cb 23       		.uleb128 0x23
 1566 01cc 34       		.uleb128 0x34
 1567 01cd 00       		.byte	0
 1568 01ce 03       		.uleb128 0x3
 1569 01cf 0E       		.uleb128 0xe
 1570 01d0 3A       		.uleb128 0x3a
 1571 01d1 0B       		.uleb128 0xb
 1572 01d2 3B       		.uleb128 0x3b
 1573 01d3 0B       		.uleb128 0xb
 1574 01d4 49       		.uleb128 0x49
 1575 01d5 13       		.uleb128 0x13
 1576 01d6 02       		.uleb128 0x2
 1577 01d7 18       		.uleb128 0x18
 1578 01d8 00       		.byte	0
 1579 01d9 00       		.byte	0
 1580 01da 24       		.uleb128 0x24
 1581 01db 34       		.uleb128 0x34
 1582 01dc 00       		.byte	0
 1583 01dd 03       		.uleb128 0x3
 1584 01de 0E       		.uleb128 0xe
 1585 01df 3A       		.uleb128 0x3a
 1586 01e0 0B       		.uleb128 0xb
 1587 01e1 3B       		.uleb128 0x3b
 1588 01e2 05       		.uleb128 0x5
 1589 01e3 49       		.uleb128 0x49
ARM GAS  C:\Users\d3bug\AppData\Local\Temp\ccBXaX4f.s 			page 32


 1590 01e4 13       		.uleb128 0x13
 1591 01e5 3F       		.uleb128 0x3f
 1592 01e6 19       		.uleb128 0x19
 1593 01e7 3C       		.uleb128 0x3c
 1594 01e8 19       		.uleb128 0x19
 1595 01e9 00       		.byte	0
 1596 01ea 00       		.byte	0
 1597 01eb 25       		.uleb128 0x25
 1598 01ec 35       		.uleb128 0x35
 1599 01ed 00       		.byte	0
 1600 01ee 49       		.uleb128 0x49
 1601 01ef 13       		.uleb128 0x13
 1602 01f0 00       		.byte	0
 1603 01f1 00       		.byte	0
 1604 01f2 26       		.uleb128 0x26
 1605 01f3 2E       		.uleb128 0x2e
 1606 01f4 00       		.byte	0
 1607 01f5 3F       		.uleb128 0x3f
 1608 01f6 19       		.uleb128 0x19
 1609 01f7 3C       		.uleb128 0x3c
 1610 01f8 19       		.uleb128 0x19
 1611 01f9 6E       		.uleb128 0x6e
 1612 01fa 0E       		.uleb128 0xe
 1613 01fb 03       		.uleb128 0x3
 1614 01fc 0E       		.uleb128 0xe
 1615 01fd 3A       		.uleb128 0x3a
 1616 01fe 0B       		.uleb128 0xb
 1617 01ff 3B       		.uleb128 0x3b
 1618 0200 0B       		.uleb128 0xb
 1619 0201 00       		.byte	0
 1620 0202 00       		.byte	0
 1621 0203 00       		.byte	0
 1622              		.section	.debug_loc,"",%progbits
 1623              	.Ldebug_loc0:
 1624              	.LLST0:
 1625 0000 00000000 		.4byte	.LVL0
 1626 0004 1B000000 		.4byte	.LVL1-1
 1627 0008 0100     		.2byte	0x1
 1628 000a 50       		.byte	0x50
 1629 000b 1B000000 		.4byte	.LVL1-1
 1630 000f 20000000 		.4byte	.LVL2
 1631 0013 0400     		.2byte	0x4
 1632 0015 F3       		.byte	0xf3
 1633 0016 01       		.uleb128 0x1
 1634 0017 50       		.byte	0x50
 1635 0018 9F       		.byte	0x9f
 1636 0019 20000000 		.4byte	.LVL2
 1637 001d 30000000 		.4byte	.LVL7
 1638 0021 0100     		.2byte	0x1
 1639 0023 50       		.byte	0x50
 1640 0024 30000000 		.4byte	.LVL7
 1641 0028 7A000000 		.4byte	.LFE78
 1642 002c 0400     		.2byte	0x4
 1643 002e F3       		.byte	0xf3
 1644 002f 01       		.uleb128 0x1
 1645 0030 50       		.byte	0x50
 1646 0031 9F       		.byte	0x9f
ARM GAS  C:\Users\d3bug\AppData\Local\Temp\ccBXaX4f.s 			page 33


 1647 0032 00000000 		.4byte	0
 1648 0036 00000000 		.4byte	0
 1649              	.LLST1:
 1650 003a 00000000 		.4byte	.LVL0
 1651 003e 1B000000 		.4byte	.LVL1-1
 1652 0042 0100     		.2byte	0x1
 1653 0044 51       		.byte	0x51
 1654 0045 1B000000 		.4byte	.LVL1-1
 1655 0049 20000000 		.4byte	.LVL2
 1656 004d 0400     		.2byte	0x4
 1657 004f F3       		.byte	0xf3
 1658 0050 01       		.uleb128 0x1
 1659 0051 51       		.byte	0x51
 1660 0052 9F       		.byte	0x9f
 1661 0053 20000000 		.4byte	.LVL2
 1662 0057 2E000000 		.4byte	.LVL6
 1663 005b 0100     		.2byte	0x1
 1664 005d 51       		.byte	0x51
 1665 005e 2E000000 		.4byte	.LVL6
 1666 0062 7A000000 		.4byte	.LFE78
 1667 0066 0400     		.2byte	0x4
 1668 0068 F3       		.byte	0xf3
 1669 0069 01       		.uleb128 0x1
 1670 006a 51       		.byte	0x51
 1671 006b 9F       		.byte	0x9f
 1672 006c 00000000 		.4byte	0
 1673 0070 00000000 		.4byte	0
 1674              	.LLST2:
 1675 0074 00000000 		.4byte	.LVL0
 1676 0078 1B000000 		.4byte	.LVL1-1
 1677 007c 0100     		.2byte	0x1
 1678 007e 52       		.byte	0x52
 1679 007f 1B000000 		.4byte	.LVL1-1
 1680 0083 20000000 		.4byte	.LVL2
 1681 0087 0400     		.2byte	0x4
 1682 0089 F3       		.byte	0xf3
 1683 008a 01       		.uleb128 0x1
 1684 008b 52       		.byte	0x52
 1685 008c 9F       		.byte	0x9f
 1686 008d 20000000 		.4byte	.LVL2
 1687 0091 33000000 		.4byte	.LVL8-1
 1688 0095 0100     		.2byte	0x1
 1689 0097 52       		.byte	0x52
 1690 0098 33000000 		.4byte	.LVL8-1
 1691 009c 7A000000 		.4byte	.LFE78
 1692 00a0 0400     		.2byte	0x4
 1693 00a2 F3       		.byte	0xf3
 1694 00a3 01       		.uleb128 0x1
 1695 00a4 52       		.byte	0x52
 1696 00a5 9F       		.byte	0x9f
 1697 00a6 00000000 		.4byte	0
 1698 00aa 00000000 		.4byte	0
 1699              	.LLST3:
 1700 00ae 00000000 		.4byte	.LVL0
 1701 00b2 1B000000 		.4byte	.LVL1-1
 1702 00b6 0100     		.2byte	0x1
 1703 00b8 53       		.byte	0x53
ARM GAS  C:\Users\d3bug\AppData\Local\Temp\ccBXaX4f.s 			page 34


 1704 00b9 1B000000 		.4byte	.LVL1-1
 1705 00bd 20000000 		.4byte	.LVL2
 1706 00c1 0400     		.2byte	0x4
 1707 00c3 F3       		.byte	0xf3
 1708 00c4 01       		.uleb128 0x1
 1709 00c5 53       		.byte	0x53
 1710 00c6 9F       		.byte	0x9f
 1711 00c7 20000000 		.4byte	.LVL2
 1712 00cb 33000000 		.4byte	.LVL8-1
 1713 00cf 0100     		.2byte	0x1
 1714 00d1 53       		.byte	0x53
 1715 00d2 33000000 		.4byte	.LVL8-1
 1716 00d6 7A000000 		.4byte	.LFE78
 1717 00da 0400     		.2byte	0x4
 1718 00dc F3       		.byte	0xf3
 1719 00dd 01       		.uleb128 0x1
 1720 00de 53       		.byte	0x53
 1721 00df 9F       		.byte	0x9f
 1722 00e0 00000000 		.4byte	0
 1723 00e4 00000000 		.4byte	0
 1724              	.LLST4:
 1725 00e8 00000000 		.4byte	.LVL0
 1726 00ec 20000000 		.4byte	.LVL2
 1727 00f0 0200     		.2byte	0x2
 1728 00f2 91       		.byte	0x91
 1729 00f3 00       		.sleb128 0
 1730 00f4 20000000 		.4byte	.LVL2
 1731 00f8 7A000000 		.4byte	.LFE78
 1732 00fc 0200     		.2byte	0x2
 1733 00fe 91       		.byte	0x91
 1734 00ff 00       		.sleb128 0
 1735 0100 00000000 		.4byte	0
 1736 0104 00000000 		.4byte	0
 1737              	.LLST5:
 1738 0108 24000000 		.4byte	.LVL3
 1739 010c 2C000000 		.4byte	.LVL5
 1740 0110 0100     		.2byte	0x1
 1741 0112 53       		.byte	0x53
 1742 0113 2C000000 		.4byte	.LVL5
 1743 0117 52000000 		.4byte	.LVL15
 1744 011b 0100     		.2byte	0x1
 1745 011d 54       		.byte	0x54
 1746 011e 52000000 		.4byte	.LVL15
 1747 0122 72000000 		.4byte	.LVL24
 1748 0126 0A00     		.2byte	0xa
 1749 0128 F3       		.byte	0xf3
 1750 0129 01       		.uleb128 0x1
 1751 012a 53       		.byte	0x53
 1752 012b 09       		.byte	0x9
 1753 012c FC       		.byte	0xfc
 1754 012d 24       		.byte	0x24
 1755 012e 09       		.byte	0x9
 1756 012f FF       		.byte	0xff
 1757 0130 25       		.byte	0x25
 1758 0131 9F       		.byte	0x9f
 1759 0132 00000000 		.4byte	0
 1760 0136 00000000 		.4byte	0
ARM GAS  C:\Users\d3bug\AppData\Local\Temp\ccBXaX4f.s 			page 35


 1761              	.LLST6:
 1762 013a 24000000 		.4byte	.LVL3
 1763 013e 4A000000 		.4byte	.LVL12
 1764 0142 0100     		.2byte	0x1
 1765 0144 56       		.byte	0x56
 1766 0145 00000000 		.4byte	0
 1767 0149 00000000 		.4byte	0
 1768              	.LLST7:
 1769 014d 24000000 		.4byte	.LVL3
 1770 0151 28000000 		.4byte	.LVL4
 1771 0155 0100     		.2byte	0x1
 1772 0157 51       		.byte	0x51
 1773 0158 28000000 		.4byte	.LVL4
 1774 015c 48000000 		.4byte	.LVL11
 1775 0160 0100     		.2byte	0x1
 1776 0162 59       		.byte	0x59
 1777 0163 48000000 		.4byte	.LVL11
 1778 0167 72000000 		.4byte	.LVL24
 1779 016b 0A00     		.2byte	0xa
 1780 016d F3       		.byte	0xf3
 1781 016e 01       		.uleb128 0x1
 1782 016f 51       		.byte	0x51
 1783 0170 09       		.byte	0x9
 1784 0171 FC       		.byte	0xfc
 1785 0172 24       		.byte	0x24
 1786 0173 09       		.byte	0x9
 1787 0174 FF       		.byte	0xff
 1788 0175 25       		.byte	0x25
 1789 0176 9F       		.byte	0x9f
 1790 0177 00000000 		.4byte	0
 1791 017b 00000000 		.4byte	0
 1792              	.LLST8:
 1793 017f 24000000 		.4byte	.LVL3
 1794 0183 50000000 		.4byte	.LVL14
 1795 0187 0100     		.2byte	0x1
 1796 0189 55       		.byte	0x55
 1797 018a 00000000 		.4byte	0
 1798 018e 00000000 		.4byte	0
 1799              	.LLST9:
 1800 0192 24000000 		.4byte	.LVL3
 1801 0196 72000000 		.4byte	.LVL24
 1802 019a 0100     		.2byte	0x1
 1803 019c 58       		.byte	0x58
 1804 019d 00000000 		.4byte	0
 1805 01a1 00000000 		.4byte	0
 1806              	.LLST10:
 1807 01a5 40000000 		.4byte	.LVL10
 1808 01a9 72000000 		.4byte	.LVL24
 1809 01ad 0100     		.2byte	0x1
 1810 01af 57       		.byte	0x57
 1811 01b0 00000000 		.4byte	0
 1812 01b4 00000000 		.4byte	0
 1813              	.LLST11:
 1814 01b8 48000000 		.4byte	.LVL11
 1815 01bc 72000000 		.4byte	.LVL24
 1816 01c0 0100     		.2byte	0x1
 1817 01c2 59       		.byte	0x59
ARM GAS  C:\Users\d3bug\AppData\Local\Temp\ccBXaX4f.s 			page 36


 1818 01c3 00000000 		.4byte	0
 1819 01c7 00000000 		.4byte	0
 1820              	.LLST12:
 1821 01cb 4E000000 		.4byte	.LVL13
 1822 01cf 72000000 		.4byte	.LVL24
 1823 01d3 0100     		.2byte	0x1
 1824 01d5 56       		.byte	0x56
 1825 01d6 00000000 		.4byte	0
 1826 01da 00000000 		.4byte	0
 1827              	.LLST13:
 1828 01de 4E000000 		.4byte	.LVL13
 1829 01e2 52000000 		.4byte	.LVL15
 1830 01e6 0200     		.2byte	0x2
 1831 01e8 30       		.byte	0x30
 1832 01e9 9F       		.byte	0x9f
 1833 01ea 52000000 		.4byte	.LVL15
 1834 01ee 6C000000 		.4byte	.LVL22
 1835 01f2 0100     		.2byte	0x1
 1836 01f4 55       		.byte	0x55
 1837 01f5 6E000000 		.4byte	.LVL23
 1838 01f9 72000000 		.4byte	.LVL24
 1839 01fd 0100     		.2byte	0x1
 1840 01ff 55       		.byte	0x55
 1841 0200 00000000 		.4byte	0
 1842 0204 00000000 		.4byte	0
 1843              	.LLST14:
 1844 0208 52000000 		.4byte	.LVL15
 1845 020c 60000000 		.4byte	.LVL18
 1846 0210 0100     		.2byte	0x1
 1847 0212 54       		.byte	0x54
 1848 0213 62000000 		.4byte	.LVL19
 1849 0217 64000000 		.4byte	.LVL20
 1850 021b 0100     		.2byte	0x1
 1851 021d 54       		.byte	0x54
 1852 021e 66000000 		.4byte	.LVL21
 1853 0222 6E000000 		.4byte	.LVL23
 1854 0226 0100     		.2byte	0x1
 1855 0228 54       		.byte	0x54
 1856 0229 00000000 		.4byte	0
 1857 022d 00000000 		.4byte	0
 1858              	.LLST15:
 1859 0231 56000000 		.4byte	.LVL16
 1860 0235 5D000000 		.4byte	.LVL17-1
 1861 0239 0500     		.2byte	0x5
 1862 023b 78       		.byte	0x78
 1863 023c 00       		.sleb128 0
 1864 023d 73       		.byte	0x73
 1865 023e 00       		.sleb128 0
 1866 023f 22       		.byte	0x22
 1867 0240 00000000 		.4byte	0
 1868 0244 00000000 		.4byte	0
 1869              	.LLST16:
 1870 0248 00000000 		.4byte	.LVL28
 1871 024c 04000000 		.4byte	.LVL29
 1872 0250 0100     		.2byte	0x1
 1873 0252 50       		.byte	0x50
 1874 0253 04000000 		.4byte	.LVL29
ARM GAS  C:\Users\d3bug\AppData\Local\Temp\ccBXaX4f.s 			page 37


 1875 0257 10000000 		.4byte	.LFE80
 1876 025b 0400     		.2byte	0x4
 1877 025d F3       		.byte	0xf3
 1878 025e 01       		.uleb128 0x1
 1879 025f 50       		.byte	0x50
 1880 0260 9F       		.byte	0x9f
 1881 0261 00000000 		.4byte	0
 1882 0265 00000000 		.4byte	0
 1883              	.LLST17:
 1884 0269 00000000 		.4byte	.LVL28
 1885 026d 07000000 		.4byte	.LVL30-1
 1886 0271 0100     		.2byte	0x1
 1887 0273 51       		.byte	0x51
 1888 0274 07000000 		.4byte	.LVL30-1
 1889 0278 10000000 		.4byte	.LFE80
 1890 027c 0400     		.2byte	0x4
 1891 027e F3       		.byte	0xf3
 1892 027f 01       		.uleb128 0x1
 1893 0280 51       		.byte	0x51
 1894 0281 9F       		.byte	0x9f
 1895 0282 00000000 		.4byte	0
 1896 0286 00000000 		.4byte	0
 1897              	.LLST18:
 1898 028a 00000000 		.4byte	.LVL28
 1899 028e 07000000 		.4byte	.LVL30-1
 1900 0292 0100     		.2byte	0x1
 1901 0294 52       		.byte	0x52
 1902 0295 07000000 		.4byte	.LVL30-1
 1903 0299 10000000 		.4byte	.LFE80
 1904 029d 0400     		.2byte	0x4
 1905 029f F3       		.byte	0xf3
 1906 02a0 01       		.uleb128 0x1
 1907 02a1 52       		.byte	0x52
 1908 02a2 9F       		.byte	0x9f
 1909 02a3 00000000 		.4byte	0
 1910 02a7 00000000 		.4byte	0
 1911              	.LLST19:
 1912 02ab 00000000 		.4byte	.LVL28
 1913 02af 07000000 		.4byte	.LVL30-1
 1914 02b3 0100     		.2byte	0x1
 1915 02b5 53       		.byte	0x53
 1916 02b6 07000000 		.4byte	.LVL30-1
 1917 02ba 10000000 		.4byte	.LFE80
 1918 02be 0400     		.2byte	0x4
 1919 02c0 F3       		.byte	0xf3
 1920 02c1 01       		.uleb128 0x1
 1921 02c2 53       		.byte	0x53
 1922 02c3 9F       		.byte	0x9f
 1923 02c4 00000000 		.4byte	0
 1924 02c8 00000000 		.4byte	0
 1925              		.section	.debug_aranges,"",%progbits
 1926 0000 34000000 		.4byte	0x34
 1927 0004 0200     		.2byte	0x2
 1928 0006 00000000 		.4byte	.Ldebug_info0
 1929 000a 04       		.byte	0x4
 1930 000b 00       		.byte	0
 1931 000c 0000     		.2byte	0
ARM GAS  C:\Users\d3bug\AppData\Local\Temp\ccBXaX4f.s 			page 38


 1932 000e 0000     		.2byte	0
 1933 0010 00000000 		.4byte	.LFB78
 1934 0014 7A000000 		.4byte	.LFE78-.LFB78
 1935 0018 00000000 		.4byte	.LFB79
 1936 001c 0E000000 		.4byte	.LFE79-.LFB79
 1937 0020 00000000 		.4byte	.LFB80
 1938 0024 10000000 		.4byte	.LFE80-.LFB80
 1939 0028 00000000 		.4byte	.LFB81
 1940 002c 54000000 		.4byte	.LFE81-.LFB81
 1941 0030 00000000 		.4byte	0
 1942 0034 00000000 		.4byte	0
 1943              		.section	.debug_ranges,"",%progbits
 1944              	.Ldebug_ranges0:
 1945 0000 52000000 		.4byte	.LBB10
 1946 0004 64000000 		.4byte	.LBE10
 1947 0008 66000000 		.4byte	.LBB12
 1948 000c 6A000000 		.4byte	.LBE12
 1949 0010 00000000 		.4byte	0
 1950 0014 00000000 		.4byte	0
 1951 0018 00000000 		.4byte	.LFB78
 1952 001c 7A000000 		.4byte	.LFE78
 1953 0020 00000000 		.4byte	.LFB79
 1954 0024 0E000000 		.4byte	.LFE79
 1955 0028 00000000 		.4byte	.LFB80
 1956 002c 10000000 		.4byte	.LFE80
 1957 0030 00000000 		.4byte	.LFB81
 1958 0034 54000000 		.4byte	.LFE81
 1959 0038 00000000 		.4byte	0
 1960 003c 00000000 		.4byte	0
 1961              		.section	.debug_line,"",%progbits
 1962              	.Ldebug_line0:
 1963 0000 01030000 		.section	.debug_str,"MS",%progbits,1
 1963      02007402 
 1963      00000201 
 1963      FB0E0D00 
 1963      01010101 
 1964              	.LASF24:
 1965 0000 6C6F6E67 		.ascii	"long double\000"
 1965      20646F75 
 1965      626C6500 
 1966              	.LASF42:
 1967 000c 70616765 		.ascii	"page_len\000"
 1967      5F6C656E 
 1967      00
 1968              	.LASF4:
 1969 0015 5F5F696E 		.ascii	"__int16_t\000"
 1969      7431365F 
 1969      7400
 1970              	.LASF53:
 1971 001f 7373645F 		.ascii	"ssd_set_column_addr\000"
 1971      7365745F 
 1971      636F6C75 
 1971      6D6E5F61 
 1971      64647200 
 1972              	.LASF57:
 1973 0033 54696D65 		.ascii	"Timer_ReadStatusRegister\000"
 1973      725F5265 
ARM GAS  C:\Users\d3bug\AppData\Local\Temp\ccBXaX4f.s 			page 39


 1973      61645374 
 1973      61747573 
 1973      52656769 
 1974              	.LASF15:
 1975 004c 696E7438 		.ascii	"int8_t\000"
 1975      5F7400
 1976              	.LASF63:
 1977 0053 6C765F69 		.ascii	"lv_init\000"
 1977      6E697400 
 1978              	.LASF5:
 1979 005b 73686F72 		.ascii	"short int\000"
 1979      7420696E 
 1979      7400
 1980              	.LASF25:
 1981 0065 73697A65 		.ascii	"sizetype\000"
 1981      74797065 
 1981      00
 1982              	.LASF48:
 1983 006e 74696D65 		.ascii	"timer_handler\000"
 1983      725F6861 
 1983      6E646C65 
 1983      7200
 1984              	.LASF34:
 1985 007c 64697370 		.ascii	"disp_flush\000"
 1985      5F666C75 
 1985      736800
 1986              	.LASF77:
 1987 0087 6D61696E 		.ascii	"main\000"
 1987      00
 1988              	.LASF10:
 1989 008c 5F5F7569 		.ascii	"__uint32_t\000"
 1989      6E743332 
 1989      5F7400
 1990              	.LASF38:
 1991 0097 6C765F64 		.ascii	"lv_disp_drv_t\000"
 1991      6973705F 
 1991      6472765F 
 1991      7400
 1992              	.LASF6:
 1993 00a5 5F5F7569 		.ascii	"__uint16_t\000"
 1993      6E743136 
 1993      5F7400
 1994              	.LASF50:
 1995 00b0 66696C65 		.ascii	"file\000"
 1995      00
 1996              	.LASF65:
 1997 00b5 7373645F 		.ascii	"ssd_init\000"
 1997      696E6974 
 1997      00
 1998              	.LASF27:
 1999 00be 626C7565 		.ascii	"blue\000"
 1999      00
 2000              	.LASF32:
 2001 00c3 6C765F6F 		.ascii	"lv_opa_t\000"
 2001      70615F74 
 2001      00
 2002              	.LASF31:
ARM GAS  C:\Users\d3bug\AppData\Local\Temp\ccBXaX4f.s 			page 40


 2003 00cc 6C765F63 		.ascii	"lv_color_t\000"
 2003      6F6C6F72 
 2003      5F7400
 2004              	.LASF46:
 2005 00d7 636F6C6F 		.ascii	"color_p\000"
 2005      725F7000 
 2006              	.LASF16:
 2007 00df 75696E74 		.ascii	"uint8_t\000"
 2007      385F7400 
 2008              	.LASF51:
 2009 00e7 6C696E65 		.ascii	"line\000"
 2009      00
 2010              	.LASF40:
 2011 00ec 636F6C5F 		.ascii	"col_step\000"
 2011      73746570 
 2011      00
 2012              	.LASF68:
 2013 00f5 6C765F64 		.ascii	"lv_disp_drv_register\000"
 2013      6973705F 
 2013      6472765F 
 2013      72656769 
 2013      73746572 
 2014              	.LASF21:
 2015 010a 666C6F61 		.ascii	"float\000"
 2015      7400
 2016              	.LASF75:
 2017 0110 5F6C6F61 		.ascii	"_load_frame_buffer\000"
 2017      645F6672 
 2017      616D655F 
 2017      62756666 
 2017      657200
 2018              	.LASF74:
 2019 0123 5F646973 		.ascii	"_disp_drv_t\000"
 2019      705F6472 
 2019      765F7400 
 2020              	.LASF12:
 2021 012f 6C6F6E67 		.ascii	"long long int\000"
 2021      206C6F6E 
 2021      6720696E 
 2021      7400
 2022              	.LASF36:
 2023 013d 64697370 		.ascii	"disp_map\000"
 2023      5F6D6170 
 2023      00
 2024              	.LASF66:
 2025 0146 54696D65 		.ascii	"Timer_Start\000"
 2025      725F5374 
 2025      61727400 
 2026              	.LASF9:
 2027 0152 6C6F6E67 		.ascii	"long int\000"
 2027      20696E74 
 2027      00
 2028              	.LASF54:
 2029 015b 7373645F 		.ascii	"ssd_set_page_addr\000"
 2029      7365745F 
 2029      70616765 
 2029      5F616464 
ARM GAS  C:\Users\d3bug\AppData\Local\Temp\ccBXaX4f.s 			page 41


 2029      7200
 2030              	.LASF59:
 2031 016d 6973725F 		.ascii	"isr_Timer_StartEx\000"
 2031      54696D65 
 2031      725F5374 
 2031      61727445 
 2031      7800
 2032              	.LASF1:
 2033 017f 5F5F7569 		.ascii	"__uint8_t\000"
 2033      6E74385F 
 2033      7400
 2034              	.LASF26:
 2035 0189 6C765F6C 		.ascii	"lv_log_level_t\000"
 2035      6F675F6C 
 2035      6576656C 
 2035      5F7400
 2036              	.LASF43:
 2037 0198 61726561 		.ascii	"area_w\000"
 2037      5F7700
 2038              	.LASF28:
 2039 019f 67726565 		.ascii	"green\000"
 2039      6E00
 2040              	.LASF56:
 2041 01a5 6C765F74 		.ascii	"lv_tick_inc\000"
 2041      69636B5F 
 2041      696E6300 
 2042              	.LASF0:
 2043 01b1 5F5F696E 		.ascii	"__int8_t\000"
 2043      74385F74 
 2043      00
 2044              	.LASF52:
 2045 01ba 7373645F 		.ascii	"ssd_send_data\000"
 2045      73656E64 
 2045      5F646174 
 2045      6100
 2046              	.LASF58:
 2047 01c8 4442475F 		.ascii	"DBG_println\000"
 2047      7072696E 
 2047      746C6E00 
 2048              	.LASF62:
 2049 01d4 4442475F 		.ascii	"DBG_clear_screen\000"
 2049      636C6561 
 2049      725F7363 
 2049      7265656E 
 2049      00
 2050              	.LASF3:
 2051 01e5 756E7369 		.ascii	"unsigned char\000"
 2051      676E6564 
 2051      20636861 
 2051      7200
 2052              	.LASF44:
 2053 01f3 70616765 		.ascii	"page\000"
 2053      00
 2054              	.LASF2:
 2055 01f8 7369676E 		.ascii	"signed char\000"
 2055      65642063 
 2055      68617200 
ARM GAS  C:\Users\d3bug\AppData\Local\Temp\ccBXaX4f.s 			page 42


 2056              	.LASF13:
 2057 0204 6C6F6E67 		.ascii	"long long unsigned int\000"
 2057      206C6F6E 
 2057      6720756E 
 2057      7369676E 
 2057      65642069 
 2058              	.LASF20:
 2059 021b 75696E74 		.ascii	"uint32_t\000"
 2059      33325F74 
 2059      00
 2060              	.LASF14:
 2061 0224 756E7369 		.ascii	"unsigned int\000"
 2061      676E6564 
 2061      20696E74 
 2061      00
 2062              	.LASF18:
 2063 0231 75696E74 		.ascii	"uint16_t\000"
 2063      31365F74 
 2063      00
 2064              	.LASF47:
 2065 023a 73736431 		.ascii	"ssd1306_flush\000"
 2065      3330365F 
 2065      666C7573 
 2065      6800
 2066              	.LASF64:
 2067 0248 6C765F6C 		.ascii	"lv_log_register_print\000"
 2067      6F675F72 
 2067      65676973 
 2067      7465725F 
 2067      7072696E 
 2068              	.LASF7:
 2069 025e 73686F72 		.ascii	"short unsigned int\000"
 2069      7420756E 
 2069      7369676E 
 2069      65642069 
 2069      6E7400
 2070              	.LASF30:
 2071 0271 6C765F63 		.ascii	"lv_color1_t\000"
 2071      6F6C6F72 
 2071      315F7400 
 2072              	.LASF23:
 2073 027d 63686172 		.ascii	"char\000"
 2073      00
 2074              	.LASF41:
 2075 0282 636F6C5F 		.ascii	"col_len\000"
 2075      6C656E00 
 2076              	.LASF19:
 2077 028a 696E7433 		.ascii	"int32_t\000"
 2077      325F7400 
 2078              	.LASF33:
 2079 0292 6C765F63 		.ascii	"lv_coord_t\000"
 2079      6F6F7264 
 2079      5F7400
 2080              	.LASF8:
 2081 029d 5F5F696E 		.ascii	"__int32_t\000"
 2081      7433325F 
 2081      7400
ARM GAS  C:\Users\d3bug\AppData\Local\Temp\ccBXaX4f.s 			page 43


 2082              	.LASF17:
 2083 02a7 696E7431 		.ascii	"int16_t\000"
 2083      365F7400 
 2084              	.LASF39:
 2085 02af 5F426F6F 		.ascii	"_Bool\000"
 2085      6C00
 2086              	.LASF45:
 2087 02b5 64617461 		.ascii	"data\000"
 2087      00
 2088              	.LASF55:
 2089 02ba 6C765F66 		.ascii	"lv_flush_ready\000"
 2089      6C757368 
 2089      5F726561 
 2089      647900
 2090              	.LASF72:
 2091 02c9 6D61696E 		.ascii	"main.c\000"
 2091      2E6300
 2092              	.LASF11:
 2093 02d0 6C6F6E67 		.ascii	"long unsigned int\000"
 2093      20756E73 
 2093      69676E65 
 2093      6420696E 
 2093      7400
 2094              	.LASF69:
 2095 02e2 6C765F74 		.ascii	"lv_task_handler\000"
 2095      61736B5F 
 2095      68616E64 
 2095      6C657200 
 2096              	.LASF22:
 2097 02f2 646F7562 		.ascii	"double\000"
 2097      6C6500
 2098              	.LASF35:
 2099 02f9 64697370 		.ascii	"disp_fill\000"
 2099      5F66696C 
 2099      6C00
 2100              	.LASF37:
 2101 0303 7664625F 		.ascii	"vdb_wr\000"
 2101      777200
 2102              	.LASF29:
 2103 030a 66756C6C 		.ascii	"full\000"
 2103      00
 2104              	.LASF49:
 2105 030f 6C657665 		.ascii	"level\000"
 2105      6C00
 2106              	.LASF67:
 2107 0315 6C765F64 		.ascii	"lv_disp_drv_init\000"
 2107      6973705F 
 2107      6472765F 
 2107      696E6974 
 2107      00
 2108              	.LASF60:
 2109 0326 55415254 		.ascii	"UART_Log_Start\000"
 2109      5F4C6F67 
 2109      5F537461 
 2109      727400
 2110              	.LASF76:
 2111 0335 7072696E 		.ascii	"print_log\000"
ARM GAS  C:\Users\d3bug\AppData\Local\Temp\ccBXaX4f.s 			page 44


 2111      745F6C6F 
 2111      6700
 2112              	.LASF73:
 2113 033f 433A5C55 		.ascii	"C:\\Users\\d3bug\\Documents\\Creator\\lvgl_ssd1306\\"
 2113      73657273 
 2113      5C643362 
 2113      75675C44 
 2113      6F63756D 
 2114 036d 68656C6C 		.ascii	"hello_world_label.cydsn\000"
 2114      6F5F776F 
 2114      726C645F 
 2114      6C616265 
 2114      6C2E6379 
 2115              	.LASF79:
 2116 0385 49544D5F 		.ascii	"ITM_RxBuffer\000"
 2116      52784275 
 2116      66666572 
 2116      00
 2117              	.LASF71:
 2118 0392 474E5520 		.ascii	"GNU C11 5.4.1 20160609 (release) [ARM/embedded-5-br"
 2118      43313120 
 2118      352E342E 
 2118      31203230 
 2118      31363036 
 2119 03c5 616E6368 		.ascii	"anch revision 237715] -mcpu=cortex-m3 -mthumb -g -O"
 2119      20726576 
 2119      6973696F 
 2119      6E203233 
 2119      37373135 
 2120 03f8 67202D66 		.ascii	"g -ffunction-sections -ffat-lto-objects\000"
 2120      66756E63 
 2120      74696F6E 
 2120      2D736563 
 2120      74696F6E 
 2121              	.LASF70:
 2122 0420 43794465 		.ascii	"CyDelay\000"
 2122      6C617900 
 2123              	.LASF78:
 2124 0428 64697370 		.ascii	"disp_drv\000"
 2124      5F647276 
 2124      00
 2125              	.LASF61:
 2126 0431 4932435F 		.ascii	"I2C_Start\000"
 2126      53746172 
 2126      7400
 2127              		.ident	"GCC: (GNU Tools for ARM Embedded Processors) 5.4.1 20160609 (release) [ARM/embedded-5-bran
